<?xml version="1.0" encoding="utf-8"?>
<TestRun id="cb18fcc0-25e5-4653-81db-cbc41735e1e6" name="ajack@NEBULOUS 2026-04-11 08:20:33" runUser="NEBULOUS\ajack" xmlns="http://microsoft.com/schemas/VisualStudio/TeamTest/2010">
  <Times creation="2026-04-11T08:20:33.5102832-05:00" queuing="2026-04-11T08:20:33.5102833-05:00" start="2026-04-11T08:20:30.2864011-05:00" finish="2026-04-11T08:21:09.5948297-05:00" />
  <TestSettings name="default" id="9c2a63c8-5304-4634-a335-0b51297a8241">
    <Deployment runDeploymentRoot="ajack_NEBULOUS_2026-04-11_08_20_33" />
  </TestSettings>
  <Results>
    <UnitTestResult executionId="09ed559f-a79c-41a4-9071-5ee1c59ec260" testId="5d3b7d1c-75e8-dcb9-128f-c00ca06fc9de" testName="WithOuterJoinMultirow" computerName="NEBULOUS" duration="00:00:00.1582760" startTime="2026-04-11T08:21:07.6764196-05:00" endTime="2026-04-11T08:21:07.8346929-05:00" testType="13cdc9d9-ddb5-4fa4-a97d-d965ccfc6d4b" outcome="Passed" testListId="8c84fa94-04c1-424b-9868-57a2d4851a1d" relativeResultsDirectory="09ed559f-a79c-41a4-9071-5ee1c59ec260" />
    <UnitTestResult executionId="fc81b736-b4e5-4e1f-8caf-391a3324d7e2" testId="9a8deea3-b02c-b363-046c-8d174db1ef0f" testName="WithInvalid" computerName="NEBULOUS" duration="00:00:00.0142990" startTime="2026-04-11T08:20:56.2705699-05:00" endTime="2026-04-11T08:20:56.2848688-05:00" testType="13cdc9d9-ddb5-4fa4-a97d-d965ccfc6d4b" outcome="Passed" testListId="8c84fa94-04c1-424b-9868-57a2d4851a1d" relativeResultsDirectory="fc81b736-b4e5-4e1f-8caf-391a3324d7e2" />
    <UnitTestResult executionId="306112c6-c555-4f0e-8fb2-91fd3ba47bd2" testId="9a3be457-4a28-20cd-1ded-d62283f11046" testName="WithOperatorInjectionCallback" computerName="NEBULOUS" duration="00:00:00.1776510" startTime="2026-04-11T08:20:47.9953739-05:00" endTime="2026-04-11T08:20:48.1730212-05:00" testType="13cdc9d9-ddb5-4fa4-a97d-d965ccfc6d4b" outcome="Passed" testListId="8c84fa94-04c1-424b-9868-57a2d4851a1d" relativeResultsDirectory="306112c6-c555-4f0e-8fb2-91fd3ba47bd2" />
    <UnitTestResult executionId="567cd6a7-aab7-4c20-8dc4-3740f34224a1" testId="38dc6357-3ed4-1660-946f-4cb5804b5ffb" testName="WithFastCompleteNonBlocking" computerName="NEBULOUS" duration="00:00:00.1874150" startTime="2026-04-11T08:20:52.9343303-05:00" endTime="2026-04-11T08:20:53.1217423-05:00" testType="13cdc9d9-ddb5-4fa4-a97d-d965ccfc6d4b" outcome="Passed" testListId="8c84fa94-04c1-424b-9868-57a2d4851a1d" relativeResultsDirectory="567cd6a7-aab7-4c20-8dc4-3740f34224a1" />
    <UnitTestResult executionId="dccf0bbe-ab92-4621-91ad-e7c8979d2b20" testId="5954bf46-25b2-2f67-b0bf-d9bab9a5a75f" testName="WithFastCompleteBlocking" computerName="NEBULOUS" duration="00:00:01.1376260" startTime="2026-04-11T08:20:51.7966967-05:00" endTime="2026-04-11T08:20:52.9343046-05:00" testType="13cdc9d9-ddb5-4fa4-a97d-d965ccfc6d4b" outcome="Passed" testListId="8c84fa94-04c1-424b-9868-57a2d4851a1d" relativeResultsDirectory="dccf0bbe-ab92-4621-91ad-e7c8979d2b20" />
    <UnitTestResult executionId="cc89d258-5cfa-4c31-a4c3-cdda6af7ce3c" testId="e2387ff5-5eec-6303-050d-fd2515d8c1f7" testName="WithInvalid" computerName="NEBULOUS" duration="00:00:00.0293960" startTime="2026-04-11T08:21:07.4884222-05:00" endTime="2026-04-11T08:21:07.5178171-05:00" testType="13cdc9d9-ddb5-4fa4-a97d-d965ccfc6d4b" outcome="Passed" testListId="8c84fa94-04c1-424b-9868-57a2d4851a1d" relativeResultsDirectory="cc89d258-5cfa-4c31-a4c3-cdda6af7ce3c" />
    <UnitTestResult executionId="d40ec76c-be43-493a-8f58-749735641c35" testId="39307106-ad42-37bd-ad7c-bdf5b28bd542" testName="WithBlockingMultipleRunnable" computerName="NEBULOUS" duration="00:00:00.1835230" startTime="2026-04-11T08:20:50.4329169-05:00" endTime="2026-04-11T08:20:50.6164362-05:00" testType="13cdc9d9-ddb5-4fa4-a97d-d965ccfc6d4b" outcome="Passed" testListId="8c84fa94-04c1-424b-9868-57a2d4851a1d" relativeResultsDirectory="d40ec76c-be43-493a-8f58-749735641c35" />
    <UnitTestResult executionId="0723cf29-6f0b-40c1-8688-4b99bcbcd9cc" testId="9dcbcaa9-0d87-9014-63c7-f126ef84dc1b" testName="WithDeploymentAdmin" computerName="NEBULOUS" duration="00:00:00.1627960" startTime="2026-04-11T08:20:47.8324550-05:00" endTime="2026-04-11T08:20:47.9952471-05:00" testType="13cdc9d9-ddb5-4fa4-a97d-d965ccfc6d4b" outcome="Passed" testListId="8c84fa94-04c1-424b-9868-57a2d4851a1d" relativeResultsDirectory="0723cf29-6f0b-40c1-8688-4b99bcbcd9cc" />
    <UnitTestResult executionId="6d9ee956-12af-4270-95d3-7008163975e8" testId="3ca80c9e-cbdb-a086-417b-cd9cf14aeaa2" testName="WithInvalid" computerName="NEBULOUS" duration="00:00:00.1274310" startTime="2026-04-11T08:21:01.3932100-05:00" endTime="2026-04-11T08:21:01.5206385-05:00" testType="13cdc9d9-ddb5-4fa4-a97d-d965ccfc6d4b" outcome="Passed" testListId="8c84fa94-04c1-424b-9868-57a2d4851a1d" relativeResultsDirectory="6d9ee956-12af-4270-95d3-7008163975e8" />
    <UnitTestResult executionId="db4f245b-f85c-4568-b1cf-6bf2763f9395" testId="85aba565-687e-401b-2fda-4b58ec843ea9" testName="WithFromClauseJoinOrder" computerName="NEBULOUS" duration="00:00:00.2738830" startTime="2026-04-11T08:21:07.2145321-05:00" endTime="2026-04-11T08:21:07.4884110-05:00" testType="13cdc9d9-ddb5-4fa4-a97d-d965ccfc6d4b" outcome="Passed" testListId="8c84fa94-04c1-424b-9868-57a2d4851a1d" relativeResultsDirectory="db4f245b-f85c-4568-b1cf-6bf2763f9395" />
    <UnitTestResult executionId="1f914b9c-41d5-4289-b934-2aa4cca8d8c6" testId="042c2994-ee4c-6a58-ec4e-2a83de468859" testName="WithNonBlockingCancel" computerName="NEBULOUS" duration="00:00:00.2913600" startTime="2026-04-11T08:20:53.2649634-05:00" endTime="2026-04-11T08:20:53.5563181-05:00" testType="13cdc9d9-ddb5-4fa4-a97d-d965ccfc6d4b" outcome="Passed" testListId="8c84fa94-04c1-424b-9868-57a2d4851a1d" relativeResultsDirectory="1f914b9c-41d5-4289-b934-2aa4cca8d8c6" />
    <UnitTestResult executionId="9d4d643b-64b4-42d3-b5a5-05b64f21f3ab" testId="da3037a9-d04a-3bad-e332-013fdc6c1e19" testName="WithCompile" computerName="NEBULOUS" duration="00:00:01.0431040" startTime="2026-04-11T08:20:57.0585007-05:00" endTime="2026-04-11T08:20:58.1015874-05:00" testType="13cdc9d9-ddb5-4fa4-a97d-d965ccfc6d4b" outcome="Passed" testListId="8c84fa94-04c1-424b-9868-57a2d4851a1d" relativeResultsDirectory="9d4d643b-64b4-42d3-b5a5-05b64f21f3ab" />
    <UnitTestResult executionId="7fe50c2e-756b-4ac1-8039-55761e935be9" testId="1d4355ad-0df9-bc80-9d3d-76184585ad3d" testName="WithWithBeans" computerName="NEBULOUS" duration="00:00:00.1368390" startTime="2026-04-11T08:21:00.6435355-05:00" endTime="2026-04-11T08:21:00.7803718-05:00" testType="13cdc9d9-ddb5-4fa4-a97d-d965ccfc6d4b" outcome="Passed" testListId="8c84fa94-04c1-424b-9868-57a2d4851a1d" relativeResultsDirectory="7fe50c2e-756b-4ac1-8039-55761e935be9" />
    <UnitTestResult executionId="fd9c600b-464f-4f50-9079-7705539382d6" testId="220f333a-7138-e0b5-7930-b0253d23ddc1" testName="WithVariable" computerName="NEBULOUS" duration="00:00:00.2653840" startTime="2026-04-11T08:21:00.3781399-05:00" endTime="2026-04-11T08:21:00.6435193-05:00" testType="13cdc9d9-ddb5-4fa4-a97d-d965ccfc6d4b" outcome="Passed" testListId="8c84fa94-04c1-424b-9868-57a2d4851a1d" relativeResultsDirectory="fd9c600b-464f-4f50-9079-7705539382d6" />
    <UnitTestResult executionId="ab90aac9-715a-4f08-90e4-885087fbd53c" testId="971032ef-6293-7028-86d2-368b208249c8" testName="WithStatementFilter" computerName="NEBULOUS" duration="00:00:00.6496780" startTime="2026-04-11T08:21:01.5206542-05:00" endTime="2026-04-11T08:21:02.1703212-05:00" testType="13cdc9d9-ddb5-4fa4-a97d-d965ccfc6d4b" outcome="Passed" testListId="8c84fa94-04c1-424b-9868-57a2d4851a1d" relativeResultsDirectory="ab90aac9-715a-4f08-90e4-885087fbd53c" />
    <UnitTestResult executionId="fbada650-48c6-4d26-b9b3-7d7e69b44038" testId="58a6db0e-469b-8d62-01f8-9ff7a444dc4d" testName="WithFields" computerName="NEBULOUS" duration="00:00:00.7647650" startTime="2026-04-11T08:20:58.2128458-05:00" endTime="2026-04-11T08:20:58.9775978-05:00" testType="13cdc9d9-ddb5-4fa4-a97d-d965ccfc6d4b" outcome="Passed" testListId="8c84fa94-04c1-424b-9868-57a2d4851a1d" relativeResultsDirectory="fbada650-48c6-4d26-b9b3-7d7e69b44038" />
    <UnitTestResult executionId="221a5722-549e-46dc-af71-852859289d94" testId="6981a582-cddd-4b33-4e0f-634ac40e4612" testName="WithNonBlockingJoinSingleRunnable" computerName="NEBULOUS" duration="00:00:00.3264460" startTime="2026-04-11T08:20:55.4125579-05:00" endTime="2026-04-11T08:20:55.7389984-05:00" testType="13cdc9d9-ddb5-4fa4-a97d-d965ccfc6d4b" outcome="Passed" testListId="8c84fa94-04c1-424b-9868-57a2d4851a1d" relativeResultsDirectory="221a5722-549e-46dc-af71-852859289d94" />
    <UnitTestResult executionId="fe729c8f-f5ed-48d0-8833-b1d9f6c53ed4" testId="b15453b0-3898-d581-78f3-bb7f518b9389" testName="WithInvalidJoinRun" computerName="NEBULOUS" duration="00:00:00.1431770" startTime="2026-04-11T08:20:53.1217645-05:00" endTime="2026-04-11T08:20:53.2649394-05:00" testType="13cdc9d9-ddb5-4fa4-a97d-d965ccfc6d4b" outcome="Passed" testListId="8c84fa94-04c1-424b-9868-57a2d4851a1d" relativeResultsDirectory="fe729c8f-f5ed-48d0-8833-b1d9f6c53ed4" />
    <UnitTestResult executionId="1b15944a-5879-4cf7-b701-e4f5c468bb8e" testId="80b62f11-f3ac-772b-2f89-170e6b6a78c9" testName="WithParameterInjectionCallback" computerName="NEBULOUS" duration="00:00:00.2101290" startTime="2026-04-11T08:20:48.1730438-05:00" endTime="2026-04-11T08:20:48.3831682-05:00" testType="13cdc9d9-ddb5-4fa4-a97d-d965ccfc6d4b" outcome="Failed" testListId="8c84fa94-04c1-424b-9868-57a2d4851a1d" relativeResultsDirectory="1b15944a-5879-4cf7-b701-e4f5c468bb8e">
      <Output>
        <ErrorInfo>
          <Message>  Assert.That(actual, Is.EqualTo(expected))&#xD;
  Expected string length 3 but was 4. Strings differ at index 0.&#xD;
  Expected: "abc"&#xD;
  But was:  "test"&#xD;
  -----------^&#xD;
</Message>
          <StackTrace>   at NUnit.Framework.Legacy.ClassicAssert.AreEqual(Object expected, Object actual)&#xD;
   at com.espertech.esper.regressionlib.suite.epl.dataflow.EPLDataflowAPIInstantiationOptions.EPLDataflowParameterInjectionCallback.Run(RegressionEnvironment env) in D:\src\Espertech\NEsper-8.9.x\tst\NEsper.Regression\suite\epl\dataflow\EPLDataflowAPIInstantiationOptions.cs:line 69&#xD;
   at com.espertech.esper.regressionrun.runner.RegressionRunner.RunInternal(RegressionSession session, RegressionExecution execution) in D:\src\Espertech\NEsper-8.9.x\tst\NEsper.Regression.Runner\runner\RegressionRunner.cs:line 122&#xD;
   at com.espertech.esper.regressionrun.runner.RegressionRunner.Run[T](RegressionSession session, ICollection`1 executions, Boolean usePerfContext) in D:\src\Espertech\NEsper-8.9.x\tst\NEsper.Regression.Runner\runner\RegressionRunner.cs:line 77&#xD;
   at com.espertech.esper.regressionrun.suite.epl.TestSuiteEPLDataflow.TestEPLDataflowAPIInstantiationOptions.WithParameterInjectionCallback() in D:\src\Espertech\NEsper-8.9.x\tst\NEsper.Regression.Runner\suite\epl\TestSuiteEPLDataflow.cs:line 171&#xD;

1)    at NUnit.Framework.Legacy.ClassicAssert.AreEqual(Object expected, Object actual)&#xD;
   at com.espertech.esper.regressionlib.suite.epl.dataflow.EPLDataflowAPIInstantiationOptions.EPLDataflowParameterInjectionCallback.Run(RegressionEnvironment env) in D:\src\Espertech\NEsper-8.9.x\tst\NEsper.Regression\suite\epl\dataflow\EPLDataflowAPIInstantiationOptions.cs:line 69&#xD;
   at com.espertech.esper.regressionrun.runner.RegressionRunner.RunInternal(RegressionSession session, RegressionExecution execution) in D:\src\Espertech\NEsper-8.9.x\tst\NEsper.Regression.Runner\runner\RegressionRunner.cs:line 122&#xD;
   at com.espertech.esper.regressionrun.runner.RegressionRunner.Run[T](RegressionSession session, ICollection`1 executions, Boolean usePerfContext) in D:\src\Espertech\NEsper-8.9.x\tst\NEsper.Regression.Runner\runner\RegressionRunner.cs:line 77&#xD;
   at com.espertech.esper.regressionrun.suite.epl.TestSuiteEPLDataflow.TestEPLDataflowAPIInstantiationOptions.WithParameterInjectionCallback() in D:\src\Espertech\NEsper-8.9.x\tst\NEsper.Regression.Runner\suite\epl\TestSuiteEPLDataflow.cs:line 171&#xD;

</StackTrace>
        </ErrorInfo>
      </Output>
    </UnitTestResult>
    <UnitTestResult executionId="9a70f8a7-875e-4351-84e5-b3d5504f66dd" testId="44c20fce-e5be-6015-b78a-1d93d194834c" testName="WithDocSamples" computerName="NEBULOUS" duration="00:00:00.2383290" startTime="2026-04-11T08:21:06.9761956-05:00" endTime="2026-04-11T08:21:07.2145203-05:00" testType="13cdc9d9-ddb5-4fa4-a97d-d965ccfc6d4b" outcome="Passed" testListId="8c84fa94-04c1-424b-9868-57a2d4851a1d" relativeResultsDirectory="9a70f8a7-875e-4351-84e5-b3d5504f66dd" />
    <UnitTestResult executionId="2e7c3d3f-1ec6-4b84-953b-80414038cb2d" testId="f90b0947-eb5a-f61b-6b96-d983e9a06889" testName="TestEPLDataflowExampleVwapFilterSelectJoin" computerName="NEBULOUS" duration="00:00:00.6574340" startTime="2026-04-11T08:20:43.8546523-05:00" endTime="2026-04-11T08:20:44.5120752-05:00" testType="13cdc9d9-ddb5-4fa4-a97d-d965ccfc6d4b" outcome="Passed" testListId="8c84fa94-04c1-424b-9868-57a2d4851a1d" relativeResultsDirectory="2e7c3d3f-1ec6-4b84-953b-80414038cb2d" />
    <UnitTestResult executionId="51ea0696-d6fc-4584-894e-6a7540a0ed19" testId="c4e40eb4-9146-b090-d842-85c1c254ec64" testName="WithBeanType" computerName="NEBULOUS" duration="00:00:00.1371510" startTime="2026-04-11T08:21:09.2013942-05:00" endTime="2026-04-11T08:21:09.3385426-05:00" testType="13cdc9d9-ddb5-4fa4-a97d-d965ccfc6d4b" outcome="Passed" testListId="8c84fa94-04c1-424b-9868-57a2d4851a1d" relativeResultsDirectory="51ea0696-d6fc-4584-894e-6a7540a0ed19" />
    <UnitTestResult executionId="342690f6-d153-41b5-9a9f-b7e80b31b850" testId="3a99ed11-062a-fecf-6d6a-01c38b925ce2" testName="WithBeacon" computerName="NEBULOUS" duration="00:00:00.2817190" startTime="2026-04-11T08:21:03.2281785-05:00" endTime="2026-04-11T08:21:03.5098929-05:00" testType="13cdc9d9-ddb5-4fa4-a97d-d965ccfc6d4b" outcome="Passed" testListId="8c84fa94-04c1-424b-9868-57a2d4851a1d" relativeResultsDirectory="342690f6-d153-41b5-9a9f-b7e80b31b850" />
    <UnitTestResult executionId="31ccf57e-321a-4daa-b4a7-ca7464668dc5" testId="6a7177d6-49ff-38ee-b726-bf3edb6191a3" testName="WithSODA" computerName="NEBULOUS" duration="00:00:00.0249480" startTime="2026-04-11T08:20:56.4176729-05:00" endTime="2026-04-11T08:20:56.4426200-05:00" testType="13cdc9d9-ddb5-4fa4-a97d-d965ccfc6d4b" outcome="Passed" testListId="8c84fa94-04c1-424b-9868-57a2d4851a1d" relativeResultsDirectory="31ccf57e-321a-4daa-b4a7-ca7464668dc5" />
    <UnitTestResult executionId="a9e914ac-f868-4f58-b04c-298f126d437b" testId="d73b4ac7-d805-1c2f-050d-6cbf55fd8d1f" testName="WithBlockingRunJoin" computerName="NEBULOUS" duration="00:00:01.1802330" startTime="2026-04-11T08:20:50.6164581-05:00" endTime="2026-04-11T08:20:51.7966716-05:00" testType="13cdc9d9-ddb5-4fa4-a97d-d965ccfc6d4b" outcome="Passed" testListId="8c84fa94-04c1-424b-9868-57a2d4851a1d" relativeResultsDirectory="a9e914ac-f868-4f58-b04c-298f126d437b" />
    <UnitTestResult executionId="d6dda8da-1654-4717-97af-4457878b13c2" testId="b3323b72-2f88-88ed-ac02-bf3703dde0a0" testName="WithFlowGraphSource" computerName="NEBULOUS" duration="00:00:00.1663560" startTime="2026-04-11T08:20:48.5144679-05:00" endTime="2026-04-11T08:20:48.6808200-05:00" testType="13cdc9d9-ddb5-4fa4-a97d-d965ccfc6d4b" outcome="Passed" testListId="8c84fa94-04c1-424b-9868-57a2d4851a1d" relativeResultsDirectory="d6dda8da-1654-4717-97af-4457878b13c2" />
    <UnitTestResult executionId="36b1e4d8-754a-416e-9a3e-8582c569374f" testId="0ec89363-825f-be57-2a40-728240f7e188" testName="WithInstantiate" computerName="NEBULOUS" duration="00:00:00.1111660" startTime="2026-04-11T08:20:58.1016035-05:00" endTime="2026-04-11T08:20:58.2127679-05:00" testType="13cdc9d9-ddb5-4fa4-a97d-d965ccfc6d4b" outcome="Passed" testListId="8c84fa94-04c1-424b-9868-57a2d4851a1d" relativeResultsDirectory="36b1e4d8-754a-416e-9a3e-8582c569374f" />
    <UnitTestResult executionId="ce758770-9514-4c3a-bad1-b6a65e63b18b" testId="fb5edad0-33d2-6bd9-fcb3-310578661e8d" testName="WithNonBlockingJoinCancel" computerName="NEBULOUS" duration="00:00:00.4983540" startTime="2026-04-11T08:20:53.9300760-05:00" endTime="2026-04-11T08:20:54.4284216-05:00" testType="13cdc9d9-ddb5-4fa4-a97d-d965ccfc6d4b" outcome="Passed" testListId="8c84fa94-04c1-424b-9868-57a2d4851a1d" relativeResultsDirectory="ce758770-9514-4c3a-bad1-b6a65e63b18b" />
    <UnitTestResult executionId="5aad3f16-c66a-4614-a54f-ebb07fb6930c" testId="523bd1e8-932a-a06d-dd0b-5fc759271161" testName="WithFanInOut" computerName="NEBULOUS" duration="00:00:00.1969560" startTime="2026-04-11T08:20:56.6126489-05:00" endTime="2026-04-11T08:20:56.8096011-05:00" testType="13cdc9d9-ddb5-4fa4-a97d-d965ccfc6d4b" outcome="Passed" testListId="8c84fa94-04c1-424b-9868-57a2d4851a1d" relativeResultsDirectory="5aad3f16-c66a-4614-a54f-ebb07fb6930c" />
    <UnitTestResult executionId="f1a9e3ec-6645-47b1-86e2-451fa2d118e6" testId="9a487194-e8cb-55b1-f5d7-0cca05896fd8" testName="WithNonBlockingException" computerName="NEBULOUS" duration="00:00:00.3736999" startTime="2026-04-11T08:20:53.5563507-05:00" endTime="2026-04-11T08:20:53.9300444-05:00" testType="13cdc9d9-ddb5-4fa4-a97d-d965ccfc6d4b" outcome="Passed" testListId="8c84fa94-04c1-424b-9868-57a2d4851a1d" relativeResultsDirectory="f1a9e3ec-6645-47b1-86e2-451fa2d118e6" />
    <UnitTestResult executionId="ee049d84-4b3c-432b-bd56-97f12b00e90d" testId="d41e197e-494a-3179-ca97-cc16c80c5b14" testName="WithSelectPerformance" computerName="NEBULOUS" duration="00:00:01.0620989" startTime="2026-04-11T08:21:08.0002279-05:00" endTime="2026-04-11T08:21:09.0623100-05:00" testType="13cdc9d9-ddb5-4fa4-a97d-d965ccfc6d4b" outcome="Passed" testListId="8c84fa94-04c1-424b-9868-57a2d4851a1d" relativeResultsDirectory="ee049d84-4b3c-432b-bd56-97f12b00e90d" />
    <UnitTestResult executionId="63aa7878-75c0-40fd-8aa3-bfbc81840f49" testId="94e105cd-5306-41d7-4ceb-d1b3272cfdb0" testName="WithSendEventDynamicType" computerName="NEBULOUS" duration="00:00:01.2474070" startTime="2026-04-11T08:21:03.5099116-05:00" endTime="2026-04-11T08:21:04.7572985-05:00" testType="13cdc9d9-ddb5-4fa4-a97d-d965ccfc6d4b" outcome="Passed" testListId="8c84fa94-04c1-424b-9868-57a2d4851a1d" relativeResultsDirectory="63aa7878-75c0-40fd-8aa3-bfbc81840f49" />
    <UnitTestResult executionId="aa1392ea-6072-4f2f-804f-f4d8e49e69a3" testId="db1a0f16-46b8-5428-26fc-f0e9b846ca5a" testName="WithCustomProps" computerName="NEBULOUS" duration="00:00:00.2066540" startTime="2026-04-11T08:20:56.0638975-05:00" endTime="2026-04-11T08:20:56.2705482-05:00" testType="13cdc9d9-ddb5-4fa4-a97d-d965ccfc6d4b" outcome="Passed" testListId="8c84fa94-04c1-424b-9868-57a2d4851a1d" relativeResultsDirectory="aa1392ea-6072-4f2f-804f-f4d8e49e69a3" />
    <UnitTestResult executionId="d586ae47-d831-4d18-9c24-011496a7a01a" testId="d95f9590-d229-b4c5-3f35-29aeed74b764" testName="WithOutputRateLimit" computerName="NEBULOUS" duration="00:00:00.1655150" startTime="2026-04-11T08:21:07.8347045-05:00" endTime="2026-04-11T08:21:08.0002165-05:00" testType="13cdc9d9-ddb5-4fa4-a97d-d965ccfc6d4b" outcome="Passed" testListId="8c84fa94-04c1-424b-9868-57a2d4851a1d" relativeResultsDirectory="d586ae47-d831-4d18-9c24-011496a7a01a" />
    <UnitTestResult executionId="f85d9aca-0cbb-4c45-8dc0-78297883e324" testId="78ccc5cc-a775-0212-1c17-7e77bf7e9112" testName="WithNonBlockingJoinException" computerName="NEBULOUS" duration="00:00:00.5132270" startTime="2026-04-11T08:20:54.4284443-05:00" endTime="2026-04-11T08:20:54.9416630-05:00" testType="13cdc9d9-ddb5-4fa4-a97d-d965ccfc6d4b" outcome="Passed" testListId="8c84fa94-04c1-424b-9868-57a2d4851a1d" relativeResultsDirectory="f85d9aca-0cbb-4c45-8dc0-78297883e324" />
    <UnitTestResult executionId="4f8774ac-d604-498f-943e-4e1eba56b6c1" testId="89b64e7d-65af-2997-fc05-f9bb79a33064" testName="TestEPLDataflowOpLogSink" computerName="NEBULOUS" duration="00:00:02.9497560" startTime="2026-04-11T08:20:44.6941612-05:00" endTime="2026-04-11T08:20:47.6438695-05:00" testType="13cdc9d9-ddb5-4fa4-a97d-d965ccfc6d4b" outcome="Passed" testListId="8c84fa94-04c1-424b-9868-57a2d4851a1d" relativeResultsDirectory="4f8774ac-d604-498f-943e-4e1eba56b6c1">
      <Output>
        <StdOut>[MyConsoleOut] [port 0] SupportBean[SupportBean("E1", 1)]&#xD;
[MyConsoleOut] [port 0] SupportBean[SupportBean("E1", 1)]&#xD;
[MyConsoleOut] [port 0] &lt;?xml version="1.0" encoding="UTF-8"?&gt;&lt;SupportBean&gt;  &lt;BoolPrimitive&gt;false&lt;/BoolPrimitive&gt;  &lt;BytePrimitive&gt;0&lt;/BytePrimitive&gt;  &lt;CharPrimitive&gt;\u0000&lt;/CharPrimitive&gt;  &lt;DecimalPrimitive&gt;0.0&lt;/DecimalPrimitive&gt;  &lt;DoublePrimitive&gt;0.0&lt;/DoublePrimitive&gt;  &lt;EnumValue&gt;ENUM_VALUE_1&lt;/EnumValue&gt;  &lt;FloatPrimitive&gt;0.0&lt;/FloatPrimitive&gt;  &lt;IntPrimitive&gt;1&lt;/IntPrimitive&gt;  &lt;LongPrimitive&gt;0&lt;/LongPrimitive&gt;  &lt;ShortPrimitive&gt;0&lt;/ShortPrimitive&gt;  &lt;TheString&gt;E1&lt;/TheString&gt;  &lt;This&gt;    &lt;BoolPrimitive&gt;false&lt;/BoolPrimitive&gt;    &lt;BytePrimitive&gt;0&lt;/BytePrimitive&gt;    &lt;CharPrimitive&gt;\u0000&lt;/CharPrimitive&gt;    &lt;DecimalPrimitive&gt;0.0&lt;/DecimalPrimitive&gt;    &lt;DoublePrimitive&gt;0.0&lt;/DoublePrimitive&gt;    &lt;EnumValue&gt;ENUM_VALUE_1&lt;/EnumValue&gt;    &lt;FloatPrimitive&gt;0.0&lt;/FloatPrimitive&gt;    &lt;IntPrimitive&gt;1&lt;/IntPrimitive&gt;    &lt;LongPrimitive&gt;0&lt;/LongPrimitive&gt;    &lt;ShortPrimitive&gt;0&lt;/ShortPrimitive&gt;    &lt;TheString&gt;E1&lt;/TheString&gt;  &lt;/This&gt;&lt;/SupportBean&gt;&#xD;
[MyConsoleOut] [port 0] {  "SupportBean": {    "BigInteger": null,    "BoolBoxed": null,    "BoolPrimitive": false,    "ByteBoxed": null,    "BytePrimitive": 0,    "CharBoxed": null,    "CharPrimitive": "\u0000",    "DecimalBoxed": null,    "DecimalPrimitive": 0.0,    "DoubleBoxed": null,    "DoublePrimitive": 0.0,    "EnumValue": "ENUM_VALUE_1",    "FloatBoxed": null,    "FloatPrimitive": 0.0,    "IntBoxed": null,    "IntPrimitive": 1,    "LongBoxed": null,    "LongPrimitive": 0,    "ShortBoxed": null,    "ShortPrimitive": 0,    "TheString": "E1",    "This": {      "BigInteger": null,      "BoolBoxed": null,      "BoolPrimitive": false,      "ByteBoxed": null,      "BytePrimitive": 0,      "CharBoxed": null,      "CharPrimitive": "\u0000",      "DecimalBoxed": null,      "DecimalPrimitive": 0.0,      "DoubleBoxed": null,      "DoublePrimitive": 0.0,      "EnumValue": "ENUM_VALUE_1",      "FloatBoxed": null,      "FloatPrimitive": 0.0,      "IntBoxed": null,      "IntPrimitive": 1,      "LongBoxed": null,      "LongPrimitive": 0,      "ShortBoxed": null,      "ShortPrimitive": 0,      "TheString": "E1"    }  }}&#xD;
[MyConsoleOut] [port 0] SupportBean[SupportBean("E1", 1)]&#xD;
dataflow:MyConsoleOut port:0 instanceId:%i title:mytitle event:SupportBean[SupportBean("E1", 1)]&#xD;
[MyConsoleOut] [port 0] &lt;?xml version="1.0" encoding="UTF-8"?&gt;&lt;SupportBean&gt;  &lt;BoolPrimitive&gt;false&lt;/BoolPrimitive&gt;  &lt;BytePrimitive&gt;0&lt;/BytePrimitive&gt;  &lt;CharPrimitive&gt;\u0000&lt;/CharPrimitive&gt;  &lt;DecimalPrimitive&gt;0.0&lt;/DecimalPrimitive&gt;  &lt;DoublePrimitive&gt;0.0&lt;/DoublePrimitive&gt;  &lt;EnumValue&gt;ENUM_VALUE_1&lt;/EnumValue&gt;  &lt;FloatPrimitive&gt;0.0&lt;/FloatPrimitive&gt;  &lt;IntPrimitive&gt;1&lt;/IntPrimitive&gt;  &lt;LongPrimitive&gt;0&lt;/LongPrimitive&gt;  &lt;ShortPrimitive&gt;0&lt;/ShortPrimitive&gt;  &lt;TheString&gt;E1&lt;/TheString&gt;  &lt;This&gt;    &lt;BoolPrimitive&gt;false&lt;/BoolPrimitive&gt;    &lt;BytePrimitive&gt;0&lt;/BytePrimitive&gt;    &lt;CharPrimitive&gt;\u0000&lt;/CharPrimitive&gt;    &lt;DecimalPrimitive&gt;0.0&lt;/DecimalPrimitive&gt;    &lt;DoublePrimitive&gt;0.0&lt;/DoublePrimitive&gt;    &lt;EnumValue&gt;ENUM_VALUE_1&lt;/EnumValue&gt;    &lt;FloatPrimitive&gt;0.0&lt;/FloatPrimitive&gt;    &lt;IntPrimitive&gt;1&lt;/IntPrimitive&gt;    &lt;LongPrimitive&gt;0&lt;/LongPrimitive&gt;    &lt;ShortPrimitive&gt;0&lt;/ShortPrimitive&gt;    &lt;TheString&gt;E1&lt;/TheString&gt;  &lt;/This&gt;&lt;/SupportBean&gt;&#xD;
[MyConsoleOut] [JSON_HERE] [port 0] {  "SupportBean": {    "BigInteger": null,    "BoolBoxed": null,    "BoolPrimitive": false,    "ByteBoxed": null,    "BytePrimitive": 0,    "CharBoxed": null,    "CharPrimitive": "\u0000",    "DecimalBoxed": null,    "DecimalPrimitive": 0.0,    "DoubleBoxed": null,    "DoublePrimitive": 0.0,    "EnumValue": "ENUM_VALUE_1",    "FloatBoxed": null,    "FloatPrimitive": 0.0,    "IntBoxed": null,    "IntPrimitive": 1,    "LongBoxed": null,    "LongPrimitive": 0,    "ShortBoxed": null,    "ShortPrimitive": 0,    "TheString": "E1",    "This": {      "BigInteger": null,      "BoolBoxed": null,      "BoolPrimitive": false,      "ByteBoxed": null,      "BytePrimitive": 0,      "CharBoxed": null,      "CharPrimitive": "\u0000",      "DecimalBoxed": null,      "DecimalPrimitive": 0.0,      "DoubleBoxed": null,      "DoublePrimitive": 0.0,      "EnumValue": "ENUM_VALUE_1",      "FloatBoxed": null,      "FloatPrimitive": 0.0,      "IntBoxed": null,      "IntPrimitive": 1,      "LongBoxed": null,      "LongPrimitive": 0,      "ShortBoxed": null,      "ShortPrimitive": 0,      "TheString": "E1"    }  }}&#xD;
[OutputFlow] [port 0] {  "B": {    "value": 10  }}&#xD;
[MyConsoleOut] [port 0] SupportBean[SupportBean("E1", 1)]&#xD;
[MyConsoleOut] [port 0] SupportBean[SupportBean("E1", 1)]&#xD;
[MyConsoleOut] [port 0] &lt;?xml version="1.0" encoding="UTF-8"?&gt;&lt;SupportBean&gt;  &lt;BoolPrimitive&gt;false&lt;/BoolPrimitive&gt;  &lt;BytePrimitive&gt;0&lt;/BytePrimitive&gt;  &lt;CharPrimitive&gt;\u0000&lt;/CharPrimitive&gt;  &lt;DecimalPrimitive&gt;0.0&lt;/DecimalPrimitive&gt;  &lt;DoublePrimitive&gt;0.0&lt;/DoublePrimitive&gt;  &lt;EnumValue&gt;ENUM_VALUE_1&lt;/EnumValue&gt;  &lt;FloatPrimitive&gt;0.0&lt;/FloatPrimitive&gt;  &lt;IntPrimitive&gt;1&lt;/IntPrimitive&gt;  &lt;LongPrimitive&gt;0&lt;/LongPrimitive&gt;  &lt;ShortPrimitive&gt;0&lt;/ShortPrimitive&gt;  &lt;TheString&gt;E1&lt;/TheString&gt;  &lt;This&gt;    &lt;BoolPrimitive&gt;false&lt;/BoolPrimitive&gt;    &lt;BytePrimitive&gt;0&lt;/BytePrimitive&gt;    &lt;CharPrimitive&gt;\u0000&lt;/CharPrimitive&gt;    &lt;DecimalPrimitive&gt;0.0&lt;/DecimalPrimitive&gt;    &lt;DoublePrimitive&gt;0.0&lt;/DoublePrimitive&gt;    &lt;EnumValue&gt;ENUM_VALUE_1&lt;/EnumValue&gt;    &lt;FloatPrimitive&gt;0.0&lt;/FloatPrimitive&gt;    &lt;IntPrimitive&gt;1&lt;/IntPrimitive&gt;    &lt;LongPrimitive&gt;0&lt;/LongPrimitive&gt;    &lt;ShortPrimitive&gt;0&lt;/ShortPrimitive&gt;    &lt;TheString&gt;E1&lt;/TheString&gt;  &lt;/This&gt;&lt;/SupportBean&gt;&#xD;
[MyConsoleOut] [port 0] {  "SupportBean": {    "BigInteger": null,    "BoolBoxed": null,    "BoolPrimitive": false,    "ByteBoxed": null,    "BytePrimitive": 0,    "CharBoxed": null,    "CharPrimitive": "\u0000",    "DecimalBoxed": null,    "DecimalPrimitive": 0.0,    "DoubleBoxed": null,    "DoublePrimitive": 0.0,    "EnumValue": "ENUM_VALUE_1",    "FloatBoxed": null,    "FloatPrimitive": 0.0,    "IntBoxed": null,    "IntPrimitive": 1,    "LongBoxed": null,    "LongPrimitive": 0,    "ShortBoxed": null,    "ShortPrimitive": 0,    "TheString": "E1",    "This": {      "BigInteger": null,      "BoolBoxed": null,      "BoolPrimitive": false,      "ByteBoxed": null,      "BytePrimitive": 0,      "CharBoxed": null,      "CharPrimitive": "\u0000",      "DecimalBoxed": null,      "DecimalPrimitive": 0.0,      "DoubleBoxed": null,      "DoublePrimitive": 0.0,      "EnumValue": "ENUM_VALUE_1",      "FloatBoxed": null,      "FloatPrimitive": 0.0,      "IntBoxed": null,      "IntPrimitive": 1,      "LongBoxed": null,      "LongPrimitive": 0,      "ShortBoxed": null,      "ShortPrimitive": 0,      "TheString": "E1"    }  }}&#xD;
[MyConsoleOut] [port 0] SupportBean[SupportBean("E1", 1)]&#xD;
dataflow:MyConsoleOut port:0 instanceId:%i title:mytitle event:SupportBean[SupportBean("E1", 1)]&#xD;
[MyConsoleOut] [port 0] &lt;?xml version="1.0" encoding="UTF-8"?&gt;&lt;SupportBean&gt;  &lt;BoolPrimitive&gt;false&lt;/BoolPrimitive&gt;  &lt;BytePrimitive&gt;0&lt;/BytePrimitive&gt;  &lt;CharPrimitive&gt;\u0000&lt;/CharPrimitive&gt;  &lt;DecimalPrimitive&gt;0.0&lt;/DecimalPrimitive&gt;  &lt;DoublePrimitive&gt;0.0&lt;/DoublePrimitive&gt;  &lt;EnumValue&gt;ENUM_VALUE_1&lt;/EnumValue&gt;  &lt;FloatPrimitive&gt;0.0&lt;/FloatPrimitive&gt;  &lt;IntPrimitive&gt;1&lt;/IntPrimitive&gt;  &lt;LongPrimitive&gt;0&lt;/LongPrimitive&gt;  &lt;ShortPrimitive&gt;0&lt;/ShortPrimitive&gt;  &lt;TheString&gt;E1&lt;/TheString&gt;  &lt;This&gt;    &lt;BoolPrimitive&gt;false&lt;/BoolPrimitive&gt;    &lt;BytePrimitive&gt;0&lt;/BytePrimitive&gt;    &lt;CharPrimitive&gt;\u0000&lt;/CharPrimitive&gt;    &lt;DecimalPrimitive&gt;0.0&lt;/DecimalPrimitive&gt;    &lt;DoublePrimitive&gt;0.0&lt;/DoublePrimitive&gt;    &lt;EnumValue&gt;ENUM_VALUE_1&lt;/EnumValue&gt;    &lt;FloatPrimitive&gt;0.0&lt;/FloatPrimitive&gt;    &lt;IntPrimitive&gt;1&lt;/IntPrimitive&gt;    &lt;LongPrimitive&gt;0&lt;/LongPrimitive&gt;    &lt;ShortPrimitive&gt;0&lt;/ShortPrimitive&gt;    &lt;TheString&gt;E1&lt;/TheString&gt;  &lt;/This&gt;&lt;/SupportBean&gt;&#xD;
[MyConsoleOut] [JSON_HERE] [port 0] {  "SupportBean": {    "BigInteger": null,    "BoolBoxed": null,    "BoolPrimitive": false,    "ByteBoxed": null,    "BytePrimitive": 0,    "CharBoxed": null,    "CharPrimitive": "\u0000",    "DecimalBoxed": null,    "DecimalPrimitive": 0.0,    "DoubleBoxed": null,    "DoublePrimitive": 0.0,    "EnumValue": "ENUM_VALUE_1",    "FloatBoxed": null,    "FloatPrimitive": 0.0,    "IntBoxed": null,    "IntPrimitive": 1,    "LongBoxed": null,    "LongPrimitive": 0,    "ShortBoxed": null,    "ShortPrimitive": 0,    "TheString": "E1",    "This": {      "BigInteger": null,      "BoolBoxed": null,      "BoolPrimitive": false,      "ByteBoxed": null,      "BytePrimitive": 0,      "CharBoxed": null,      "CharPrimitive": "\u0000",      "DecimalBoxed": null,      "DecimalPrimitive": 0.0,      "DoubleBoxed": null,      "DoublePrimitive": 0.0,      "EnumValue": "ENUM_VALUE_1",      "FloatBoxed": null,      "FloatPrimitive": 0.0,      "IntBoxed": null,      "IntPrimitive": 1,      "LongBoxed": null,      "LongPrimitive": 0,      "ShortBoxed": null,      "ShortPrimitive": 0,      "TheString": "E1"    }  }}&#xD;
[OutputFlow] [port 0] {  "B": {    "value": 10  }}</StdOut>
      </Output>
    </UnitTestResult>
    <UnitTestResult executionId="67c83bad-6005-470b-b20a-2546f4a60597" testId="7293a962-ba69-ff79-36a5-d38625537fa7" testName="WithMapType" computerName="NEBULOUS" duration="00:00:00.1808650" startTime="2026-04-11T08:21:09.3385647-05:00" endTime="2026-04-11T08:21:09.5194265-05:00" testType="13cdc9d9-ddb5-4fa4-a97d-d965ccfc6d4b" outcome="Passed" testListId="8c84fa94-04c1-424b-9868-57a2d4851a1d" relativeResultsDirectory="67c83bad-6005-470b-b20a-2546f4a60597" />
    <UnitTestResult executionId="c1caac1b-a80f-4184-9d42-121a14042bc4" testId="094933b6-2c81-f749-fb16-0d166c683069" testName="TestEPLDataflowAPIStartCaptive" computerName="NEBULOUS" duration="00:00:00.3586340" startTime="2026-04-11T08:20:42.8360652-05:00" endTime="2026-04-11T08:20:43.1946931-05:00" testType="13cdc9d9-ddb5-4fa4-a97d-d965ccfc6d4b" outcome="Passed" testListId="8c84fa94-04c1-424b-9868-57a2d4851a1d" relativeResultsDirectory="c1caac1b-a80f-4184-9d42-121a14042bc4" />
    <UnitTestResult executionId="817ef043-08e1-45ec-ade4-322da7d36b0f" testId="6c67139d-47df-08d0-240e-42051006713f" testName="WithAllTypes" computerName="NEBULOUS" duration="00:00:00.4721980" startTime="2026-04-11T08:21:06.5039943-05:00" endTime="2026-04-11T08:21:06.9761849-05:00" testType="13cdc9d9-ddb5-4fa4-a97d-d965ccfc6d4b" outcome="Passed" testListId="8c84fa94-04c1-424b-9868-57a2d4851a1d" relativeResultsDirectory="817ef043-08e1-45ec-ade4-322da7d36b0f" />
    <UnitTestResult executionId="27803e99-95e0-43b5-82df-6e4635babd3a" testId="54ea88fe-f17f-6b32-d79c-f34ae604ca58" testName="WithAllTypes" computerName="NEBULOUS" duration="00:00:00.9068420" startTime="2026-04-11T08:21:04.7574048-05:00" endTime="2026-04-11T08:21:05.6642319-05:00" testType="13cdc9d9-ddb5-4fa4-a97d-d965ccfc6d4b" outcome="Passed" testListId="8c84fa94-04c1-424b-9868-57a2d4851a1d" relativeResultsDirectory="27803e99-95e0-43b5-82df-6e4635babd3a" />
    <UnitTestResult executionId="de9cbe96-1e3f-4d91-be30-85847afac7f6" testId="a02f8f0c-774f-8895-fe9d-786d6a1ef0e2" testName="WithIterateFinalMarker" computerName="NEBULOUS" duration="00:00:00.1585830" startTime="2026-04-11T08:21:07.5178263-05:00" endTime="2026-04-11T08:21:07.6764065-05:00" testType="13cdc9d9-ddb5-4fa4-a97d-d965ccfc6d4b" outcome="Passed" testListId="8c84fa94-04c1-424b-9868-57a2d4851a1d" relativeResultsDirectory="de9cbe96-1e3f-4d91-be30-85847afac7f6" />
    <UnitTestResult executionId="1cc2131d-9e1f-4635-ae47-ff3818f4d36e" testId="1a310440-0541-138e-a312-e7b6b78e80a7" testName="WithLargeNumOpsDataFlow" computerName="NEBULOUS" duration="00:00:00.2487990" startTime="2026-04-11T08:20:56.8096222-05:00" endTime="2026-04-11T08:20:57.0584169-05:00" testType="13cdc9d9-ddb5-4fa4-a97d-d965ccfc6d4b" outcome="Passed" testListId="8c84fa94-04c1-424b-9868-57a2d4851a1d" relativeResultsDirectory="1cc2131d-9e1f-4635-ae47-ff3818f4d36e" />
    <UnitTestResult executionId="7235a235-80b0-4879-9ace-b89fcf566a84" testId="0eda5d3e-1989-113e-3d83-b782e896ab14" testName="WithRunBlocking" computerName="NEBULOUS" duration="00:00:00.3247570" startTime="2026-04-11T08:20:55.7390301-05:00" endTime="2026-04-11T08:20:56.0637816-05:00" testType="13cdc9d9-ddb5-4fa4-a97d-d965ccfc6d4b" outcome="Passed" testListId="8c84fa94-04c1-424b-9868-57a2d4851a1d" relativeResultsDirectory="7235a235-80b0-4879-9ace-b89fcf566a84" />
    <UnitTestResult executionId="e01b64ce-09a1-4666-a4c0-085d84012db7" testId="d32b7da1-fec9-1a54-36eb-d01b46f0d0c8" testName="WithNonBlockingJoinMultipleRunnable" computerName="NEBULOUS" duration="00:00:00.4708500" startTime="2026-04-11T08:20:54.9416876-05:00" endTime="2026-04-11T08:20:55.4125308-05:00" testType="13cdc9d9-ddb5-4fa4-a97d-d965ccfc6d4b" outcome="Passed" testListId="8c84fa94-04c1-424b-9868-57a2d4851a1d" relativeResultsDirectory="e01b64ce-09a1-4666-a4c0-085d84012db7" />
    <UnitTestResult executionId="d05c4d9a-457e-4929-8df2-8429171bcd17" testId="95c9fec6-051c-cf87-a615-87d8902d3c94" testName="WithFlowGraphOperator" computerName="NEBULOUS" duration="00:00:00.1311430" startTime="2026-04-11T08:20:48.3833053-05:00" endTime="2026-04-11T08:20:48.5144461-05:00" testType="13cdc9d9-ddb5-4fa4-a97d-d965ccfc6d4b" outcome="Passed" testListId="8c84fa94-04c1-424b-9868-57a2d4851a1d" relativeResultsDirectory="d05c4d9a-457e-4929-8df2-8429171bcd17" />
    <UnitTestResult executionId="ea53509b-dcdf-4958-934b-6e4ae0c998c0" testId="1fcbd790-bc15-76ae-157c-bb1aa9803e4c" testName="TestEPLDataflowAPIExceptions" computerName="NEBULOUS" duration="00:00:10.5895740" startTime="2026-04-11T08:20:32.2466134-05:00" endTime="2026-04-11T08:20:42.8360184-05:00" testType="13cdc9d9-ddb5-4fa4-a97d-d965ccfc6d4b" outcome="Passed" testListId="8c84fa94-04c1-424b-9868-57a2d4851a1d" relativeResultsDirectory="ea53509b-dcdf-4958-934b-6e4ae0c998c0" />
    <UnitTestResult executionId="d0cd5e9b-83b9-417b-b438-fd2181a1451e" testId="a5e955f5-8059-07ee-b75f-72c4f69aade5" testName="TestEPLDataflowAPIConfigAndInstance" computerName="NEBULOUS" duration="00:00:01.5624590" startTime="2026-04-11T08:20:30.6837094-05:00" endTime="2026-04-11T08:20:32.2461195-05:00" testType="13cdc9d9-ddb5-4fa4-a97d-d965ccfc6d4b" outcome="Passed" testListId="8c84fa94-04c1-424b-9868-57a2d4851a1d" relativeResultsDirectory="d0cd5e9b-83b9-417b-b438-fd2181a1451e" />
    <UnitTestResult executionId="398a672a-c793-43c4-b1e7-43ef2cb4b7f1" testId="6e16f64e-8f00-8d48-b536-322d0bf620e5" testName="WithDocSamplesRun" computerName="NEBULOUS" duration="00:00:00.1326970" startTime="2026-04-11T08:20:56.2849517-05:00" endTime="2026-04-11T08:20:56.4176469-05:00" testType="13cdc9d9-ddb5-4fa4-a97d-d965ccfc6d4b" outcome="Passed" testListId="8c84fa94-04c1-424b-9868-57a2d4851a1d" relativeResultsDirectory="398a672a-c793-43c4-b1e7-43ef2cb4b7f1">
      <Output>
        <StdOut>[HelloWorldDataFlow] [port 0] stmt0_df_op_0_1[["hello world"]]&#xD;
[HelloWorldDataFlow] [port 0] stmt0_df_op_0_1[["hello world"]]</StdOut>
      </Output>
    </UnitTestResult>
    <UnitTestResult executionId="0f750d79-8e73-4798-a00c-a616b87b34be" testId="88e93ca8-38bd-cbcb-de9f-f4a4c1f8d837" testName="WithBlockingException" computerName="NEBULOUS" duration="00:00:00.1772370" startTime="2026-04-11T08:20:50.2556604-05:00" endTime="2026-04-11T08:20:50.4328945-05:00" testType="13cdc9d9-ddb5-4fa4-a97d-d965ccfc6d4b" outcome="Passed" testListId="8c84fa94-04c1-424b-9868-57a2d4851a1d" relativeResultsDirectory="0f750d79-8e73-4798-a00c-a616b87b34be" />
    <UnitTestResult executionId="f9e34d8e-7b01-4f60-9ed8-c0addac8c1f2" testId="2bc17b18-ee2e-8ce9-bb4f-a1acaea9cde5" testName="WithInvalid" computerName="NEBULOUS" duration="00:00:00.0250390" startTime="2026-04-11T08:21:06.4789006-05:00" endTime="2026-04-11T08:21:06.5039393-05:00" testType="13cdc9d9-ddb5-4fa4-a97d-d965ccfc6d4b" outcome="Passed" testListId="8c84fa94-04c1-424b-9868-57a2d4851a1d" relativeResultsDirectory="f9e34d8e-7b01-4f60-9ed8-c0addac8c1f2" />
    <UnitTestResult executionId="ad9d45e6-4cc7-41ea-9bdd-d57d24b6b54d" testId="d2359427-3803-290d-9691-ed45d7ef1173" testName="WithStmtNameDynamic" computerName="NEBULOUS" duration="00:00:00.4794490" startTime="2026-04-11T08:21:02.1703369-05:00" endTime="2026-04-11T08:21:02.6497778-05:00" testType="13cdc9d9-ddb5-4fa4-a97d-d965ccfc6d4b" outcome="Passed" testListId="8c84fa94-04c1-424b-9868-57a2d4851a1d" relativeResultsDirectory="ad9d45e6-4cc7-41ea-9bdd-d57d24b6b54d" />
    <UnitTestResult executionId="8947806b-b564-49a8-963d-83de9dbd1603" testId="f5195e7b-461c-54e2-9932-a337e2b57e58" testName="WithBlockingCancel" computerName="NEBULOUS" duration="00:00:00.5320460" startTime="2026-04-11T08:20:49.7236023-05:00" endTime="2026-04-11T08:20:50.2556392-05:00" testType="13cdc9d9-ddb5-4fa4-a97d-d965ccfc6d4b" outcome="Passed" testListId="8c84fa94-04c1-424b-9868-57a2d4851a1d" relativeResultsDirectory="8947806b-b564-49a8-963d-83de9dbd1603" />
    <UnitTestResult executionId="558f5b9e-6f5f-49f8-a275-f9f06850796a" testId="218d61e1-11d5-e909-ca68-b3bd5ca1541a" testName="WithAllTypes" computerName="NEBULOUS" duration="00:00:00.4351170" startTime="2026-04-11T08:21:06.0437772-05:00" endTime="2026-04-11T08:21:06.4788872-05:00" testType="13cdc9d9-ddb5-4fa4-a97d-d965ccfc6d4b" outcome="Passed" testListId="8c84fa94-04c1-424b-9868-57a2d4851a1d" relativeResultsDirectory="558f5b9e-6f5f-49f8-a275-f9f06850796a" />
    <UnitTestResult executionId="d9718a8a-4710-4ce0-a036-5c8bb7d5c477" testId="ca7a116a-83f1-efa4-3851-b3cdeeba7e3a" testName="TestEPLDataflowExampleRollingTopWords" computerName="NEBULOUS" duration="00:00:00.4285010" startTime="2026-04-11T08:20:43.4261361-05:00" endTime="2026-04-11T08:20:43.8546292-05:00" testType="13cdc9d9-ddb5-4fa4-a97d-d965ccfc6d4b" outcome="Passed" testListId="8c84fa94-04c1-424b-9868-57a2d4851a1d" relativeResultsDirectory="d9718a8a-4710-4ce0-a036-5c8bb7d5c477" />
    <UnitTestResult executionId="78825e2f-71c7-4eff-af27-5863a20655d5" testId="5b5dc86e-c2d9-2c0d-53e2-4e1eec0bebd3" testName="WithTimeWindowTriggered" computerName="NEBULOUS" duration="00:00:00.1389960" startTime="2026-04-11T08:21:09.0623218-05:00" endTime="2026-04-11T08:21:09.2013152-05:00" testType="13cdc9d9-ddb5-4fa4-a97d-d965ccfc6d4b" outcome="Passed" testListId="8c84fa94-04c1-424b-9868-57a2d4851a1d" relativeResultsDirectory="78825e2f-71c7-4eff-af27-5863a20655d5" />
    <UnitTestResult executionId="b2513679-5515-4fdc-b1cc-04cbbcb1cca3" testId="f719bd5e-f4c8-70bd-3401-fcaed5bfcbbc" testName="WithNoType" computerName="NEBULOUS" duration="00:00:01.4005250" startTime="2026-04-11T08:20:58.9776205-05:00" endTime="2026-04-11T08:21:00.3781231-05:00" testType="13cdc9d9-ddb5-4fa4-a97d-d965ccfc6d4b" outcome="Passed" testListId="8c84fa94-04c1-424b-9868-57a2d4851a1d" relativeResultsDirectory="b2513679-5515-4fdc-b1cc-04cbbcb1cca3" />
    <UnitTestResult executionId="662ba140-2d06-4e7e-b0ea-3f998f5f985a" testId="13b0fcd1-8638-3dd3-5554-ac49b6dddf0d" testName="WithCreateStartStop" computerName="NEBULOUS" duration="00:00:00.1879390" startTime="2026-04-11T08:20:47.6444938-05:00" endTime="2026-04-11T08:20:47.8324294-05:00" testType="13cdc9d9-ddb5-4fa4-a97d-d965ccfc6d4b" outcome="Passed" testListId="8c84fa94-04c1-424b-9868-57a2d4851a1d" relativeResultsDirectory="662ba140-2d06-4e7e-b0ea-3f998f5f985a" />
    <UnitTestResult executionId="0efd9114-e8af-43b5-950b-32ba550847d2" testId="d41acfa1-3eee-d744-e6fc-dee65b37f5e0" testName="WithSchemaObjectArray" computerName="NEBULOUS" duration="00:00:00.3794590" startTime="2026-04-11T08:21:05.6642448-05:00" endTime="2026-04-11T08:21:06.0436978-05:00" testType="13cdc9d9-ddb5-4fa4-a97d-d965ccfc6d4b" outcome="Passed" testListId="8c84fa94-04c1-424b-9868-57a2d4851a1d" relativeResultsDirectory="0efd9114-e8af-43b5-950b-32ba550847d2" />
    <UnitTestResult executionId="41248285-0f71-4495-a3aa-7758fca11585" testId="d8271d45-9fbf-a7f0-4f27-40685c42be10" testName="WithFactorial" computerName="NEBULOUS" duration="00:00:00.1699320" startTime="2026-04-11T08:20:56.4427010-05:00" endTime="2026-04-11T08:20:56.6126297-05:00" testType="13cdc9d9-ddb5-4fa4-a97d-d965ccfc6d4b" outcome="Passed" testListId="8c84fa94-04c1-424b-9868-57a2d4851a1d" relativeResultsDirectory="41248285-0f71-4495-a3aa-7758fca11585" />
    <UnitTestResult executionId="9887598c-b375-48f4-b636-140966ecb6df" testId="182f2271-153a-b51b-ccdd-70ed0f39c018" testName="WithTypeEvent" computerName="NEBULOUS" duration="00:00:01.0426970" startTime="2026-04-11T08:20:48.6808487-05:00" endTime="2026-04-11T08:20:49.7235281-05:00" testType="13cdc9d9-ddb5-4fa4-a97d-d965ccfc6d4b" outcome="Passed" testListId="8c84fa94-04c1-424b-9868-57a2d4851a1d" relativeResultsDirectory="9887598c-b375-48f4-b636-140966ecb6df" />
    <UnitTestResult executionId="526a0dff-34a5-4fec-9cbe-069949bea007" testId="12778e45-fdb5-d441-fdfc-46bc2bcff5a4" testName="TestEPLDataflowAPIStatistics" computerName="NEBULOUS" duration="00:00:00.2313970" startTime="2026-04-11T08:20:43.1947171-05:00" endTime="2026-04-11T08:20:43.4261092-05:00" testType="13cdc9d9-ddb5-4fa4-a97d-d965ccfc6d4b" outcome="Passed" testListId="8c84fa94-04c1-424b-9868-57a2d4851a1d" relativeResultsDirectory="526a0dff-34a5-4fec-9cbe-069949bea007" />
    <UnitTestResult executionId="a965ca99-9607-4d13-9de0-b719fafa03e5" testId="ea81638b-4c15-cbf9-361f-4bf98b80d255" testName="WithAllTypes" computerName="NEBULOUS" duration="00:00:00.6127359" startTime="2026-04-11T08:21:00.7804669-05:00" endTime="2026-04-11T08:21:01.3931931-05:00" testType="13cdc9d9-ddb5-4fa4-a97d-d965ccfc6d4b" outcome="Passed" testListId="8c84fa94-04c1-424b-9868-57a2d4851a1d" relativeResultsDirectory="a965ca99-9607-4d13-9de0-b719fafa03e5" />
    <UnitTestResult executionId="d5470ace-cfbc-4e9b-b671-7a6f40de3f4b" testId="f20a0552-a4fe-1d67-4839-18e4f1877547" testName="TestEPLDataflowExampleWordCount" computerName="NEBULOUS" duration="00:00:00.1820460" startTime="2026-04-11T08:20:44.5120976-05:00" endTime="2026-04-11T08:20:44.6941397-05:00" testType="13cdc9d9-ddb5-4fa4-a97d-d965ccfc6d4b" outcome="Passed" testListId="8c84fa94-04c1-424b-9868-57a2d4851a1d" relativeResultsDirectory="d5470ace-cfbc-4e9b-b671-7a6f40de3f4b" />
    <UnitTestResult executionId="347d3fec-992a-482a-915e-13bdf66d6782" testId="6f33614c-b337-9351-e6df-df612f0f9318" testName="WithAllTypes" computerName="NEBULOUS" duration="00:00:00.5783030" startTime="2026-04-11T08:21:02.6498687-05:00" endTime="2026-04-11T08:21:03.2281623-05:00" testType="13cdc9d9-ddb5-4fa4-a97d-d965ccfc6d4b" outcome="Passed" testListId="8c84fa94-04c1-424b-9868-57a2d4851a1d" relativeResultsDirectory="347d3fec-992a-482a-915e-13bdf66d6782" />
  </Results>
  <TestDefinitions>
    <UnitTest name="WithStmtNameDynamic" storage="d:\src\espertech\nesper-8.9.x\tst\nesper.regression.runner\bin\debug\net9.0\nesper.regression.runner.dll" id="d2359427-3803-290d-9691-ed45d7ef1173">
      <Execution id="ad9d45e6-4cc7-41ea-9bdd-d57d24b6b54d" />
      <TestMethod codeBase="D:\src\Espertech\NEsper-8.9.x\tst\NEsper.Regression.Runner\bin\Debug\net9.0\NEsper.Regression.Runner.dll" adapterTypeName="executor://nunit3testexecutor/" className="com.espertech.esper.regressionrun.suite.epl.TestSuiteEPLDataflow+TestEPLDataflowOpEPStatementSource" name="WithStmtNameDynamic" />
    </UnitTest>
    <UnitTest name="WithSelectPerformance" storage="d:\src\espertech\nesper-8.9.x\tst\nesper.regression.runner\bin\debug\net9.0\nesper.regression.runner.dll" id="d41e197e-494a-3179-ca97-cc16c80c5b14">
      <Execution id="ee049d84-4b3c-432b-bd56-97f12b00e90d" />
      <TestMethod codeBase="D:\src\Espertech\NEsper-8.9.x\tst\NEsper.Regression.Runner\bin\Debug\net9.0\NEsper.Regression.Runner.dll" adapterTypeName="executor://nunit3testexecutor/" className="com.espertech.esper.regressionrun.suite.epl.TestSuiteEPLDataflow+TestEPLDataflowOpSelect" name="WithSelectPerformance" />
    </UnitTest>
    <UnitTest name="WithNonBlockingJoinCancel" storage="d:\src\espertech\nesper-8.9.x\tst\nesper.regression.runner\bin\debug\net9.0\nesper.regression.runner.dll" id="fb5edad0-33d2-6bd9-fcb3-310578661e8d">
      <Execution id="ce758770-9514-4c3a-bad1-b6a65e63b18b" />
      <TestMethod codeBase="D:\src\Espertech\NEsper-8.9.x\tst\NEsper.Regression.Runner\bin\Debug\net9.0\NEsper.Regression.Runner.dll" adapterTypeName="executor://nunit3testexecutor/" className="com.espertech.esper.regressionrun.suite.epl.TestSuiteEPLDataflow+TestEPLDataflowAPIRunStartCancelJoin" name="WithNonBlockingJoinCancel" />
    </UnitTest>
    <UnitTest name="WithBlockingCancel" storage="d:\src\espertech\nesper-8.9.x\tst\nesper.regression.runner\bin\debug\net9.0\nesper.regression.runner.dll" id="f5195e7b-461c-54e2-9932-a337e2b57e58">
      <Execution id="8947806b-b564-49a8-963d-83de9dbd1603" />
      <TestMethod codeBase="D:\src\Espertech\NEsper-8.9.x\tst\NEsper.Regression.Runner\bin\Debug\net9.0\NEsper.Regression.Runner.dll" adapterTypeName="executor://nunit3testexecutor/" className="com.espertech.esper.regressionrun.suite.epl.TestSuiteEPLDataflow+TestEPLDataflowAPIRunStartCancelJoin" name="WithBlockingCancel" />
    </UnitTest>
    <UnitTest name="WithAllTypes" storage="d:\src\espertech\nesper-8.9.x\tst\nesper.regression.runner\bin\debug\net9.0\nesper.regression.runner.dll" id="54ea88fe-f17f-6b32-d79c-f34ae604ca58">
      <Execution id="27803e99-95e0-43b5-82df-6e4635babd3a" />
      <TestMethod codeBase="D:\src\Espertech\NEsper-8.9.x\tst\NEsper.Regression.Runner\bin\Debug\net9.0\NEsper.Regression.Runner.dll" adapterTypeName="executor://nunit3testexecutor/" className="com.espertech.esper.regressionrun.suite.epl.TestSuiteEPLDataflow+TestEPLDataflowOpEventBusSource" name="WithAllTypes" />
    </UnitTest>
    <UnitTest name="WithOutputRateLimit" storage="d:\src\espertech\nesper-8.9.x\tst\nesper.regression.runner\bin\debug\net9.0\nesper.regression.runner.dll" id="d95f9590-d229-b4c5-3f35-29aeed74b764">
      <Execution id="d586ae47-d831-4d18-9c24-011496a7a01a" />
      <TestMethod codeBase="D:\src\Espertech\NEsper-8.9.x\tst\NEsper.Regression.Runner\bin\Debug\net9.0\NEsper.Regression.Runner.dll" adapterTypeName="executor://nunit3testexecutor/" className="com.espertech.esper.regressionrun.suite.epl.TestSuiteEPLDataflow+TestEPLDataflowOpSelect" name="WithOutputRateLimit" />
    </UnitTest>
    <UnitTest name="WithBeanType" storage="d:\src\espertech\nesper-8.9.x\tst\nesper.regression.runner\bin\debug\net9.0\nesper.regression.runner.dll" id="c4e40eb4-9146-b090-d842-85c1c254ec64">
      <Execution id="51ea0696-d6fc-4584-894e-6a7540a0ed19" />
      <TestMethod codeBase="D:\src\Espertech\NEsper-8.9.x\tst\NEsper.Regression.Runner\bin\Debug\net9.0\NEsper.Regression.Runner.dll" adapterTypeName="executor://nunit3testexecutor/" className="com.espertech.esper.regressionrun.suite.epl.TestSuiteEPLDataflow+TestEPLDataflowTypes" name="WithBeanType" />
    </UnitTest>
    <UnitTest name="WithInvalid" storage="d:\src\espertech\nesper-8.9.x\tst\nesper.regression.runner\bin\debug\net9.0\nesper.regression.runner.dll" id="2bc17b18-ee2e-8ce9-bb4f-a1acaea9cde5">
      <Execution id="f9e34d8e-7b01-4f60-9ed8-c0addac8c1f2" />
      <TestMethod codeBase="D:\src\Espertech\NEsper-8.9.x\tst\NEsper.Regression.Runner\bin\Debug\net9.0\NEsper.Regression.Runner.dll" adapterTypeName="executor://nunit3testexecutor/" className="com.espertech.esper.regressionrun.suite.epl.TestSuiteEPLDataflow+TestEPLDataflowOpFilter" name="WithInvalid" />
    </UnitTest>
    <UnitTest name="WithInvalidJoinRun" storage="d:\src\espertech\nesper-8.9.x\tst\nesper.regression.runner\bin\debug\net9.0\nesper.regression.runner.dll" id="b15453b0-3898-d581-78f3-bb7f518b9389">
      <Execution id="fe729c8f-f5ed-48d0-8833-b1d9f6c53ed4" />
      <TestMethod codeBase="D:\src\Espertech\NEsper-8.9.x\tst\NEsper.Regression.Runner\bin\Debug\net9.0\NEsper.Regression.Runner.dll" adapterTypeName="executor://nunit3testexecutor/" className="com.espertech.esper.regressionrun.suite.epl.TestSuiteEPLDataflow+TestEPLDataflowAPIRunStartCancelJoin" name="WithInvalidJoinRun" />
    </UnitTest>
    <UnitTest name="WithCreateStartStop" storage="d:\src\espertech\nesper-8.9.x\tst\nesper.regression.runner\bin\debug\net9.0\nesper.regression.runner.dll" id="13b0fcd1-8638-3dd3-5554-ac49b6dddf0d">
      <Execution id="662ba140-2d06-4e7e-b0ea-3f998f5f985a" />
      <TestMethod codeBase="D:\src\Espertech\NEsper-8.9.x\tst\NEsper.Regression.Runner\bin\Debug\net9.0\NEsper.Regression.Runner.dll" adapterTypeName="executor://nunit3testexecutor/" className="com.espertech.esper.regressionrun.suite.epl.TestSuiteEPLDataflow+TestEPLDataflowAPICreateStartStopDestroy" name="WithCreateStartStop" />
    </UnitTest>
    <UnitTest name="WithInvalid" storage="d:\src\espertech\nesper-8.9.x\tst\nesper.regression.runner\bin\debug\net9.0\nesper.regression.runner.dll" id="e2387ff5-5eec-6303-050d-fd2515d8c1f7">
      <Execution id="cc89d258-5cfa-4c31-a4c3-cdda6af7ce3c" />
      <TestMethod codeBase="D:\src\Espertech\NEsper-8.9.x\tst\NEsper.Regression.Runner\bin\Debug\net9.0\NEsper.Regression.Runner.dll" adapterTypeName="executor://nunit3testexecutor/" className="com.espertech.esper.regressionrun.suite.epl.TestSuiteEPLDataflow+TestEPLDataflowOpSelect" name="WithInvalid" />
    </UnitTest>
    <UnitTest name="WithStatementFilter" storage="d:\src\espertech\nesper-8.9.x\tst\nesper.regression.runner\bin\debug\net9.0\nesper.regression.runner.dll" id="971032ef-6293-7028-86d2-368b208249c8">
      <Execution id="ab90aac9-715a-4f08-90e4-885087fbd53c" />
      <TestMethod codeBase="D:\src\Espertech\NEsper-8.9.x\tst\NEsper.Regression.Runner\bin\Debug\net9.0\NEsper.Regression.Runner.dll" adapterTypeName="executor://nunit3testexecutor/" className="com.espertech.esper.regressionrun.suite.epl.TestSuiteEPLDataflow+TestEPLDataflowOpEPStatementSource" name="WithStatementFilter" />
    </UnitTest>
    <UnitTest name="WithDeploymentAdmin" storage="d:\src\espertech\nesper-8.9.x\tst\nesper.regression.runner\bin\debug\net9.0\nesper.regression.runner.dll" id="9dcbcaa9-0d87-9014-63c7-f126ef84dc1b">
      <Execution id="0723cf29-6f0b-40c1-8688-4b99bcbcd9cc" />
      <TestMethod codeBase="D:\src\Espertech\NEsper-8.9.x\tst\NEsper.Regression.Runner\bin\Debug\net9.0\NEsper.Regression.Runner.dll" adapterTypeName="executor://nunit3testexecutor/" className="com.espertech.esper.regressionrun.suite.epl.TestSuiteEPLDataflow+TestEPLDataflowAPICreateStartStopDestroy" name="WithDeploymentAdmin" />
    </UnitTest>
    <UnitTest name="WithFanInOut" storage="d:\src\espertech\nesper-8.9.x\tst\nesper.regression.runner\bin\debug\net9.0\nesper.regression.runner.dll" id="523bd1e8-932a-a06d-dd0b-5fc759271161">
      <Execution id="5aad3f16-c66a-4614-a54f-ebb07fb6930c" />
      <TestMethod codeBase="D:\src\Espertech\NEsper-8.9.x\tst\NEsper.Regression.Runner\bin\Debug\net9.0\NEsper.Regression.Runner.dll" adapterTypeName="executor://nunit3testexecutor/" className="com.espertech.esper.regressionrun.suite.epl.TestSuiteEPLDataflow+TestEPLDataflowInputOutputVariations" name="WithFanInOut" />
    </UnitTest>
    <UnitTest name="WithInvalid" storage="d:\src\espertech\nesper-8.9.x\tst\nesper.regression.runner\bin\debug\net9.0\nesper.regression.runner.dll" id="9a8deea3-b02c-b363-046c-8d174db1ef0f">
      <Execution id="fc81b736-b4e5-4e1f-8caf-391a3324d7e2" />
      <TestMethod codeBase="D:\src\Espertech\NEsper-8.9.x\tst\NEsper.Regression.Runner\bin\Debug\net9.0\NEsper.Regression.Runner.dll" adapterTypeName="executor://nunit3testexecutor/" className="com.espertech.esper.regressionrun.suite.epl.TestSuiteEPLDataflow+TestEPLDataflowCustomProperties" name="WithInvalid" />
    </UnitTest>
    <UnitTest name="TestEPLDataflowAPIExceptions" storage="d:\src\espertech\nesper-8.9.x\tst\nesper.regression.runner\bin\debug\net9.0\nesper.regression.runner.dll" id="1fcbd790-bc15-76ae-157c-bb1aa9803e4c">
      <Execution id="ea53509b-dcdf-4958-934b-6e4ae0c998c0" />
      <TestMethod codeBase="D:\src\Espertech\NEsper-8.9.x\tst\NEsper.Regression.Runner\bin\Debug\net9.0\NEsper.Regression.Runner.dll" adapterTypeName="executor://nunit3testexecutor/" className="com.espertech.esper.regressionrun.suite.epl.TestSuiteEPLDataflow" name="TestEPLDataflowAPIExceptions" />
    </UnitTest>
    <UnitTest name="WithOuterJoinMultirow" storage="d:\src\espertech\nesper-8.9.x\tst\nesper.regression.runner\bin\debug\net9.0\nesper.regression.runner.dll" id="5d3b7d1c-75e8-dcb9-128f-c00ca06fc9de">
      <Execution id="09ed559f-a79c-41a4-9071-5ee1c59ec260" />
      <TestMethod codeBase="D:\src\Espertech\NEsper-8.9.x\tst\NEsper.Regression.Runner\bin\Debug\net9.0\NEsper.Regression.Runner.dll" adapterTypeName="executor://nunit3testexecutor/" className="com.espertech.esper.regressionrun.suite.epl.TestSuiteEPLDataflow+TestEPLDataflowOpSelect" name="WithOuterJoinMultirow" />
    </UnitTest>
    <UnitTest name="WithAllTypes" storage="d:\src\espertech\nesper-8.9.x\tst\nesper.regression.runner\bin\debug\net9.0\nesper.regression.runner.dll" id="6f33614c-b337-9351-e6df-df612f0f9318">
      <Execution id="347d3fec-992a-482a-915e-13bdf66d6782" />
      <TestMethod codeBase="D:\src\Espertech\NEsper-8.9.x\tst\NEsper.Regression.Runner\bin\Debug\net9.0\NEsper.Regression.Runner.dll" adapterTypeName="executor://nunit3testexecutor/" className="com.espertech.esper.regressionrun.suite.epl.TestSuiteEPLDataflow+TestEPLDataflowOpEventBusSink" name="WithAllTypes" />
    </UnitTest>
    <UnitTest name="WithWithBeans" storage="d:\src\espertech\nesper-8.9.x\tst\nesper.regression.runner\bin\debug\net9.0\nesper.regression.runner.dll" id="1d4355ad-0df9-bc80-9d3d-76184585ad3d">
      <Execution id="7fe50c2e-756b-4ac1-8039-55761e935be9" />
      <TestMethod codeBase="D:\src\Espertech\NEsper-8.9.x\tst\NEsper.Regression.Runner\bin\Debug\net9.0\NEsper.Regression.Runner.dll" adapterTypeName="executor://nunit3testexecutor/" className="com.espertech.esper.regressionrun.suite.epl.TestSuiteEPLDataflow+TestEPLDataflowOpBeaconSource" name="WithWithBeans" />
    </UnitTest>
    <UnitTest name="WithTypeEvent" storage="d:\src\espertech\nesper-8.9.x\tst\nesper.regression.runner\bin\debug\net9.0\nesper.regression.runner.dll" id="182f2271-153a-b51b-ccdd-70ed0f39c018">
      <Execution id="9887598c-b375-48f4-b636-140966ecb6df" />
      <TestMethod codeBase="D:\src\Espertech\NEsper-8.9.x\tst\NEsper.Regression.Runner\bin\Debug\net9.0\NEsper.Regression.Runner.dll" adapterTypeName="executor://nunit3testexecutor/" className="com.espertech.esper.regressionrun.suite.epl.TestSuiteEPLDataflow+TestEPLDataflowAPIOpLifecycle" name="WithTypeEvent" />
    </UnitTest>
    <UnitTest name="WithBeacon" storage="d:\src\espertech\nesper-8.9.x\tst\nesper.regression.runner\bin\debug\net9.0\nesper.regression.runner.dll" id="3a99ed11-062a-fecf-6d6a-01c38b925ce2">
      <Execution id="342690f6-d153-41b5-9a9f-b7e80b31b850" />
      <TestMethod codeBase="D:\src\Espertech\NEsper-8.9.x\tst\NEsper.Regression.Runner\bin\Debug\net9.0\NEsper.Regression.Runner.dll" adapterTypeName="executor://nunit3testexecutor/" className="com.espertech.esper.regressionrun.suite.epl.TestSuiteEPLDataflow+TestEPLDataflowOpEventBusSink" name="WithBeacon" />
    </UnitTest>
    <UnitTest name="WithMapType" storage="d:\src\espertech\nesper-8.9.x\tst\nesper.regression.runner\bin\debug\net9.0\nesper.regression.runner.dll" id="7293a962-ba69-ff79-36a5-d38625537fa7">
      <Execution id="67c83bad-6005-470b-b20a-2546f4a60597" />
      <TestMethod codeBase="D:\src\Espertech\NEsper-8.9.x\tst\NEsper.Regression.Runner\bin\Debug\net9.0\NEsper.Regression.Runner.dll" adapterTypeName="executor://nunit3testexecutor/" className="com.espertech.esper.regressionrun.suite.epl.TestSuiteEPLDataflow+TestEPLDataflowTypes" name="WithMapType" />
    </UnitTest>
    <UnitTest name="WithBlockingRunJoin" storage="d:\src\espertech\nesper-8.9.x\tst\nesper.regression.runner\bin\debug\net9.0\nesper.regression.runner.dll" id="d73b4ac7-d805-1c2f-050d-6cbf55fd8d1f">
      <Execution id="a9e914ac-f868-4f58-b04c-298f126d437b" />
      <TestMethod codeBase="D:\src\Espertech\NEsper-8.9.x\tst\NEsper.Regression.Runner\bin\Debug\net9.0\NEsper.Regression.Runner.dll" adapterTypeName="executor://nunit3testexecutor/" className="com.espertech.esper.regressionrun.suite.epl.TestSuiteEPLDataflow+TestEPLDataflowAPIRunStartCancelJoin" name="WithBlockingRunJoin" />
    </UnitTest>
    <UnitTest name="TestEPLDataflowExampleRollingTopWords" storage="d:\src\espertech\nesper-8.9.x\tst\nesper.regression.runner\bin\debug\net9.0\nesper.regression.runner.dll" id="ca7a116a-83f1-efa4-3851-b3cdeeba7e3a">
      <Execution id="d9718a8a-4710-4ce0-a036-5c8bb7d5c477" />
      <TestMethod codeBase="D:\src\Espertech\NEsper-8.9.x\tst\NEsper.Regression.Runner\bin\Debug\net9.0\NEsper.Regression.Runner.dll" adapterTypeName="executor://nunit3testexecutor/" className="com.espertech.esper.regressionrun.suite.epl.TestSuiteEPLDataflow" name="TestEPLDataflowExampleRollingTopWords" />
    </UnitTest>
    <UnitTest name="WithInvalid" storage="d:\src\espertech\nesper-8.9.x\tst\nesper.regression.runner\bin\debug\net9.0\nesper.regression.runner.dll" id="3ca80c9e-cbdb-a086-417b-cd9cf14aeaa2">
      <Execution id="6d9ee956-12af-4270-95d3-7008163975e8" />
      <TestMethod codeBase="D:\src\Espertech\NEsper-8.9.x\tst\NEsper.Regression.Runner\bin\Debug\net9.0\NEsper.Regression.Runner.dll" adapterTypeName="executor://nunit3testexecutor/" className="com.espertech.esper.regressionrun.suite.epl.TestSuiteEPLDataflow+TestEPLDataflowOpEPStatementSource" name="WithInvalid" />
    </UnitTest>
    <UnitTest name="WithTimeWindowTriggered" storage="d:\src\espertech\nesper-8.9.x\tst\nesper.regression.runner\bin\debug\net9.0\nesper.regression.runner.dll" id="5b5dc86e-c2d9-2c0d-53e2-4e1eec0bebd3">
      <Execution id="78825e2f-71c7-4eff-af27-5863a20655d5" />
      <TestMethod codeBase="D:\src\Espertech\NEsper-8.9.x\tst\NEsper.Regression.Runner\bin\Debug\net9.0\NEsper.Regression.Runner.dll" adapterTypeName="executor://nunit3testexecutor/" className="com.espertech.esper.regressionrun.suite.epl.TestSuiteEPLDataflow+TestEPLDataflowOpSelect" name="WithTimeWindowTriggered" />
    </UnitTest>
    <UnitTest name="WithInstantiate" storage="d:\src\espertech\nesper-8.9.x\tst\nesper.regression.runner\bin\debug\net9.0\nesper.regression.runner.dll" id="0ec89363-825f-be57-2a40-728240f7e188">
      <Execution id="36b1e4d8-754a-416e-9a3e-8582c569374f" />
      <TestMethod codeBase="D:\src\Espertech\NEsper-8.9.x\tst\NEsper.Regression.Runner\bin\Debug\net9.0\NEsper.Regression.Runner.dll" adapterTypeName="executor://nunit3testexecutor/" className="com.espertech.esper.regressionrun.suite.epl.TestSuiteEPLDataflow+TestEPLDataflowInvalidGraph" name="WithInstantiate" />
    </UnitTest>
    <UnitTest name="WithCustomProps" storage="d:\src\espertech\nesper-8.9.x\tst\nesper.regression.runner\bin\debug\net9.0\nesper.regression.runner.dll" id="db1a0f16-46b8-5428-26fc-f0e9b846ca5a">
      <Execution id="aa1392ea-6072-4f2f-804f-f4d8e49e69a3" />
      <TestMethod codeBase="D:\src\Espertech\NEsper-8.9.x\tst\NEsper.Regression.Runner\bin\Debug\net9.0\NEsper.Regression.Runner.dll" adapterTypeName="executor://nunit3testexecutor/" className="com.espertech.esper.regressionrun.suite.epl.TestSuiteEPLDataflow+TestEPLDataflowCustomProperties" name="WithCustomProps" />
    </UnitTest>
    <UnitTest name="WithBlockingMultipleRunnable" storage="d:\src\espertech\nesper-8.9.x\tst\nesper.regression.runner\bin\debug\net9.0\nesper.regression.runner.dll" id="39307106-ad42-37bd-ad7c-bdf5b28bd542">
      <Execution id="d40ec76c-be43-493a-8f58-749735641c35" />
      <TestMethod codeBase="D:\src\Espertech\NEsper-8.9.x\tst\NEsper.Regression.Runner\bin\Debug\net9.0\NEsper.Regression.Runner.dll" adapterTypeName="executor://nunit3testexecutor/" className="com.espertech.esper.regressionrun.suite.epl.TestSuiteEPLDataflow+TestEPLDataflowAPIRunStartCancelJoin" name="WithBlockingMultipleRunnable" />
    </UnitTest>
    <UnitTest name="WithFastCompleteNonBlocking" storage="d:\src\espertech\nesper-8.9.x\tst\nesper.regression.runner\bin\debug\net9.0\nesper.regression.runner.dll" id="38dc6357-3ed4-1660-946f-4cb5804b5ffb">
      <Execution id="567cd6a7-aab7-4c20-8dc4-3740f34224a1" />
      <TestMethod codeBase="D:\src\Espertech\NEsper-8.9.x\tst\NEsper.Regression.Runner\bin\Debug\net9.0\NEsper.Regression.Runner.dll" adapterTypeName="executor://nunit3testexecutor/" className="com.espertech.esper.regressionrun.suite.epl.TestSuiteEPLDataflow+TestEPLDataflowAPIRunStartCancelJoin" name="WithFastCompleteNonBlocking" />
    </UnitTest>
    <UnitTest name="WithIterateFinalMarker" storage="d:\src\espertech\nesper-8.9.x\tst\nesper.regression.runner\bin\debug\net9.0\nesper.regression.runner.dll" id="a02f8f0c-774f-8895-fe9d-786d6a1ef0e2">
      <Execution id="de9cbe96-1e3f-4d91-be30-85847afac7f6" />
      <TestMethod codeBase="D:\src\Espertech\NEsper-8.9.x\tst\NEsper.Regression.Runner\bin\Debug\net9.0\NEsper.Regression.Runner.dll" adapterTypeName="executor://nunit3testexecutor/" className="com.espertech.esper.regressionrun.suite.epl.TestSuiteEPLDataflow+TestEPLDataflowOpSelect" name="WithIterateFinalMarker" />
    </UnitTest>
    <UnitTest name="WithDocSamplesRun" storage="d:\src\espertech\nesper-8.9.x\tst\nesper.regression.runner\bin\debug\net9.0\nesper.regression.runner.dll" id="6e16f64e-8f00-8d48-b536-322d0bf620e5">
      <Execution id="398a672a-c793-43c4-b1e7-43ef2cb4b7f1" />
      <TestMethod codeBase="D:\src\Espertech\NEsper-8.9.x\tst\NEsper.Regression.Runner\bin\Debug\net9.0\NEsper.Regression.Runner.dll" adapterTypeName="executor://nunit3testexecutor/" className="com.espertech.esper.regressionrun.suite.epl.TestSuiteEPLDataflow+TestEPLDataflowDocSamples" name="WithDocSamplesRun" />
    </UnitTest>
    <UnitTest name="WithNonBlockingException" storage="d:\src\espertech\nesper-8.9.x\tst\nesper.regression.runner\bin\debug\net9.0\nesper.regression.runner.dll" id="9a487194-e8cb-55b1-f5d7-0cca05896fd8">
      <Execution id="f1a9e3ec-6645-47b1-86e2-451fa2d118e6" />
      <TestMethod codeBase="D:\src\Espertech\NEsper-8.9.x\tst\NEsper.Regression.Runner\bin\Debug\net9.0\NEsper.Regression.Runner.dll" adapterTypeName="executor://nunit3testexecutor/" className="com.espertech.esper.regressionrun.suite.epl.TestSuiteEPLDataflow+TestEPLDataflowAPIRunStartCancelJoin" name="WithNonBlockingException" />
    </UnitTest>
    <UnitTest name="WithFlowGraphOperator" storage="d:\src\espertech\nesper-8.9.x\tst\nesper.regression.runner\bin\debug\net9.0\nesper.regression.runner.dll" id="95c9fec6-051c-cf87-a615-87d8902d3c94">
      <Execution id="d05c4d9a-457e-4929-8df2-8429171bcd17" />
      <TestMethod codeBase="D:\src\Espertech\NEsper-8.9.x\tst\NEsper.Regression.Runner\bin\Debug\net9.0\NEsper.Regression.Runner.dll" adapterTypeName="executor://nunit3testexecutor/" className="com.espertech.esper.regressionrun.suite.epl.TestSuiteEPLDataflow+TestEPLDataflowAPIOpLifecycle" name="WithFlowGraphOperator" />
    </UnitTest>
    <UnitTest name="WithNoType" storage="d:\src\espertech\nesper-8.9.x\tst\nesper.regression.runner\bin\debug\net9.0\nesper.regression.runner.dll" id="f719bd5e-f4c8-70bd-3401-fcaed5bfcbbc">
      <Execution id="b2513679-5515-4fdc-b1cc-04cbbcb1cca3" />
      <TestMethod codeBase="D:\src\Espertech\NEsper-8.9.x\tst\NEsper.Regression.Runner\bin\Debug\net9.0\NEsper.Regression.Runner.dll" adapterTypeName="executor://nunit3testexecutor/" className="com.espertech.esper.regressionrun.suite.epl.TestSuiteEPLDataflow+TestEPLDataflowOpBeaconSource" name="WithNoType" />
    </UnitTest>
    <UnitTest name="TestEPLDataflowAPIStartCaptive" storage="d:\src\espertech\nesper-8.9.x\tst\nesper.regression.runner\bin\debug\net9.0\nesper.regression.runner.dll" id="094933b6-2c81-f749-fb16-0d166c683069">
      <Execution id="c1caac1b-a80f-4184-9d42-121a14042bc4" />
      <TestMethod codeBase="D:\src\Espertech\NEsper-8.9.x\tst\NEsper.Regression.Runner\bin\Debug\net9.0\NEsper.Regression.Runner.dll" adapterTypeName="executor://nunit3testexecutor/" className="com.espertech.esper.regressionrun.suite.epl.TestSuiteEPLDataflow" name="TestEPLDataflowAPIStartCaptive" />
    </UnitTest>
    <UnitTest name="WithNonBlockingCancel" storage="d:\src\espertech\nesper-8.9.x\tst\nesper.regression.runner\bin\debug\net9.0\nesper.regression.runner.dll" id="042c2994-ee4c-6a58-ec4e-2a83de468859">
      <Execution id="1f914b9c-41d5-4289-b934-2aa4cca8d8c6" />
      <TestMethod codeBase="D:\src\Espertech\NEsper-8.9.x\tst\NEsper.Regression.Runner\bin\Debug\net9.0\NEsper.Regression.Runner.dll" adapterTypeName="executor://nunit3testexecutor/" className="com.espertech.esper.regressionrun.suite.epl.TestSuiteEPLDataflow+TestEPLDataflowAPIRunStartCancelJoin" name="WithNonBlockingCancel" />
    </UnitTest>
    <UnitTest name="WithSODA" storage="d:\src\espertech\nesper-8.9.x\tst\nesper.regression.runner\bin\debug\net9.0\nesper.regression.runner.dll" id="6a7177d6-49ff-38ee-b726-bf3edb6191a3">
      <Execution id="31ccf57e-321a-4daa-b4a7-ca7464668dc5" />
      <TestMethod codeBase="D:\src\Espertech\NEsper-8.9.x\tst\NEsper.Regression.Runner\bin\Debug\net9.0\NEsper.Regression.Runner.dll" adapterTypeName="executor://nunit3testexecutor/" className="com.espertech.esper.regressionrun.suite.epl.TestSuiteEPLDataflow+TestEPLDataflowDocSamples" name="WithSODA" />
    </UnitTest>
    <UnitTest name="TestEPLDataflowAPIConfigAndInstance" storage="d:\src\espertech\nesper-8.9.x\tst\nesper.regression.runner\bin\debug\net9.0\nesper.regression.runner.dll" id="a5e955f5-8059-07ee-b75f-72c4f69aade5">
      <Execution id="d0cd5e9b-83b9-417b-b438-fd2181a1451e" />
      <TestMethod codeBase="D:\src\Espertech\NEsper-8.9.x\tst\NEsper.Regression.Runner\bin\Debug\net9.0\NEsper.Regression.Runner.dll" adapterTypeName="executor://nunit3testexecutor/" className="com.espertech.esper.regressionrun.suite.epl.TestSuiteEPLDataflow" name="TestEPLDataflowAPIConfigAndInstance" />
    </UnitTest>
    <UnitTest name="WithFastCompleteBlocking" storage="d:\src\espertech\nesper-8.9.x\tst\nesper.regression.runner\bin\debug\net9.0\nesper.regression.runner.dll" id="5954bf46-25b2-2f67-b0bf-d9bab9a5a75f">
      <Execution id="dccf0bbe-ab92-4621-91ad-e7c8979d2b20" />
      <TestMethod codeBase="D:\src\Espertech\NEsper-8.9.x\tst\NEsper.Regression.Runner\bin\Debug\net9.0\NEsper.Regression.Runner.dll" adapterTypeName="executor://nunit3testexecutor/" className="com.espertech.esper.regressionrun.suite.epl.TestSuiteEPLDataflow+TestEPLDataflowAPIRunStartCancelJoin" name="WithFastCompleteBlocking" />
    </UnitTest>
    <UnitTest name="WithFactorial" storage="d:\src\espertech\nesper-8.9.x\tst\nesper.regression.runner\bin\debug\net9.0\nesper.regression.runner.dll" id="d8271d45-9fbf-a7f0-4f27-40685c42be10">
      <Execution id="41248285-0f71-4495-a3aa-7758fca11585" />
      <TestMethod codeBase="D:\src\Espertech\NEsper-8.9.x\tst\NEsper.Regression.Runner\bin\Debug\net9.0\NEsper.Regression.Runner.dll" adapterTypeName="executor://nunit3testexecutor/" className="com.espertech.esper.regressionrun.suite.epl.TestSuiteEPLDataflow+TestEPLDataflowInputOutputVariations" name="WithFactorial" />
    </UnitTest>
    <UnitTest name="WithNonBlockingJoinMultipleRunnable" storage="d:\src\espertech\nesper-8.9.x\tst\nesper.regression.runner\bin\debug\net9.0\nesper.regression.runner.dll" id="d32b7da1-fec9-1a54-36eb-d01b46f0d0c8">
      <Execution id="e01b64ce-09a1-4666-a4c0-085d84012db7" />
      <TestMethod codeBase="D:\src\Espertech\NEsper-8.9.x\tst\NEsper.Regression.Runner\bin\Debug\net9.0\NEsper.Regression.Runner.dll" adapterTypeName="executor://nunit3testexecutor/" className="com.espertech.esper.regressionrun.suite.epl.TestSuiteEPLDataflow+TestEPLDataflowAPIRunStartCancelJoin" name="WithNonBlockingJoinMultipleRunnable" />
    </UnitTest>
    <UnitTest name="WithLargeNumOpsDataFlow" storage="d:\src\espertech\nesper-8.9.x\tst\nesper.regression.runner\bin\debug\net9.0\nesper.regression.runner.dll" id="1a310440-0541-138e-a312-e7b6b78e80a7">
      <Execution id="1cc2131d-9e1f-4635-ae47-ff3818f4d36e" />
      <TestMethod codeBase="D:\src\Espertech\NEsper-8.9.x\tst\NEsper.Regression.Runner\bin\Debug\net9.0\NEsper.Regression.Runner.dll" adapterTypeName="executor://nunit3testexecutor/" className="com.espertech.esper.regressionrun.suite.epl.TestSuiteEPLDataflow+TestEPLDataflowInputOutputVariations" name="WithLargeNumOpsDataFlow" />
    </UnitTest>
    <UnitTest name="WithSchemaObjectArray" storage="d:\src\espertech\nesper-8.9.x\tst\nesper.regression.runner\bin\debug\net9.0\nesper.regression.runner.dll" id="d41acfa1-3eee-d744-e6fc-dee65b37f5e0">
      <Execution id="0efd9114-e8af-43b5-950b-32ba550847d2" />
      <TestMethod codeBase="D:\src\Espertech\NEsper-8.9.x\tst\NEsper.Regression.Runner\bin\Debug\net9.0\NEsper.Regression.Runner.dll" adapterTypeName="executor://nunit3testexecutor/" className="com.espertech.esper.regressionrun.suite.epl.TestSuiteEPLDataflow+TestEPLDataflowOpEventBusSource" name="WithSchemaObjectArray" />
    </UnitTest>
    <UnitTest name="WithFlowGraphSource" storage="d:\src\espertech\nesper-8.9.x\tst\nesper.regression.runner\bin\debug\net9.0\nesper.regression.runner.dll" id="b3323b72-2f88-88ed-ac02-bf3703dde0a0">
      <Execution id="d6dda8da-1654-4717-97af-4457878b13c2" />
      <TestMethod codeBase="D:\src\Espertech\NEsper-8.9.x\tst\NEsper.Regression.Runner\bin\Debug\net9.0\NEsper.Regression.Runner.dll" adapterTypeName="executor://nunit3testexecutor/" className="com.espertech.esper.regressionrun.suite.epl.TestSuiteEPLDataflow+TestEPLDataflowAPIOpLifecycle" name="WithFlowGraphSource" />
    </UnitTest>
    <UnitTest name="WithCompile" storage="d:\src\espertech\nesper-8.9.x\tst\nesper.regression.runner\bin\debug\net9.0\nesper.regression.runner.dll" id="da3037a9-d04a-3bad-e332-013fdc6c1e19">
      <Execution id="9d4d643b-64b4-42d3-b5a5-05b64f21f3ab" />
      <TestMethod codeBase="D:\src\Espertech\NEsper-8.9.x\tst\NEsper.Regression.Runner\bin\Debug\net9.0\NEsper.Regression.Runner.dll" adapterTypeName="executor://nunit3testexecutor/" className="com.espertech.esper.regressionrun.suite.epl.TestSuiteEPLDataflow+TestEPLDataflowInvalidGraph" name="WithCompile" />
    </UnitTest>
    <UnitTest name="WithAllTypes" storage="d:\src\espertech\nesper-8.9.x\tst\nesper.regression.runner\bin\debug\net9.0\nesper.regression.runner.dll" id="6c67139d-47df-08d0-240e-42051006713f">
      <Execution id="817ef043-08e1-45ec-ade4-322da7d36b0f" />
      <TestMethod codeBase="D:\src\Espertech\NEsper-8.9.x\tst\NEsper.Regression.Runner\bin\Debug\net9.0\NEsper.Regression.Runner.dll" adapterTypeName="executor://nunit3testexecutor/" className="com.espertech.esper.regressionrun.suite.epl.TestSuiteEPLDataflow+TestEPLDataflowOpSelect" name="WithAllTypes" />
    </UnitTest>
    <UnitTest name="WithSendEventDynamicType" storage="d:\src\espertech\nesper-8.9.x\tst\nesper.regression.runner\bin\debug\net9.0\nesper.regression.runner.dll" id="94e105cd-5306-41d7-4ceb-d1b3272cfdb0">
      <Execution id="63aa7878-75c0-40fd-8aa3-bfbc81840f49" />
      <TestMethod codeBase="D:\src\Espertech\NEsper-8.9.x\tst\NEsper.Regression.Runner\bin\Debug\net9.0\NEsper.Regression.Runner.dll" adapterTypeName="executor://nunit3testexecutor/" className="com.espertech.esper.regressionrun.suite.epl.TestSuiteEPLDataflow+TestEPLDataflowOpEventBusSink" name="WithSendEventDynamicType" />
    </UnitTest>
    <UnitTest name="WithAllTypes" storage="d:\src\espertech\nesper-8.9.x\tst\nesper.regression.runner\bin\debug\net9.0\nesper.regression.runner.dll" id="218d61e1-11d5-e909-ca68-b3bd5ca1541a">
      <Execution id="558f5b9e-6f5f-49f8-a275-f9f06850796a" />
      <TestMethod codeBase="D:\src\Espertech\NEsper-8.9.x\tst\NEsper.Regression.Runner\bin\Debug\net9.0\NEsper.Regression.Runner.dll" adapterTypeName="executor://nunit3testexecutor/" className="com.espertech.esper.regressionrun.suite.epl.TestSuiteEPLDataflow+TestEPLDataflowOpFilter" name="WithAllTypes" />
    </UnitTest>
    <UnitTest name="WithNonBlockingJoinSingleRunnable" storage="d:\src\espertech\nesper-8.9.x\tst\nesper.regression.runner\bin\debug\net9.0\nesper.regression.runner.dll" id="6981a582-cddd-4b33-4e0f-634ac40e4612">
      <Execution id="221a5722-549e-46dc-af71-852859289d94" />
      <TestMethod codeBase="D:\src\Espertech\NEsper-8.9.x\tst\NEsper.Regression.Runner\bin\Debug\net9.0\NEsper.Regression.Runner.dll" adapterTypeName="executor://nunit3testexecutor/" className="com.espertech.esper.regressionrun.suite.epl.TestSuiteEPLDataflow+TestEPLDataflowAPIRunStartCancelJoin" name="WithNonBlockingJoinSingleRunnable" />
    </UnitTest>
    <UnitTest name="WithFields" storage="d:\src\espertech\nesper-8.9.x\tst\nesper.regression.runner\bin\debug\net9.0\nesper.regression.runner.dll" id="58a6db0e-469b-8d62-01f8-9ff7a444dc4d">
      <Execution id="fbada650-48c6-4d26-b9b3-7d7e69b44038" />
      <TestMethod codeBase="D:\src\Espertech\NEsper-8.9.x\tst\NEsper.Regression.Runner\bin\Debug\net9.0\NEsper.Regression.Runner.dll" adapterTypeName="executor://nunit3testexecutor/" className="com.espertech.esper.regressionrun.suite.epl.TestSuiteEPLDataflow+TestEPLDataflowOpBeaconSource" name="WithFields" />
    </UnitTest>
    <UnitTest name="WithNonBlockingJoinException" storage="d:\src\espertech\nesper-8.9.x\tst\nesper.regression.runner\bin\debug\net9.0\nesper.regression.runner.dll" id="78ccc5cc-a775-0212-1c17-7e77bf7e9112">
      <Execution id="f85d9aca-0cbb-4c45-8dc0-78297883e324" />
      <TestMethod codeBase="D:\src\Espertech\NEsper-8.9.x\tst\NEsper.Regression.Runner\bin\Debug\net9.0\NEsper.Regression.Runner.dll" adapterTypeName="executor://nunit3testexecutor/" className="com.espertech.esper.regressionrun.suite.epl.TestSuiteEPLDataflow+TestEPLDataflowAPIRunStartCancelJoin" name="WithNonBlockingJoinException" />
    </UnitTest>
    <UnitTest name="WithAllTypes" storage="d:\src\espertech\nesper-8.9.x\tst\nesper.regression.runner\bin\debug\net9.0\nesper.regression.runner.dll" id="ea81638b-4c15-cbf9-361f-4bf98b80d255">
      <Execution id="a965ca99-9607-4d13-9de0-b719fafa03e5" />
      <TestMethod codeBase="D:\src\Espertech\NEsper-8.9.x\tst\NEsper.Regression.Runner\bin\Debug\net9.0\NEsper.Regression.Runner.dll" adapterTypeName="executor://nunit3testexecutor/" className="com.espertech.esper.regressionrun.suite.epl.TestSuiteEPLDataflow+TestEPLDataflowOpEPStatementSource" name="WithAllTypes" />
    </UnitTest>
    <UnitTest name="TestEPLDataflowAPIStatistics" storage="d:\src\espertech\nesper-8.9.x\tst\nesper.regression.runner\bin\debug\net9.0\nesper.regression.runner.dll" id="12778e45-fdb5-d441-fdfc-46bc2bcff5a4">
      <Execution id="526a0dff-34a5-4fec-9cbe-069949bea007" />
      <TestMethod codeBase="D:\src\Espertech\NEsper-8.9.x\tst\NEsper.Regression.Runner\bin\Debug\net9.0\NEsper.Regression.Runner.dll" adapterTypeName="executor://nunit3testexecutor/" className="com.espertech.esper.regressionrun.suite.epl.TestSuiteEPLDataflow" name="TestEPLDataflowAPIStatistics" />
    </UnitTest>
    <UnitTest name="TestEPLDataflowOpLogSink" storage="d:\src\espertech\nesper-8.9.x\tst\nesper.regression.runner\bin\debug\net9.0\nesper.regression.runner.dll" id="89b64e7d-65af-2997-fc05-f9bb79a33064">
      <Execution id="4f8774ac-d604-498f-943e-4e1eba56b6c1" />
      <TestMethod codeBase="D:\src\Espertech\NEsper-8.9.x\tst\NEsper.Regression.Runner\bin\Debug\net9.0\NEsper.Regression.Runner.dll" adapterTypeName="executor://nunit3testexecutor/" className="com.espertech.esper.regressionrun.suite.epl.TestSuiteEPLDataflow" name="TestEPLDataflowOpLogSink" />
    </UnitTest>
    <UnitTest name="WithFromClauseJoinOrder" storage="d:\src\espertech\nesper-8.9.x\tst\nesper.regression.runner\bin\debug\net9.0\nesper.regression.runner.dll" id="85aba565-687e-401b-2fda-4b58ec843ea9">
      <Execution id="db4f245b-f85c-4568-b1cf-6bf2763f9395" />
      <TestMethod codeBase="D:\src\Espertech\NEsper-8.9.x\tst\NEsper.Regression.Runner\bin\Debug\net9.0\NEsper.Regression.Runner.dll" adapterTypeName="executor://nunit3testexecutor/" className="com.espertech.esper.regressionrun.suite.epl.TestSuiteEPLDataflow+TestEPLDataflowOpSelect" name="WithFromClauseJoinOrder" />
    </UnitTest>
    <UnitTest name="TestEPLDataflowExampleVwapFilterSelectJoin" storage="d:\src\espertech\nesper-8.9.x\tst\nesper.regression.runner\bin\debug\net9.0\nesper.regression.runner.dll" id="f90b0947-eb5a-f61b-6b96-d983e9a06889">
      <Execution id="2e7c3d3f-1ec6-4b84-953b-80414038cb2d" />
      <TestMethod codeBase="D:\src\Espertech\NEsper-8.9.x\tst\NEsper.Regression.Runner\bin\Debug\net9.0\NEsper.Regression.Runner.dll" adapterTypeName="executor://nunit3testexecutor/" className="com.espertech.esper.regressionrun.suite.epl.TestSuiteEPLDataflow" name="TestEPLDataflowExampleVwapFilterSelectJoin" />
    </UnitTest>
    <UnitTest name="WithParameterInjectionCallback" storage="d:\src\espertech\nesper-8.9.x\tst\nesper.regression.runner\bin\debug\net9.0\nesper.regression.runner.dll" id="80b62f11-f3ac-772b-2f89-170e6b6a78c9">
      <Execution id="1b15944a-5879-4cf7-b701-e4f5c468bb8e" />
      <TestMethod codeBase="D:\src\Espertech\NEsper-8.9.x\tst\NEsper.Regression.Runner\bin\Debug\net9.0\NEsper.Regression.Runner.dll" adapterTypeName="executor://nunit3testexecutor/" className="com.espertech.esper.regressionrun.suite.epl.TestSuiteEPLDataflow+TestEPLDataflowAPIInstantiationOptions" name="WithParameterInjectionCallback" />
    </UnitTest>
    <UnitTest name="WithDocSamples" storage="d:\src\espertech\nesper-8.9.x\tst\nesper.regression.runner\bin\debug\net9.0\nesper.regression.runner.dll" id="44c20fce-e5be-6015-b78a-1d93d194834c">
      <Execution id="9a70f8a7-875e-4351-84e5-b3d5504f66dd" />
      <TestMethod codeBase="D:\src\Espertech\NEsper-8.9.x\tst\NEsper.Regression.Runner\bin\Debug\net9.0\NEsper.Regression.Runner.dll" adapterTypeName="executor://nunit3testexecutor/" className="com.espertech.esper.regressionrun.suite.epl.TestSuiteEPLDataflow+TestEPLDataflowOpSelect" name="WithDocSamples" />
    </UnitTest>
    <UnitTest name="TestEPLDataflowExampleWordCount" storage="d:\src\espertech\nesper-8.9.x\tst\nesper.regression.runner\bin\debug\net9.0\nesper.regression.runner.dll" id="f20a0552-a4fe-1d67-4839-18e4f1877547">
      <Execution id="d5470ace-cfbc-4e9b-b671-7a6f40de3f4b" />
      <TestMethod codeBase="D:\src\Espertech\NEsper-8.9.x\tst\NEsper.Regression.Runner\bin\Debug\net9.0\NEsper.Regression.Runner.dll" adapterTypeName="executor://nunit3testexecutor/" className="com.espertech.esper.regressionrun.suite.epl.TestSuiteEPLDataflow" name="TestEPLDataflowExampleWordCount" />
    </UnitTest>
    <UnitTest name="WithVariable" storage="d:\src\espertech\nesper-8.9.x\tst\nesper.regression.runner\bin\debug\net9.0\nesper.regression.runner.dll" id="220f333a-7138-e0b5-7930-b0253d23ddc1">
      <Execution id="fd9c600b-464f-4f50-9079-7705539382d6" />
[...]
    <TestEntry testId="da3037a9-d04a-3bad-e332-013fdc6c1e19" executionId="9d4d643b-64b4-42d3-b5a5-05b64f21f3ab" testListId="8c84fa94-04c1-424b-9868-57a2d4851a1d" />
    <TestEntry testId="1d4355ad-0df9-bc80-9d3d-76184585ad3d" executionId="7fe50c2e-756b-4ac1-8039-55761e935be9" testListId="8c84fa94-04c1-424b-9868-57a2d4851a1d" />
    <TestEntry testId="220f333a-7138-e0b5-7930-b0253d23ddc1" executionId="fd9c600b-464f-4f50-9079-7705539382d6" testListId="8c84fa94-04c1-424b-9868-57a2d4851a1d" />
    <TestEntry testId="971032ef-6293-7028-86d2-368b208249c8" executionId="ab90aac9-715a-4f08-90e4-885087fbd53c" testListId="8c84fa94-04c1-424b-9868-57a2d4851a1d" />
    <TestEntry testId="58a6db0e-469b-8d62-01f8-9ff7a444dc4d" executionId="fbada650-48c6-4d26-b9b3-7d7e69b44038" testListId="8c84fa94-04c1-424b-9868-57a2d4851a1d" />
    <TestEntry testId="6981a582-cddd-4b33-4e0f-634ac40e4612" executionId="221a5722-549e-46dc-af71-852859289d94" testListId="8c84fa94-04c1-424b-9868-57a2d4851a1d" />
    <TestEntry testId="b15453b0-3898-d581-78f3-bb7f518b9389" executionId="fe729c8f-f5ed-48d0-8833-b1d9f6c53ed4" testListId="8c84fa94-04c1-424b-9868-57a2d4851a1d" />
    <TestEntry testId="80b62f11-f3ac-772b-2f89-170e6b6a78c9" executionId="1b15944a-5879-4cf7-b701-e4f5c468bb8e" testListId="8c84fa94-04c1-424b-9868-57a2d4851a1d" />
    <TestEntry testId="44c20fce-e5be-6015-b78a-1d93d194834c" executionId="9a70f8a7-875e-4351-84e5-b3d5504f66dd" testListId="8c84fa94-04c1-424b-9868-57a2d4851a1d" />
    <TestEntry testId="f90b0947-eb5a-f61b-6b96-d983e9a06889" executionId="2e7c3d3f-1ec6-4b84-953b-80414038cb2d" testListId="8c84fa94-04c1-424b-9868-57a2d4851a1d" />
    <TestEntry testId="c4e40eb4-9146-b090-d842-85c1c254ec64" executionId="51ea0696-d6fc-4584-894e-6a7540a0ed19" testListId="8c84fa94-04c1-424b-9868-57a2d4851a1d" />
    <TestEntry testId="3a99ed11-062a-fecf-6d6a-01c38b925ce2" executionId="342690f6-d153-41b5-9a9f-b7e80b31b850" testListId="8c84fa94-04c1-424b-9868-57a2d4851a1d" />
    <TestEntry testId="6a7177d6-49ff-38ee-b726-bf3edb6191a3" executionId="31ccf57e-321a-4daa-b4a7-ca7464668dc5" testListId="8c84fa94-04c1-424b-9868-57a2d4851a1d" />
    <TestEntry testId="d73b4ac7-d805-1c2f-050d-6cbf55fd8d1f" executionId="a9e914ac-f868-4f58-b04c-298f126d437b" testListId="8c84fa94-04c1-424b-9868-57a2d4851a1d" />
    <TestEntry testId="b3323b72-2f88-88ed-ac02-bf3703dde0a0" executionId="d6dda8da-1654-4717-97af-4457878b13c2" testListId="8c84fa94-04c1-424b-9868-57a2d4851a1d" />
    <TestEntry testId="0ec89363-825f-be57-2a40-728240f7e188" executionId="36b1e4d8-754a-416e-9a3e-8582c569374f" testListId="8c84fa94-04c1-424b-9868-57a2d4851a1d" />
    <TestEntry testId="fb5edad0-33d2-6bd9-fcb3-310578661e8d" executionId="ce758770-9514-4c3a-bad1-b6a65e63b18b" testListId="8c84fa94-04c1-424b-9868-57a2d4851a1d" />
    <TestEntry testId="523bd1e8-932a-a06d-dd0b-5fc759271161" executionId="5aad3f16-c66a-4614-a54f-ebb07fb6930c" testListId="8c84fa94-04c1-424b-9868-57a2d4851a1d" />
    <TestEntry testId="9a487194-e8cb-55b1-f5d7-0cca05896fd8" executionId="f1a9e3ec-6645-47b1-86e2-451fa2d118e6" testListId="8c84fa94-04c1-424b-9868-57a2d4851a1d" />
    <TestEntry testId="d41e197e-494a-3179-ca97-cc16c80c5b14" executionId="ee049d84-4b3c-432b-bd56-97f12b00e90d" testListId="8c84fa94-04c1-424b-9868-57a2d4851a1d" />
    <TestEntry testId="94e105cd-5306-41d7-4ceb-d1b3272cfdb0" executionId="63aa7878-75c0-40fd-8aa3-bfbc81840f49" testListId="8c84fa94-04c1-424b-9868-57a2d4851a1d" />
    <TestEntry testId="db1a0f16-46b8-5428-26fc-f0e9b846ca5a" executionId="aa1392ea-6072-4f2f-804f-f4d8e49e69a3" testListId="8c84fa94-04c1-424b-9868-57a2d4851a1d" />
    <TestEntry testId="d95f9590-d229-b4c5-3f35-29aeed74b764" executionId="d586ae47-d831-4d18-9c24-011496a7a01a" testListId="8c84fa94-04c1-424b-9868-57a2d4851a1d" />
    <TestEntry testId="78ccc5cc-a775-0212-1c17-7e77bf7e9112" executionId="f85d9aca-0cbb-4c45-8dc0-78297883e324" testListId="8c84fa94-04c1-424b-9868-57a2d4851a1d" />
    <TestEntry testId="89b64e7d-65af-2997-fc05-f9bb79a33064" executionId="4f8774ac-d604-498f-943e-4e1eba56b6c1" testListId="8c84fa94-04c1-424b-9868-57a2d4851a1d" />
    <TestEntry testId="7293a962-ba69-ff79-36a5-d38625537fa7" executionId="67c83bad-6005-470b-b20a-2546f4a60597" testListId="8c84fa94-04c1-424b-9868-57a2d4851a1d" />
    <TestEntry testId="094933b6-2c81-f749-fb16-0d166c683069" executionId="c1caac1b-a80f-4184-9d42-121a14042bc4" testListId="8c84fa94-04c1-424b-9868-57a2d4851a1d" />
    <TestEntry testId="6c67139d-47df-08d0-240e-42051006713f" executionId="817ef043-08e1-45ec-ade4-322da7d36b0f" testListId="8c84fa94-04c1-424b-9868-57a2d4851a1d" />
    <TestEntry testId="54ea88fe-f17f-6b32-d79c-f34ae604ca58" executionId="27803e99-95e0-43b5-82df-6e4635babd3a" testListId="8c84fa94-04c1-424b-9868-57a2d4851a1d" />
    <TestEntry testId="a02f8f0c-774f-8895-fe9d-786d6a1ef0e2" executionId="de9cbe96-1e3f-4d91-be30-85847afac7f6" testListId="8c84fa94-04c1-424b-9868-57a2d4851a1d" />
    <TestEntry testId="1a310440-0541-138e-a312-e7b6b78e80a7" executionId="1cc2131d-9e1f-4635-ae47-ff3818f4d36e" testListId="8c84fa94-04c1-424b-9868-57a2d4851a1d" />
    <TestEntry testId="0eda5d3e-1989-113e-3d83-b782e896ab14" executionId="7235a235-80b0-4879-9ace-b89fcf566a84" testListId="8c84fa94-04c1-424b-9868-57a2d4851a1d" />
    <TestEntry testId="d32b7da1-fec9-1a54-36eb-d01b46f0d0c8" executionId="e01b64ce-09a1-4666-a4c0-085d84012db7" testListId="8c84fa94-04c1-424b-9868-57a2d4851a1d" />
    <TestEntry testId="95c9fec6-051c-cf87-a615-87d8902d3c94" executionId="d05c4d9a-457e-4929-8df2-8429171bcd17" testListId="8c84fa94-04c1-424b-9868-57a2d4851a1d" />
    <TestEntry testId="1fcbd790-bc15-76ae-157c-bb1aa9803e4c" executionId="ea53509b-dcdf-4958-934b-6e4ae0c998c0" testListId="8c84fa94-04c1-424b-9868-57a2d4851a1d" />
    <TestEntry testId="a5e955f5-8059-07ee-b75f-72c4f69aade5" executionId="d0cd5e9b-83b9-417b-b438-fd2181a1451e" testListId="8c84fa94-04c1-424b-9868-57a2d4851a1d" />
    <TestEntry testId="6e16f64e-8f00-8d48-b536-322d0bf620e5" executionId="398a672a-c793-43c4-b1e7-43ef2cb4b7f1" testListId="8c84fa94-04c1-424b-9868-57a2d4851a1d" />
    <TestEntry testId="88e93ca8-38bd-cbcb-de9f-f4a4c1f8d837" executionId="0f750d79-8e73-4798-a00c-a616b87b34be" testListId="8c84fa94-04c1-424b-9868-57a2d4851a1d" />
    <TestEntry testId="2bc17b18-ee2e-8ce9-bb4f-a1acaea9cde5" executionId="f9e34d8e-7b01-4f60-9ed8-c0addac8c1f2" testListId="8c84fa94-04c1-424b-9868-57a2d4851a1d" />
    <TestEntry testId="d2359427-3803-290d-9691-ed45d7ef1173" executionId="ad9d45e6-4cc7-41ea-9bdd-d57d24b6b54d" testListId="8c84fa94-04c1-424b-9868-57a2d4851a1d" />
    <TestEntry testId="f5195e7b-461c-54e2-9932-a337e2b57e58" executionId="8947806b-b564-49a8-963d-83de9dbd1603" testListId="8c84fa94-04c1-424b-9868-57a2d4851a1d" />
    <TestEntry testId="218d61e1-11d5-e909-ca68-b3bd5ca1541a" executionId="558f5b9e-6f5f-49f8-a275-f9f06850796a" testListId="8c84fa94-04c1-424b-9868-57a2d4851a1d" />
    <TestEntry testId="ca7a116a-83f1-efa4-3851-b3cdeeba7e3a" executionId="d9718a8a-4710-4ce0-a036-5c8bb7d5c477" testListId="8c84fa94-04c1-424b-9868-57a2d4851a1d" />
    <TestEntry testId="5b5dc86e-c2d9-2c0d-53e2-4e1eec0bebd3" executionId="78825e2f-71c7-4eff-af27-5863a20655d5" testListId="8c84fa94-04c1-424b-9868-57a2d4851a1d" />
    <TestEntry testId="f719bd5e-f4c8-70bd-3401-fcaed5bfcbbc" executionId="b2513679-5515-4fdc-b1cc-04cbbcb1cca3" testListId="8c84fa94-04c1-424b-9868-57a2d4851a1d" />
    <TestEntry testId="13b0fcd1-8638-3dd3-5554-ac49b6dddf0d" executionId="662ba140-2d06-4e7e-b0ea-3f998f5f985a" testListId="8c84fa94-04c1-424b-9868-57a2d4851a1d" />
    <TestEntry testId="d41acfa1-3eee-d744-e6fc-dee65b37f5e0" executionId="0efd9114-e8af-43b5-950b-32ba550847d2" testListId="8c84fa94-04c1-424b-9868-57a2d4851a1d" />
    <TestEntry testId="d8271d45-9fbf-a7f0-4f27-40685c42be10" executionId="41248285-0f71-4495-a3aa-7758fca11585" testListId="8c84fa94-04c1-424b-9868-57a2d4851a1d" />
    <TestEntry testId="182f2271-153a-b51b-ccdd-70ed0f39c018" executionId="9887598c-b375-48f4-b636-140966ecb6df" testListId="8c84fa94-04c1-424b-9868-57a2d4851a1d" />
    <TestEntry testId="12778e45-fdb5-d441-fdfc-46bc2bcff5a4" executionId="526a0dff-34a5-4fec-9cbe-069949bea007" testListId="8c84fa94-04c1-424b-9868-57a2d4851a1d" />
    <TestEntry testId="ea81638b-4c15-cbf9-361f-4bf98b80d255" executionId="a965ca99-9607-4d13-9de0-b719fafa03e5" testListId="8c84fa94-04c1-424b-9868-57a2d4851a1d" />
    <TestEntry testId="f20a0552-a4fe-1d67-4839-18e4f1877547" executionId="d5470ace-cfbc-4e9b-b671-7a6f40de3f4b" testListId="8c84fa94-04c1-424b-9868-57a2d4851a1d" />
    <TestEntry testId="6f33614c-b337-9351-e6df-df612f0f9318" executionId="347d3fec-992a-482a-915e-13bdf66d6782" testListId="8c84fa94-04c1-424b-9868-57a2d4851a1d" />
  </TestEntries>
  <TestLists>
    <TestList name="Results Not in a List" id="8c84fa94-04c1-424b-9868-57a2d4851a1d" />
    <TestList name="All Loaded Results" id="19431567-8539-422a-85d7-44ee4e166bda" />
  </TestLists>
  <ResultSummary outcome="Failed">
    <Counters total="64" executed="64" passed="63" failed="1" error="0" timeout="0" aborted="0" inconclusive="0" passedButRunAborted="0" notRunnable="0" notExecuted="0" disconnected="0" warning="0" completed="0" inProgress="0" pending="0" />
    <Output>
      <StdOut>NUnit Adapter 6.0.0.0: Test execution started&#xD;
Running selected tests in D:\src\Espertech\NEsper-8.9.x\tst\NEsper.Regression.Runner\bin\Debug\net9.0\NEsper.Regression.Runner.dll&#xD;
   NUnit3TestExecutor discovered 64 of 64 NUnit test cases using Current Discovery mode, Non-Explicit run&#xD;
[MyConsoleOut] [port 0] SupportBean[SupportBean("E1", 1)]&#xD;
[MyConsoleOut] [port 0] SupportBean[SupportBean("E1", 1)]&#xD;
[MyConsoleOut] [port 0] &lt;?xml version="1.0" encoding="UTF-8"?&gt;&lt;SupportBean&gt;  &lt;BoolPrimitive&gt;false&lt;/BoolPrimitive&gt;  &lt;BytePrimitive&gt;0&lt;/BytePrimitive&gt;  &lt;CharPrimitive&gt;\u0000&lt;/CharPrimitive&gt;  &lt;DecimalPrimitive&gt;0.0&lt;/DecimalPrimitive&gt;  &lt;DoublePrimitive&gt;0.0&lt;/DoublePrimitive&gt;  &lt;EnumValue&gt;ENUM_VALUE_1&lt;/EnumValue&gt;  &lt;FloatPrimitive&gt;0.0&lt;/FloatPrimitive&gt;  &lt;IntPrimitive&gt;1&lt;/IntPrimitive&gt;  &lt;LongPrimitive&gt;0&lt;/LongPrimitive&gt;  &lt;ShortPrimitive&gt;0&lt;/ShortPrimitive&gt;  &lt;TheString&gt;E1&lt;/TheString&gt;  &lt;This&gt;    &lt;BoolPrimitive&gt;false&lt;/BoolPrimitive&gt;    &lt;BytePrimitive&gt;0&lt;/BytePrimitive&gt;    &lt;CharPrimitive&gt;\u0000&lt;/CharPrimitive&gt;    &lt;DecimalPrimitive&gt;0.0&lt;/DecimalPrimitive&gt;    &lt;DoublePrimitive&gt;0.0&lt;/DoublePrimitive&gt;    &lt;EnumValue&gt;ENUM_VALUE_1&lt;/EnumValue&gt;    &lt;FloatPrimitive&gt;0.0&lt;/FloatPrimitive&gt;    &lt;IntPrimitive&gt;1&lt;/IntPrimitive&gt;    &lt;LongPrimitive&gt;0&lt;/LongPrimitive&gt;    &lt;ShortPrimitive&gt;0&lt;/ShortPrimitive&gt;    &lt;TheString&gt;E1&lt;/TheString&gt;  &lt;/This&gt;&lt;/SupportBean&gt;&#xD;
[MyConsoleOut] [port 0] {  "SupportBean": {    "BigInteger": null,    "BoolBoxed": null,    "BoolPrimitive": false,    "ByteBoxed": null,    "BytePrimitive": 0,    "CharBoxed": null,    "CharPrimitive": "\u0000",    "DecimalBoxed": null,    "DecimalPrimitive": 0.0,    "DoubleBoxed": null,    "DoublePrimitive": 0.0,    "EnumValue": "ENUM_VALUE_1",    "FloatBoxed": null,    "FloatPrimitive": 0.0,    "IntBoxed": null,    "IntPrimitive": 1,    "LongBoxed": null,    "LongPrimitive": 0,    "ShortBoxed": null,    "ShortPrimitive": 0,    "TheString": "E1",    "This": {      "BigInteger": null,      "BoolBoxed": null,      "BoolPrimitive": false,      "ByteBoxed": null,      "BytePrimitive": 0,      "CharBoxed": null,      "CharPrimitive": "\u0000",      "DecimalBoxed": null,      "DecimalPrimitive": 0.0,      "DoubleBoxed": null,      "DoublePrimitive": 0.0,      "EnumValue": "ENUM_VALUE_1",      "FloatBoxed": null,      "FloatPrimitive": 0.0,      "IntBoxed": null,      "IntPrimitive": 1,      "LongBoxed": null,      "LongPrimitive": 0,      "ShortBoxed": null,      "ShortPrimitive": 0,      "TheString": "E1"    }  }}&#xD;
[MyConsoleOut] [port 0] SupportBean[SupportBean("E1", 1)]&#xD;
dataflow:MyConsoleOut port:0 instanceId:%i title:mytitle event:SupportBean[SupportBean("E1", 1)]&#xD;
[MyConsoleOut] [port 0] &lt;?xml version="1.0" encoding="UTF-8"?&gt;&lt;SupportBean&gt;  &lt;BoolPrimitive&gt;false&lt;/BoolPrimitive&gt;  &lt;BytePrimitive&gt;0&lt;/BytePrimitive&gt;  &lt;CharPrimitive&gt;\u0000&lt;/CharPrimitive&gt;  &lt;DecimalPrimitive&gt;0.0&lt;/DecimalPrimitive&gt;  &lt;DoublePrimitive&gt;0.0&lt;/DoublePrimitive&gt;  &lt;EnumValue&gt;ENUM_VALUE_1&lt;/EnumValue&gt;  &lt;FloatPrimitive&gt;0.0&lt;/FloatPrimitive&gt;  &lt;IntPrimitive&gt;1&lt;/IntPrimitive&gt;  &lt;LongPrimitive&gt;0&lt;/LongPrimitive&gt;  &lt;ShortPrimitive&gt;0&lt;/ShortPrimitive&gt;  &lt;TheString&gt;E1&lt;/TheString&gt;  &lt;This&gt;    &lt;BoolPrimitive&gt;false&lt;/BoolPrimitive&gt;    &lt;BytePrimitive&gt;0&lt;/BytePrimitive&gt;    &lt;CharPrimitive&gt;\u0000&lt;/CharPrimitive&gt;    &lt;DecimalPrimitive&gt;0.0&lt;/DecimalPrimitive&gt;    &lt;DoublePrimitive&gt;0.0&lt;/DoublePrimitive&gt;    &lt;EnumValue&gt;ENUM_VALUE_1&lt;/EnumValue&gt;    &lt;FloatPrimitive&gt;0.0&lt;/FloatPrimitive&gt;    &lt;IntPrimitive&gt;1&lt;/IntPrimitive&gt;    &lt;LongPrimitive&gt;0&lt;/LongPrimitive&gt;    &lt;ShortPrimitive&gt;0&lt;/ShortPrimitive&gt;    &lt;TheString&gt;E1&lt;/TheString&gt;  &lt;/This&gt;&lt;/SupportBean&gt;&#xD;
[MyConsoleOut] [JSON_HERE] [port 0] {  "SupportBean": {    "BigInteger": null,    "BoolBoxed": null,    "BoolPrimitive": false,    "ByteBoxed": null,    "BytePrimitive": 0,    "CharBoxed": null,    "CharPrimitive": "\u0000",    "DecimalBoxed": null,    "DecimalPrimitive": 0.0,    "DoubleBoxed": null,    "DoublePrimitive": 0.0,    "EnumValue": "ENUM_VALUE_1",    "FloatBoxed": null,    "FloatPrimitive": 0.0,    "IntBoxed": null,    "IntPrimitive": 1,    "LongBoxed": null,    "LongPrimitive": 0,    "ShortBoxed": null,    "ShortPrimitive": 0,    "TheString": "E1",    "This": {      "BigInteger": null,      "BoolBoxed": null,      "BoolPrimitive": false,      "ByteBoxed": null,      "BytePrimitive": 0,      "CharBoxed": null,      "CharPrimitive": "\u0000",      "DecimalBoxed": null,      "DecimalPrimitive": 0.0,      "DoubleBoxed": null,      "DoublePrimitive": 0.0,      "EnumValue": "ENUM_VALUE_1",      "FloatBoxed": null,      "FloatPrimitive": 0.0,      "IntBoxed": null,      "IntPrimitive": 1,      "LongBoxed": null,      "LongPrimitive": 0,      "ShortBoxed": null,      "ShortPrimitive": 0,      "TheString": "E1"    }  }}&#xD;
[OutputFlow] [port 0] {  "B": {    "value": 10  }}&#xD;
[MyConsoleOut] [port 0] SupportBean[SupportBean("E1", 1)]&#xD;
[MyConsoleOut] [port 0] SupportBean[SupportBean("E1", 1)]&#xD;
[MyConsoleOut] [port 0] &lt;?xml version="1.0" encoding="UTF-8"?&gt;&lt;SupportBean&gt;  &lt;BoolPrimitive&gt;false&lt;/BoolPrimitive&gt;  &lt;BytePrimitive&gt;0&lt;/BytePrimitive&gt;  &lt;CharPrimitive&gt;\u0000&lt;/CharPrimitive&gt;  &lt;DecimalPrimitive&gt;0.0&lt;/DecimalPrimitive&gt;  &lt;DoublePrimitive&gt;0.0&lt;/DoublePrimitive&gt;  &lt;EnumValue&gt;ENUM_VALUE_1&lt;/EnumValue&gt;  &lt;FloatPrimitive&gt;0.0&lt;/FloatPrimitive&gt;  &lt;IntPrimitive&gt;1&lt;/IntPrimitive&gt;  &lt;LongPrimitive&gt;0&lt;/LongPrimitive&gt;  &lt;ShortPrimitive&gt;0&lt;/ShortPrimitive&gt;  &lt;TheString&gt;E1&lt;/TheString&gt;  &lt;This&gt;    &lt;BoolPrimitive&gt;false&lt;/BoolPrimitive&gt;    &lt;BytePrimitive&gt;0&lt;/BytePrimitive&gt;    &lt;CharPrimitive&gt;\u0000&lt;/CharPrimitive&gt;    &lt;DecimalPrimitive&gt;0.0&lt;/DecimalPrimitive&gt;    &lt;DoublePrimitive&gt;0.0&lt;/DoublePrimitive&gt;    &lt;EnumValue&gt;ENUM_VALUE_1&lt;/EnumValue&gt;    &lt;FloatPrimitive&gt;0.0&lt;/FloatPrimitive&gt;    &lt;IntPrimitive&gt;1&lt;/IntPrimitive&gt;    &lt;LongPrimitive&gt;0&lt;/LongPrimitive&gt;    &lt;ShortPrimitive&gt;0&lt;/ShortPrimitive&gt;    &lt;TheString&gt;E1&lt;/TheString&gt;  &lt;/This&gt;&lt;/SupportBean&gt;&#xD;
[MyConsoleOut] [port 0] {  "SupportBean": {    "BigInteger": null,    "BoolBoxed": null,    "BoolPrimitive": false,    "ByteBoxed": null,    "BytePrimitive": 0,    "CharBoxed": null,    "CharPrimitive": "\u0000",    "DecimalBoxed": null,    "DecimalPrimitive": 0.0,    "DoubleBoxed": null,    "DoublePrimitive": 0.0,    "EnumValue": "ENUM_VALUE_1",    "FloatBoxed": null,    "FloatPrimitive": 0.0,    "IntBoxed": null,    "IntPrimitive": 1,    "LongBoxed": null,    "LongPrimitive": 0,    "ShortBoxed": null,    "ShortPrimitive": 0,    "TheString": "E1",    "This": {      "BigInteger": null,      "BoolBoxed": null,      "BoolPrimitive": false,      "ByteBoxed": null,      "BytePrimitive": 0,      "CharBoxed": null,      "CharPrimitive": "\u0000",      "DecimalBoxed": null,      "DecimalPrimitive": 0.0,      "DoubleBoxed": null,      "DoublePrimitive": 0.0,      "EnumValue": "ENUM_VALUE_1",      "FloatBoxed": null,      "FloatPrimitive": 0.0,      "IntBoxed": null,      "IntPrimitive": 1,      "LongBoxed": null,      "LongPrimitive": 0,      "ShortBoxed": null,      "ShortPrimitive": 0,      "TheString": "E1"    }  }}&#xD;
[MyConsoleOut] [port 0] SupportBean[SupportBean("E1", 1)]&#xD;
dataflow:MyConsoleOut port:0 instanceId:%i title:mytitle event:SupportBean[SupportBean("E1", 1)]&#xD;
[MyConsoleOut] [port 0] &lt;?xml version="1.0" encoding="UTF-8"?&gt;&lt;SupportBean&gt;  &lt;BoolPrimitive&gt;false&lt;/BoolPrimitive&gt;  &lt;BytePrimitive&gt;0&lt;/BytePrimitive&gt;  &lt;CharPrimitive&gt;\u0000&lt;/CharPrimitive&gt;  &lt;DecimalPrimitive&gt;0.0&lt;/DecimalPrimitive&gt;  &lt;DoublePrimitive&gt;0.0&lt;/DoublePrimitive&gt;  &lt;EnumValue&gt;ENUM_VALUE_1&lt;/EnumValue&gt;  &lt;FloatPrimitive&gt;0.0&lt;/FloatPrimitive&gt;  &lt;IntPrimitive&gt;1&lt;/IntPrimitive&gt;  &lt;LongPrimitive&gt;0&lt;/LongPrimitive&gt;  &lt;ShortPrimitive&gt;0&lt;/ShortPrimitive&gt;  &lt;TheString&gt;E1&lt;/TheString&gt;  &lt;This&gt;    &lt;BoolPrimitive&gt;false&lt;/BoolPrimitive&gt;    &lt;BytePrimitive&gt;0&lt;/BytePrimitive&gt;    &lt;CharPrimitive&gt;\u0000&lt;/CharPrimitive&gt;    &lt;DecimalPrimitive&gt;0.0&lt;/DecimalPrimitive&gt;    &lt;DoublePrimitive&gt;0.0&lt;/DoublePrimitive&gt;    &lt;EnumValue&gt;ENUM_VALUE_1&lt;/EnumValue&gt;    &lt;FloatPrimitive&gt;0.0&lt;/FloatPrimitive&gt;    &lt;IntPrimitive&gt;1&lt;/IntPrimitive&gt;    &lt;LongPrimitive&gt;0&lt;/LongPrimitive&gt;    &lt;ShortPrimitive&gt;0&lt;/ShortPrimitive&gt;    &lt;TheString&gt;E1&lt;/TheString&gt;  &lt;/This&gt;&lt;/SupportBean&gt;&#xD;
[MyConsoleOut] [JSON_HERE] [port 0] {  "SupportBean": {    "BigInteger": null,    "BoolBoxed": null,    "BoolPrimitive": false,    "ByteBoxed": null,    "BytePrimitive": 0,    "CharBoxed": null,    "CharPrimitive": "\u0000",    "DecimalBoxed": null,    "DecimalPrimitive": 0.0,    "DoubleBoxed": null,    "DoublePrimitive": 0.0,    "EnumValue": "ENUM_VALUE_1",    "FloatBoxed": null,    "FloatPrimitive": 0.0,    "IntBoxed": null,    "IntPrimitive": 1,    "LongBoxed": null,    "LongPrimitive": 0,    "ShortBoxed": null,    "ShortPrimitive": 0,    "TheString": "E1",    "This": {      "BigInteger": null,      "BoolBoxed": null,      "BoolPrimitive": false,      "ByteBoxed": null,      "BytePrimitive": 0,      "CharBoxed": null,      "CharPrimitive": "\u0000",      "DecimalBoxed": null,      "DecimalPrimitive": 0.0,      "DoubleBoxed": null,      "DoublePrimitive": 0.0,      "EnumValue": "ENUM_VALUE_1",      "FloatBoxed": null,      "FloatPrimitive": 0.0,      "IntBoxed": null,      "IntPrimitive": 1,      "LongBoxed": null,      "LongPrimitive": 0,      "ShortBoxed": null,      "ShortPrimitive": 0,      "TheString": "E1"    }  }}&#xD;
[OutputFlow] [port 0] {  "B": {    "value": 10  }}&#xD;
&#xD;
[HelloWorldDataFlow] [port 0] stmt0_df_op_0_1[["hello world"]]&#xD;
[HelloWorldDataFlow] [port 0] stmt0_df_op_0_1[["hello world"]]&#xD;
&#xD;
NUnit Adapter 6.0.0.0: Test execution complete&#xD;
</StdOut>
    </Output>
  </ResultSummary>
</TestRun>