<?xml version="1.0" encoding="utf-8"?>
<TestRun id="45192c50-3b19-4f00-8b72-17287ac4c3da" name="ajack@NEBULOUS 2026-04-11 08:25:15" runUser="NEBULOUS\ajack" xmlns="http://microsoft.com/schemas/VisualStudio/TeamTest/2010">
  <Times creation="2026-04-11T08:25:15.1181352-05:00" queuing="2026-04-11T08:25:15.1181353-05:00" start="2026-04-11T08:25:11.8843782-05:00" finish="2026-04-11T08:28:49.1476495-05:00" />
  <TestSettings name="default" id="48ef8f34-7b67-4602-b363-e28d17f9fb8c">
    <Deployment runDeploymentRoot="ajack_NEBULOUS_2026-04-11_08_25_15" />
  </TestSettings>
  <Results>
    <UnitTestResult executionId="cd3654fb-00ba-4465-b442-8e4dda0fe1aa" testId="03b66555-398a-0efe-174d-f3dd8439b30f" testName="WithCreateSchema" computerName="NEBULOUS" duration="00:00:00.2319250" startTime="2026-04-11T08:28:46.3359886-05:00" endTime="2026-04-11T08:28:46.5679094-05:00" testType="13cdc9d9-ddb5-4fa4-a97d-d965ccfc6d4b" outcome="Passed" testListId="8c84fa94-04c1-424b-9868-57a2d4851a1d" relativeResultsDirectory="cd3654fb-00ba-4465-b442-8e4dda0fe1aa" />
    <UnitTestResult executionId="401ac1aa-2706-4ee7-83f6-a3a850a6452d" testId="c40def10-f6cb-606d-c463-f852883fa8da" testName="WithNestedEventBeanArray" computerName="NEBULOUS" duration="00:00:01.1252850" startTime="2026-04-11T08:28:21.5720778-05:00" endTime="2026-04-11T08:28:22.6973446-05:00" testType="13cdc9d9-ddb5-4fa4-a97d-d965ccfc6d4b" outcome="Passed" testListId="8c84fa94-04c1-424b-9868-57a2d4851a1d" relativeResultsDirectory="401ac1aa-2706-4ee7-83f6-a3a850a6452d" />
    <UnitTestResult executionId="7aab05e1-37fe-4dec-9af3-c5327d87d729" testId="89ee9921-5096-3f6a-4e01-bfb301ffc03d" testName="WithInsertInto" computerName="NEBULOUS" duration="00:00:00.1632859" startTime="2026-04-11T08:28:28.3428858-05:00" endTime="2026-04-11T08:28:28.5061691-05:00" testType="13cdc9d9-ddb5-4fa4-a97d-d965ccfc6d4b" outcome="Passed" testListId="8c84fa94-04c1-424b-9868-57a2d4851a1d" relativeResultsDirectory="7aab05e1-37fe-4dec-9af3-c5327d87d729" />
    <UnitTestResult executionId="5168cca1-e3f4-4a9e-b477-a84a951839d9" testId="33223f0b-daa9-7a9c-fa33-12ecd47a5b92" testName="TestEventXMLSchemaInvalid" computerName="NEBULOUS" duration="00:00:00.0123940" startTime="2026-04-11T08:28:34.8360247-05:00" endTime="2026-04-11T08:28:34.8484184-05:00" testType="13cdc9d9-ddb5-4fa4-a97d-d965ccfc6d4b" outcome="Passed" testListId="8c84fa94-04c1-424b-9868-57a2d4851a1d" relativeResultsDirectory="5168cca1-e3f4-4a9e-b477-a84a951839d9" />
    <UnitTestResult executionId="23c8a344-3813-4e2e-82ce-d92e0b044c19" testId="9dc5b4ec-6358-8fe5-5139-c8464a0710ed" testName="WithPreconfig" computerName="NEBULOUS" duration="00:00:00.1046730" startTime="2026-04-11T08:28:46.8965532-05:00" endTime="2026-04-11T08:28:47.0012243-05:00" testType="13cdc9d9-ddb5-4fa4-a97d-d965ccfc6d4b" outcome="Passed" testListId="8c84fa94-04c1-424b-9868-57a2d4851a1d" relativeResultsDirectory="23c8a344-3813-4e2e-82ce-d92e0b044c19" />
    <UnitTestResult executionId="906b05be-b7e2-4c2c-b1d9-b9429c76a6ad" testId="bc27cff9-32d9-7116-9b9d-f10bba0f909d" testName="WithWildcardJoin" computerName="NEBULOUS" duration="00:00:01.0512620" startTime="2026-04-11T08:28:31.1401193-05:00" endTime="2026-04-11T08:28:32.1913646-05:00" testType="13cdc9d9-ddb5-4fa4-a97d-d965ccfc6d4b" outcome="Passed" testListId="8c84fa94-04c1-424b-9868-57a2d4851a1d" relativeResultsDirectory="906b05be-b7e2-4c2c-b1d9-b9429c76a6ad" />
    <UnitTestResult executionId="93036046-de2f-43bd-b8e4-e5c5e8dea941" testId="275b23c0-67c4-e2cd-d6b9-68e2698a38de" testName="WithNestedPono" computerName="NEBULOUS" duration="00:00:00.1465380" startTime="2026-04-11T08:28:17.3040709-05:00" endTime="2026-04-11T08:28:17.4506066-05:00" testType="13cdc9d9-ddb5-4fa4-a97d-d965ccfc6d4b" outcome="Passed" testListId="8c84fa94-04c1-424b-9868-57a2d4851a1d" relativeResultsDirectory="93036046-de2f-43bd-b8e4-e5c5e8dea941" />
    <UnitTestResult executionId="3335b9bd-b541-4ea3-a2a8-b9e7a8df4def" testId="fc55ee3a-cf5b-ce9a-60ae-0c11df4fd002" testName="TestEventInfraPropertyMappedIndexed(AVRO)" computerName="NEBULOUS" duration="00:00:00.1338190" startTime="2026-04-11T08:27:51.7597962-05:00" endTime="2026-04-11T08:27:51.8936124-05:00" testType="13cdc9d9-ddb5-4fa4-a97d-d965ccfc6d4b" outcome="Passed" testListId="8c84fa94-04c1-424b-9868-57a2d4851a1d" relativeResultsDirectory="3335b9bd-b541-4ea3-a2a8-b9e7a8df4def" />
    <UnitTestResult executionId="8d820b6d-dcf2-4171-9930-635b0127dfab" testId="d3c1a171-cc65-2cbf-4832-8ddd8554ad5b" testName="WithMapWithinMapExists" computerName="NEBULOUS" duration="00:00:00.0973509" startTime="2026-04-11T08:28:18.2350589-05:00" endTime="2026-04-11T08:28:18.3324084-05:00" testType="13cdc9d9-ddb5-4fa4-a97d-d965ccfc6d4b" outcome="Passed" testListId="8c84fa94-04c1-424b-9868-57a2d4851a1d" relativeResultsDirectory="8d820b6d-dcf2-4171-9930-635b0127dfab" />
    <UnitTestResult executionId="550b4ee7-a5f8-4e6c-86ca-f6da92c17af4" testId="6e70ece6-aeb8-1c3e-b3fd-2c6deb3e134c" testName="WithPreconfig" computerName="NEBULOUS" duration="00:00:00.1494860" startTime="2026-04-11T08:28:38.3472332-05:00" endTime="2026-04-11T08:28:38.4967170-05:00" testType="13cdc9d9-ddb5-4fa4-a97d-d965ccfc6d4b" outcome="Passed" testListId="8c84fa94-04c1-424b-9868-57a2d4851a1d" relativeResultsDirectory="550b4ee7-a5f8-4e6c-86ca-f6da92c17af4" />
    <UnitTestResult executionId="d024a766-90ab-4717-a085-0d94d2c219c9" testId="aa25eacc-861a-066b-b770-eb34675b0d1f" testName="TestEventInfraPropertyMappedIndexed(JSONCLASSPROVIDED)" computerName="NEBULOUS" duration="00:00:00.1645490" startTime="2026-04-11T08:27:52.0516858-05:00" endTime="2026-04-11T08:27:52.2162319-05:00" testType="13cdc9d9-ddb5-4fa4-a97d-d965ccfc6d4b" outcome="Passed" testListId="8c84fa94-04c1-424b-9868-57a2d4851a1d" relativeResultsDirectory="d024a766-90ab-4717-a085-0d94d2c219c9" />
    <UnitTestResult executionId="73cab815-fc0d-4b88-95ad-ab8dffb8762a" testId="255d05f9-538d-634f-fcc2-323ae3b35fdf" testName="TestEventInfraPropertyDynamicSimple(MAP)" computerName="NEBULOUS" duration="00:00:00.1430680" startTime="2026-04-11T08:27:42.1691378-05:00" endTime="2026-04-11T08:27:42.3122030-05:00" testType="13cdc9d9-ddb5-4fa4-a97d-d965ccfc6d4b" outcome="Passed" testListId="8c84fa94-04c1-424b-9868-57a2d4851a1d" relativeResultsDirectory="73cab815-fc0d-4b88-95ad-ab8dffb8762a" />
    <UnitTestResult executionId="dd14351a-216c-45ed-8b77-5e6e141f3f92" testId="ed51636b-97b1-eb6c-e575-7ffd7d697aa8" testName="TestEventXMLNoSchemaVariableAndDotMethodResolution" computerName="NEBULOUS" duration="00:00:00.1903230" startTime="2026-04-11T08:28:34.6456931-05:00" endTime="2026-04-11T08:28:34.8360125-05:00" testType="13cdc9d9-ddb5-4fa4-a97d-d965ccfc6d4b" outcome="Passed" testListId="8c84fa94-04c1-424b-9868-57a2d4851a1d" relativeResultsDirectory="dd14351a-216c-45ed-8b77-5e6e141f3f92" />
    <UnitTestResult executionId="5b4fa916-347d-467d-a0d9-3188da32fec8" testId="4f737112-395a-57ab-08c2-16e523145041" testName="WithMapSimpleTypes" computerName="NEBULOUS" duration="00:00:00.1842150" startTime="2026-04-11T08:25:19.7590568-05:00" endTime="2026-04-11T08:25:19.9432683-05:00" testType="13cdc9d9-ddb5-4fa4-a97d-d965ccfc6d4b" outcome="Passed" testListId="8c84fa94-04c1-424b-9868-57a2d4851a1d" relativeResultsDirectory="5b4fa916-347d-467d-a0d9-3188da32fec8" />
    <UnitTestResult executionId="2add09ce-acef-4ca5-a3dd-62af17683a6d" testId="7676a768-deea-70b5-9812-5b19f9b30ee4" testName="WithPreconfig" computerName="NEBULOUS" duration="00:00:00.1731370" startTime="2026-04-11T08:28:35.7338247-05:00" endTime="2026-04-11T08:28:35.9069586-05:00" testType="13cdc9d9-ddb5-4fa4-a97d-d965ccfc6d4b" outcome="Passed" testListId="8c84fa94-04c1-424b-9868-57a2d4851a1d" relativeResultsDirectory="2add09ce-acef-4ca5-a3dd-62af17683a6d" />
    <UnitTestResult executionId="67e4c46e-dcb8-42ca-8888-a16a8ae4bd3a" testId="a0ad13eb-80b2-83c4-ff91-33584286a5f8" testName="WithWithLateCreateSchema" computerName="NEBULOUS" duration="00:00:00.3360320" startTime="2026-04-11T08:28:32.1913762-05:00" endTime="2026-04-11T08:28:32.5274027-05:00" testType="13cdc9d9-ddb5-4fa4-a97d-d965ccfc6d4b" outcome="Passed" testListId="8c84fa94-04c1-424b-9868-57a2d4851a1d" relativeResultsDirectory="67e4c46e-dcb8-42ca-8888-a16a8ae4bd3a" />
    <UnitTestResult executionId="8014067d-422d-4c80-9818-92c41d88f2d3" testId="a2395a25-435f-eae0-e936-5641e7eecdc4" testName="TestEventInfraPropertyDynamicNestedRootedSimple(MAP)" computerName="NEBULOUS" duration="00:00:00.1367630" startTime="2026-04-11T08:27:40.0443276-05:00" endTime="2026-04-11T08:27:40.1810882-05:00" testType="13cdc9d9-ddb5-4fa4-a97d-d965ccfc6d4b" outcome="Passed" testListId="8c84fa94-04c1-424b-9868-57a2d4851a1d" relativeResultsDirectory="8014067d-422d-4c80-9818-92c41d88f2d3" />
    <UnitTestResult executionId="d8e77bb8-0276-470d-a12f-43075b761f56" testId="064cfd58-bb70-1061-be54-c53a461ba0dd" testName="WithArrayProperty" computerName="NEBULOUS" duration="00:00:00.1813180" startTime="2026-04-11T08:28:17.4506719-05:00" endTime="2026-04-11T08:28:17.6319865-05:00" testType="13cdc9d9-ddb5-4fa4-a97d-d965ccfc6d4b" outcome="Passed" testListId="8c84fa94-04c1-424b-9868-57a2d4851a1d" relativeResultsDirectory="d8e77bb8-0276-470d-a12f-43075b761f56" />
    <UnitTestResult executionId="efc396df-7a1f-4cc6-86d1-c8c1ecaffcea" testId="18120265-995c-0018-4e96-57cc06240f70" testName="WithCreateSchema" computerName="NEBULOUS" duration="00:00:00.1563479" startTime="2026-04-11T08:28:38.1908771-05:00" endTime="2026-04-11T08:28:38.3472219-05:00" testType="13cdc9d9-ddb5-4fa4-a97d-d965ccfc6d4b" outcome="Passed" testListId="8c84fa94-04c1-424b-9868-57a2d4851a1d" relativeResultsDirectory="efc396df-7a1f-4cc6-86d1-c8c1ecaffcea" />
    <UnitTestResult executionId="ebc2143c-91c4-4a0e-a5ce-66524e4643de" testId="3837b496-ca9e-3c5a-960e-a6eb78663eae" testName="WithInvalidStatement" computerName="NEBULOUS" duration="00:00:00.0167690" startTime="2026-04-11T08:28:16.5754928-05:00" endTime="2026-04-11T08:28:16.5922611-05:00" testType="13cdc9d9-ddb5-4fa4-a97d-d965ccfc6d4b" outcome="Passed" testListId="8c84fa94-04c1-424b-9868-57a2d4851a1d" relativeResultsDirectory="ebc2143c-91c4-4a0e-a5ce-66524e4643de" />
    <UnitTestResult executionId="4e216e17-b1d6-47c0-a01d-452567e38141" testId="422f63db-1b51-f071-4184-c9ff65b037e7" testName="TestEventMapNestedConfigStatic" computerName="NEBULOUS" duration="00:00:00.1254309" startTime="2026-04-11T08:28:15.0346165-05:00" endTime="2026-04-11T08:28:15.1600454-05:00" testType="13cdc9d9-ddb5-4fa4-a97d-d965ccfc6d4b" outcome="Passed" testListId="8c84fa94-04c1-424b-9868-57a2d4851a1d" relativeResultsDirectory="4e216e17-b1d6-47c0-a01d-452567e38141" />
    <UnitTestResult executionId="bcedbaf0-378d-410e-a3a7-e50fc0e1d3d5" testId="11f3fc8c-2dd4-8418-692e-4cce047a1c9d" testName="TestEventInfraPropertyNestedIndexed(JSONCLASSPROVIDED)" computerName="NEBULOUS" duration="00:00:01.3626000" startTime="2026-04-11T08:28:01.0639387-05:00" endTime="2026-04-11T08:28:02.4265163-05:00" testType="13cdc9d9-ddb5-4fa4-a97d-d965ccfc6d4b" outcome="Passed" testListId="8c84fa94-04c1-424b-9868-57a2d4851a1d" relativeResultsDirectory="bcedbaf0-378d-410e-a3a7-e50fc0e1d3d5" />
    <UnitTestResult executionId="5104742a-4acb-4cbf-88bc-92ddc3978c83" testId="799a50e0-4913-e9b4-731f-71c5d6728cec" testName="WithPreconfig" computerName="NEBULOUS" duration="00:00:00.1227550" startTime="2026-04-11T08:28:40.6575525-05:00" endTime="2026-04-11T08:28:40.7803050-05:00" testType="13cdc9d9-ddb5-4fa4-a97d-d965ccfc6d4b" outcome="Passed" testListId="8c84fa94-04c1-424b-9868-57a2d4851a1d" relativeResultsDirectory="5104742a-4acb-4cbf-88bc-92ddc3978c83" />
    <UnitTestResult executionId="d02a70ce-1e32-4d68-8fcd-abcc24826bed" testId="f94f6f91-df0d-0e5c-d617-bbbb92376f05" testName="TestEventInfraPropertyMappedRuntimeKey(OBJECTARRAY)" computerName="NEBULOUS" duration="00:00:01.1039220" startTime="2026-04-11T08:27:52.3156902-05:00" endTime="2026-04-11T08:27:53.4195945-05:00" testType="13cdc9d9-ddb5-4fa4-a97d-d965ccfc6d4b" outcome="Passed" testListId="8c84fa94-04c1-424b-9868-57a2d4851a1d" relativeResultsDirectory="d02a70ce-1e32-4d68-8fcd-abcc24826bed" />
    <UnitTestResult executionId="60a3d6b2-2596-4b6a-8138-9b2cd6fa91d9" testId="7830a913-ccd7-be9d-1ae8-25cb33c65c65" testName="TestEventInfraGetterDynamicIndexedPropertyPredefined" computerName="NEBULOUS" duration="00:00:05.8566660" startTime="2026-04-11T08:26:01.3097753-05:00" endTime="2026-04-11T08:26:07.1663475-05:00" testType="13cdc9d9-ddb5-4fa4-a97d-d965ccfc6d4b" outcome="Passed" testListId="8c84fa94-04c1-424b-9868-57a2d4851a1d" relativeResultsDirectory="60a3d6b2-2596-4b6a-8138-9b2cd6fa91d9" />
    <UnitTestResult executionId="c39a61bd-8612-459a-8970-979e4b27600f" testId="a08e20ca-579a-0b77-f868-eddec129385a" testName="TestEventInfraPropertyMappedRuntimeKey(JSON)" computerName="NEBULOUS" duration="00:00:01.1989990" startTime="2026-04-11T08:27:55.5624558-05:00" endTime="2026-04-11T08:27:56.7614353-05:00" testType="13cdc9d9-ddb5-4fa4-a97d-d965ccfc6d4b" outcome="Passed" testListId="8c84fa94-04c1-424b-9868-57a2d4851a1d" relativeResultsDirectory="c39a61bd-8612-459a-8970-979e4b27600f" />
    <UnitTestResult executionId="bb60cb82-bcc1-464e-aadc-191c5f21295f" testId="6b3b85dd-6103-0cc2-2b9b-47d053b247f3" testName="WithMapAndNestedArray" computerName="NEBULOUS" duration="00:00:00.1289559" startTime="2026-04-11T08:28:26.6954207-05:00" endTime="2026-04-11T08:28:26.8243746-05:00" testType="13cdc9d9-ddb5-4fa4-a97d-d965ccfc6d4b" outcome="Passed" testListId="8c84fa94-04c1-424b-9868-57a2d4851a1d" relativeResultsDirectory="bb60cb82-bcc1-464e-aadc-191c5f21295f" />
    <UnitTestResult executionId="86eeed02-b233-4c3d-a285-8c393a999a2b" testId="6a90f9d6-ccb3-a549-4e84-cad4cff86a3a" testName="WithCreateSchema" computerName="NEBULOUS" duration="00:00:00.2087090" startTime="2026-04-11T08:28:39.1729237-05:00" endTime="2026-04-11T08:28:39.3816297-05:00" testType="13cdc9d9-ddb5-4fa4-a97d-d965ccfc6d4b" outcome="Passed" testListId="8c84fa94-04c1-424b-9868-57a2d4851a1d" relativeResultsDirectory="86eeed02-b233-4c3d-a285-8c393a999a2b" />
    <UnitTestResult executionId="d03a9c88-8272-43a7-a9f4-94833fde3acb" testId="5ada346c-21d9-7c97-8219-f907a6da2d52" testName="TestEventBeanPublicFields" computerName="NEBULOUS" duration="00:00:00.1765510" startTime="2026-04-11T08:25:23.9061001-05:00" endTime="2026-04-11T08:25:24.0826479-05:00" testType="13cdc9d9-ddb5-4fa4-a97d-d965ccfc6d4b" outcome="Passed" testListId="8c84fa94-04c1-424b-9868-57a2d4851a1d" relativeResultsDirectory="d03a9c88-8272-43a7-a9f4-94833fde3acb" />
    <UnitTestResult executionId="762edc53-1743-471e-b698-f5cebfb8cbca" testId="6822727e-c80b-3e93-e14d-2e8df2f7a1ea" testName="WithAnyType" computerName="NEBULOUS" duration="00:00:00.3152640" startTime="2026-04-11T08:28:27.3015977-05:00" endTime="2026-04-11T08:28:27.6168563-05:00" testType="13cdc9d9-ddb5-4fa4-a97d-d965ccfc6d4b" outcome="Passed" testListId="8c84fa94-04c1-424b-9868-57a2d4851a1d" relativeResultsDirectory="762edc53-1743-471e-b698-f5cebfb8cbca" />
    <UnitTestResult executionId="a461b880-f59e-4f7c-ac42-a7a46f0ca4fc" testId="0c95f77e-7d9e-75de-036d-4ac11e55d0be" testName="TestEventMapNestedConfigRuntime" computerName="NEBULOUS" duration="00:00:01.1436249" startTime="2026-04-11T08:28:19.6355213-05:00" endTime="2026-04-11T08:28:20.7791283-05:00" testType="13cdc9d9-ddb5-4fa4-a97d-d965ccfc6d4b" outcome="Passed" testListId="8c84fa94-04c1-424b-9868-57a2d4851a1d" relativeResultsDirectory="a461b880-f59e-4f7c-ac42-a7a46f0ca4fc" />
    <UnitTestResult executionId="289851ea-d10d-479a-ac92-bbd6a9e296b4" testId="fb8a2d73-54fa-3006-06ff-b55091d75ce1" testName="WithPreconfig" computerName="NEBULOUS" duration="00:00:00.1615590" startTime="2026-04-11T08:28:43.7215979-05:00" endTime="2026-04-11T08:28:43.8831544-05:00" testType="13cdc9d9-ddb5-4fa4-a97d-d965ccfc6d4b" outcome="Passed" testListId="8c84fa94-04c1-424b-9868-57a2d4851a1d" relativeResultsDirectory="289851ea-d10d-479a-ac92-bbd6a9e296b4" />
    <UnitTestResult executionId="02453113-df0c-42e2-a39d-d6e0bc46d584" testId="0764210e-19f0-07c3-fdbb-f71b3d28d875" testName="TestEventBeanPropertyResolutionCaseInsensitiveEngineDefault" computerName="NEBULOUS" duration="00:00:00.1718720" startTime="2026-04-11T08:25:23.7342121-05:00" endTime="2026-04-11T08:25:23.9060810-05:00" testType="13cdc9d9-ddb5-4fa4-a97d-d965ccfc6d4b" outcome="Passed" testListId="8c84fa94-04c1-424b-9868-57a2d4851a1d" relativeResultsDirectory="02453113-df0c-42e2-a39d-d6e0bc46d584" />
    <UnitTestResult executionId="f4db0eea-ec24-40c0-a71c-b3bb1ba75e03" testId="c4ef84fa-02ef-69ad-1bb1-e82f06cac16e" testName="TestEventInfraEventSender" computerName="NEBULOUS" duration="00:00:06.8687590" startTime="2026-04-11T08:25:51.6040139-05:00" endTime="2026-04-11T08:25:58.4726639-05:00" testType="13cdc9d9-ddb5-4fa4-a97d-d965ccfc6d4b" outcome="Passed" testListId="8c84fa94-04c1-424b-9868-57a2d4851a1d" relativeResultsDirectory="f4db0eea-ec24-40c0-a71c-b3bb1ba75e03" />
    <UnitTestResult executionId="e5c32f91-1b82-45eb-8a7d-53fa988a4898" testId="eb765b25-d590-e833-670b-2d93559a1ee2" testName="WithObjectArray" computerName="NEBULOUS" duration="00:00:00.0869510" startTime="2026-04-11T08:28:25.0676487-05:00" endTime="2026-04-11T08:28:25.1545986-05:00" testType="13cdc9d9-ddb5-4fa4-a97d-d965ccfc6d4b" outcome="Passed" testListId="8c84fa94-04c1-424b-9868-57a2d4851a1d" relativeResultsDirectory="e5c32f91-1b82-45eb-8a7d-53fa988a4898" />
    <UnitTestResult executionId="b9b488ab-9399-4f89-bfdc-9b883795ec59" testId="903978ea-9154-7376-e6b5-4151842b4fb5" testName="WithPreconfig" computerName="NEBULOUS" duration="00:00:00.0950700" startTime="2026-04-11T08:28:47.4847487-05:00" endTime="2026-04-11T08:28:47.5798174-05:00" testType="13cdc9d9-ddb5-4fa4-a97d-d965ccfc6d4b" outcome="Passed" testListId="8c84fa94-04c1-424b-9868-57a2d4851a1d" relativeResultsDirectory="b9b488ab-9399-4f89-bfdc-9b883795ec59" />
    <UnitTestResult executionId="f951f10f-620f-44f3-b1b0-898af2b0e60f" testId="16e90ed0-3216-92d3-e663-c2eefec92ab8" testName="TestEventMapInheritanceRuntime" computerName="NEBULOUS" duration="00:00:01.3030520" startTime="2026-04-11T08:28:18.3324793-05:00" endTime="2026-04-11T08:28:19.6355105-05:00" testType="13cdc9d9-ddb5-4fa4-a97d-d965ccfc6d4b" outcome="Passed" testListId="8c84fa94-04c1-424b-9868-57a2d4851a1d" relativeResultsDirectory="f951f10f-620f-44f3-b1b0-898af2b0e60f" />
    <UnitTestResult executionId="898ebf49-2d8d-4534-8895-f603d73cd531" testId="7d3bbe5a-07bd-dd0b-0eba-2bdc83d45f93" testName="WithObjectArraySimpleTypes" computerName="NEBULOUS" duration="00:00:00.2225950" startTime="2026-04-11T08:25:20.9200173-05:00" endTime="2026-04-11T08:25:21.1426084-05:00" testType="13cdc9d9-ddb5-4fa4-a97d-d965ccfc6d4b" outcome="Passed" testListId="8c84fa94-04c1-424b-9868-57a2d4851a1d" relativeResultsDirectory="898ebf49-2d8d-4534-8895-f603d73cd531" />
    <UnitTestResult executionId="b455a0f3-2b40-4465-89c6-53ff5bad3860" testId="675e0bd4-f697-aaf6-4621-cbfe3d5bab5e" testName="WithMapAndNestedArray" computerName="NEBULOUS" duration="00:00:00.1456520" startTime="2026-04-11T08:28:26.9308768-05:00" endTime="2026-04-11T08:28:27.0765258-05:00" testType="13cdc9d9-ddb5-4fa4-a97d-d965ccfc6d4b" outcome="Passed" testListId="8c84fa94-04c1-424b-9868-57a2d4851a1d" relativeResultsDirectory="b455a0f3-2b40-4465-89c6-53ff5bad3860" />
    <UnitTestResult executionId="8421d090-9a9f-4345-83cc-3f98b6334d3b" testId="f336ed29-e7ca-50a5-55c4-00dbc87b4b57" testName="WithMapFragmentMap3Level" computerName="NEBULOUS" duration="00:00:00.1802900" startTime="2026-04-11T08:25:18.8056742-05:00" endTime="2026-04-11T08:25:18.9859614-05:00" testType="13cdc9d9-ddb5-4fa4-a97d-d965ccfc6d4b" outcome="Passed" testListId="8c84fa94-04c1-424b-9868-57a2d4851a1d" relativeResultsDirectory="8421d090-9a9f-4345-83cc-3f98b6334d3b" />
    <UnitTestResult executionId="fb17c671-5a8d-4681-bf21-a09e494ac850" testId="475217c0-f10f-55c0-dcca-e7cad11261da" testName="WithMapNestedEventType" computerName="NEBULOUS" duration="00:00:00.0974530" startTime="2026-04-11T08:28:16.5922715-05:00" endTime="2026-04-11T08:28:16.6897227-05:00" testType="13cdc9d9-ddb5-4fa4-a97d-d965ccfc6d4b" outcome="Passed" testListId="8c84fa94-04c1-424b-9868-57a2d4851a1d" relativeResultsDirectory="fb17c671-5a8d-4681-bf21-a09e494ac850" />
    <UnitTestResult executionId="452f1ab7-951a-4c49-9d83-d4d95a724965" testId="c19b63a6-9d52-2f3a-2c0c-43f558627e44" testName="TestEventInfraContainedSimple" computerName="NEBULOUS" duration="00:00:06.3836639" startTime="2026-04-11T08:25:43.6982472-05:00" endTime="2026-04-11T08:25:50.0818095-05:00" testType="13cdc9d9-ddb5-4fa4-a97d-d965ccfc6d4b" outcome="Passed" testListId="8c84fa94-04c1-424b-9868-57a2d4851a1d" relativeResultsDirectory="452f1ab7-951a-4c49-9d83-d4d95a724965" />
    <UnitTestResult executionId="bc6cdc83-0728-4c3a-b62f-c7b7861caeb8" testId="aff490c8-3f99-f895-b12f-0f7f556c56d6" testName="TestEventInfraPropertyUnderlyingSimple(MAP)" computerName="NEBULOUS" duration="00:00:01.2286860" startTime="2026-04-11T08:28:06.3384360-05:00" endTime="2026-04-11T08:28:07.5671018-05:00" testType="13cdc9d9-ddb5-4fa4-a97d-d965ccfc6d4b" outcome="Passed" testListId="8c84fa94-04c1-424b-9868-57a2d4851a1d" relativeResultsDirectory="bc6cdc83-0728-4c3a-b62f-c7b7861caeb8" />
    <UnitTestResult executionId="0248bf9f-6769-440b-b6ca-3aac7556d078" testId="049f44d8-e522-6d33-04d6-37b29b952feb" testName="TestEventInfraPropertyUnderlyingSimple(JSON)" computerName="NEBULOUS" duration="00:00:01.2745930" startTime="2026-04-11T08:28:08.8507491-05:00" endTime="2026-04-11T08:28:10.1253217-05:00" testType="13cdc9d9-ddb5-4fa4-a97d-d965ccfc6d4b" outcome="Passed" testListId="8c84fa94-04c1-424b-9868-57a2d4851a1d" relativeResultsDirectory="0248bf9f-6769-440b-b6ca-3aac7556d078" />
    <UnitTestResult executionId="74a48ac5-06e4-49db-9c9c-a124b6ebbae0" testId="8c18d123-f4b6-d51f-c723-71b270b0609b" testName="TestEventInfraGetterMapped" computerName="NEBULOUS" duration="00:00:00.8530200" startTime="2026-04-11T08:26:17.8878608-05:00" endTime="2026-04-11T08:26:18.7408669-05:00" testType="13cdc9d9-ddb5-4fa4-a97d-d965ccfc6d4b" outcome="Passed" testListId="8c84fa94-04c1-424b-9868-57a2d4851a1d" relativeResultsDirectory="74a48ac5-06e4-49db-9c9c-a124b6ebbae0" />
    <UnitTestResult executionId="fbc10286-9bc4-4461-b0be-ff49d8a2b596" testId="509f4a0f-10f9-5f97-15ef-aba973c422d3" testName="TestEventInfraContainedIndexedWithIndex" computerName="NEBULOUS" duration="00:00:06.5644520" startTime="2026-04-11T08:25:24.0827226-05:00" endTime="2026-04-11T08:25:30.6470695-05:00" testType="13cdc9d9-ddb5-4fa4-a97d-d965ccfc6d4b" outcome="Passed" testListId="8c84fa94-04c1-424b-9868-57a2d4851a1d" relativeResultsDirectory="fbc10286-9bc4-4461-b0be-ff49d8a2b596" />
    <UnitTestResult executionId="861eb38d-0e23-4654-89c8-53faf4e3b490" testId="a93a451b-711a-d37e-6683-e32f970ab9ae" testName="WithPreconfig" computerName="NEBULOUS" duration="00:00:00.1603750" startTime="2026-04-11T08:28:48.1374090-05:00" endTime="2026-04-11T08:28:48.2977815-05:00" testType="13cdc9d9-ddb5-4fa4-a97d-d965ccfc6d4b" outcome="Passed" testListId="8c84fa94-04c1-424b-9868-57a2d4851a1d" relativeResultsDirectory="861eb38d-0e23-4654-89c8-53faf4e3b490" />
    <UnitTestResult executionId="76271415-3653-401a-a3ef-2a95a20f1fe1" testId="98bd4fb6-36e7-125d-b690-a42f369d6ee8" testName="TestEventInfraPropertyDynamicNestedRootedSimple(DEFAULT)" computerName="NEBULOUS" duration="00:00:00.1965770" startTime="2026-04-11T08:27:40.7526514-05:00" endTime="2026-04-11T08:27:40.9492255-05:00" testType="13cdc9d9-ddb5-4fa4-a97d-d965ccfc6d4b" outcome="Passed" testListId="8c84fa94-04c1-424b-9868-57a2d4851a1d" relativeResultsDirectory="76271415-3653-401a-a3ef-2a95a20f1fe1" />
    <UnitTestResult executionId="d0fd86ac-7021-4c3f-99cf-e6c64d63da23" testId="79723c99-41f2-bfe5-3fb5-7ff7c9cf2143" testName="TestEventInfraGetterSimpleNoFragment" computerName="NEBULOUS" duration="00:00:07.4908350" startTime="2026-04-11T08:26:44.0240018-05:00" endTime="2026-04-11T08:26:51.5147167-05:00" testType="13cdc9d9-ddb5-4fa4-a97d-d965ccfc6d4b" outcome="Passed" testListId="8c84fa94-04c1-424b-9868-57a2d4851a1d" relativeResultsDirectory="d0fd86ac-7021-4c3f-99cf-e6c64d63da23" />
    <UnitTestResult executionId="0f1c9a3a-4692-4618-bd3e-517068282df4" testId="b7922216-c874-fc62-4a09-2e3946809e0f" testName="WithPreconfig" computerName="NEBULOUS" duration="00:00:00.1924260" startTime="2026-04-11T08:28:36.1493898-05:00" endTime="2026-04-11T08:28:36.3418124-05:00" testType="13cdc9d9-ddb5-4fa4-a97d-d965ccfc6d4b" outcome="Passed" testListId="8c84fa94-04c1-424b-9868-57a2d4851a1d" relativeResultsDirectory="0f1c9a3a-4692-4618-bd3e-517068282df4" />
    <UnitTestResult executionId="0cf77b7c-7aa3-4c77-abc6-82ca9a847bf7" testId="9be07763-7105-1ab4-8b2a-7f3ca3cab5f3" testName="WithSQLDate" computerName="NEBULOUS" duration="00:00:00.1400220" startTime="2026-04-11T08:28:27.1615157-05:00" endTime="2026-04-11T08:28:27.3015358-05:00" testType="13cdc9d9-ddb5-4fa4-a97d-d965ccfc6d4b" outcome="Passed" testListId="8c84fa94-04c1-424b-9868-57a2d4851a1d" relativeResultsDirectory="0cf77b7c-7aa3-4c77-abc6-82ca9a847bf7" />
    <UnitTestResult executionId="cb782de2-d52a-422e-932f-977b98429549" testId="5d31d1d2-5b31-d992-86f1-37f0ac2b3c77" testName="TestEventInfraPropertyDynamicNestedRootedSimple(OBJECTARRAY)" computerName="NEBULOUS" duration="00:00:00.1044720" startTime="2026-04-11T08:27:39.9398403-05:00" endTime="2026-04-11T08:27:40.0443100-05:00" testType="13cdc9d9-ddb5-4fa4-a97d-d965ccfc6d4b" outcome="Passed" testListId="8c84fa94-04c1-424b-9868-57a2d4851a1d" relativeResultsDirectory="cb782de2-d52a-422e-932f-977b98429549" />
    <UnitTestResult executionId="a400b22c-9946-4c5c-9253-150e26fdd1ed" testId="833ef564-a77e-8f5c-dfaf-d0ba5312ed6c" testName="TestEventInfraPropertyMappedRuntimeKey(DEFAULT)" computerName="NEBULOUS" duration="00:00:01.1278999" startTime="2026-04-11T08:27:58.0114501-05:00" endTime="2026-04-11T08:27:59.1393315-05:00" testType="13cdc9d9-ddb5-4fa4-a97d-d965ccfc6d4b" outcome="Passed" testListId="8c84fa94-04c1-424b-9868-57a2d4851a1d" relativeResultsDirectory="a400b22c-9946-4c5c-9253-150e26fdd1ed" />
    <UnitTestResult executionId="45a7068a-b0ef-486e-8e96-9d7ef939f729" testId="26f4999f-0bb3-6e07-68c6-ae86cd79f81f" testName="WithImplementationClass" computerName="NEBULOUS" duration="00:00:00.6292090" startTime="2026-04-11T08:25:17.8022664-05:00" endTime="2026-04-11T08:25:18.4314645-05:00" testType="13cdc9d9-ddb5-4fa4-a97d-d965ccfc6d4b" outcome="Passed" testListId="8c84fa94-04c1-424b-9868-57a2d4851a1d" relativeResultsDirectory="45a7068a-b0ef-486e-8e96-9d7ef939f729" />
    <UnitTestResult executionId="54aa943c-893e-407b-a248-099471a98c89" testId="9190c638-46f9-ae7f-b4e5-d6c5d65ab14c" testName="TestEventInfraPropertyNestedSimple(DEFAULT)" computerName="NEBULOUS" duration="00:00:00.2188450" startTime="2026-04-11T08:28:04.8268657-05:00" endTime="2026-04-11T08:28:05.0457075-05:00" testType="13cdc9d9-ddb5-4fa4-a97d-d965ccfc6d4b" outcome="Passed" testListId="8c84fa94-04c1-424b-9868-57a2d4851a1d" relativeResultsDirectory="54aa943c-893e-407b-a248-099471a98c89" />
    <UnitTestResult executionId="20a0d384-24ea-4fd6-a663-bc64e0b29240" testId="cb41e4db-485f-710c-d8ef-d6df4d8687d3" testName="WithCreateSchema" computerName="NEBULOUS" duration="00:00:00.1719350" startTime="2026-04-11T08:28:46.7246095-05:00" endTime="2026-04-11T08:28:46.8965420-05:00" testType="13cdc9d9-ddb5-4fa4-a97d-d965ccfc6d4b" outcome="Passed" testListId="8c84fa94-04c1-424b-9868-57a2d4851a1d" relativeResultsDirectory="20a0d384-24ea-4fd6-a663-bc64e0b29240" />
    <UnitTestResult executionId="7dcc7a34-f170-44fd-8757-c85db820e5ce" testId="e90c0928-6c07-55cc-625d-d9e67bbec4a3" testName="WithMapWithinMap" computerName="NEBULOUS" duration="00:00:00.0886020" startTime="2026-04-11T08:28:18.1149215-05:00" endTime="2026-04-11T08:28:18.2035221-05:00" testType="13cdc9d9-ddb5-4fa4-a97d-d965ccfc6d4b" outcome="Passed" testListId="8c84fa94-04c1-424b-9868-57a2d4851a1d" relativeResultsDirectory="7dcc7a34-f170-44fd-8757-c85db820e5ce" />
    <UnitTestResult executionId="0722d5c8-2c31-419c-816c-bebe033b46fd" testId="3cafb509-21d1-295e-57e1-4670a9ea578a" testName="WithMapNamePropertyNested" computerName="NEBULOUS" duration="00:00:00.1673690" startTime="2026-04-11T08:28:17.7363377-05:00" endTime="2026-04-11T08:28:17.9037043-05:00" testType="13cdc9d9-ddb5-4fa4-a97d-d965ccfc6d4b" outcome="Passed" testListId="8c84fa94-04c1-424b-9868-57a2d4851a1d" relativeResultsDirectory="0722d5c8-2c31-419c-816c-bebe033b46fd" />
    <UnitTestResult executionId="f99aa57d-1313-4cdf-956d-cf40d195e159" testId="0c322fed-6e4d-c2c5-aad7-386a1cf71ad8" testName="TestEventInfraPropertyDynamicNested" computerName="NEBULOUS" duration="00:00:45.5418639" startTime="2026-04-11T08:26:51.9446536-05:00" endTime="2026-04-11T08:27:37.4857932-05:00" testType="13cdc9d9-ddb5-4fa4-a97d-d965ccfc6d4b" outcome="Passed" testListId="8c84fa94-04c1-424b-9868-57a2d4851a1d" relativeResultsDirectory="f99aa57d-1313-4cdf-956d-cf40d195e159" />
    <UnitTestResult executionId="da388696-47d9-4b93-a838-bb1da7015e95" testId="ee4d653c-5d9b-022f-2f68-1e5256c18d7e" testName="WithCaseSensitive" computerName="NEBULOUS" duration="00:00:00.2134260" startTime="2026-04-11T08:25:21.6420131-05:00" endTime="2026-04-11T08:25:21.8554354-05:00" testType="13cdc9d9-ddb5-4fa4-a97d-d965ccfc6d4b" outcome="Passed" testListId="8c84fa94-04c1-424b-9868-57a2d4851a1d" relativeResultsDirectory="da388696-47d9-4b93-a838-bb1da7015e95" />
    <UnitTestResult executionId="74a243a5-78a9-4bf3-b431-25c14b94da5f" testId="192bcaa4-ee52-3911-f9ef-d64921d3d91b" testName="WithCreateSchema" computerName="NEBULOUS" duration="00:00:00.3725010" startTime="2026-04-11T08:28:41.8829209-05:00" endTime="2026-04-11T08:28:42.2554155-05:00" testType="13cdc9d9-ddb5-4fa4-a97d-d965ccfc6d4b" outcome="Failed" testListId="8c84fa94-04c1-424b-9868-57a2d4851a1d" relativeResultsDirectory="74a243a5-78a9-4bf3-b431-25c14b94da5f">
      <Output>
        <ErrorInfo>
          <Message>failed assertion for property 'mytags[1].ID' </Message>
          <StackTrace>   at com.espertech.esper.common.internal.util.AssertProxy.Fail(String message) in D:\src\Espertech\NEsper-8.9.x\src\NEsper.Common\common\internal\util\AssertProxy.cs:line 85&#xD;
   at com.espertech.esper.common.client.scopetest.ScopeTestHelper.Fail(String message) in D:\src\Espertech\NEsper-8.9.x\src\NEsper.Common\common\client\scopetest\ScopeTestHelper.cs:line 241&#xD;
   at com.espertech.esper.common.client.scopetest.ScopeTestHelper.AssertTrue(String message, Boolean condition) in D:\src\Espertech\NEsper-8.9.x\src\NEsper.Common\common\client\scopetest\ScopeTestHelper.cs:line 58&#xD;
   at com.espertech.esper.common.internal.support.SupportEventTypeAssertionUtil.AssertConsistencyProperties(EventType eventType) in D:\src\Espertech\NEsper-8.9.x\src\NEsper.Common\common\internal\support\SupportEventTypeAssertionUtil.cs:line 401&#xD;
   at com.espertech.esper.common.internal.support.SupportEventTypeAssertionUtil.AssertConsistencyRecursive(EventType eventType, ISet`1 alreadySeenTypes) in D:\src\Espertech\NEsper-8.9.x\src\NEsper.Common\common\internal\support\SupportEventTypeAssertionUtil.cs:line 350&#xD;
   at com.espertech.esper.common.internal.support.SupportEventTypeAssertionUtil.AssertConsistencyRecursive(EventBean eventBean, ISet`1 alreadySeenTypes) in D:\src\Espertech\NEsper-8.9.x\src\NEsper.Common\common\internal\support\SupportEventTypeAssertionUtil.cs:line 265&#xD;
   at com.espertech.esper.common.internal.support.SupportEventTypeAssertionUtil.AssertConsistency(EventBean eventBean) in D:\src\Espertech\NEsper-8.9.x\src\NEsper.Common\common\internal\support\SupportEventTypeAssertionUtil.cs:line 43&#xD;
   at com.espertech.esper.regressionlib.suite.event.xml.EventXMLSchemaEventObservationXPath.&lt;&gt;c.&lt;RunAssertion&gt;b__5_4(IEnumerator`1 en) in D:\src\Espertech\NEsper-8.9.x\tst\NEsper.Regression\suite\event\xml\EventXMLSchemaEventObservationXPath.cs:line 107&#xD;
   at com.espertech.esper.regressionlib.framework.RegressionEnvironmentBase.AssertIterator(String statementName, Consumer`1 assertor) in D:\src\Espertech\NEsper-8.9.x\tst\NEsper.Regression\framework\RegressionEnvironmentBase.cs:line 875&#xD;
   at com.espertech.esper.regressionlib.suite.event.xml.EventXMLSchemaEventObservationXPath.RunAssertion(RegressionEnvironment env, String eventTypeName, RegressionPath path) in D:\src\Espertech\NEsper-8.9.x\tst\NEsper.Regression\suite\event\xml\EventXMLSchemaEventObservationXPath.cs:line 107&#xD;
   at com.espertech.esper.regressionlib.suite.event.xml.EventXMLSchemaEventObservationXPath.EventXMLSchemaEventObservationXPathCreateSchema.Run(RegressionEnvironment env) in D:\src\Espertech\NEsper-8.9.x\tst\NEsper.Regression\suite\event\xml\EventXMLSchemaEventObservationXPath.cs:line 77&#xD;
   at com.espertech.esper.regressionrun.runner.RegressionRunner.RunInternal(RegressionSession session, RegressionExecution execution) in D:\src\Espertech\NEsper-8.9.x\tst\NEsper.Regression.Runner\runner\RegressionRunner.cs:line 122&#xD;
   at com.espertech.esper.regressionrun.runner.RegressionRunner.Run[T](RegressionSession session, ICollection`1 executions, Boolean usePerfContext) in D:\src\Espertech\NEsper-8.9.x\tst\NEsper.Regression.Runner\runner\RegressionRunner.cs:line 77&#xD;
   at com.espertech.esper.regressionrun.suite.event.TestSuiteEventXML.TestEventXMLSchemaEventObservationXPath.WithCreateSchema() in D:\src\Espertech\NEsper-8.9.x\tst\NEsper.Regression.Runner\suite\event\TestSuiteEventXML.cs:line 517&#xD;

1)    at com.espertech.esper.common.internal.util.AssertProxy.Fail(String message) in D:\src\Espertech\NEsper-8.9.x\src\NEsper.Common\common\internal\util\AssertProxy.cs:line 85&#xD;
   at com.espertech.esper.common.client.scopetest.ScopeTestHelper.Fail(String message) in D:\src\Espertech\NEsper-8.9.x\src\NEsper.Common\common\client\scopetest\ScopeTestHelper.cs:line 241&#xD;
   at com.espertech.esper.common.client.scopetest.ScopeTestHelper.AssertTrue(String message, Boolean condition) in D:\src\Espertech\NEsper-8.9.x\src\NEsper.Common\common\client\scopetest\ScopeTestHelper.cs:line 58&#xD;
   at com.espertech.esper.common.internal.support.SupportEventTypeAssertionUtil.AssertConsistencyProperties(EventType eventType) in D:\src\Espertech\NEsper-8.9.x\src\NEsper.Common\common\internal\support\SupportEventTypeAssertionUtil.cs:line 401&#xD;
   at com.espertech.esper.common.internal.support.SupportEventTypeAssertionUtil.AssertConsistencyRecursive(EventType eventType, ISet`1 alreadySeenTypes) in D:\src\Espertech\NEsper-8.9.x\src\NEsper.Common\common\internal\support\SupportEventTypeAssertionUtil.cs:line 350&#xD;
   at com.espertech.esper.common.internal.support.SupportEventTypeAssertionUtil.AssertConsistencyRecursive(EventBean eventBean, ISet`1 alreadySeenTypes) in D:\src\Espertech\NEsper-8.9.x\src\NEsper.Common\common\internal\support\SupportEventTypeAssertionUtil.cs:line 265&#xD;
   at com.espertech.esper.common.internal.support.SupportEventTypeAssertionUtil.AssertConsistency(EventBean eventBean) in D:\src\Espertech\NEsper-8.9.x\src\NEsper.Common\common\internal\support\SupportEventTypeAssertionUtil.cs:line 43&#xD;
   at com.espertech.esper.regressionlib.suite.event.xml.EventXMLSchemaEventObservationXPath.&lt;&gt;c.&lt;RunAssertion&gt;b__5_4(IEnumerator`1 en) in D:\src\Espertech\NEsper-8.9.x\tst\NEsper.Regression\suite\event\xml\EventXMLSchemaEventObservationXPath.cs:line 107&#xD;
   at com.espertech.esper.regressionlib.framework.RegressionEnvironmentBase.AssertIterator(String statementName, Consumer`1 assertor) in D:\src\Espertech\NEsper-8.9.x\tst\NEsper.Regression\framework\RegressionEnvironmentBase.cs:line 875&#xD;
   at com.espertech.esper.regressionlib.suite.event.xml.EventXMLSchemaEventObservationXPath.RunAssertion(RegressionEnvironment env, String eventTypeName, RegressionPath path) in D:\src\Espertech\NEsper-8.9.x\tst\NEsper.Regression\suite\event\xml\EventXMLSchemaEventObservationXPath.cs:line 107&#xD;
   at com.espertech.esper.regressionlib.suite.event.xml.EventXMLSchemaEventObservationXPath.EventXMLSchemaEventObservationXPathCreateSchema.Run(RegressionEnvironment env) in D:\src\Espertech\NEsper-8.9.x\tst\NEsper.Regression\suite\event\xml\EventXMLSchemaEventObservationXPath.cs:line 77&#xD;
   at com.espertech.esper.regressionrun.runner.RegressionRunner.RunInternal(RegressionSession session, RegressionExecution execution) in D:\src\Espertech\NEsper-8.9.x\tst\NEsper.Regression.Runner\runner\RegressionRunner.cs:line 122&#xD;
   at com.espertech.esper.regressionrun.runner.RegressionRunner.Run[T](RegressionSession session, ICollection`1 executions, Boolean usePerfContext) in D:\src\Espertech\NEsper-8.9.x\tst\NEsper.Regression.Runner\runner\RegressionRunner.cs:line 77&#xD;
   at com.espertech.esper.regressionrun.suite.event.TestSuiteEventXML.TestEventXMLSchemaEventObservationXPath.WithCreateSchema() in D:\src\Espertech\NEsper-8.9.x\tst\NEsper.Regression.Runner\suite\event\TestSuiteEventXML.cs:line 517&#xD;

</StackTrace>
        </ErrorInfo>
      </Output>
    </UnitTestResult>
    <UnitTestResult executionId="5da61c72-ac85-4d1d-9908-3d205bcae53a" testId="6ff8efd0-5f98-447a-9dcc-4c0e6b58b1e3" testName="WithObjectArrayNested" computerName="NEBULOUS" duration="00:00:00.0950740" startTime="2026-04-11T08:28:23.6407999-05:00" endTime="2026-04-11T08:28:23.7358725-05:00" testType="13cdc9d9-ddb5-4fa4-a97d-d965ccfc6d4b" outcome="Passed" testListId="8c84fa94-04c1-424b-9868-57a2d4851a1d" relativeResultsDirectory="5da61c72-ac85-4d1d-9908-3d205bcae53a" />
    <UnitTestResult executionId="61823ca2-6353-49c0-8fb9-4aa44f9c75c6" testId="ca4054b0-4536-be25-d133-9ac4f3da0613" testName="WithCreateSchema" computerName="NEBULOUS" duration="00:00:00.2203060" startTime="2026-04-11T08:28:35.5135110-05:00" endTime="2026-04-11T08:28:35.7338137-05:00" testType="13cdc9d9-ddb5-4fa4-a97d-d965ccfc6d4b" outcome="Passed" testListId="8c84fa94-04c1-424b-9868-57a2d4851a1d" relativeResultsDirectory="61823ca2-6353-49c0-8fb9-4aa44f9c75c6" />
    <UnitTestResult executionId="da72dce0-2b79-4be0-8083-07778e025a69" testId="edcd9bb9-44cc-e0ca-02a0-67a6d0ee64dc" testName="TestEventBeanMappedIndexedPropertyExpression" computerName="NEBULOUS" duration="00:00:01.2846540" startTime="2026-04-11T08:25:15.7971507-05:00" endTime="2026-04-11T08:25:17.0817840-05:00" testType="13cdc9d9-ddb5-4fa4-a97d-d965ccfc6d4b" outcome="Passed" testListId="8c84fa94-04c1-424b-9868-57a2d4851a1d" relativeResultsDirectory="da72dce0-2b79-4be0-8083-07778e025a69" />
    <UnitTestResult executionId="dbcef2c5-3545-44c0-86fd-c0501eb08442" testId="4734e0ce-270b-becd-18de-df092f6b3998" testName="WithQueryFields" computerName="NEBULOUS" duration="00:00:00.1530860" startTime="2026-04-11T08:28:22.8089259-05:00" endTime="2026-04-11T08:28:22.9620098-05:00" testType="13cdc9d9-ddb5-4fa4-a97d-d965ccfc6d4b" outcome="Passed" testListId="8c84fa94-04c1-424b-9868-57a2d4851a1d" relativeResultsDirectory="dbcef2c5-3545-44c0-86fd-c0501eb08442" />
    <UnitTestResult executionId="55c3b3a9-8f1c-43bd-b889-3c84b5395e06" testId="817683f3-af7d-fcdc-5da4-d8fb84c0dba4" testName="TestEventBeanPropertyAccessPerformance" computerName="NEBULOUS" duration="00:00:00.2566250" startTime="2026-04-11T08:25:17.2898034-05:00" endTime="2026-04-11T08:25:17.5464243-05:00" testType="13cdc9d9-ddb5-4fa4-a97d-d965ccfc6d4b" outcome="Passed" testListId="8c84fa94-04c1-424b-9868-57a2d4851a1d" relativeResultsDirectory="55c3b3a9-8f1c-43bd-b889-3c84b5395e06" />
    <UnitTestResult executionId="cf3a973c-7ef6-4de8-ab17-0742f79ebb5a" testId="60ee8893-713f-babf-74d4-1e2565864ab2" testName="TestEventBeanPropertyResolutionCaseInsensitive" computerName="NEBULOUS" duration="00:00:00.1818130" startTime="2026-04-11T08:25:23.3596649-05:00" endTime="2026-04-11T08:25:23.5414745-05:00" testType="13cdc9d9-ddb5-4fa4-a97d-d965ccfc6d4b" outcome="Passed" testListId="8c84fa94-04c1-424b-9868-57a2d4851a1d" relativeResultsDirectory="cf3a973c-7ef6-4de8-ab17-0742f79ebb5a" />
    <UnitTestResult executionId="69616293-79a5-4db1-9412-e9733cab8d92" testId="98b9c932-c0f7-2803-3173-80d70d51aee8" testName="WithCreateSchema" computerName="NEBULOUS" duration="00:00:00.2396820" startTime="2026-04-11T08:28:35.1677149-05:00" endTime="2026-04-11T08:28:35.4073928-05:00" testType="13cdc9d9-ddb5-4fa4-a97d-d965ccfc6d4b" outcome="Passed" testListId="8c84fa94-04c1-424b-9868-57a2d4851a1d" relativeResultsDirectory="69616293-79a5-4db1-9412-e9733cab8d92" />
    <UnitTestResult executionId="ac810e2f-a270-4901-82f9-55d6f8ecd48a" testId="d3db745e-fc3e-40cd-6361-b71e23167663" testName="TestEventBeanEventPropertyDynamicPerformance" computerName="NEBULOUS" duration="00:00:00.2166850" startTime="2026-04-11T08:25:15.4067456-05:00" endTime="2026-04-11T08:25:15.6234266-05:00" testType="13cdc9d9-ddb5-4fa4-a97d-d965ccfc6d4b" outcome="Passed" testListId="8c84fa94-04c1-424b-9868-57a2d4851a1d" relativeResultsDirectory="ac810e2f-a270-4901-82f9-55d6f8ecd48a" />
    <UnitTestResult executionId="b98a4238-2790-461c-b3e2-39f12b633bb9" testId="a86875cf-8379-4c38-8926-2b61c17e0c00" testName="WithPreconfig" computerName="NEBULOUS" duration="00:00:00.1479020" startTime="2026-04-11T08:28:46.5679223-05:00" endTime="2026-04-11T08:28:46.7158215-05:00" testType="13cdc9d9-ddb5-4fa4-a97d-d965ccfc6d4b" outcome="Passed" testListId="8c84fa94-04c1-424b-9868-57a2d4851a1d" relativeResultsDirectory="b98a4238-2790-461c-b3e2-39f12b633bb9" />
    <UnitTestResult executionId="ab14a3de-9be5-4456-a02a-6a862140b403" testId="41f5aa78-6171-4857-23d2-4d2f7a145dec" testName="WithSimple" computerName="NEBULOUS" duration="00:00:00.3188320" startTime="2026-04-11T08:28:29.3169308-05:00" endTime="2026-04-11T08:28:29.6357578-05:00" testType="13cdc9d9-ddb5-4fa4-a97d-d965ccfc6d4b" outcome="Passed" testListId="8c84fa94-04c1-424b-9868-57a2d4851a1d" relativeResultsDirectory="ab14a3de-9be5-4456-a02a-6a862140b403" />
    <UnitTestResult executionId="f8e8773d-4c9f-4cd5-811d-244b2527c056" testId="14ba7746-4e83-e623-ed08-4c2b6f611fc3" testName="WithRenderSimple" computerName="NEBULOUS" duration="00:00:00.0849690" startTime="2026-04-11T08:28:27.0765373-05:00" endTime="2026-04-11T08:28:27.1615049-05:00" testType="13cdc9d9-ddb5-4fa4-a97d-d965ccfc6d4b" outcome="Passed" testListId="8c84fa94-04c1-424b-9868-57a2d4851a1d" relativeResultsDirectory="f8e8773d-4c9f-4cd5-811d-244b2527c056" />
    <UnitTestResult executionId="6d7107a2-a083-4fc6-942c-1d80720354c1" testId="7b410ecd-2262-740a-fba9-065200d477a9" testName="WithMapNamePropertyNested" computerName="NEBULOUS" duration="00:00:00.1719169" startTime="2026-04-11T08:28:23.2459870-05:00" endTime="2026-04-11T08:28:23.4179015-05:00" testType="13cdc9d9-ddb5-4fa4-a97d-d965ccfc6d4b" outcome="Passed" testListId="8c84fa94-04c1-424b-9868-57a2d4851a1d" relativeResultsDirectory="6d7107a2-a083-4fc6-942c-1d80720354c1" />
    <UnitTestResult executionId="aef1857d-2f59-485b-a873-3c409333f51b" testId="c4df153c-cf50-df2b-ea1e-490bf219c75a" testName="TestEventInfraPropertyUnderlyingSimple(JSONCLASSPROVIDED)" computerName="NEBULOUS" duration="00:00:01.2929580" startTime="2026-04-11T08:28:10.1253324-05:00" endTime="2026-04-11T08:28:11.4182698-05:00" testType="13cdc9d9-ddb5-4fa4-a97d-d965ccfc6d4b" outcome="Passed" testListId="8c84fa94-04c1-424b-9868-57a2d4851a1d" relativeResultsDirectory="aef1857d-2f59-485b-a873-3c409333f51b" />
    <UnitTestResult executionId="d6185960-d19a-457b-986a-29b0861f550a" testId="276030dc-b98c-39b4-7c66-4eb0c440c0e7" testName="WithEnquote" computerName="NEBULOUS" duration="00:00:00.0050460" startTime="2026-04-11T08:28:26.9258243-05:00" endTime="2026-04-11T08:28:26.9308707-05:00" testType="13cdc9d9-ddb5-4fa4-a97d-d965ccfc6d4b" outcome="Passed" testListId="8c84fa94-04c1-424b-9868-57a2d4851a1d" relativeResultsDirectory="d6185960-d19a-457b-986a-29b0861f550a" />
    <UnitTestResult executionId="fb1045d5-b762-4aa3-aa41-ee56843ac7f1" testId="8e45f80f-a0c7-63af-fe29-a7743d51f43f" testName="TestEventBeanPrivateClass" computerName="NEBULOUS" duration="00:00:00.0201710" startTime="2026-04-11T08:25:17.2696188-05:00" endTime="2026-04-11T08:25:17.2897891-05:00" testType="13cdc9d9-ddb5-4fa4-a97d-d965ccfc6d4b" outcome="Passed" testListId="8c84fa94-04c1-424b-9868-57a2d4851a1d" relativeResultsDirectory="fb1045d5-b762-4aa3-aa41-ee56843ac7f1" />
    <UnitTestResult executionId="9c77a57c-7e34-4e55-8695-6f4a0b8b298c" testId="749fc1b6-1a07-580b-3018-6d24b1c7d123" testName="TestEventInfraPropertyNestedIndexed(DEFAULT)" computerName="NEBULOUS" duration="00:00:00.3017090" startTime="2026-04-11T08:28:02.4265279-05:00" endTime="2026-04-11T08:28:02.7282322-05:00" testType="13cdc9d9-ddb5-4fa4-a97d-d965ccfc6d4b" outcome="Passed" testListId="8c84fa94-04c1-424b-9868-57a2d4851a1d" relativeResultsDirectory="9c77a57c-7e34-4e55-8695-6f4a0b8b298c" />
    <UnitTestResult executionId="7a3d8b86-93e6-4f2c-bbad-2c746de5f130" testId="edd236c6-377f-5ef9-f781-16e5b2e813d6" testName="WithPreconfig" computerName="NEBULOUS" duration="00:00:00.1616690" startTime="2026-04-11T08:28:35.0059791-05:00" endTime="2026-04-11T08:28:35.1676456-05:00" testType="13cdc9d9-ddb5-4fa4-a97d-d965ccfc6d4b" outcome="Passed" testListId="8c84fa94-04c1-424b-9868-57a2d4851a1d" relativeResultsDirectory="7a3d8b86-93e6-4f2c-bbad-2c746de5f130" />
    <UnitTestResult executionId="83e8f944-b7d2-4682-9c50-5b4ce83618f8" testId="b2e449f6-97b5-45ea-e7fe-e3b2c12bf20e" testName="TestEventBeanPropertyResolutionCaseDistinctInsensitive" computerName="NEBULOUS" duration="00:00:00.1076860" startTime="2026-04-11T08:25:23.2519655-05:00" endTime="2026-04-11T08:25:23.3596489-05:00" testType="13cdc9d9-ddb5-4fa4-a97d-d965ccfc6d4b" outcome="Passed" testListId="8c84fa94-04c1-424b-9868-57a2d4851a1d" relativeResultsDirectory="83e8f944-b7d2-4682-9c50-5b4ce83618f8" />
    <UnitTestResult executionId="c3d134bb-2a82-4a0c-8a5e-927822b40c3f" testId="cc3b6eea-cb35-deb5-723f-6a2f5fa60509" testName="WithCreateSchema" computerName="NEBULOUS" duration="00:00:00.1935980" startTime="2026-04-11T08:28:39.8385228-05:00" endTime="2026-04-11T08:28:40.0321174-05:00" testType="13cdc9d9-ddb5-4fa4-a97d-d965ccfc6d4b" outcome="Passed" testListId="8c84fa94-04c1-424b-9868-57a2d4851a1d" relativeResultsDirectory="c3d134bb-2a82-4a0c-8a5e-927822b40c3f" />
    <UnitTestResult executionId="f6d1ea3e-541e-48e3-a4d4-616bc14715b6" testId="2c8f3d4a-cb13-4c63-87ff-765ee6bb7aa9" testName="WithPreconfig" computerName="NEBULOUS" duration="00:00:00.1640359" startTime="2026-04-11T08:28:39.0087191-05:00" endTime="2026-04-11T08:28:39.1727519-05:00" testType="13cdc9d9-ddb5-4fa4-a97d-d965ccfc6d4b" outcome="Passed" testListId="8c84fa94-04c1-424b-9868-57a2d4851a1d" relativeResultsDirectory="f6d1ea3e-541e-48e3-a4d4-616bc14715b6" />
    <UnitTestResult executionId="b6ecab2f-3f05-4a74-a1f7-0054dd2a21d9" testId="01602486-81b7-e590-07f9-03c6f8dc93cc" testName="WithCreateSchema" computerName="NEBULOUS" duration="00:00:00.1574869" startTime="2026-04-11T08:28:34.8484833-05:00" endTime="2026-04-11T08:28:35.0059673-05:00" testType="13cdc9d9-ddb5-4fa4-a97d-d965ccfc6d4b" outcome="Passed" testListId="8c84fa94-04c1-424b-9868-57a2d4851a1d" relativeResultsDirectory="b6ecab2f-3f05-4a74-a1f7-0054dd2a21d9" />
    <UnitTestResult executionId="2002edf0-53e8-4b60-8cd5-107ad29fa500" testId="a99341cc-a17e-acc1-b573-b299bf900a45" testName="TestEventInfraEventRenderer" computerName="NEBULOUS" duration="00:00:01.5221840" startTime="2026-04-11T08:25:50.0818327-05:00" endTime="2026-04-11T08:25:51.6039924-05:00" testType="13cdc9d9-ddb5-4fa4-a97d-d965ccfc6d4b" outcome="Passed" testListId="8c84fa94-04c1-424b-9868-57a2d4851a1d" relativeResultsDirectory="2002edf0-53e8-4b60-8cd5-107ad29fa500" />
    <UnitTestResult executionId="709b5475-cddd-4a9f-acea-ab9567282060" testId="5ff09b39-f3f1-42a2-6f0b-5703a738c2fb" testName="TestEventInfraPropertyDynamicNonSimple(DEFAULT)" computerName="NEBULOUS" duration="00:00:00.2251450" startTime="2026-04-11T08:27:41.8346305-05:00" endTime="2026-04-11T08:27:42.0597718-05:00" testType="13cdc9d9-ddb5-4fa4-a97d-d965ccfc6d4b" outcome="Passed" testListId="8c84fa94-04c1-424b-9868-57a2d4851a1d" relativeResultsDirectory="709b5475-cddd-4a9f-acea-ab9567282060" />
    <UnitTestResult executionId="b8a30aa2-62d5-4e56-a22a-31bf187c3612" testId="9adafd86-5b06-6c7f-1380-7546ceb0fc03" testName="TestEventInfraPropertyNestedIndexed(AVRO)" computerName="NEBULOUS" duration="00:00:00.2156860" startTime="2026-04-11T08:27:59.4842750-05:00" endTime="2026-04-11T08:27:59.6999570-05:00" testType="13cdc9d9-ddb5-4fa4-a97d-d965ccfc6d4b" outcome="Passed" testListId="8c84fa94-04c1-424b-9868-57a2d4851a1d" relativeResultsDirectory="b8a30aa2-62d5-4e56-a22a-31bf187c3612" />
    <UnitTestResult executionId="7813a7d6-a5b5-45c7-be77-fa52d7c6ffd3" testId="9647a431-3f69-cd60-8cef-7eaae5e575a7" testName="WithNativeBeanFragment" computerName="NEBULOUS" duration="00:00:00.2358680" startTime="2026-04-11T08:25:19.9432902-05:00" endTime="2026-04-11T08:25:20.1791543-05:00" testType="13cdc9d9-ddb5-4fa4-a97d-d965ccfc6d4b" outcome="Passed" testListId="8c84fa94-04c1-424b-9868-57a2d4851a1d" relativeResultsDirectory="7813a7d6-a5b5-45c7-be77-fa52d7c6ffd3" />
    <UnitTestResult executionId="829dd027-eaab-49b6-8ea5-af36e8a68686" testId="fa5ec6a7-6fc2-53a1-6626-7d0a9c6b8ef4" testName="WithCreateSchema" computerName="NEBULOUS" duration="00:00:01.0600320" startTime="2026-04-11T08:28:36.3418701-05:00" endTime="2026-04-11T08:28:37.4018851-05:00" testType="13cdc9d9-ddb5-4fa4-a97d-d965ccfc6d4b" outcome="Passed" testListId="8c84fa94-04c1-424b-9868-57a2d4851a1d" relativeResultsDirectory="829dd027-eaab-49b6-8ea5-af36e8a68686" />
    <UnitTestResult executionId="7e766cb9-b5b9-49eb-94b8-2a5014002b30" testId="2e517862-b5ab-fbb3-2942-b25d78d0a322" testName="TestEventInfraPropertyMappedRuntimeKey(MAP)" computerName="NEBULOUS" duration="00:00:01.0632080" startTime="2026-04-11T08:27:53.4196047-05:00" endTime="2026-04-11T08:27:54.4827953-05:00" testType="13cdc9d9-ddb5-4fa4-a97d-d965ccfc6d4b" outcome="Passed" testListId="8c84fa94-04c1-424b-9868-57a2d4851a1d" relativeResultsDirectory="7e766cb9-b5b9-49eb-94b8-2a5014002b30" />
    <UnitTestResult executionId="f7e28ba4-d25b-4c9a-91eb-1dacd5ae8e63" testId="432235fa-815a-1045-68d2-301ce51f5da1" testName="TestEventBeanNativeAccessor" computerName="NEBULOUS" duration="00:00:00.1877800" startTime="2026-04-11T08:25:17.0818134-05:00" endTime="2026-04-11T08:25:17.2695898-05:00" testType="13cdc9d9-ddb5-4fa4-a97d-d965ccfc6d4b" outcome="Passed" testListId="8c84fa94-04c1-424b-9868-57a2d4851a1d" relativeResultsDirectory="f7e28ba4-d25b-4c9a-91eb-1dacd5ae8e63" />
    <UnitTestResult executionId="36889c01-2157-43af-a03f-7be211a322b8" testId="4b2f4eb7-acbd-f870-520f-0e85352ff3ba" testName="TestEventObjectArrayInheritanceConfigRuntime" computerName="NEBULOUS" duration="00:00:01.2435110" startTime="2026-04-11T08:28:23.8240694-05:00" endTime="2026-04-11T08:28:25.0675603-05:00" testType="13cdc9d9-ddb5-4fa4-a97d-d965ccfc6d4b" outcome="Passed" testListId="8c84fa94-04c1-424b-9868-57a2d4851a1d" relativeResultsDirectory="36889c01-2157-43af-a03f-7be211a322b8" />
    <UnitTestResult executionId="4f2f391a-1267-4d84-bf38-9569ce94cbe9" testId="1a1e97f2-228e-07a0-397b-ea0406e0d99f" testName="TestEventInfraGetterNestedSimpleNoFragment" computerName="NEBULOUS" duration="00:00:05.4955590" startTime="2026-04-11T08:26:31.9526664-05:00" endTime="2026-04-11T08:26:37.4481378-05:00" testType="13cdc9d9-ddb5-4fa4-a97d-d965ccfc6d4b" outcome="Passed" testListId="8c84fa94-04c1-424b-9868-57a2d4851a1d" relativeResultsDirectory="4f2f391a-1267-4d84-bf38-9569ce94cbe9" />
    <UnitTestResult executionId="43fad066-a08b-4809-9dd6-bbac1ca71ae1" testId="a87bf612-fe99-9c81-f9cd-67066cd09fef" testName="WithCreateSchema" computerName="NEBULOUS" duration="00:00:00.3660109" startTime="2026-04-11T08:28:41.2230714-05:00" endTime="2026-04-11T08:28:41.5890762-05:00" testType="13cdc9d9-ddb5-4fa4-a97d-d965ccfc6d4b" outcome="Failed" testListId="8c84fa94-04c1-424b-9868-57a2d4851a1d" relativeResultsDirectory="43fad066-a08b-4809-9dd6-bbac1ca71ae1">
      <Output>
        <ErrorInfo>
          <Message>failed assertion for property 'Observation.Command' </Message>
          <StackTrace>   at com.espertech.esper.common.internal.util.AssertProxy.Fail(String message) in D:\src\Espertech\NEsper-8.9.x\src\NEsper.Common\common\internal\util\AssertProxy.cs:line 85&#xD;
   at com.espertech.esper.common.client.scopetest.ScopeTestHelper.Fail(String message) in D:\src\Espertech\NEsper-8.9.x\src\NEsper.Common\common\client\scopetest\ScopeTestHelper.cs:line 241&#xD;
   at com.espertech.esper.common.client.scopetest.ScopeTestHelper.AssertTrue(String message, Boolean condition) in D:\src\Espertech\NEsper-8.9.x\src\NEsper.Common\common\client\scopetest\ScopeTestHelper.cs:line 58&#xD;
   at com.espertech.esper.common.internal.support.SupportEventTypeAssertionUtil.AssertConsistencyProperties(EventType eventType) in D:\src\Espertech\NEsper-8.9.x\src\NEsper.Common\common\internal\support\SupportEventTypeAssertionUtil.cs:line 401&#xD;
   at com.espertech.esper.common.internal.support.SupportEventTypeAssertionUtil.AssertConsistencyRecursive(EventType eventType, ISet`1 alreadySeenTypes) in D:\src\Espertech\NEsper-8.9.x\src\NEsper.Common\common\internal\support\SupportEventTypeAssertionUtil.cs:line 350&#xD;
   at com.espertech.esper.common.internal.support.SupportEventTypeAssertionUtil.AssertConsistencyRecursive(EventBean eventBean, ISet`1 alreadySeenTypes) in D:\src\Espertech\NEsper-8.9.x\src\NEsper.Common\common\internal\support\SupportEventTypeAssertionUtil.cs:line 265&#xD;
   at com.espertech.esper.common.internal.support.SupportEventTypeAssertionUtil.AssertConsistency(EventBean eventBean) in D:\src\Espertech\NEsper-8.9.x\src\NEsper.Common\common\internal\support\SupportEventTypeAssertionUtil.cs:line 43&#xD;
   at com.espertech.esper.regressionlib.suite.event.xml.EventXMLSchemaEventObservationDOM.&lt;&gt;c.&lt;RunAssertion&gt;b__6_0(IEnumerator`1 iterator) in D:\src\Espertech\NEsper-8.9.x\tst\NEsper.Regression\suite\event\xml\EventXMLSchemaEventObservationDOM.cs:line 114&#xD;
   at com.espertech.esper.regressionlib.framework.RegressionEnvironmentBase.AssertIterator(String statementName, Consumer`1 assertor) in D:\src\Espertech\NEsper-8.9.x\tst\NEsper.Regression\framework\RegressionEnvironmentBase.cs:line 875&#xD;
   at com.espertech.esper.regressionlib.suite.event.xml.EventXMLSchemaEventObservationDOM.RunAssertion(RegressionEnvironment env, String eventTypeName, RegressionPath path) in D:\src\Espertech\NEsper-8.9.x\tst\NEsper.Regression\suite\event\xml\EventXMLSchemaEventObservationDOM.cs:line 114&#xD;
   at com.espertech.esper.regressionlib.suite.event.xml.EventXMLSchemaEventObservationDOM.EventXMLSchemaEventObservationDOMCreateSchema.Run(RegressionEnvironment env) in D:\src\Espertech\NEsper-8.9.x\tst\NEsper.Regression\suite\event\xml\EventXMLSchemaEventObservationDOM.cs:line 80&#xD;
   at com.espertech.esper.regressionrun.runner.RegressionRunner.RunInternal(RegressionSession session, RegressionExecution execution) in D:\src\Espertech\NEsper-8.9.x\tst\NEsper.Regression.Runner\runner\RegressionRunner.cs:line 122&#xD;
   at com.espertech.esper.regressionrun.runner.RegressionRunner.Run[T](RegressionSession session, ICollection`1 executions, Boolean usePerfContext) in D:\src\Espertech\NEsper-8.9.x\tst\NEsper.Regression.Runner\runner\RegressionRunner.cs:line 77&#xD;
   at com.espertech.esper.regressionrun.suite.event.TestSuiteEventXML.TestEventXMLSchemaEventObservationDOM.WithCreateSchema() in D:\src\Espertech\NEsper-8.9.x\tst\NEsper.Regression.Runner\suite\event\TestSuiteEventXML.cs:line 497&#xD;

1)    at com.espertech.esper.common.internal.util.AssertProxy.Fail(String message) in D:\src\Espertech\NEsper-8.9.x\src\NEsper.Common\common\internal\util\AssertProxy.cs:line 85&#xD;
   at com.espertech.esper.common.client.scopetest.ScopeTestHelper.Fail(String message) in D:\src\Espertech\NEsper-8.9.x\src\NEsper.Common\common\client\scopetest\ScopeTestHelper.cs:line 241&#xD;
   at com.espertech.esper.common.client.scopetest.ScopeTestHelper.AssertTrue(String message, Boolean condition) in D:\src\Espertech\NEsper-8.9.x\src\NEsper.Common\common\client\scopetest\ScopeTestHelper.cs:line 58&#xD;
   at com.espertech.esper.common.internal.support.SupportEventTypeAssertionUtil.AssertConsistencyProperties(EventType eventType) in D:\src\Espertech\NEsper-8.9.x\src\NEsper.Common\common\internal\support\SupportEventTypeAssertionUtil.cs:line 401&#xD;
   at com.espertech.esper.common.internal.support.SupportEventTypeAssertionUtil.AssertConsistencyRecursive(EventType eventType, ISet`1 alreadySeenTypes) in D:\src\Espertech\NEsper-8.9.x\src\NEsper.Common\common\internal\support\SupportEventTypeAssertionUtil.cs:line 350&#xD;
   at com.espertech.esper.common.internal.support.SupportEventTypeAssertionUtil.AssertConsistencyRecursive(EventBean eventBean, ISet`1 alreadySeenTypes) in D:\src\Espertech\NEsper-8.9.x\src\NEsper.Common\common\internal\support\SupportEventTypeAssertionUtil.cs:line 265&#xD;
   at com.espertech.esper.common.internal.support.SupportEventTypeAssertionUtil.AssertConsistency(EventBean eventBean) in D:\src\Espertech\NEsper-8.9.x\src\NEsper.Common\common\internal\support\SupportEventTypeAssertionUtil.cs:line 43&#xD;
   at com.espertech.esper.regressionlib.suite.event.xml.EventXMLSchemaEventObservationDOM.&lt;&gt;c.&lt;RunAssertion&gt;b__6_0(IEnumerator`1 iterator) in D:\src\Espertech\NEsper-8.9.x\tst\NEsper.Regression\suite\event\xml\EventXMLSchemaEventObservationDOM.cs:line 114&#xD;
   at com.espertech.esper.regressionlib.framework.RegressionEnvironmentBase.AssertIterator(String statementName, Consumer`1 assertor) in D:\src\Espertech\NEsper-8.9.x\tst\NEsper.Regression\framework\RegressionEnvironmentBase.cs:line 875&#xD;
   at com.espertech.esper.regressionlib.suite.event.xml.EventXMLSchemaEventObservationDOM.RunAssertion(RegressionEnvironment env, String eventTypeName, RegressionPath path) in D:\src\Espertech\NEsper-8.9.x\tst\NEsper.Regression\suite\event\xml\EventXMLSchemaEventObservationDOM.cs:line 114&#xD;
   at com.espertech.esper.regressionlib.suite.event.xml.EventXMLSchemaEventObservationDOM.EventXMLSchemaEventObservationDOMCreateSchema.Run(RegressionEnvironment env) in D:\src\Espertech\NEsper-8.9.x\tst\NEsper.Regression\suite\event\xml\EventXMLSchemaEventObservationDOM.cs:line 80&#xD;
   at com.espertech.esper.regressionrun.runner.RegressionRunner.RunInternal(RegressionSession session, RegressionExecution execution) in D:\src\Espertech\NEsper-8.9.x\tst\NEsper.Regression.Runner\runner\RegressionRunner.cs:line 122&#xD;
   at com.espertech.esper.regressionrun.runner.RegressionRunner.Run[T](RegressionSession session, ICollection`1 executions, Boolean usePerfContext) in D:\src\Espertech\NEsper-8.9.x\tst\NEsper.Regression.Runner\runner\RegressionRunner.cs:line 77&#xD;
   at com.espertech.esper.regressionrun.suite.event.TestSuiteEventXML.TestEventXMLSchemaEventObservationDOM.WithCreateSchema() in D:\src\Espertech\NEsper-8.9.x\tst\NEsper.Regression.Runner\suite\event\TestSuiteEventXML.cs:line 497&#xD;

</StackTrace>
        </ErrorInfo>
      </Output>
    </UnitTestResult>
    <UnitTestResult executionId="ca379d75-a63d-44b8-9751-99f8bdeb42c8" testId="585cee30-c8a5-d9fd-5b94-157fdd5d8eac" testName="WithCreateSchema" computerName="NEBULOUS" duration="00:00:00.1791080" startTime="2026-04-11T08:28:47.0012802-05:00" endTime="2026-04-11T08:28:47.1803855-05:00" testType="13cdc9d9-ddb5-4fa4-a97d-d965ccfc6d4b" outcome="Passed" testListId="8c84fa94-04c1-424b-9868-57a2d4851a1d" relativeResultsDirectory="ca379d75-a63d-44b8-9751-99f8bdeb42c8" />
    <UnitTestResult executionId="33b45323-845f-4fc0-988e-651fc0e2e809" testId="ee381ec9-3a87-a26f-8107-26cc80235fbe" testName="WithMappedProperty" computerName="NEBULOUS" duration="00:00:00.2111310" startTime="2026-04-11T08:28:17.9037166-05:00" endTime="2026-04-11T08:28:18.1148440-05:00" testType="13cdc9d9-ddb5-4fa4-a97d-d965ccfc6d4b" outcome="Passed" testListId="8c84fa94-04c1-424b-9868-57a2d4851a1d" relativeResultsDirectory="33b45323-845f-4fc0-988e-651fc0e2e809" />
    <UnitTestResult executionId="58574dc2-c206-449d-a1bd-6b53609291c5" testId="3782da78-f555-de95-eb95-0bda8b2db22e" testName="TestEventAvroSampleConfigDocOutputSchema" computerName="NEBULOUS" duration="00:00:00.3844490" startTime="2026-04-11T08:25:13.9014716-05:00" endTime="2026-04-11T08:25:14.2859136-05:00" testType="13cdc9d9-ddb5-4fa4-a97d-d965ccfc6d4b" outcome="Passed" testListId="8c84fa94-04c1-424b-9868-57a2d4851a1d" relativeResultsDirectory="58574dc2-c206-449d-a1bd-6b53609291c5" />
    <UnitTestResult executionId="785d400e-f1eb-4bc6-ac7d-ebca1eec3745" testId="b7bc4952-f6b6-d289-b8de-d176ee8392aa" testName="WithMapFragmentMapNested" computerName="NEBULOUS" duration="00:00:00.1975329" startTime="2026-04-11T08:25:19.1646270-05:00" endTime="2026-04-11T08:25:19.3621564-05:00" testType="13cdc9d9-ddb5-4fa4-a97d-d965ccfc6d4b" outcome="Passed" testListId="8c84fa94-04c1-424b-9868-57a2d4851a1d" relativeResultsDirectory="785d400e-f1eb-4bc6-ac7d-ebca1eec3745" />
    <UnitTestResult executionId="6210fb6c-613e-4b24-8e5d-00904c56fdcb" testId="1753da56-4823-a54b-9ccb-5718e49c2dd2" testName="WithMetadata" computerName="NEBULOUS" duration="00:00:00.0051580" startTime="2026-04-11T08:28:16.6897342-05:00" endTime="2026-04-11T08:28:16.6948919-05:00" testType="13cdc9d9-ddb5-4fa4-a97d-d965ccfc6d4b" outcome="Passed" testListId="8c84fa94-04c1-424b-9868-57a2d4851a1d" relativeResultsDirectory="6210fb6c-613e-4b24-8e5d-00904c56fdcb" />
    <UnitTestResult executionId="4dbca15a-4b95-40a1-ba4d-0c6abba458bb" testId="f35f5753-bb08-57b6-61f6-a78bb38ee161" testName="TestEventInfraPropertyMappedIndexed(OBJECTARRAY)" computerName="NEBULOUS" duration="00:00:00.1287460" startTime="2026-04-11T08:27:51.5350987-05:00" endTime="2026-04-11T08:27:51.6638422-05:00" testType="13cdc9d9-ddb5-4fa4-a97d-d965ccfc6d4b" outcome="Passed" testListId="8c84fa94-04c1-424b-9868-57a2d4851a1d" relativeResultsDirectory="4dbca15a-4b95-40a1-ba4d-0c6abba458bb" />
    <UnitTestResult executionId="fc1af15f-2fce-495f-9143-05130ccacc6d" testId="f3cbc14a-6ce6-5416-f31d-e9f041d37ed8" testName="TestEventInfraManufacturer" computerName="NEBULOUS" duration="00:00:00.3071360" startTime="2026-04-11T08:26:51.5147349-05:00" endTime="2026-04-11T08:26:51.8218660-05:00" testType="13cdc9d9-ddb5-4fa4-a97d-d965ccfc6d4b" outcome="Passed" testListId="8c84fa94-04c1-424b-9868-57a2d4851a1d" relativeResultsDirectory="fc1af15f-2fce-495f-9143-05130ccacc6d" />
    <UnitTestResult executionId="98be1531-6396-4efc-a0fc-f6fdc2dd0ed7" testId="f0ab1c74-a2ad-09b7-b7a1-3cdefe52298e" testName="WithCoercionBoxedTypeMatch" computerName="NEBULOUS" duration="00:00:00.3068520" startTime="2026-04-11T08:28:27.8655771-05:00" endTime="2026-04-11T08:28:28.1724243-05:00" testType="13cdc9d9-ddb5-4fa4-a97d-d965ccfc6d4b" outcome="Passed" testListId="8c84fa94-04c1-424b-9868-57a2d4851a1d" relativeResultsDirectory="98be1531-6396-4efc-a0fc-f6fdc2dd0ed7" />
    <UnitTestResult executionId="d27ef093-0b83-4d1e-8cb1-f1542253baaf" testId="7974bcd5-8a71-ffd4-f04f-3804898733ca" testName="TestEventInfraPropertyNestedIndexed(JSON)" computerName="NEBULOUS" duration="00:00:01.3639750" startTime="2026-04-11T08:27:59.6999742-05:00" endTime="2026-04-11T08:28:01.0639273-05:00" testType="13cdc9d9-ddb5-4fa4-a97d-d965ccfc6d4b" outcome="Passed" testListId="8c84fa94-04c1-424b-9868-57a2d4851a1d" relativeResultsDirectory="d27ef093-0b83-4d1e-8cb1-f1542253baaf" />
    <UnitTestResult executionId="37cdbd3f-0ce4-4151-8e64-735a50e55fc9" testId="e45d3014-18b2-c704-6d28-5c87a432e413" testName="TestEventInfraPropertyMappedIndexed(DEFAULT)" computerName="NEBULOUS" duration="00:00:00.0993909" startTime="2026-04-11T08:27:52.2162428-05:00" endTime="2026-04-11T08:27:52.3156325-05:00" testType="13cdc9d9-ddb5-4fa4-a97d-d965ccfc6d4b" outcome="Passed" testListId="8c84fa94-04c1-424b-9868-57a2d4851a1d" relativeResultsDirectory="37cdbd3f-0ce4-4151-8e64-735a50e55fc9" />
    <UnitTestResult executionId="04ce6b42-5f2d-4356-9cb8-97e495cdcf56" testId="14d63658-7387-24de-3af1-4a1ba0be26a4" testName="TestEventInfraPropertyUnderlyingSimple(AVRO)" computerName="NEBULOUS" duration="00:00:01.2836420" startTime="2026-04-11T08:28:07.5671160-05:00" endTime="2026-04-11T08:28:08.8507379-05:00" testType="13cdc9d9-ddb5-4fa4-a97d-d965ccfc6d4b" outcome="Passed" testListId="8c84fa94-04c1-424b-9868-57a2d4851a1d" relativeResultsDirectory="04ce6b42-5f2d-4356-9cb8-97e495cdcf56" />
    <UnitTestResult executionId="89276016-2fc4-401f-ac37-fca64d9f0ce0" testId="918ed9d0-41f1-8b16-930c-35145e688100" testName="TestEventInfraPropertyDynamicNonSimple(JSONCLASSPROVIDED)" computerName="NEBULOUS" duration="00:00:00.1816610" startTime="2026-04-11T08:27:41.6529603-05:00" endTime="2026-04-11T08:27:41.8346183-05:00" testType="13cdc9d9-ddb5-4fa4-a97d-d965ccfc6d4b" outcome="Passed" testListId="8c84fa94-04c1-424b-9868-57a2d4851a1d" relativeResultsDirectory="89276016-2fc4-401f-ac37-fca64d9f0ce0" />
    <UnitTestResult executionId="7c789e85-d262-4945-88ac-627a5638d464" testId="574ced92-f846-a7d3-0990-dd4e41465af7" testName="TestEventInfraContainedNested" computerName="NEBULOUS" duration="00:00:06.4983670" startTime="2026-04-11T08:25:30.6470952-05:00" endTime="2026-04-11T08:25:37.1453581-05:00" testType="13cdc9d9-ddb5-4fa4-a97d-d965ccfc6d4b" outcome="Passed" testListId="8c84fa94-04c1-424b-9868-57a2d4851a1d" relativeResultsDirectory="7c789e85-d262-4945-88ac-627a5638d464" />
    <UnitTestResult executionId="92629996-7760-4139-9dcd-7eb66e1d001e" testId="e5636f57-33a1-1d96-6c58-e13b1548b177" testName="WithPreconfig" computerName="NEBULOUS" duration="00:00:00.1060490" startTime="2026-04-11T08:28:35.4074044-05:00" endTime="2026-04-11T08:28:35.5134515-05:00" testType="13cdc9d9-ddb5-4fa4-a97d-d965ccfc6d4b" outcome="Passed" testListId="8c84fa94-04c1-424b-9868-57a2d4851a1d" relativeResultsDirectory="92629996-7760-4139-9dcd-7eb66e1d001e" />
    <UnitTestResult executionId="d9fd9ca2-884c-4a67-8bdb-3c07161988f9" testId="6a9b4097-73fe-cafd-dbb1-f9cf1fe4633b" testName="TestEventInfraPropertyDynamicNestedDeep" computerName="NEBULOUS" duration="00:00:01.8993100" startTime="2026-04-11T08:27:37.4858108-05:00" endTime="2026-04-11T08:27:39.3850902-05:00" testType="13cdc9d9-ddb5-4fa4-a97d-d965ccfc6d4b" outcome="Passed" testListId="8c84fa94-04c1-424b-9868-57a2d4851a1d" relativeResultsDirectory="d9fd9ca2-884c-4a67-8bdb-3c07161988f9" />
    <UnitTestResult executionId="b3010f2c-a6c7-42c2-b123-1a2a37d6e7b6" testId="87ca37e8-4150-458a-e19a-c1e210084e37" testName="WithPreconfig" computerName="NEBULOUS" duration="00:00:00.2936970" startTime="2026-04-11T08:28:41.5891421-05:00" endTime="2026-04-11T08:28:41.8828342-05:00" testType="13cdc9d9-ddb5-4fa4-a97d-d965ccfc6d4b" outcome="Failed" testListId="8c84fa94-04c1-424b-9868-57a2d4851a1d" relativeResultsDirectory="b3010f2c-a6c7-42c2-b123-1a2a37d6e7b6">
      <Output>
        <ErrorInfo>
          <Message>failed assertion for property 'Observation.Command' </Message>
          <StackTrace>   at com.espertech.esper.common.internal.util.AssertProxy.Fail(String message) in D:\src\Espertech\NEsper-8.9.x\src\NEsper.Common\common\internal\util\AssertProxy.cs:line 85&#xD;
   at com.espertech.esper.common.client.scopetest.ScopeTestHelper.Fail(String message) in D:\src\Espertech\NEsper-8.9.x\src\NEsper.Common\common\client\scopetest\ScopeTestHelper.cs:line 241&#xD;
   at com.espertech.esper.common.client.scopetest.ScopeTestHelper.AssertTrue(String message, Boolean condition) in D:\src\Espertech\NEsper-8.9.x\src\NEsper.Common\common\client\scopetest\ScopeTestHelper.cs:line 58&#xD;
   at com.espertech.esper.common.internal.support.SupportEventTypeAssertionUtil.AssertConsistencyProperties(EventType eventType) in D:\src\Espertech\NEsper-8.9.x\src\NEsper.Common\common\internal\support\SupportEventTypeAssertionUtil.cs:line 401&#xD;
   at com.espertech.esper.common.internal.support.SupportEventTypeAssertionUtil.AssertConsistencyRecursive(EventType eventType, ISet`1 alreadySeenTypes) in D:\src\Espertech\NEsper-8.9.x\src\NEsper.Common\common\internal\support\SupportEventTypeAssertionUtil.cs:line 350&#xD;
   at com.espertech.esper.common.internal.support.SupportEventTypeAssertionUtil.AssertConsistencyRecursive(EventBean eventBean, ISet`1 alreadySeenTypes) in D:\src\Espertech\NEsper-8.9.x\src\NEsper.Common\common\internal\support\SupportEventTypeAssertionUtil.cs:line 265&#xD;
   at com.espertech.esper.common.internal.support.SupportEventTypeAssertionUtil.AssertConsistency(EventBean eventBean) in D:\src\Espertech\NEsper-8.9.x\src\NEsper.Common\common\internal\support\SupportEventTypeAssertionUtil.cs:line 43&#xD;
   at com.espertech.esper.regressionlib.suite.event.xml.EventXMLSchemaEventObservationDOM.&lt;&gt;c.&lt;RunAssertion&gt;b__6_0(IEnumerator`1 iterator) in D:\src\Espertech\NEsper-8.9.x\tst\NEsper.Regression\suite\event\xml\EventXMLSchemaEventObservationDOM.cs:line 114&#xD;
   at com.espertech.esper.regressionlib.framework.RegressionEnvironmentBase.AssertIterator(String statementName, Consumer`1 assertor) in D:\src\Espertech\NEsper-8.9.x\tst\NEsper.Regression\framework\RegressionEnvironmentBase.cs:line 875&#xD;
   at com.espertech.esper.regressionlib.suite.event.xml.EventXMLSchemaEventObservationDOM.RunAssertion(RegressionEnvironment env, String eventTypeName, RegressionPath path) in D:\src\Espertech\NEsper-8.9.x\tst\NEsper.Regression\suite\event\xml\EventXMLSchemaEventObservationDOM.cs:line 114&#xD;
   at com.espertech.esper.regressionlib.suite.event.xml.EventXMLSchemaEventObservationDOM.EventXMLSchemaEventObservationDOMPreconfig.Run(RegressionEnvironment env) in D:\src\Espertech\NEsper-8.9.x\tst\NEsper.Regression\suite\event\xml\EventXMLSchemaEventObservationDOM.cs:line 63&#xD;
   at com.espertech.esper.regressionrun.runner.RegressionRunner.RunInternal(RegressionSession session, RegressionExecution execution) in D:\src\Espertech\NEsper-8.9.x\tst\NEsper.Regression.Runner\runner\RegressionRunner.cs:line 122&#xD;
   at com.espertech.esper.regressionrun.runner.RegressionRunner.Run[T](RegressionSession session, ICollection`1 executions, Boolean usePerfContext) in D:\src\Espertech\NEsper-8.9.x\tst\NEsper.Regression.Runner\runner\RegressionRunner.cs:line 77&#xD;
   at com.espertech.esper.regressionrun.suite.event.TestSuiteEventXML.TestEventXMLSchemaEventObservationDOM.WithPreconfig() in D:\src\Espertech\NEsper-8.9.x\tst\NEsper.Regression.Runner\suite\event\TestSuiteEventXML.cs:line 500&#xD;

1)    at com.espertech.esper.common.internal.util.AssertProxy.Fail(String message) in D:\src\Espertech\NEsper-8.9.x\src\NEsper.Common\common\internal\util\AssertProxy.cs:line 85&#xD;
   at com.espertech.esper.common.client.scopetest.ScopeTestHelper.Fail(String message) in D:\src\Espertech\NEsper-8.9.x\src\NEsper.Common\common\client\scopetest\ScopeTestHelper.cs:line 241&#xD;
   at com.espertech.esper.common.client.scopetest.ScopeTestHelper.AssertTrue(String message, Boolean condition) in D:\src\Espertech\NEsper-8.9.x\src\NEsper.Common\common\client\scopetest\ScopeTestHelper.cs:line 58&#xD;
   at com.espertech.esper.common.internal.support.SupportEventTypeAssertionUtil.AssertConsistencyProperties(EventType eventType) in D:\src\Espertech\NEsper-8.9.x\src\NEsper.Common\common\internal\support\SupportEventTypeAssertionUtil.cs:line 401&#xD;
   at com.espertech.esper.common.internal.support.SupportEventTypeAssertionUtil.AssertConsistencyRecursive(EventType eventType, ISet`1 alreadySeenTypes) in D:\src\Espertech\NEsper-8.9.x\src\NEsper.Common\common\internal\support\SupportEventTypeAssertionUtil.cs:line 350&#xD;
   at com.espertech.esper.common.internal.support.SupportEventTypeAssertionUtil.AssertConsistencyRecursive(EventBean eventBean, ISet`1 alreadySeenTypes) in D:\src\Espertech\NEsper-8.9.x\src\NEsper.Common\common\internal\support\SupportEventTypeAssertionUtil.cs:line 265&#xD;
   at com.espertech.esper.common.internal.support.SupportEventTypeAssertionUtil.AssertConsistency(EventBean eventBean) in D:\src\Espertech\NEsper-8.9.x\src\NEsper.Common\common\internal\support\SupportEventTypeAssertionUtil.cs:line 43&#xD;
   at com.espertech.esper.regressionlib.suite.event.xml.EventXMLSchemaEventObservationDOM.&lt;&gt;c.&lt;RunAssertion&gt;b__6_0(IEnumerator`1 iterator) in D:\src\Espertech\NEsper-8.9.x\tst\NEsper.Regression\suite\event\xml\EventXMLSchemaEventObservationDOM.cs:line 114&#xD;
   at com.espertech.esper.regressionlib.framework.RegressionEnvironmentBase.AssertIterator(String statementName, Consumer`1 assertor) in D:\src\Espertech\NEsper-8.9.x\tst\NEsper.Regression\framework\RegressionEnvironmentBase.cs:line 875&#xD;
   at com.espertech.esper.regressionlib.suite.event.xml.EventXMLSchemaEventObservationDOM.RunAssertion(RegressionEnvironment env, String eventTypeName, RegressionPath path) in D:\src\Espertech\NEsper-8.9.x\tst\NEsper.Regression\suite\event\xml\EventXMLSchemaEventObservationDOM.cs:line 114&#xD;
   at com.espertech.esper.regressionlib.suite.event.xml.EventXMLSchemaEventObservationDOM.EventXMLSchemaEventObservationDOMPreconfig.Run(RegressionEnvironment env) in D:\src\Espertech\NEsper-8.9.x\tst\NEsper.Regression\suite\event\xml\EventXMLSchemaEventObservationDOM.cs:line 63&#xD;
   at com.espertech.esper.regressionrun.runner.RegressionRunner.RunInternal(RegressionSession session, RegressionExecution execution) in D:\src\Espertech\NEsper-8.9.x\tst\NEsper.Regression.Runner\runner\RegressionRunner.cs:line 122&#xD;
   at com.espertech.esper.regressionrun.runner.RegressionRunner.Run[T](RegressionSession session, ICollection`1 executions, Boolean usePerfContext) in D:\src\Espertech\NEsper-8.9.x\tst\NEsper.Regression.Runner\runner\RegressionRunner.cs:line 77&#xD;
   at com.espertech.esper.regressionrun.suite.event.TestSuiteEventXML.TestEventXMLSchemaEventObservationDOM.WithPreconfig() in D:\src\Espertech\NEsper-8.9.x\tst\NEsper.Regression.Runner\suite\event\TestSuiteEventXML.cs:line 500&#xD;

</StackTrace>
        </ErrorInfo>
      </Output>
    </UnitTestResult>
    <UnitTestResult executionId="f75f91da-2c0c-4e29-a8a3-56adca9bb634" testId="8e43a92f-f76a-7018-179e-fc0fedd178ef" testName="WithDynamicMapType" computerName="NEBULOUS" duration="00:00:00.1704400" startTime="2026-04-11T08:28:28.1724360-05:00" endTime="2026-04-11T08:28:28.3428732-05:00" testType="13cdc9d9-ddb5-4fa4-a97d-d965ccfc6d4b" outcome="Passed" testListId="8c84fa94-04c1-424b-9868-57a2d4851a1d" relativeResultsDirectory="f75f91da-2c0c-4e29-a8a3-56adca9bb634" />
    <UnitTestResult executionId="670c618e-a1a6-4c1d-9d2f-669833611d69" testId="03aab298-d006-d6ab-2b35-ccbcb20a20ea" testName="TestEventInfraGetterDynamicSimplePropertyPredefined" computerName="NEBULOUS" duration="00:00:00.7981140" startTime="2026-04-11T08:26:16.2665452-05:00" endTime="2026-04-11T08:26:17.0646457-05:00" testType="13cdc9d9-ddb5-4fa4-a97d-d965ccfc6d4b" outcome="Passed" testListId="8c84fa94-04c1-424b-9868-57a2d4851a1d" relativeResultsDirectory="670c618e-a1a6-4c1d-9d2f-669833611d69" />
    <UnitTestResult executionId="2ec2e7ac-2361-4763-abf4-20a7196e072f" testId="9888da9b-9148-8223-bdd8-7bde650686fa" testName="WithQueryFields" computerName="NEBULOUS" duration="00:00:00.1375130" startTime="2026-04-11T08:28:16.8290510-05:00" endTime="2026-04-11T08:28:16.9665619-05:00" testType="13cdc9d9-ddb5-4fa4-a97d-d965ccfc6d4b" outcome="Passed" testListId="8c84fa94-04c1-424b-9868-57a2d4851a1d" relativeResultsDirectory="2ec2e7ac-2361-4763-abf4-20a7196e072f" />
    <UnitTestResult executionId="61cc08a8-d101-4ebb-a60d-cff945995419" testId="f7969f08-6284-962c-4307-75db5bb598f3" testName="WithPreconfig" computerName="NEBULOUS" duration="00:00:00.1011350" startTime="2026-04-11T08:28:38.0896713-05:00" endTime="2026-04-11T08:28:38.1908045-05:00" testType="13cdc9d9-ddb5-4fa4-a97d-d965ccfc6d4b" outcome="Passed" testListId="8c84fa94-04c1-424b-9868-57a2d4851a1d" relativeResultsDirectory="61cc08a8-d101-4ebb-a60d-cff945995419" />
    <UnitTestResult executionId="6f4a423c-6fcf-42f0-ac30-fbd1be9b505e" testId="7ca7c3f5-23b3-0e84-1295-a1ec5653f053" testName="TestEventInfraPropertyUnderlyingSimple(OBJECTARRAY)" computerName="NEBULOUS" duration="00:00:01.2926899" startTime="2026-04-11T08:28:05.0457555-05:00" endTime="2026-04-11T08:28:06.3384252-05:00" testType="13cdc9d9-ddb5-4fa4-a97d-d965ccfc6d4b" outcome="Passed" testListId="8c84fa94-04c1-424b-9868-57a2d4851a1d" relativeResultsDirectory="6f4a423c-6fcf-42f0-ac30-fbd1be9b505e" />
    <UnitTestResult executionId="e8258e01-b317-48aa-9242-e8327a84326d" testId="b9c6688e-56da-c05d-f661-2f269b6c3afd" testName="TestEventBeanPropertyResolutionAccessorStyleGlobalPublic" computerName="NEBULOUS" duration="00:00:00.1758470" startTime="2026-04-11T08:25:23.0761036-05:00" endTime="2026-04-11T08:25:23.2519469-05:00" testType="13cdc9d9-ddb5-4fa4-a97d-d965ccfc6d4b" outcome="Passed" testListId="8c84fa94-04c1-424b-9868-57a2d4851a1d" relativeResultsDirectory="e8258e01-b317-48aa-9242-e8327a84326d" />
    <UnitTestResult executionId="61984699-fc23-4b7a-a7ee-2efabe85bcf5" testId="8346fde4-e16d-b157-63b6-06ec6fccc332" testName="WithNamedWin" computerName="NEBULOUS" duration="00:00:00.2662480" startTime="2026-04-11T08:28:28.8009143-05:00" endTime="2026-04-11T08:28:29.0671581-05:00" testType="13cdc9d9-ddb5-4fa4-a97d-d965ccfc6d4b" outcome="Passed" testListId="8c84fa94-04c1-424b-9868-57a2d4851a1d" relativeResultsDirectory="61984699-fc23-4b7a-a7ee-2efabe85bcf5" />
    <UnitTestResult executionId="c49fa0ee-5fbc-475e-a72a-c7438ef1bf96" testId="32961bef-8e05-b78b-40cc-3f3ab260bc43" testName="WithOverridingSubclass" computerName="NEBULOUS" duration="00:00:00.1941820" startTime="2026-04-11T08:25:18.4314869-05:00" endTime="2026-04-11T08:25:18.6256651-05:00" testType="13cdc9d9-ddb5-4fa4-a97d-d965ccfc6d4b" outcome="Passed" testListId="8c84fa94-04c1-424b-9868-57a2d4851a1d" relativeResultsDirectory="c49fa0ee-5fbc-475e-a72a-c7438ef1bf96" />
    <UnitTestResult executionId="4594d999-2aa9-4444-818d-c8bdf91d886a" testId="37586c46-2c5d-cdfe-566c-da853475b15d" testName="WithXPathExpression" computerName="NEBULOUS" duration="00:00:00.0087300" startTime="2026-04-11T08:28:46.7158326-05:00" endTime="2026-04-11T08:28:46.7245621-05:00" testType="13cdc9d9-ddb5-4fa4-a97d-d965ccfc6d4b" outcome="Passed" testListId="8c84fa94-04c1-424b-9868-57a2d4851a1d" relativeResultsDirectory="4594d999-2aa9-4444-818d-c8bdf91d886a" />
    <UnitTestResult executionId="ac3a62da-abc5-4c16-89ae-65b516c14354" testId="7a6609f4-1e69-164d-7830-566360a1866f" testName="WithCreateSchema" computerName="NEBULOUS" duration="00:00:01.1613280" startTime="2026-04-11T08:28:42.5602766-05:00" endTime="2026-04-11T08:28:43.7215861-05:00" testType="13cdc9d9-ddb5-4fa4-a97d-d965ccfc6d4b" outcome="Passed" testListId="8c84fa94-04c1-424b-9868-57a2d4851a1d" relativeResultsDirectory="ac3a62da-abc5-4c16-89ae-65b516c14354" />
    <UnitTestResult executionId="29d72ca9-dadf-4051-935c-9132f4e3b965" testId="56a79be6-4793-a154-1952-e9ba567f5524" testName="TestEventInfraPropertyDynamicNestedRootedNonSimple" computerName="NEBULOUS" duration="00:00:00.5546940" startTime="2026-04-11T08:27:39.3851099-05:00" endTime="2026-04-11T08:27:39.9397946-05:00" testType="13cdc9d9-ddb5-4fa4-a97d-d965ccfc6d4b" outcome="Passed" testListId="8c84fa94-04c1-424b-9868-57a2d4851a1d" relativeResultsDirectory="29d72ca9-dadf-4051-935c-9132f4e3b965" />
    <UnitTestResult executionId="b9ddb14c-58f7-4c53-8f6d-31f2ada4ec50" testId="325a0903-1426-04a6-4b54-4a43525e51f4" testName="WithMapFragmentMapBeans" computerName="NEBULOUS" duration="00:00:00.1786250" startTime="2026-04-11T08:25:18.9859836-05:00" endTime="2026-04-11T08:25:19.1646055-05:00" testType="13cdc9d9-ddb5-4fa4-a97d-d965ccfc6d4b" outcome="Passed" testListId="8c84fa94-04c1-424b-9868-57a2d4851a1d" relativeResultsDirectory="b9ddb14c-58f7-4c53-8f6d-31f2ada4ec50" />
[...]
    <TestEntry testId="ed12c951-2261-bd12-f247-805874f22803" executionId="816551c9-e127-41af-9e30-f21a76144cc8" testListId="8c84fa94-04c1-424b-9868-57a2d4851a1d" />
    <TestEntry testId="da3fcb44-5fa1-04b3-8a54-5862d70cb428" executionId="8788eca5-235c-4f41-adf9-97220a565a7b" testListId="8c84fa94-04c1-424b-9868-57a2d4851a1d" />
    <TestEntry testId="5c0b0731-a305-6a64-7d6f-5f8d14062d97" executionId="78262699-7e62-4012-b824-f0f423d67aa9" testListId="8c84fa94-04c1-424b-9868-57a2d4851a1d" />
    <TestEntry testId="a70e92aa-eab8-f16d-8d9b-4e87ea1cf4f8" executionId="fe8b418e-6af4-429a-9b13-72f5e4f7b67a" testListId="8c84fa94-04c1-424b-9868-57a2d4851a1d" />
    <TestEntry testId="f7bbde39-842a-ad7d-32b0-330d42024afd" executionId="9eca10eb-4cf3-403b-a25f-06809a53ce80" testListId="8c84fa94-04c1-424b-9868-57a2d4851a1d" />
    <TestEntry testId="b7d4a039-1edd-69a3-b594-8f9d106d8e00" executionId="f59f5b10-4f95-4474-87ed-a1c170ac3f39" testListId="8c84fa94-04c1-424b-9868-57a2d4851a1d" />
    <TestEntry testId="4bc1e903-5308-576b-86a5-bda1257afe63" executionId="2be73ae4-eb55-4903-8e86-b9511639d53f" testListId="8c84fa94-04c1-424b-9868-57a2d4851a1d" />
    <TestEntry testId="c6cb13cd-57b0-ac4e-b207-2dc52ae9674c" executionId="06bb5685-0b3b-4ca0-9351-905dce493f8b" testListId="8c84fa94-04c1-424b-9868-57a2d4851a1d" />
    <TestEntry testId="a440b27b-2cd9-a4e7-9688-a6bddc6b40b6" executionId="19422ea0-4606-4d6b-844e-57132eac3395" testListId="8c84fa94-04c1-424b-9868-57a2d4851a1d" />
    <TestEntry testId="00ddc2b9-606c-1b8a-fac5-1ce07adc42b2" executionId="7ac58024-eff8-466d-8b09-c4b93b240b47" testListId="8c84fa94-04c1-424b-9868-57a2d4851a1d" />
    <TestEntry testId="0af55502-6a44-1995-b7bb-02ca29987c79" executionId="8e01387f-badb-4fc1-8301-86d954ce310f" testListId="8c84fa94-04c1-424b-9868-57a2d4851a1d" />
    <TestEntry testId="037419ec-84cf-b049-fc7e-6779b3a3e5f7" executionId="49408e9b-593b-45ca-a257-711a5080ea66" testListId="8c84fa94-04c1-424b-9868-57a2d4851a1d" />
    <TestEntry testId="dfe450fd-8ab0-8749-4dba-9386b71f44f7" executionId="e10dfa24-77e4-4920-b2b8-af980a30161a" testListId="8c84fa94-04c1-424b-9868-57a2d4851a1d" />
    <TestEntry testId="a1781e40-1914-74d7-62ce-7da4002f974f" executionId="afcaa254-90ab-4041-a78b-be9930912b38" testListId="8c84fa94-04c1-424b-9868-57a2d4851a1d" />
    <TestEntry testId="9ea53038-df32-31e1-3d1a-cd01b5829564" executionId="427588df-2071-4b29-9689-cff7037383d3" testListId="8c84fa94-04c1-424b-9868-57a2d4851a1d" />
    <TestEntry testId="18c3dbda-4b8e-7dff-96da-0152de9c1950" executionId="367971e8-dd43-49ea-9c62-4fcbdda2844a" testListId="8c84fa94-04c1-424b-9868-57a2d4851a1d" />
    <TestEntry testId="795d0441-3e32-3fed-31e2-fb16d77c22fa" executionId="746c50b6-dcdc-496a-b0d0-26d08a066e15" testListId="8c84fa94-04c1-424b-9868-57a2d4851a1d" />
    <TestEntry testId="42516908-2f71-fce8-dad0-7409005b2d87" executionId="cc47ded3-a251-4b33-826a-b9b8b7f59141" testListId="8c84fa94-04c1-424b-9868-57a2d4851a1d" />
    <TestEntry testId="7920d9f3-e4d0-52a9-b4fa-643dfcc2eb57" executionId="e99d4282-6a52-4562-8979-3395f66a1057" testListId="8c84fa94-04c1-424b-9868-57a2d4851a1d" />
    <TestEntry testId="2b1f03b0-d880-d494-fb4d-2f25a5fdab3b" executionId="9822db4d-de11-4549-ab6b-5c244d9d526f" testListId="8c84fa94-04c1-424b-9868-57a2d4851a1d" />
    <TestEntry testId="05d4306c-c3a3-7792-a688-c29409c9724f" executionId="14f55f57-781b-4ffd-acab-1c2b218745a2" testListId="8c84fa94-04c1-424b-9868-57a2d4851a1d" />
    <TestEntry testId="b73bd21b-6100-7837-72c8-39e724f2b52b" executionId="61cbf014-d0dc-4046-80b6-6e6a0bdf13aa" testListId="8c84fa94-04c1-424b-9868-57a2d4851a1d" />
    <TestEntry testId="26b4961b-abb0-84b6-c079-773671975c97" executionId="d037b18e-0388-48cd-bec3-d17d1267c04b" testListId="8c84fa94-04c1-424b-9868-57a2d4851a1d" />
    <TestEntry testId="a7a9dc87-3d94-c303-7bba-5285b06e7ba5" executionId="94d59680-76b3-4065-afe9-b6118dd87d05" testListId="8c84fa94-04c1-424b-9868-57a2d4851a1d" />
    <TestEntry testId="233e2930-06d9-ae70-0c59-db8fa4390ba9" executionId="25c90d57-3e7b-4b15-ba10-74859585ee64" testListId="8c84fa94-04c1-424b-9868-57a2d4851a1d" />
    <TestEntry testId="248e127d-ee07-363b-97c0-f2069ba32220" executionId="aba44afb-a5f1-4643-bedd-7f80d4ad9a80" testListId="8c84fa94-04c1-424b-9868-57a2d4851a1d" />
    <TestEntry testId="e14ade04-5cde-1403-76ae-56bf93cd363a" executionId="6b4f93d6-cd75-4f2f-b7cb-08d3f9ddff5e" testListId="8c84fa94-04c1-424b-9868-57a2d4851a1d" />
    <TestEntry testId="46dad778-858c-02f3-b8c3-a36ed70f5c8e" executionId="f75b8ae1-bba6-47d4-b842-8b1c879928b7" testListId="8c84fa94-04c1-424b-9868-57a2d4851a1d" />
    <TestEntry testId="5d7776f8-510e-3a70-a31d-ecd1eeead103" executionId="fefe1c8e-dec9-4094-9ddd-6b881a594bdf" testListId="8c84fa94-04c1-424b-9868-57a2d4851a1d" />
    <TestEntry testId="650369f9-92a2-d01b-e67d-9dfe5b521e1a" executionId="b7442b47-ae73-4ed2-97d1-53d1bdba4159" testListId="8c84fa94-04c1-424b-9868-57a2d4851a1d" />
    <TestEntry testId="260c28c0-e214-efea-4c0b-21b4c14c8215" executionId="16132d8b-9799-455f-aacb-febf4b4aa43d" testListId="8c84fa94-04c1-424b-9868-57a2d4851a1d" />
    <TestEntry testId="acfe50b2-8f48-d94a-0f88-8193cf14241e" executionId="eb028f09-8f14-424a-a578-3b06f03a8361" testListId="8c84fa94-04c1-424b-9868-57a2d4851a1d" />
    <TestEntry testId="1e381905-7240-24b0-d8ac-361eade65f7a" executionId="99c0b3f7-af49-46e9-abaa-021cbdca554d" testListId="8c84fa94-04c1-424b-9868-57a2d4851a1d" />
    <TestEntry testId="f199a81e-1201-7b0f-70cf-cb8f0cc73dda" executionId="270cb739-2015-4c02-b3fd-3221d5248129" testListId="8c84fa94-04c1-424b-9868-57a2d4851a1d" />
    <TestEntry testId="34b22c78-345e-4b12-ad48-29daf01fe5f2" executionId="7958b580-0fed-49f2-8f34-8e65b8932ec7" testListId="8c84fa94-04c1-424b-9868-57a2d4851a1d" />
    <TestEntry testId="43d17cdd-478a-0757-91fe-c810e7136f6e" executionId="bfc9d2a1-bb96-4743-8a72-8b9c34c71389" testListId="8c84fa94-04c1-424b-9868-57a2d4851a1d" />
    <TestEntry testId="1b06983f-311e-b0f3-49ad-13ae038aefb9" executionId="39adee4f-5cef-4ba3-a142-09db1113835c" testListId="8c84fa94-04c1-424b-9868-57a2d4851a1d" />
    <TestEntry testId="3447772f-2d6c-b71e-c195-d2e714075b16" executionId="62cb34a3-9f6a-485e-9592-9f085058d1d6" testListId="8c84fa94-04c1-424b-9868-57a2d4851a1d" />
    <TestEntry testId="5493d894-b68e-7909-e0fe-aeeb5df9f6d1" executionId="e6975b83-99aa-477f-8ef0-ef028bbfa056" testListId="8c84fa94-04c1-424b-9868-57a2d4851a1d" />
    <TestEntry testId="cfd42b3a-d129-1ba5-1345-f731dda30cb5" executionId="0d02d97b-8f5e-4a27-b15a-fafe1ba78d03" testListId="8c84fa94-04c1-424b-9868-57a2d4851a1d" />
    <TestEntry testId="2e0acf45-fdb9-9cf6-2d34-36263bcd901e" executionId="5f280684-2e98-445b-9fd5-17b8c8ca165c" testListId="8c84fa94-04c1-424b-9868-57a2d4851a1d" />
    <TestEntry testId="afc74591-2b97-d4de-d04c-008a37a38720" executionId="6391e20a-8a3a-41be-be69-2c7625e8eb24" testListId="8c84fa94-04c1-424b-9868-57a2d4851a1d" />
    <TestEntry testId="5758dd6b-20b8-ea70-e2fe-f39b082821bf" executionId="ccd42a33-9ebc-49c9-8355-b043988b82e6" testListId="8c84fa94-04c1-424b-9868-57a2d4851a1d" />
    <TestEntry testId="0d4d5d2f-79d6-85df-3e86-bc4fa25a729d" executionId="787fdfc9-b8e5-4fef-ad4b-aed08fb8473e" testListId="8c84fa94-04c1-424b-9868-57a2d4851a1d" />
    <TestEntry testId="bae61d9a-dcf8-09d3-ecae-82c0348aaf40" executionId="692d0a69-c941-47c7-bc5e-c547edc0c66b" testListId="8c84fa94-04c1-424b-9868-57a2d4851a1d" />
    <TestEntry testId="1bd11a48-336a-9134-6494-43c23bdf0070" executionId="ed86fac6-a554-44a5-8afa-4808b6c0cd8e" testListId="8c84fa94-04c1-424b-9868-57a2d4851a1d" />
    <TestEntry testId="175b31a6-d499-0718-e268-70b79f14f8f9" executionId="fed154bb-3d98-4cdc-bcd6-4883bf943293" testListId="8c84fa94-04c1-424b-9868-57a2d4851a1d" />
    <TestEntry testId="42463daa-c106-474b-b418-cad4fb46e9ac" executionId="ad9ed972-9252-489f-8917-790aa3225eea" testListId="8c84fa94-04c1-424b-9868-57a2d4851a1d" />
    <TestEntry testId="20cac24e-a623-9de7-09f5-7660835475bb" executionId="8259befe-f15a-459a-b4ef-2d4583732cde" testListId="8c84fa94-04c1-424b-9868-57a2d4851a1d" />
    <TestEntry testId="005c42e3-ec20-1838-cac8-760b11ced454" executionId="3dc7ecaf-ec62-48f3-b4e8-f917654038c7" testListId="8c84fa94-04c1-424b-9868-57a2d4851a1d" />
    <TestEntry testId="720363ba-5a4c-4919-daf1-5d605f3a5a60" executionId="12b59789-0a3c-4f5b-953e-ea5655802730" testListId="8c84fa94-04c1-424b-9868-57a2d4851a1d" />
    <TestEntry testId="3faf716b-6401-8618-222f-d31a01f267f5" executionId="f4d81a75-486f-4529-8df8-2862bb8068ff" testListId="8c84fa94-04c1-424b-9868-57a2d4851a1d" />
    <TestEntry testId="b5cf35c1-541d-c5e3-c4e5-91c4d9e66cc8" executionId="bce8cdf8-3614-444f-898d-d4c202e56a95" testListId="8c84fa94-04c1-424b-9868-57a2d4851a1d" />
    <TestEntry testId="9ac7aaf3-1c00-5a03-2c2a-335d8789fdf0" executionId="d77fee1a-83ea-4b21-a208-210b3b6d638d" testListId="8c84fa94-04c1-424b-9868-57a2d4851a1d" />
    <TestEntry testId="2f946436-c986-f85f-ea29-ebe7a4b546a9" executionId="85b71a37-4ed0-4462-8da1-b32c3947bca0" testListId="8c84fa94-04c1-424b-9868-57a2d4851a1d" />
    <TestEntry testId="5831a158-f76d-2ec5-a96f-4a3003f32d92" executionId="1bffa3ab-63a1-4712-9cb2-44c67acd2ebe" testListId="8c84fa94-04c1-424b-9868-57a2d4851a1d" />
    <TestEntry testId="fd4a8207-12ec-2111-879e-546de8a1b59b" executionId="7d293bca-8a1c-4bde-b318-96cf7544bce0" testListId="8c84fa94-04c1-424b-9868-57a2d4851a1d" />
    <TestEntry testId="2b233d3b-cb37-bbec-ecb1-0a5223761f2a" executionId="80320384-02bd-47bd-8b35-9a58baa55002" testListId="8c84fa94-04c1-424b-9868-57a2d4851a1d" />
    <TestEntry testId="1ce5bd09-a3cb-6e69-71e2-75579a85235e" executionId="81a068c6-4ecf-49de-873d-c2ab1d283d12" testListId="8c84fa94-04c1-424b-9868-57a2d4851a1d" />
    <TestEntry testId="378b93e9-73b6-e8c6-d528-84edab0875c0" executionId="c466a274-1cc1-4ab0-87b7-85dafdf610ba" testListId="8c84fa94-04c1-424b-9868-57a2d4851a1d" />
    <TestEntry testId="4b09b5d4-c562-2efe-d3a3-bbd122dbc761" executionId="b20d9f3a-ba66-4973-a253-e4331439d3d1" testListId="8c84fa94-04c1-424b-9868-57a2d4851a1d" />
    <TestEntry testId="f21f3018-6949-dad5-549a-6e5169988068" executionId="ca115a8b-7097-4330-ad5d-e764d5386415" testListId="8c84fa94-04c1-424b-9868-57a2d4851a1d" />
    <TestEntry testId="550ef1ff-c28e-9353-2681-da50f84d7012" executionId="a675d0f6-646a-482d-9bc4-2dcb2400148d" testListId="8c84fa94-04c1-424b-9868-57a2d4851a1d" />
    <TestEntry testId="b9730deb-bc12-7a94-8abe-366343b10f5d" executionId="6a15834c-91fc-45c6-9aff-5fda4654fe29" testListId="8c84fa94-04c1-424b-9868-57a2d4851a1d" />
    <TestEntry testId="2e45656e-65ec-df3d-5f15-43c789caea33" executionId="1f72362b-af22-4ed6-8f03-762a5e8583cf" testListId="8c84fa94-04c1-424b-9868-57a2d4851a1d" />
    <TestEntry testId="173d94da-29d8-f8df-86cb-f1477c3283c5" executionId="5fcd6db9-0d29-4a67-9f9a-2e2427fb93b0" testListId="8c84fa94-04c1-424b-9868-57a2d4851a1d" />
    <TestEntry testId="4d340897-25d7-37b0-0b34-70440f4b8c3f" executionId="bbaccdcf-df32-4f56-98f1-87c22192e52e" testListId="8c84fa94-04c1-424b-9868-57a2d4851a1d" />
    <TestEntry testId="e4a269c8-07a4-844a-0305-a3c63f68c4ee" executionId="dc1cf4a0-76ff-4ff7-9699-acace49d6af3" testListId="8c84fa94-04c1-424b-9868-57a2d4851a1d" />
    <TestEntry testId="261e3c36-8827-74a3-526b-596ce46dc614" executionId="1d4d0e9d-8a0b-4106-b71b-511cb2ef9c28" testListId="8c84fa94-04c1-424b-9868-57a2d4851a1d" />
    <TestEntry testId="9d12952d-c5eb-1e05-5be3-da48a815eb69" executionId="93b746e6-0c5a-4228-be2d-0b2f63a2db54" testListId="8c84fa94-04c1-424b-9868-57a2d4851a1d" />
    <TestEntry testId="ea28c655-8532-d661-ad18-ef509ab20c90" executionId="49a02082-921e-4db6-b88d-503391b5a9fe" testListId="8c84fa94-04c1-424b-9868-57a2d4851a1d" />
    <TestEntry testId="404c08dd-c495-2e8c-7e86-018c64d0b69b" executionId="3685e058-ce6f-42aa-966c-171dc8ba7828" testListId="8c84fa94-04c1-424b-9868-57a2d4851a1d" />
    <TestEntry testId="ca6b3ffb-9347-ef97-f62c-5e4b5745c705" executionId="f4702076-6332-4fd5-8117-0a7cc61fe06f" testListId="8c84fa94-04c1-424b-9868-57a2d4851a1d" />
    <TestEntry testId="dbd2c4f6-d752-88e8-6480-b2888b1813f8" executionId="d6dea90d-0d94-4f07-b5a7-2d3394781e2b" testListId="8c84fa94-04c1-424b-9868-57a2d4851a1d" />
    <TestEntry testId="e4e63d06-5eab-5d9c-26f5-788195e30f26" executionId="b579206e-d708-4f07-b6f2-546b57b07aff" testListId="8c84fa94-04c1-424b-9868-57a2d4851a1d" />
    <TestEntry testId="17bfa233-488a-a26b-f910-98ea18bc6fd3" executionId="5a49c45a-05af-4e23-aef4-ed9946761f4b" testListId="8c84fa94-04c1-424b-9868-57a2d4851a1d" />
    <TestEntry testId="f3a78845-1ac4-15a5-d098-f46cdefef46a" executionId="5fceb39b-d0c9-40f0-95a2-40d22f789e3a" testListId="8c84fa94-04c1-424b-9868-57a2d4851a1d" />
    <TestEntry testId="d6a8ed46-e8d6-c732-ce8d-bd6c7a6bf25a" executionId="be21f880-723f-4804-a374-29c2ad31dd66" testListId="8c84fa94-04c1-424b-9868-57a2d4851a1d" />
    <TestEntry testId="d6df7882-bef9-9909-db7c-c60e3442afc9" executionId="59b7c43d-3988-4d91-9fe0-0fd81267a9af" testListId="8c84fa94-04c1-424b-9868-57a2d4851a1d" />
    <TestEntry testId="4e5f6237-871f-0fbf-976e-b557b328a883" executionId="b5fd478f-339e-436b-b6d3-38497df5416f" testListId="8c84fa94-04c1-424b-9868-57a2d4851a1d" />
    <TestEntry testId="65231384-dc3c-19c9-acee-a0adf6a87f32" executionId="26d4fb1b-b4c0-4d66-a9d1-12f7200c7aba" testListId="8c84fa94-04c1-424b-9868-57a2d4851a1d" />
    <TestEntry testId="e732526a-3d17-06ef-05d0-e8c55339817e" executionId="aa154260-1b1d-4268-be83-ae4d1b23690c" testListId="8c84fa94-04c1-424b-9868-57a2d4851a1d" />
    <TestEntry testId="d4d4289a-f74b-f0a3-8f53-0b1fe7574464" executionId="a3342290-35fd-427a-a5f9-59d62f0dc7a6" testListId="8c84fa94-04c1-424b-9868-57a2d4851a1d" />
    <TestEntry testId="28053a0f-4230-8e05-9030-ec9e5f2e0751" executionId="d596b24f-b64a-4e5e-80b8-256c4465fd5f" testListId="8c84fa94-04c1-424b-9868-57a2d4851a1d" />
    <TestEntry testId="cf3f0f85-bed7-1e09-c041-c9b2df169331" executionId="4e5baff9-65cd-4b62-bdf3-b11dc6d9fd31" testListId="8c84fa94-04c1-424b-9868-57a2d4851a1d" />
    <TestEntry testId="9f288710-8cc9-9bef-bed4-e0d7669603cf" executionId="ca6c71e7-224c-4c2e-b41e-1c82951569fc" testListId="8c84fa94-04c1-424b-9868-57a2d4851a1d" />
    <TestEntry testId="92132b6b-f0e6-2013-6f8f-06cea15293d9" executionId="cedf66a6-e5aa-4b67-afd4-33ea3e83cffe" testListId="8c84fa94-04c1-424b-9868-57a2d4851a1d" />
    <TestEntry testId="5f6f539b-954d-2e7a-cf95-2da820461297" executionId="445c0dc6-f9cb-45be-8e36-3972f9480513" testListId="8c84fa94-04c1-424b-9868-57a2d4851a1d" />
    <TestEntry testId="98b56bf6-4421-fa21-f551-7a3c834d6c58" executionId="977eacaf-2e48-4174-9e03-ef146a3cadc7" testListId="8c84fa94-04c1-424b-9868-57a2d4851a1d" />
    <TestEntry testId="0da59b9d-1c41-7304-e7d7-437c157afc4b" executionId="fd891c6e-96be-4aac-aa52-dbd1d24cacb3" testListId="8c84fa94-04c1-424b-9868-57a2d4851a1d" />
    <TestEntry testId="ee6dd326-3f87-3a81-7599-09f4c8b73707" executionId="639e260f-bd67-4657-9a04-718dfc7819c6" testListId="8c84fa94-04c1-424b-9868-57a2d4851a1d" />
    <TestEntry testId="a6c2093e-84c5-5f20-c83f-702789199e74" executionId="4406778e-93f0-490c-bbb4-7ac44c341cd9" testListId="8c84fa94-04c1-424b-9868-57a2d4851a1d" />
    <TestEntry testId="f544f321-7ec9-8b3e-9fd9-c824cbee0120" executionId="a09e6263-8c84-44fe-9923-076512cd11e0" testListId="8c84fa94-04c1-424b-9868-57a2d4851a1d" />
    <TestEntry testId="cfc678d8-6ba0-e81b-8b40-a416efbef475" executionId="cfc8fa36-512e-4457-bb22-cae0225bd738" testListId="8c84fa94-04c1-424b-9868-57a2d4851a1d" />
    <TestEntry testId="a97623ca-0d51-18c4-5628-7e5be0fe2425" executionId="1ab9783d-93c7-4b92-a767-bd8ad67d4688" testListId="8c84fa94-04c1-424b-9868-57a2d4851a1d" />
    <TestEntry testId="3eef81bf-eef9-cc43-0fde-2490f9a3a271" executionId="16ec5127-34a3-4f18-a842-7c64984a2822" testListId="8c84fa94-04c1-424b-9868-57a2d4851a1d" />
    <TestEntry testId="afa951c0-2407-ac1c-3295-3730a1fa33bf" executionId="318ebaf6-4d44-4751-a75e-cafc5f5a1d39" testListId="8c84fa94-04c1-424b-9868-57a2d4851a1d" />
    <TestEntry testId="5e4f688a-f1d4-cdd6-930d-91903f98eb81" executionId="4cd55ea9-042f-4471-8a83-d90b364589f6" testListId="8c84fa94-04c1-424b-9868-57a2d4851a1d" />
    <TestEntry testId="12536d6a-529d-1e60-d7ae-f10b204a8f31" executionId="26c3fcad-6a57-46e9-af2c-83c28f8d8724" testListId="8c84fa94-04c1-424b-9868-57a2d4851a1d" />
    <TestEntry testId="1fadd3a1-8bff-3de3-5c5a-b25c3e83e76d" executionId="1118c794-891a-4045-a26b-9db3131ded17" testListId="8c84fa94-04c1-424b-9868-57a2d4851a1d" />
    <TestEntry testId="5afa4f78-614d-34c7-a40d-540bbdb824e3" executionId="a2f50f49-9555-460b-8335-d75b36e7c647" testListId="8c84fa94-04c1-424b-9868-57a2d4851a1d" />
    <TestEntry testId="0f4e54d9-0208-758c-e24f-e5c06ed88c3b" executionId="cb683443-a428-49b1-bf81-fccbd5fc5900" testListId="8c84fa94-04c1-424b-9868-57a2d4851a1d" />
    <TestEntry testId="9ef0d5b2-ed6e-3291-1c42-05f6e28cab37" executionId="fadc55c1-1000-4bf8-835c-29adc701aff3" testListId="8c84fa94-04c1-424b-9868-57a2d4851a1d" />
    <TestEntry testId="e1f5edc7-f00c-eeaf-bfc7-d61f6b5a8a2d" executionId="6505c112-2345-424b-ab23-8f20b8dfae9b" testListId="8c84fa94-04c1-424b-9868-57a2d4851a1d" />
    <TestEntry testId="4c558f94-b42e-d9e8-0716-fb67a9084783" executionId="dad901f6-9d4a-40f3-9f5c-8682d997d0c0" testListId="8c84fa94-04c1-424b-9868-57a2d4851a1d" />
    <TestEntry testId="8db965b9-5d51-9e7c-7a7f-523c007406c2" executionId="12870c7e-f48d-4eab-b1a5-c786770df581" testListId="8c84fa94-04c1-424b-9868-57a2d4851a1d" />
    <TestEntry testId="c3f9ac13-9bd2-7cc0-94a0-d4ffb68a2738" executionId="3e151c64-d231-4636-a96b-d418a46f3b62" testListId="8c84fa94-04c1-424b-9868-57a2d4851a1d" />
    <TestEntry testId="ba423e11-aab5-38a1-3cf6-665f83d35259" executionId="3c54ac62-0467-43af-be55-8cbc656fbb9a" testListId="8c84fa94-04c1-424b-9868-57a2d4851a1d" />
    <TestEntry testId="27cfd523-4319-1a25-235b-c2201e242af7" executionId="907e306b-37d6-4319-a3be-48ac2a06bc55" testListId="8c84fa94-04c1-424b-9868-57a2d4851a1d" />
    <TestEntry testId="2788c8d5-ccb7-af9a-4fb5-ce7a9e7fd980" executionId="b9b32e9e-9f4d-4d57-aaf9-9214a1fc550c" testListId="8c84fa94-04c1-424b-9868-57a2d4851a1d" />
    <TestEntry testId="abb99d35-c24f-94ca-f4c1-e0af57f24dd6" executionId="e453a13f-93a3-49f8-b1be-9d21e8ce7b35" testListId="8c84fa94-04c1-424b-9868-57a2d4851a1d" />
    <TestEntry testId="5305f3aa-bc93-34bf-2f81-68c656bf727c" executionId="87a32d87-1de2-472a-9974-981d631f504b" testListId="8c84fa94-04c1-424b-9868-57a2d4851a1d" />
    <TestEntry testId="2d00fc48-5b5d-fe97-f579-6a4271baf3ea" executionId="cfa8a3d9-df62-4031-a956-0b265f33b324" testListId="8c84fa94-04c1-424b-9868-57a2d4851a1d" />
    <TestEntry testId="97745ce7-64b3-f473-d8ea-32b3c7b2e83e" executionId="4482c4eb-0adc-4617-85c5-04d048ab10ee" testListId="8c84fa94-04c1-424b-9868-57a2d4851a1d" />
    <TestEntry testId="c9cbd394-52e4-7c1b-f383-ec040e93e7a1" executionId="ecdbc69d-ef20-408f-9032-204605e0dd1e" testListId="8c84fa94-04c1-424b-9868-57a2d4851a1d" />
  </TestEntries>
  <TestLists>
    <TestList name="Results Not in a List" id="8c84fa94-04c1-424b-9868-57a2d4851a1d" />
    <TestList name="All Loaded Results" id="19431567-8539-422a-85d7-44ee4e166bda" />
  </TestLists>
  <ResultSummary outcome="Failed">
    <Counters total="244" executed="244" passed="240" failed="4" error="0" timeout="0" aborted="0" inconclusive="0" passedButRunAborted="0" notRunnable="0" notExecuted="0" disconnected="0" warning="0" completed="0" inProgress="0" pending="0" />
    <Output>
      <StdOut>NUnit Adapter 6.0.0.0: Test execution started&#xD;
Running selected tests in D:\src\Espertech\NEsper-8.9.x\tst\NEsper.Regression.Runner\bin\Debug\net9.0\NEsper.Regression.Runner.dll&#xD;
   NUnit3TestExecutor discovered 244 of 244 NUnit test cases using Current Discovery mode, Non-Explicit run&#xD;
NUnit Adapter 6.0.0.0: Test execution complete&#xD;
</StdOut>
    </Output>
  </ResultSummary>
</TestRun>