<?xml version="1.0" encoding="utf-8"?>
<TestRun id="16be5d37-2d0e-43d9-9ae3-e1e153e6d170" name="ajack@NEBULOUS 2026-04-11 08:51:05" runUser="NEBULOUS\ajack" xmlns="http://microsoft.com/schemas/VisualStudio/TeamTest/2010">
  <Times creation="2026-04-11T08:51:05.4203329-05:00" queuing="2026-04-11T08:51:05.4203330-05:00" start="2026-04-11T08:51:02.1617342-05:00" finish="2026-04-11T08:52:29.7060510-05:00" />
  <TestSettings name="default" id="7880f1b8-4d3f-4f02-a180-f1a22b380efc">
    <Deployment runDeploymentRoot="ajack_NEBULOUS_2026-04-11_08_51_05" />
  </TestSettings>
  <Results>
    <UnitTestResult executionId="cd76de43-20e9-43fc-9fb1-69ccbb217966" testId="cea1d012-9566-3e31-22e7-925ef690adf0" testName="WithLastUniqueOneKey2DimArray" computerName="NEBULOUS" duration="00:00:01.0523769" startTime="2026-04-11T08:51:40.8738836-05:00" endTime="2026-04-11T08:51:41.9262445-05:00" testType="13cdc9d9-ddb5-4fa4-a97d-d965ccfc6d4b" outcome="Passed" testListId="8c84fa94-04c1-424b-9868-57a2d4851a1d" relativeResultsDirectory="cd76de43-20e9-43fc-9fb1-69ccbb217966" />
    <UnitTestResult executionId="e3486775-7f15-483d-983c-1d53b1c867ae" testId="f5b56aac-6962-4976-0a7b-2215b5c827f8" testName="WithLinest" computerName="NEBULOUS" duration="00:00:00.1202070" startTime="2026-04-11T08:51:25.0467475-05:00" endTime="2026-04-11T08:51:25.1669528-05:00" testType="13cdc9d9-ddb5-4fa4-a97d-d965ccfc6d4b" outcome="Passed" testListId="8c84fa94-04c1-424b-9868-57a2d4851a1d" relativeResultsDirectory="e3486775-7f15-483d-983c-1d53b1c867ae" />
    <UnitTestResult executionId="80b291c7-dff6-4d40-bce3-7a4a2cd3fde8" testId="69205828-ef28-a701-9661-14f9a8858ab2" testName="WithTimeUniqueMultikey" computerName="NEBULOUS" duration="00:00:00.1455140" startTime="2026-04-11T08:51:29.7260513-05:00" endTime="2026-04-11T08:51:29.8715631-05:00" testType="13cdc9d9-ddb5-4fa4-a97d-d965ccfc6d4b" outcome="Passed" testListId="8c84fa94-04c1-424b-9868-57a2d4851a1d" relativeResultsDirectory="80b291c7-dff6-4d40-bce3-7a4a2cd3fde8" />
    <UnitTestResult executionId="f2470cd8-462c-4429-852b-7777e2489499" testId="b29c4092-5a58-9c25-a0f2-45b106a7b9e2" testName="WithRefPoint" computerName="NEBULOUS" duration="00:00:00.1098460" startTime="2026-04-11T08:52:03.4604541-05:00" endTime="2026-04-11T08:52:03.5702986-05:00" testType="13cdc9d9-ddb5-4fa4-a97d-d965ccfc6d4b" outcome="Passed" testListId="8c84fa94-04c1-424b-9868-57a2d4851a1d" relativeResultsDirectory="f2470cd8-462c-4429-852b-7777e2489499" />
    <UnitTestResult executionId="4fa82efb-4b71-4f5f-bc29-c85c4a9aac50" testId="fb890e9a-7855-6b50-b646-fed146811ab5" testName="WithSorted" computerName="NEBULOUS" duration="00:00:00.1060810" startTime="2026-04-11T08:52:11.0078526-05:00" endTime="2026-04-11T08:52:11.1139321-05:00" testType="13cdc9d9-ddb5-4fa4-a97d-d965ccfc6d4b" outcome="Passed" testListId="8c84fa94-04c1-424b-9868-57a2d4851a1d" relativeResultsDirectory="4fa82efb-4b71-4f5f-bc29-c85c4a9aac50" />
    <UnitTestResult executionId="02aebbcb-9f69-4fb3-8f0a-6fa62a4b452e" testId="30f072c1-70ea-ab0e-5afa-a540718bdd37" testName="WithSceneThree" computerName="NEBULOUS" duration="00:00:00.1223760" startTime="2026-04-11T08:52:02.4843381-05:00" endTime="2026-04-11T08:52:02.6067123-05:00" testType="13cdc9d9-ddb5-4fa4-a97d-d965ccfc6d4b" outcome="Passed" testListId="8c84fa94-04c1-424b-9868-57a2d4851a1d" relativeResultsDirectory="02aebbcb-9f69-4fb3-8f0a-6fa62a4b452e" />
    <UnitTestResult executionId="d1e68386-f6b5-4fe9-9be5-6d5822ce850e" testId="8ba7f588-7b14-1b62-9e20-b4efb6dc9217" testName="WithWindowPrev" computerName="NEBULOUS" duration="00:00:00.1703190" startTime="2026-04-11T08:51:20.7292852-05:00" endTime="2026-04-11T08:51:20.8996017-05:00" testType="13cdc9d9-ddb5-4fa4-a97d-d965ccfc6d4b" outcome="Passed" testListId="8c84fa94-04c1-424b-9868-57a2d4851a1d" relativeResultsDirectory="d1e68386-f6b5-4fe9-9be5-6d5822ce850e" />
    <UnitTestResult executionId="dbbe0d36-4fbf-4e08-b4fa-90fd235dfb8a" testId="0fc66175-7128-084b-cdb3-2f82c5d78356" testName="WithWindowFlipTimer" computerName="NEBULOUS" duration="00:00:00.2463440" startTime="2026-04-11T08:52:07.6499408-05:00" endTime="2026-04-11T08:52:07.8962806-05:00" testType="13cdc9d9-ddb5-4fa4-a97d-d965ccfc6d4b" outcome="Passed" testListId="8c84fa94-04c1-424b-9868-57a2d4851a1d" relativeResultsDirectory="dbbe0d36-4fbf-4e08-b4fa-90fd235dfb8a" />
    <UnitTestResult executionId="93427325-0cce-4e98-bc08-8d70beed2599" testId="674bb478-597e-a011-57dc-5e3af605ea47" testName="WithForceOutputStartEagerSum" computerName="NEBULOUS" duration="00:00:00.1527980" startTime="2026-04-11T08:52:03.9759758-05:00" endTime="2026-04-11T08:52:04.1287710-05:00" testType="13cdc9d9-ddb5-4fa4-a97d-d965ccfc6d4b" outcome="Passed" testListId="8c84fa94-04c1-424b-9868-57a2d4851a1d" relativeResultsDirectory="93427325-0cce-4e98-bc08-8d70beed2599" />
    <UnitTestResult executionId="f117921b-3f2d-4b2a-a5fa-086897905e1d" testId="69b51586-b499-4dfb-5dd2-8889e5af9d27" testName="WithTimeWin" computerName="NEBULOUS" duration="00:00:00.1111220" startTime="2026-04-11T08:51:26.7661390-05:00" endTime="2026-04-11T08:51:26.8772589-05:00" testType="13cdc9d9-ddb5-4fa4-a97d-d965ccfc6d4b" outcome="Passed" testListId="8c84fa94-04c1-424b-9868-57a2d4851a1d" relativeResultsDirectory="f117921b-3f2d-4b2a-a5fa-086897905e1d" />
    <UnitTestResult executionId="eeae993e-b4bb-4180-9f48-6ce304ef4886" testId="bd1337f4-6f84-63fb-5f8d-72b1d0316ea3" testName="WithSizeSceneTwo" computerName="NEBULOUS" duration="00:00:00.1943350" startTime="2026-04-11T08:51:08.0305726-05:00" endTime="2026-04-11T08:51:08.2249037-05:00" testType="13cdc9d9-ddb5-4fa4-a97d-d965ccfc6d4b" outcome="Passed" testListId="8c84fa94-04c1-424b-9868-57a2d4851a1d" relativeResultsDirectory="eeae993e-b4bb-4180-9f48-6ce304ef4886" />
    <UnitTestResult executionId="06525dac-271a-4303-a057-121fd731499b" testId="05fc84fa-d70f-735c-eeb4-d3a9c6d8a003" testName="WithMonthScoped" computerName="NEBULOUS" duration="00:00:00.0844080" startTime="2026-04-11T08:52:01.9615880-05:00" endTime="2026-04-11T08:52:02.0459942-05:00" testType="13cdc9d9-ddb5-4fa4-a97d-d965ccfc6d4b" outcome="Passed" testListId="8c84fa94-04c1-424b-9868-57a2d4851a1d" relativeResultsDirectory="06525dac-271a-4303-a057-121fd731499b" />
    <UnitTestResult executionId="efc978be-1f0e-40ab-942f-c67b23cbc45a" testId="de197cd9-30ad-1d1e-c71a-13004c503f0f" testName="WithDerivedLengthWUniSceneOne" computerName="NEBULOUS" duration="00:00:00.1856160" startTime="2026-04-11T08:51:06.4813986-05:00" endTime="2026-04-11T08:51:06.6670109-05:00" testType="13cdc9d9-ddb5-4fa4-a97d-d965ccfc6d4b" outcome="Passed" testListId="8c84fa94-04c1-424b-9868-57a2d4851a1d" relativeResultsDirectory="efc978be-1f0e-40ab-942f-c67b23cbc45a" />
    <UnitTestResult executionId="6ed4d7f8-0302-4eff-b600-831902fab4a8" testId="c445c0fe-2c91-afc4-4c0d-eefaa584cb99" testName="WithLengthOneUnique" computerName="NEBULOUS" duration="00:00:00.1890900" startTime="2026-04-11T08:51:28.9352932-05:00" endTime="2026-04-11T08:51:29.1243798-05:00" testType="13cdc9d9-ddb5-4fa4-a97d-d965ccfc6d4b" outcome="Passed" testListId="8c84fa94-04c1-424b-9868-57a2d4851a1d" relativeResultsDirectory="6ed4d7f8-0302-4eff-b600-831902fab4a8" />
    <UnitTestResult executionId="27bcdb10-a62f-4883-8380-99f4f9b28bef" testId="2a4d2cec-9df7-328c-6c8d-4123b8fc7516" testName="WithLastUniqueThreeKey" computerName="NEBULOUS" duration="00:00:00.1414800" startTime="2026-04-11T08:51:42.1909147-05:00" endTime="2026-04-11T08:51:42.3323920-05:00" testType="13cdc9d9-ddb5-4fa4-a97d-d965ccfc6d4b" outcome="Passed" testListId="8c84fa94-04c1-424b-9868-57a2d4851a1d" relativeResultsDirectory="27bcdb10-a62f-4883-8380-99f4f9b28bef" />
    <UnitTestResult executionId="194eddb1-9657-4763-8d54-b94edc697963" testId="5663b86c-d7c0-41af-f1c1-9e26de25af56" testName="WithLastUniqueSceneOne" computerName="NEBULOUS" duration="00:00:00.1446350" startTime="2026-04-11T08:52:13.8753308-05:00" endTime="2026-04-11T08:52:14.0199630-05:00" testType="13cdc9d9-ddb5-4fa4-a97d-d965ccfc6d4b" outcome="Passed" testListId="8c84fa94-04c1-424b-9868-57a2d4851a1d" relativeResultsDirectory="194eddb1-9657-4763-8d54-b94edc697963" />
    <UnitTestResult executionId="5afa6b50-b9ab-4722-a01b-d5950fd9eb3a" testId="63e1c706-cdc4-6260-8850-b4a06bae0bb5" testName="WithPattern" computerName="NEBULOUS" duration="00:00:00.1184130" startTime="2026-04-11T08:52:10.8894300-05:00" endTime="2026-04-11T08:52:11.0078408-05:00" testType="13cdc9d9-ddb5-4fa4-a97d-d965ccfc6d4b" outcome="Passed" testListId="8c84fa94-04c1-424b-9868-57a2d4851a1d" relativeResultsDirectory="5afa6b50-b9ab-4722-a01b-d5950fd9eb3a" />
    <UnitTestResult executionId="d8512fa3-e814-4380-8c52-3bf496bafea7" testId="720cd146-74c2-fef3-ee77-a3cc150a096c" testName="WithTTLPreviousAndPriorSceneTwo" computerName="NEBULOUS" duration="00:00:00.1071520" startTime="2026-04-11T08:52:05.7319421-05:00" endTime="2026-04-11T08:52:05.8390928-05:00" testType="13cdc9d9-ddb5-4fa4-a97d-d965ccfc6d4b" outcome="Passed" testListId="8c84fa94-04c1-424b-9868-57a2d4851a1d" relativeResultsDirectory="d8512fa3-e814-4380-8c52-3bf496bafea7" />
    <UnitTestResult executionId="68c06bad-f5fb-423f-b454-aee9f6d29b0e" testId="375850af-151f-be3a-9459-df1f5ee79f1a" testName="WithUniqueTwoWindows" computerName="NEBULOUS" duration="00:00:00.1379330" startTime="2026-04-11T08:52:14.4024970-05:00" endTime="2026-04-11T08:52:14.5404281-05:00" testType="13cdc9d9-ddb5-4fa4-a97d-d965ccfc6d4b" outcome="Passed" testListId="8c84fa94-04c1-424b-9868-57a2d4851a1d" relativeResultsDirectory="68c06bad-f5fb-423f-b454-aee9f6d29b0e" />
    <UnitTestResult executionId="b9a8c3e6-18f7-4cbb-9a28-4e2ef9a724bf" testId="545f9ddc-ef58-2bdd-fafa-f4c323e4ac03" testName="WithWindowWPrev" computerName="NEBULOUS" duration="00:00:00.1285140" startTime="2026-04-11T08:52:09.1748817-05:00" endTime="2026-04-11T08:52:09.3033934-05:00" testType="13cdc9d9-ddb5-4fa4-a97d-d965ccfc6d4b" outcome="Passed" testListId="8c84fa94-04c1-424b-9868-57a2d4851a1d" relativeResultsDirectory="b9a8c3e6-18f7-4cbb-9a28-4e2ef9a724bf" />
    <UnitTestResult executionId="3d35e06e-70ff-4ca7-b6e4-b101802fd853" testId="5eaa083e-1f51-18c1-27d7-b1e3c93e75a5" testName="WithInvalid" computerName="NEBULOUS" duration="00:00:00.0159470" startTime="2026-04-11T08:51:16.6078716-05:00" endTime="2026-04-11T08:51:16.6238186-05:00" testType="13cdc9d9-ddb5-4fa4-a97d-d965ccfc6d4b" outcome="Passed" testListId="8c84fa94-04c1-424b-9868-57a2d4851a1d" relativeResultsDirectory="3d35e06e-70ff-4ca7-b6e4-b101802fd853" />
    <UnitTestResult executionId="f46da0b4-3660-4daa-b63e-66078965f4f7" testId="f205cdd5-11bb-8c8b-844c-b32768b93abf" testName="WithWindowMonthScoped" computerName="NEBULOUS" duration="00:00:00.0921430" startTime="2026-04-11T08:52:07.8962925-05:00" endTime="2026-04-11T08:52:07.9884344-05:00" testType="13cdc9d9-ddb5-4fa4-a97d-d965ccfc6d4b" outcome="Passed" testListId="8c84fa94-04c1-424b-9868-57a2d4851a1d" relativeResultsDirectory="f46da0b4-3660-4daa-b63e-66078965f4f7" />
    <UnitTestResult executionId="5f0bc39f-278c-4a3b-9079-4d04e2babf3e" testId="91194802-5957-1474-9a4e-e56aeaf57d7f" testName="WithLengthWin" computerName="NEBULOUS" duration="00:00:00.1306020" startTime="2026-04-11T08:51:24.7400390-05:00" endTime="2026-04-11T08:51:24.8706387-05:00" testType="13cdc9d9-ddb5-4fa4-a97d-d965ccfc6d4b" outcome="Passed" testListId="8c84fa94-04c1-424b-9868-57a2d4851a1d" relativeResultsDirectory="5f0bc39f-278c-4a3b-9079-4d04e2babf3e" />
    <UnitTestResult executionId="46f6d23e-f654-4d64-9947-8f7776e76b3a" testId="ccde8050-7c90-141c-ef54-02fe5f256974" testName="WithRank" computerName="NEBULOUS" duration="00:00:00.1697590" startTime="2026-04-11T08:51:44.5549355-05:00" endTime="2026-04-11T08:51:44.7246914-05:00" testType="13cdc9d9-ddb5-4fa4-a97d-d965ccfc6d4b" outcome="Passed" testListId="8c84fa94-04c1-424b-9868-57a2d4851a1d" relativeResultsDirectory="46f6d23e-f654-4d64-9947-8f7776e76b3a" />
    <UnitTestResult executionId="1ef3da5d-143f-458d-97f4-71a3a34f9d8e" testId="fdc46209-f41e-68ed-7d17-deaf1773ea49" testName="WithForceOutputStartNoEagerSum" computerName="NEBULOUS" duration="00:00:00.1790090" startTime="2026-04-11T08:52:04.1287831-05:00" endTime="2026-04-11T08:52:04.3077892-05:00" testType="13cdc9d9-ddb5-4fa4-a97d-d965ccfc6d4b" outcome="Passed" testListId="8c84fa94-04c1-424b-9868-57a2d4851a1d" relativeResultsDirectory="1ef3da5d-143f-458d-97f4-71a3a34f9d8e" />
    <UnitTestResult executionId="7fc9bced-6672-45df-ae13-d5f53691da45" testId="efed0826-18ff-5c91-bc57-da7d26fec677" testName="WithSize1" computerName="NEBULOUS" duration="00:00:00.0996430" startTime="2026-04-11T08:51:35.9246682-05:00" endTime="2026-04-11T08:51:36.0243098-05:00" testType="13cdc9d9-ddb5-4fa4-a97d-d965ccfc6d4b" outcome="Passed" testListId="8c84fa94-04c1-424b-9868-57a2d4851a1d" relativeResultsDirectory="7fc9bced-6672-45df-ae13-d5f53691da45" />
    <UnitTestResult executionId="324e685a-be4a-4c67-b3d8-d4decf04f99a" testId="71c6b023-8798-090e-8566-a158d6700486" testName="WithUDFBuiltin" computerName="NEBULOUS" duration="00:00:00.1466780" startTime="2026-04-11T08:51:18.4526608-05:00" endTime="2026-04-11T08:51:18.5993359-05:00" testType="13cdc9d9-ddb5-4fa4-a97d-d965ccfc6d4b" outcome="Passed" testListId="8c84fa94-04c1-424b-9868-57a2d4851a1d" relativeResultsDirectory="324e685a-be4a-4c67-b3d8-d4decf04f99a" />
    <UnitTestResult executionId="17652a81-d58f-4195-9fc8-fd60ecb33bc4" testId="458da550-6123-542e-5f57-2d4ab8d09dce" testName="WithFirstUniqueAndLengthOnDelete" computerName="NEBULOUS" duration="00:00:01.0758900" startTime="2026-04-11T08:51:27.5559690-05:00" endTime="2026-04-11T08:51:28.6318423-05:00" testType="13cdc9d9-ddb5-4fa4-a97d-d965ccfc6d4b" outcome="Passed" testListId="8c84fa94-04c1-424b-9868-57a2d4851a1d" relativeResultsDirectory="17652a81-d58f-4195-9fc8-fd60ecb33bc4" />
    <UnitTestResult executionId="c1247652-029b-4046-a75d-f899bca6af71" testId="15df0a24-3ce2-36e3-9949-e54d635e34cb" testName="WithDerivedLengthWRegressionLinestSceneOne" computerName="NEBULOUS" duration="00:00:00.1704410" startTime="2026-04-11T08:51:06.1100804-05:00" endTime="2026-04-11T08:51:06.2805178-05:00" testType="13cdc9d9-ddb5-4fa4-a97d-d965ccfc6d4b" outcome="Passed" testListId="8c84fa94-04c1-424b-9868-57a2d4851a1d" relativeResultsDirectory="c1247652-029b-4046-a75d-f899bca6af71" />
    <UnitTestResult executionId="95eab00a-7b47-49ea-92ae-65f285bc1142" testId="280a6a94-7da9-fe3b-d9ee-00f64c4f46e0" testName="WithTimeAccum" computerName="NEBULOUS" duration="00:00:00.1307980" startTime="2026-04-11T08:51:26.2766139-05:00" endTime="2026-04-11T08:51:26.4074100-05:00" testType="13cdc9d9-ddb5-4fa4-a97d-d965ccfc6d4b" outcome="Passed" testListId="8c84fa94-04c1-424b-9868-57a2d4851a1d" relativeResultsDirectory="95eab00a-7b47-49ea-92ae-65f285bc1142" />
    <UnitTestResult executionId="3b875d86-1cc3-4bc1-821d-a686bc3781e3" testId="5729cd0c-2333-c33d-6e25-25601211c045" testName="WithTimeWinNamedWindowDelete" computerName="NEBULOUS" duration="00:00:01.0731590" startTime="2026-04-11T08:51:31.0685799-05:00" endTime="2026-04-11T08:51:32.1417228-05:00" testType="13cdc9d9-ddb5-4fa4-a97d-d965ccfc6d4b" outcome="Passed" testListId="8c84fa94-04c1-424b-9868-57a2d4851a1d" relativeResultsDirectory="3b875d86-1cc3-4bc1-821d-a686bc3781e3" />
    <UnitTestResult executionId="316fc27c-e42e-4884-bca9-7525780d2606" testId="ceee368b-8ab3-bf28-f935-2c161e84d3eb" testName="WithAndDerivedValue" computerName="NEBULOUS" duration="00:00:00.0928170" startTime="2026-04-11T08:52:09.3034608-05:00" endTime="2026-04-11T08:52:09.3962759-05:00" testType="13cdc9d9-ddb5-4fa4-a97d-d965ccfc6d4b" outcome="Passed" testListId="8c84fa94-04c1-424b-9868-57a2d4851a1d" relativeResultsDirectory="316fc27c-e42e-4884-bca9-7525780d2606" />
    <UnitTestResult executionId="af1f4700-a7b4-4256-85bb-25e6b7243441" testId="4678283f-1576-9328-51d1-dd9d605c96aa" testName="WithExpressionGrouped" computerName="NEBULOUS" duration="00:00:00.1157030" startTime="2026-04-11T08:51:24.5010609-05:00" endTime="2026-04-11T08:51:24.6167620-05:00" testType="13cdc9d9-ddb5-4fa4-a97d-d965ccfc6d4b" outcome="Passed" testListId="8c84fa94-04c1-424b-9868-57a2d4851a1d" relativeResultsDirectory="af1f4700-a7b4-4256-85bb-25e6b7243441" />
    <UnitTestResult executionId="8bf6784d-48c3-4224-b3a4-6554758ccb5b" testId="813a92e8-865c-7959-f492-c29079fa3ef2" testName="WithGroupBySumStartEager" computerName="NEBULOUS" duration="00:00:00.1597820" startTime="2026-04-11T08:52:04.5660708-05:00" endTime="2026-04-11T08:52:04.7258498-05:00" testType="13cdc9d9-ddb5-4fa4-a97d-d965ccfc6d4b" outcome="Passed" testListId="8c84fa94-04c1-424b-9868-57a2d4851a1d" relativeResultsDirectory="8bf6784d-48c3-4224-b3a4-6554758ccb5b" />
    <UnitTestResult executionId="cecdc0be-ef86-4fa6-8270-88531204c64a" testId="6b7c55a0-576b-65ea-9d21-eae15b524e9e" testName="WithGroupBy" computerName="NEBULOUS" duration="00:00:00.1097790" startTime="2026-04-11T08:52:10.7711311-05:00" endTime="2026-04-11T08:52:10.8809083-05:00" testType="13cdc9d9-ddb5-4fa4-a97d-d965ccfc6d4b" outcome="Passed" testListId="8c84fa94-04c1-424b-9868-57a2d4851a1d" relativeResultsDirectory="cecdc0be-ef86-4fa6-8270-88531204c64a" />
    <UnitTestResult executionId="7dc8eea6-c750-471b-ad7a-f39d5aa5fa12" testId="d03a20d2-f5f0-5502-ca16-d1400188013f" testName="WithSceneOne" computerName="NEBULOUS" duration="00:00:00.0820459" startTime="2026-04-11T08:52:04.8628604-05:00" endTime="2026-04-11T08:52:04.9449056-05:00" testType="13cdc9d9-ddb5-4fa4-a97d-d965ccfc6d4b" outcome="Passed" testListId="8c84fa94-04c1-424b-9868-57a2d4851a1d" relativeResultsDirectory="7dc8eea6-c750-471b-ad7a-f39d5aa5fa12" />
    <UnitTestResult executionId="f1cfca4a-abf7-42cd-ab9c-9e623bd2eb4d" testId="48a9fa02-afae-2e8b-3f18-d863e0a4b7c2" testName="WithInvalid" computerName="NEBULOUS" duration="00:00:00.0136730" startTime="2026-04-11T08:51:11.1469776-05:00" endTime="2026-04-11T08:51:11.1606502-05:00" testType="13cdc9d9-ddb5-4fa4-a97d-d965ccfc6d4b" outcome="Passed" testListId="8c84fa94-04c1-424b-9868-57a2d4851a1d" relativeResultsDirectory="f1cfca4a-abf7-42cd-ab9c-9e623bd2eb4d" />
    <UnitTestResult executionId="df62e8a0-7973-43c9-a814-a444eca83718" testId="85b96989-8548-bd5c-ee39-fc3921ea2b54" testName="WithVariable" computerName="NEBULOUS" duration="00:00:01.0718520" startTime="2026-04-11T08:51:18.5993543-05:00" endTime="2026-04-11T08:51:19.6711894-05:00" testType="13cdc9d9-ddb5-4fa4-a97d-d965ccfc6d4b" outcome="Passed" testListId="8c84fa94-04c1-424b-9868-57a2d4851a1d" relativeResultsDirectory="df62e8a0-7973-43c9-a814-a444eca83718" />
    <UnitTestResult executionId="db4fd346-c1fa-4cc2-99d5-45930fb2cf42" testId="df55446e-c0c9-081b-662e-5de97c4da3e7" testName="WithDynamicTimeWindow" computerName="NEBULOUS" duration="00:00:01.0655430" startTime="2026-04-11T08:51:15.5423168-05:00" endTime="2026-04-11T08:51:16.6078429-05:00" testType="13cdc9d9-ddb5-4fa4-a97d-d965ccfc6d4b" outcome="Passed" testListId="8c84fa94-04c1-424b-9868-57a2d4851a1d" relativeResultsDirectory="db4fd346-c1fa-4cc2-99d5-45930fb2cf42" />
    <UnitTestResult executionId="b854d2ca-fb4c-460f-8840-aded95f84d91" testId="ea305cd1-4c2c-86e7-53af-148fa7114049" testName="WithTimeWin" computerName="NEBULOUS" duration="00:00:00.0816660" startTime="2026-04-11T08:52:11.4034746-05:00" endTime="2026-04-11T08:52:11.4851388-05:00" testType="13cdc9d9-ddb5-4fa4-a97d-d965ccfc6d4b" outcome="Passed" testListId="8c84fa94-04c1-424b-9868-57a2d4851a1d" relativeResultsDirectory="b854d2ca-fb4c-460f-8840-aded95f84d91" />
    <UnitTestResult executionId="552ef0f9-f096-4469-bbc2-56d6550808d3" testId="2bbb4965-bf89-8fe0-6cb1-9600b4f8a6bd" testName="WithWindowPreparedStmt" computerName="NEBULOUS" duration="00:00:00.1129210" startTime="2026-04-11T08:52:07.9884530-05:00" endTime="2026-04-11T08:52:08.1013725-05:00" testType="13cdc9d9-ddb5-4fa4-a97d-d965ccfc6d4b" outcome="Passed" testListId="8c84fa94-04c1-424b-9868-57a2d4851a1d" relativeResultsDirectory="552ef0f9-f096-4469-bbc2-56d6550808d3" />
    <UnitTestResult executionId="7854a384-7da6-4be5-95e7-fe5fa2f7e269" testId="70d63955-0b7a-c06f-a8f8-00563e3a1019" testName="WithedPrev" computerName="NEBULOUS" duration="00:00:00.1253560" startTime="2026-04-11T08:52:01.2802494-05:00" endTime="2026-04-11T08:52:01.4056029-05:00" testType="13cdc9d9-ddb5-4fa4-a97d-d965ccfc6d4b" outcome="Passed" testListId="8c84fa94-04c1-424b-9868-57a2d4851a1d" relativeResultsDirectory="7854a384-7da6-4be5-95e7-fe5fa2f7e269" />
    <UnitTestResult executionId="cb4d60ed-4ecc-4715-b481-76803f242c21" testId="089f8bec-58b0-965b-73e6-4ef6df8609db" testName="WithNewestEventOldestEvent" computerName="NEBULOUS" duration="00:00:00.1767530" startTime="2026-04-11T08:51:17.8256124-05:00" endTime="2026-04-11T08:51:18.0023622-05:00" testType="13cdc9d9-ddb5-4fa4-a97d-d965ccfc6d4b" outcome="Passed" testListId="8c84fa94-04c1-424b-9868-57a2d4851a1d" relativeResultsDirectory="cb4d60ed-4ecc-4715-b481-76803f242c21" />
    <UnitTestResult executionId="f7048030-1ae9-4eec-82f7-963c4edbd6f6" testId="908d6ae6-0bf2-be49-945f-ffbdac3e3f17" testName="WithTimeWinNamedWindowDelete" computerName="NEBULOUS" duration="00:00:01.0736270" startTime="2026-04-11T08:52:12.5509458-05:00" endTime="2026-04-11T08:52:13.6245558-05:00" testType="13cdc9d9-ddb5-4fa4-a97d-d965ccfc6d4b" outcome="Passed" testListId="8c84fa94-04c1-424b-9868-57a2d4851a1d" relativeResultsDirectory="f7048030-1ae9-4eec-82f7-963c4edbd6f6" />
    <UnitTestResult executionId="43319fa4-b6bf-4b8d-bcb8-9503fce67483" testId="9030d88d-b30d-0ba5-9233-9590e82c1066" testName="WithSceneTwo" computerName="NEBULOUS" duration="00:00:00.0982510" startTime="2026-04-11T08:52:05.2438859-05:00" endTime="2026-04-11T08:52:05.3421355-05:00" testType="13cdc9d9-ddb5-4fa4-a97d-d965ccfc6d4b" outcome="Passed" testListId="8c84fa94-04c1-424b-9868-57a2d4851a1d" relativeResultsDirectory="43319fa4-b6bf-4b8d-bcb8-9503fce67483" />
    <UnitTestResult executionId="1d3a14dc-a6ba-4605-9b8f-b4e5ceaf1dd9" testId="634297a9-6859-66bd-02f7-196472b365a6" testName="WithSceneOne" computerName="NEBULOUS" duration="00:00:00.0880990" startTime="2026-04-11T08:52:03.5703101-05:00" endTime="2026-04-11T08:52:03.6584072-05:00" testType="13cdc9d9-ddb5-4fa4-a97d-d965ccfc6d4b" outcome="Passed" testListId="8c84fa94-04c1-424b-9868-57a2d4851a1d" relativeResultsDirectory="1d3a14dc-a6ba-4605-9b8f-b4e5ceaf1dd9" />
    <UnitTestResult executionId="840b3e63-ea01-4812-b427-ef78212df871" testId="fffba378-a5d2-b30d-6f52-7a06d758103e" testName="WithTwoUnique" computerName="NEBULOUS" duration="00:00:00.1245560" startTime="2026-04-11T08:52:13.7507105-05:00" endTime="2026-04-11T08:52:13.8752646-05:00" testType="13cdc9d9-ddb5-4fa4-a97d-d965ccfc6d4b" outcome="Passed" testListId="8c84fa94-04c1-424b-9868-57a2d4851a1d" relativeResultsDirectory="840b3e63-ea01-4812-b427-ef78212df871" />
    <UnitTestResult executionId="faf1fae0-59ed-4871-95a0-f810da723021" testId="6a916a4a-d6b7-927b-f1e2-ace7f997212b" testName="WithCorrel" computerName="NEBULOUS" duration="00:00:00.1247280" startTime="2026-04-11T08:51:22.2642509-05:00" endTime="2026-04-11T08:51:22.3889764-05:00" testType="13cdc9d9-ddb5-4fa4-a97d-d965ccfc6d4b" outcome="Passed" testListId="8c84fa94-04c1-424b-9868-57a2d4851a1d" relativeResultsDirectory="faf1fae0-59ed-4871-95a0-f810da723021" />
    <UnitTestResult executionId="af61a1fb-99d9-40d1-9938-db9b3ccd3fb1" testId="38eca9fa-d2ad-6c78-dfed-8ae48726b934" testName="WithWinSceneShort" computerName="NEBULOUS" duration="00:00:00.0873270" startTime="2026-04-11T08:51:21.0280700-05:00" endTime="2026-04-11T08:51:21.1153952-05:00" testType="13cdc9d9-ddb5-4fa4-a97d-d965ccfc6d4b" outcome="Passed" testListId="8c84fa94-04c1-424b-9868-57a2d4851a1d" relativeResultsDirectory="af61a1fb-99d9-40d1-9938-db9b3ccd3fb1" />
    <UnitTestResult executionId="533df441-f8af-4556-9c04-59712da2f4c9" testId="62fbc3ae-e903-26ae-4da3-7beabf7e37dc" testName="WithSum" computerName="NEBULOUS" duration="00:00:00.1478020" startTime="2026-04-11T08:52:07.2372839-05:00" endTime="2026-04-11T08:52:07.3850837-05:00" testType="13cdc9d9-ddb5-4fa4-a97d-d965ccfc6d4b" outcome="Passed" testListId="8c84fa94-04c1-424b-9868-57a2d4851a1d" relativeResultsDirectory="533df441-f8af-4556-9c04-59712da2f4c9" />
    <UnitTestResult executionId="ecf50d5e-8242-46d7-aefe-80795f1ea450" testId="68ba60b6-bb7d-19d7-4a40-90ecc6fecbff" testName="WithStartEager" computerName="NEBULOUS" duration="00:00:00.0945740" startTime="2026-04-11T08:52:05.0609847-05:00" endTime="2026-04-11T08:52:05.1555567-05:00" testType="13cdc9d9-ddb5-4fa4-a97d-d965ccfc6d4b" outcome="Passed" testListId="8c84fa94-04c1-424b-9868-57a2d4851a1d" relativeResultsDirectory="ecf50d5e-8242-46d7-aefe-80795f1ea450" />
    <UnitTestResult executionId="d5125d4e-653d-4f7f-b931-f1926b39579c" testId="29d42fd2-23d1-7d8e-133d-18de3c682d60" testName="WithReclaimTimeWindow" computerName="NEBULOUS" duration="00:00:00.1736600" startTime="2026-04-11T08:51:25.6192851-05:00" endTime="2026-04-11T08:51:25.7929420-05:00" testType="13cdc9d9-ddb5-4fa4-a97d-d965ccfc6d4b" outcome="Passed" testListId="8c84fa94-04c1-424b-9868-57a2d4851a1d" relativeResultsDirectory="d5125d4e-653d-4f7f-b931-f1926b39579c" />
    <UnitTestResult executionId="be892d25-c85f-4954-a2a9-0ee83ea43443" testId="da307361-9f6c-0b66-c9bc-64a46edf97b3" testName="WithWindowTimePeriod" computerName="NEBULOUS" duration="00:00:00.1889890" startTime="2026-04-11T08:52:08.3353924-05:00" endTime="2026-04-11T08:52:08.5243787-05:00" testType="13cdc9d9-ddb5-4fa4-a97d-d965ccfc6d4b" outcome="Passed" testListId="8c84fa94-04c1-424b-9868-57a2d4851a1d" relativeResultsDirectory="be892d25-c85f-4954-a2a9-0ee83ea43443" />
    <UnitTestResult executionId="2ad9f813-ad67-4718-a55f-57e032f0680b" testId="945f5fa9-e20c-bb0c-cf1d-7b6977be92d1" testName="WithSimple" computerName="NEBULOUS" duration="00:00:00.1397820" startTime="2026-04-11T08:51:32.8084894-05:00" endTime="2026-04-11T08:51:32.9482686-05:00" testType="13cdc9d9-ddb5-4fa4-a97d-d965ccfc6d4b" outcome="Passed" testListId="8c84fa94-04c1-424b-9868-57a2d4851a1d" relativeResultsDirectory="2ad9f813-ad67-4718-a55f-57e032f0680b" />
    <UnitTestResult executionId="18264439-b129-45b4-80e8-e84709c0c519" testId="70eb01ea-5b2c-7ecc-a254-4d9d3854fee4" testName="WithMonthScoped" computerName="NEBULOUS" duration="00:00:00.1246010" startTime="2026-04-11T08:52:03.0501449-05:00" endTime="2026-04-11T08:52:03.1747441-05:00" testType="13cdc9d9-ddb5-4fa4-a97d-d965ccfc6d4b" outcome="Passed" testListId="8c84fa94-04c1-424b-9868-57a2d4851a1d" relativeResultsDirectory="18264439-b129-45b4-80e8-e84709c0c519" />
    <UnitTestResult executionId="0dee9e6a-3d77-4697-b861-6be9ed9343e5" testId="f1890ccc-b845-b6f3-cdb0-fd0be0ccbeba" testName="WithTTLPreviousAndPriorSceneOne" computerName="NEBULOUS" duration="00:00:00.1401710" startTime="2026-04-11T08:52:05.5917580-05:00" endTime="2026-04-11T08:52:05.7319268-05:00" testType="13cdc9d9-ddb5-4fa4-a97d-d965ccfc6d4b" outcome="Passed" testListId="8c84fa94-04c1-424b-9868-57a2d4851a1d" relativeResultsDirectory="0dee9e6a-3d77-4697-b861-6be9ed9343e5" />
    <UnitTestResult executionId="35354f0f-bf00-4b74-bc14-07f321b5d725" testId="60916d80-5b59-8e6e-54fa-72a9dc77e225" testName="WithGroupWin" computerName="NEBULOUS" duration="00:00:00.1547780" startTime="2026-04-11T08:51:36.9813534-05:00" endTime="2026-04-11T08:51:37.1361294-05:00" testType="13cdc9d9-ddb5-4fa4-a97d-d965ccfc6d4b" outcome="Passed" testListId="8c84fa94-04c1-424b-9868-57a2d4851a1d" relativeResultsDirectory="35354f0f-bf00-4b74-bc14-07f321b5d725" />
    <UnitTestResult executionId="25a7150a-1ed2-4207-9921-babb7be39cfc" testId="556655b0-b5c8-f2b3-7b54-c11298d3586a" testName="WithLastUniqueOneKeyArrayOfLongPrimitive" computerName="NEBULOUS" duration="00:00:00.1305310" startTime="2026-04-11T08:51:41.9262570-05:00" endTime="2026-04-11T08:51:42.0567855-05:00" testType="13cdc9d9-ddb5-4fa4-a97d-d965ccfc6d4b" outcome="Passed" testListId="8c84fa94-04c1-424b-9868-57a2d4851a1d" relativeResultsDirectory="25a7150a-1ed2-4207-9921-babb7be39cfc" />
    <UnitTestResult executionId="47ab9259-a899-4c10-8802-3d60d1b03d1c" testId="5a4fbe60-d6de-c9e2-9999-820a8c29c806" testName="WithTTLMonthScoped" computerName="NEBULOUS" duration="00:00:00.1017420" startTime="2026-04-11T08:52:05.4900054-05:00" endTime="2026-04-11T08:52:05.5917453-05:00" testType="13cdc9d9-ddb5-4fa4-a97d-d965ccfc6d4b" outcome="Passed" testListId="8c84fa94-04c1-424b-9868-57a2d4851a1d" relativeResultsDirectory="47ab9259-a899-4c10-8802-3d60d1b03d1c" />
    <UnitTestResult executionId="b32a47f7-0a23-4523-824e-6ded30c0b639" testId="61878ec5-6815-0845-c02b-aa54d0bad2b9" testName="WithLastUniqueArrayKeySubquery" computerName="NEBULOUS" duration="00:00:00.1575730" startTime="2026-04-11T08:51:39.4918075-05:00" endTime="2026-04-11T08:51:39.6493779-05:00" testType="13cdc9d9-ddb5-4fa4-a97d-d965ccfc6d4b" outcome="Passed" testListId="8c84fa94-04c1-424b-9868-57a2d4851a1d" relativeResultsDirectory="b32a47f7-0a23-4523-824e-6ded30c0b639" />
    <UnitTestResult executionId="16de3699-8b9b-437a-aa64-c6bbc70df928" testId="c3d8982d-c693-6ae4-d884-4c9d37edd55f" testName="WithNewestEventOldestEvent" computerName="NEBULOUS" duration="00:00:00.2032930" startTime="2026-04-11T08:51:12.4087685-05:00" endTime="2026-04-11T08:51:12.6120578-05:00" testType="13cdc9d9-ddb5-4fa4-a97d-d965ccfc6d4b" outcome="Passed" testListId="8c84fa94-04c1-424b-9868-57a2d4851a1d" relativeResultsDirectory="16de3699-8b9b-437a-aa64-c6bbc70df928" />
    <UnitTestResult executionId="46b3d05d-79d8-446b-85fa-d9b6612ffcbc" testId="abbc73ba-4680-3459-a988-2b15e57fce69" testName="WithTimeWindow" computerName="NEBULOUS" duration="00:00:00.1558870" startTime="2026-04-11T08:51:18.2967579-05:00" endTime="2026-04-11T08:51:18.4526419-05:00" testType="13cdc9d9-ddb5-4fa4-a97d-d965ccfc6d4b" outcome="Passed" testListId="8c84fa94-04c1-424b-9868-57a2d4851a1d" relativeResultsDirectory="46b3d05d-79d8-446b-85fa-d9b6612ffcbc" />
    <UnitTestResult executionId="66779d76-7050-4954-9acc-737df9af0dbc" testId="72a354a5-b0e9-4819-2738-aa7d8085fb81" testName="WithLastUniqueOneKeyArrayOfObjectArray" computerName="NEBULOUS" duration="00:00:00.1341070" startTime="2026-04-11T08:51:42.0567981-05:00" endTime="2026-04-11T08:51:42.1909024-05:00" testType="13cdc9d9-ddb5-4fa4-a97d-d965ccfc6d4b" outcome="Passed" testListId="8c84fa94-04c1-424b-9868-57a2d4851a1d" relativeResultsDirectory="66779d76-7050-4954-9acc-737df9af0dbc" />
    <UnitTestResult executionId="57fbe4a3-548b-4ab4-ae3e-76b94a4b7759" testId="2546b54b-49fc-3efc-9973-439f106f6f84" testName="WithMultiBatch" computerName="NEBULOUS" duration="00:00:00.0825869" startTime="2026-04-11T08:52:03.1747570-05:00" endTime="2026-04-11T08:52:03.2573423-05:00" testType="13cdc9d9-ddb5-4fa4-a97d-d965ccfc6d4b" outcome="Passed" testListId="8c84fa94-04c1-424b-9868-57a2d4851a1d" relativeResultsDirectory="57fbe4a3-548b-4ab4-ae3e-76b94a4b7759" />
    <UnitTestResult executionId="65bf8d30-4a47-418a-8ac0-933751f2c109" testId="58be707a-2cec-3fce-3295-7a739dd2d78c" testName="WithSceneTwo" computerName="NEBULOUS" duration="00:00:00.1249880" startTime="2026-04-11T08:52:01.7159992-05:00" endTime="2026-04-11T08:52:01.8409854-05:00" testType="13cdc9d9-ddb5-4fa4-a97d-d965ccfc6d4b" outcome="Passed" testListId="8c84fa94-04c1-424b-9868-57a2d4851a1d" relativeResultsDirectory="65bf8d30-4a47-418a-8ac0-933751f2c109" />
    <UnitTestResult executionId="52e4c72c-6690-4a17-9e43-8b77af92fe97" testId="426f6e3f-23cd-474e-67c1-c8a9e4283015" testName="WithBatchWindow" computerName="NEBULOUS" duration="00:00:00.4457360" startTime="2026-04-11T08:51:26.9892261-05:00" endTime="2026-04-11T08:51:27.4349548-05:00" testType="13cdc9d9-ddb5-4fa4-a97d-d965ccfc6d4b" outcome="Passed" testListId="8c84fa94-04c1-424b-9868-57a2d4851a1d" relativeResultsDirectory="52e4c72c-6690-4a17-9e43-8b77af92fe97" />
    <UnitTestResult executionId="7e13a311-f7f0-4d76-9eca-2fbc6aab5e80" testId="1652460e-d05f-31fb-9c0f-774af515a95f" testName="WithWindowTimePeriodParams" computerName="NEBULOUS" duration="00:00:00.3343729" startTime="2026-04-11T08:52:08.5243900-05:00" endTime="2026-04-11T08:52:08.8587578-05:00" testType="13cdc9d9-ddb5-4fa4-a97d-d965ccfc6d4b" outcome="Passed" testListId="8c84fa94-04c1-424b-9868-57a2d4851a1d" relativeResultsDirectory="7e13a311-f7f0-4d76-9eca-2fbc6aab5e80" />
    <UnitTestResult executionId="5ade60c1-6af1-4652-8a38-c72dcc41c048" testId="4b138e0d-d78d-336d-474a-7c865da69f20" testName="WithLengthBatch" computerName="NEBULOUS" duration="00:00:00.1122910" startTime="2026-04-11T08:51:24.6277374-05:00" endTime="2026-04-11T08:51:24.7400266-05:00" testType="13cdc9d9-ddb5-4fa4-a97d-d965ccfc6d4b" outcome="Passed" testListId="8c84fa94-04c1-424b-9868-57a2d4851a1d" relativeResultsDirectory="5ade60c1-6af1-4652-8a38-c72dcc41c048" />
    <UnitTestResult executionId="fdf27c60-46e6-4367-bd4a-4fd86b6ba049" testId="642c5057-2734-33b8-55df-48532f25473c" testName="WithDerivedLengthWUniSceneThree" computerName="NEBULOUS" duration="00:00:00.1827150" startTime="2026-04-11T08:51:06.6670339-05:00" endTime="2026-04-11T08:51:06.8497450-05:00" testType="13cdc9d9-ddb5-4fa4-a97d-d965ccfc6d4b" outcome="Passed" testListId="8c84fa94-04c1-424b-9868-57a2d4851a1d" relativeResultsDirectory="fdf27c60-46e6-4367-bd4a-4fd86b6ba049" />
    <UnitTestResult executionId="b55a8641-0916-4767-b91d-d907bbcb2cce" testId="ebff0f15-b84a-14a9-8025-f8136bad9a13" testName="WithLastUniqueArrayKeySubqueryInFilter" computerName="NEBULOUS" duration="00:00:00.1509780" startTime="2026-04-11T08:51:39.6493949-05:00" endTime="2026-04-11T08:51:39.8003700-05:00" testType="13cdc9d9-ddb5-4fa4-a97d-d965ccfc6d4b" outcome="Passed" testListId="8c84fa94-04c1-424b-9868-57a2d4851a1d" relativeResultsDirectory="b55a8641-0916-4767-b91d-d907bbcb2cce" />
    <UnitTestResult executionId="1fcc04d3-f6b8-4ae6-b8ee-4f6826a5e0e9" testId="b6569013-9e18-1077-3509-cff193e7f9bb" testName="WithedWithRefTime" computerName="NEBULOUS" duration="00:00:00.1729970" startTime="2026-04-11T08:51:19.8065275-05:00" endTime="2026-04-11T08:51:19.9795217-05:00" testType="13cdc9d9-ddb5-4fa4-a97d-d965ccfc6d4b" outcome="Passed" testListId="8c84fa94-04c1-424b-9868-57a2d4851a1d" relativeResultsDirectory="1fcc04d3-f6b8-4ae6-b8ee-4f6826a5e0e9" />
    <UnitTestResult executionId="3b87b571-0742-4ee0-a503-f7be06d43aa9" testId="9c24ccf4-596c-28ff-fed2-29e957fa3113" testName="WithObjectArrayEvent" computerName="NEBULOUS" duration="00:00:00.1450020" startTime="2026-04-11T08:51:25.2914027-05:00" endTime="2026-04-11T08:51:25.4364027-05:00" testType="13cdc9d9-ddb5-4fa4-a97d-d965ccfc6d4b" outcome="Passed" testListId="8c84fa94-04c1-424b-9868-57a2d4851a1d" relativeResultsDirectory="3b87b571-0742-4ee0-a503-f7be06d43aa9" />
    <UnitTestResult executionId="88dc3cb5-1883-4eb9-982c-93a93f6f92a0" testId="2651aafc-9c7e-8bfe-1fdd-059ffd230492" testName="WithTTLGroupedWindow" computerName="NEBULOUS" duration="00:00:00.1401250" startTime="2026-04-11T08:52:05.3421521-05:00" endTime="2026-04-11T08:52:05.4822752-05:00" testType="13cdc9d9-ddb5-4fa4-a97d-d965ccfc6d4b" outcome="Passed" testListId="8c84fa94-04c1-424b-9868-57a2d4851a1d" relativeResultsDirectory="88dc3cb5-1883-4eb9-982c-93a93f6f92a0" />
    <UnitTestResult executionId="d5cf68aa-85dd-48da-ae05-a738ce572c3a" testId="9abd6565-5132-f564-4179-2ec09b860345" testName="WithSceneOne" computerName="NEBULOUS" duration="00:00:00.1562350" startTime="2026-04-11T08:51:35.7684205-05:00" endTime="2026-04-11T08:51:35.9246533-05:00" testType="13cdc9d9-ddb5-4fa4-a97d-d965ccfc6d4b" outcome="Passed" testListId="8c84fa94-04c1-424b-9868-57a2d4851a1d" relativeResultsDirectory="d5cf68aa-85dd-48da-ae05-a738ce572c3a" />
    <UnitTestResult executionId="cff71ca8-184a-4574-9d92-41a9f2abb1a1" testId="7831da95-3765-3642-c236-73c0fcffb94d" testName="WithDerivedAll" computerName="NEBULOUS" duration="00:00:00.5405040" startTime="2026-04-11T08:51:05.3938650-05:00" endTime="2026-04-11T08:51:05.9343602-05:00" testType="13cdc9d9-ddb5-4fa4-a97d-d965ccfc6d4b" outcome="Passed" testListId="8c84fa94-04c1-424b-9868-57a2d4851a1d" relativeResultsDirectory="cff71ca8-184a-4574-9d92-41a9f2abb1a1" />
    <UnitTestResult executionId="09898fd0-9749-41f2-b769-ff06ef684627" testId="68b160a7-32fe-2eb7-8d07-abc7225494e7" testName="WithMoreWindows" computerName="NEBULOUS" duration="00:00:12.5561140" startTime="2026-04-11T08:51:46.8912537-05:00" endTime="2026-04-11T08:51:59.4471754-05:00" testType="13cdc9d9-ddb5-4fa4-a97d-d965ccfc6d4b" outcome="Passed" testListId="8c84fa94-04c1-424b-9868-57a2d4851a1d" relativeResultsDirectory="09898fd0-9749-41f2-b769-ff06ef684627" />
    <UnitTestResult executionId="ec4206be-0f01-48f6-b94b-678a302c37bc" testId="bf602fb0-ce9b-9b35-aa42-2bc7f2807b18" testName="WithTTLTimeToLive" computerName="NEBULOUS" duration="00:00:00.0968799" startTime="2026-04-11T08:52:07.0258566-05:00" endTime="2026-04-11T08:52:07.1227352-05:00" testType="13cdc9d9-ddb5-4fa4-a97d-d965ccfc6d4b" outcome="Passed" testListId="8c84fa94-04c1-424b-9868-57a2d4851a1d" relativeResultsDirectory="ec4206be-0f01-48f6-b94b-678a302c37bc" />
    <UnitTestResult executionId="d0f94f1c-4d2a-4884-8520-7297832254bf" testId="b8ed8aed-4087-f297-5f2f-5a666760caf7" testName="WithTTLTimeOrderRemoveStream" computerName="NEBULOUS" duration="00:00:01.0619720" startTime="2026-04-11T08:52:05.9638875-05:00" endTime="2026-04-11T08:52:07.0258428-05:00" testType="13cdc9d9-ddb5-4fa4-a97d-d965ccfc6d4b" outcome="Passed" testListId="8c84fa94-04c1-424b-9868-57a2d4851a1d" relativeResultsDirectory="d0f94f1c-4d2a-4884-8520-7297832254bf" />
    <UnitTestResult executionId="1f26a650-aad4-486d-81b9-480bcbd89cb9" testId="e2f98761-70ad-ab43-9571-76f8a479e056" testName="WithRStream" computerName="NEBULOUS" duration="00:00:00.1176570" startTime="2026-04-11T08:52:02.2822528-05:00" endTime="2026-04-11T08:52:02.3999078-05:00" testType="13cdc9d9-ddb5-4fa4-a97d-d965ccfc6d4b" outcome="Passed" testListId="8c84fa94-04c1-424b-9868-57a2d4851a1d" relativeResultsDirectory="1f26a650-aad4-486d-81b9-480bcbd89cb9" />
    <UnitTestResult executionId="67782e92-bb05-4782-bdca-4e0c2e401f64" testId="081c3496-c66a-ed5a-3501-6c8e98062fad" testName="WithLastUniqueArrayKeyUnion" computerName="NEBULOUS" duration="00:00:01.0735070" startTime="2026-04-11T08:51:39.8003814-05:00" endTime="2026-04-11T08:51:40.8738720-05:00" testType="13cdc9d9-ddb5-4fa4-a97d-d965ccfc6d4b" outcome="Passed" testListId="8c84fa94-04c1-424b-9868-57a2d4851a1d" relativeResultsDirectory="67782e92-bb05-4782-bdca-4e0c2e401f64" />
    <UnitTestResult executionId="e6c9dc03-4242-4a30-90fd-d0c1919af5ee" testId="68a1bee0-2da5-df05-86ba-d142b15814ef" testName="WithLastUniqueWithAnnotationPrefix" computerName="NEBULOUS" duration="00:00:00.1328920" startTime="2026-04-11T08:52:14.1346706-05:00" endTime="2026-04-11T08:52:14.2675604-05:00" testType="13cdc9d9-ddb5-4fa4-a97d-d965ccfc6d4b" outcome="Passed" testListId="8c84fa94-04c1-424b-9868-57a2d4851a1d" relativeResultsDirectory="e6c9dc03-4242-4a30-90fd-d0c1919af5ee" />
    <UnitTestResult executionId="752c2021-05e6-43d1-92dd-33d4c19eb718" testId="f732bcfa-95f7-1216-9ae5-d95ecc85ee7b" testName="WithSceneOne" computerName="NEBULOUS" duration="00:00:00.1546210" startTime="2026-04-11T08:51:18.1421228-05:00" endTime="2026-04-11T08:51:18.2967413-05:00" testType="13cdc9d9-ddb5-4fa4-a97d-d965ccfc6d4b" outcome="Passed" testListId="8c84fa94-04c1-424b-9868-57a2d4851a1d" relativeResultsDirectory="752c2021-05e6-43d1-92dd-33d4c19eb718" />
    <UnitTestResult executionId="10e17d36-3851-4bde-90bd-196238f111f2" testId="c12564a5-9745-4351-8ac6-897236f30697" testName="WithFirstUniqueAndFirstLength" computerName="NEBULOUS" duration="00:00:00.1746080" startTime="2026-04-11T08:52:09.5127722-05:00" endTime="2026-04-11T08:52:09.6873776-05:00" testType="13cdc9d9-ddb5-4fa4-a97d-d965ccfc6d4b" outcome="Passed" testListId="8c84fa94-04c1-424b-9868-57a2d4851a1d" relativeResultsDirectory="10e17d36-3851-4bde-90bd-196238f111f2" />
    <UnitTestResult executionId="8ac45212-fdc6-4e39-bff0-ef5d534b8576" testId="2494de7a-d5f5-85ae-ebe7-6d4de7f962eb" testName="WithSceneOne" computerName="NEBULOUS" duration="00:00:00.0880790" startTime="2026-04-11T08:51:33.2141252-05:00" endTime="2026-04-11T08:51:33.3022026-05:00" testType="13cdc9d9-ddb5-4fa4-a97d-d965ccfc6d4b" outcome="Passed" testListId="8c84fa94-04c1-424b-9868-57a2d4851a1d" relativeResultsDirectory="8ac45212-fdc6-4e39-bff0-ef5d534b8576" />
    <UnitTestResult executionId="9a84c8e4-dbf5-4e6c-845d-84fd329a7205" testId="ec5d2d59-7e32-c757-1f60-8bb334de26c2" testName="WithLastUniqueSceneTwo" computerName="NEBULOUS" duration="00:00:00.1146850" startTime="2026-04-11T08:52:14.0199750-05:00" endTime="2026-04-11T08:52:14.1346580-05:00" testType="13cdc9d9-ddb5-4fa4-a97d-d965ccfc6d4b" outcome="Passed" testListId="8c84fa94-04c1-424b-9868-57a2d4851a1d" relativeResultsDirectory="9a84c8e4-dbf5-4e6c-845d-84fd329a7205" />
    <UnitTestResult executionId="97b6b54d-abc4-4188-b9ed-7feec9ece571" testId="c0bc11aa-5b5a-6740-e099-ed10bade4a66" testName="With10Sec" computerName="NEBULOUS" duration="00:00:00.1284090" startTime="2026-04-11T08:52:02.8262386-05:00" endTime="2026-04-11T08:52:02.9546456-05:00" testType="13cdc9d9-ddb5-4fa4-a97d-d965ccfc6d4b" outcome="Passed" testListId="8c84fa94-04c1-424b-9868-57a2d4851a1d" relativeResultsDirectory="97b6b54d-abc4-4188-b9ed-7feec9ece571" />
    <UnitTestResult executionId="30892706-49ba-4ad3-a437-9b82e03dadaf" testId="a9b3c689-dfda-d85b-d121-3f0c7a256d0d" testName="WithPrev" computerName="NEBULOUS" duration="00:00:00.1677549" startTime="2026-04-11T08:51:35.6006545-05:00" endTime="2026-04-11T08:51:35.7684069-05:00" testType="13cdc9d9-ddb5-4fa4-a97d-d965ccfc6d4b" outcome="Passed" testListId="8c84fa94-04c1-424b-9868-57a2d4851a1d" relativeResultsDirectory="30892706-49ba-4ad3-a437-9b82e03dadaf" />
    <UnitTestResult executionId="4721d1d5-605e-4f4d-bb89-f56a7c1e1503" testId="8496c770-50a0-c453-dedf-648eda0f87c6" testName="WithForceOutputOne" computerName="NEBULOUS" duration="00:00:00.0831070" startTime="2026-04-11T08:52:03.8928582-05:00" endTime="2026-04-11T08:52:03.9759641-05:00" testType="13cdc9d9-ddb5-4fa4-a97d-d965ccfc6d4b" outcome="Passed" testListId="8c84fa94-04c1-424b-9868-57a2d4851a1d" relativeResultsDirectory="4721d1d5-605e-4f4d-bb89-f56a7c1e1503" />
    <UnitTestResult executionId="fbf1c9a2-88cf-4f64-9407-d12dad49da5c" testId="a27d344c-13d4-01e4-50a0-a3df31afe1f1" testName="WithDerivedLengthWWeightedAvgSceneOne" computerName="NEBULOUS" duration="00:00:00.1790710" startTime="2026-04-11T08:51:07.1874161-05:00" endTime="2026-04-11T08:51:07.3664842-05:00" testType="13cdc9d9-ddb5-4fa4-a97d-d965ccfc6d4b" outcome="Passed" testListId="8c84fa94-04c1-424b-9868-57a2d4851a1d" relativeResultsDirectory="fbf1c9a2-88cf-4f64-9407-d12dad49da5c" />
    <UnitTestResult executionId="9204c6e5-ff94-4fc2-90c6-5de5757ea504" testId="465d5ad8-b0c9-1cee-0ee2-0772bdeb27b8" testName="WithNormal" computerName="NEBULOUS" duration="00:00:01.1949440" startTime="2026-04-11T08:51:34.4057174-05:00" endTime="2026-04-11T08:51:35.6006428-05:00" testType="13cdc9d9-ddb5-4fa4-a97d-d965ccfc6d4b" outcome="Passed" testListId="8c84fa94-04c1-424b-9868-57a2d4851a1d" relativeResultsDirectory="9204c6e5-ff94-4fc2-90c6-5de5757ea504" />
    <UnitTestResult executionId="9e000f93-69d7-46a1-8751-1000ca06a964" testId="7cab6c39-a016-5294-8a33-c151f9dd8ee5" testName="WithSceneTwo" computerName="NEBULOUS" duration="00:00:00.1147990" startTime="2026-04-11T08:52:02.6067247-05:00" endTime="2026-04-11T08:52:02.7215213-05:00" testType="13cdc9d9-ddb5-4fa4-a97d-d965ccfc6d4b" outcome="Passed" testListId="8c84fa94-04c1-424b-9868-57a2d4851a1d" relativeResultsDirectory="9e000f93-69d7-46a1-8751-1000ca06a964" />
    <UnitTestResult executionId="7d6b0748-02ca-4bb6-b0e2-100c88e84c3c" testId="c0e5c1d6-0e84-7940-9200-5731c236de98" testName="WithTwoUnique" computerName="NEBULOUS" duration="00:00:00.1251830" startTime="2026-04-11T08:51:32.4095747-05:00" endTime="2026-04-11T08:51:32.5347556-05:00" testType="13cdc9d9-ddb5-4fa4-a97d-d965ccfc6d4b" outcome="Passed" testListId="8c84fa94-04c1-424b-9868-57a2d4851a1d" relativeResultsDirectory="7d6b0748-02ca-4bb6-b0e2-100c88e84c3c" />
    <UnitTestResult executionId="0333bbc7-2fcf-44f3-8ca7-e52495452569" testId="900cce7c-3d5e-4ee6-6421-c533f8fe85c1" testName="WithAggregationWOnDelete" computerName="NEBULOUS" duration="00:00:01.0631360" startTime="2026-04-11T08:51:14.4791663-05:00" endTime="2026-04-11T08:51:15.5422847-05:00" testType="13cdc9d9-ddb5-4fa4-a97d-d965ccfc6d4b" outcome="Passed" testListId="8c84fa94-04c1-424b-9868-57a2d4851a1d" relativeResultsDirectory="0333bbc7-2fcf-44f3-8ca7-e52495452569" />
    <UnitTestResult executionId="ad6e73f5-42b2-4873-b31a-863b26d2181c" testId="30663b97-7577-dea4-134b-f693ea767e96" testName="WithceneTwo" computerName="NEBULOUS" duration="00:00:00.0916550" startTime="2026-04-11T08:51:21.7266334-05:00" endTime="2026-04-11T08:51:21.8182868-05:00" testType="13cdc9d9-ddb5-4fa4-a97d-d965ccfc6d4b" outcome="Passed" testListId="8c84fa94-04c1-424b-9868-57a2d4851a1d" relativeResultsDirectory="ad6e73f5-42b2-4873-b31a-863b26d2181c" />
    <UnitTestResult executionId="86585f04-ccbd-4a32-9b3f-a11e9744197f" testId="f543f00a-714d-50b2-5b53-00165c62200d" testName="TestViewTimeBatchWSystemTime" computerName="NEBULOUS" duration="00:00:07.2582960" startTime="2026-04-11T08:52:14.6624235-05:00" endTime="2026-04-11T08:52:21.9206083-05:00" testType="13cdc9d9-ddb5-4fa4-a97d-d965ccfc6d4b" outcome="Passed" testListId="8c84fa94-04c1-424b-9868-57a2d4851a1d" relativeResultsDirectory="86585f04-ccbd-4a32-9b3f-a11e9744197f" />
    <UnitTestResult executionId="388c7e91-d9ad-4ee0-844d-90598250f42f" testId="e3f54bcd-7256-cedd-f421-7c4de4ee1099" testName="WithInvalid" computerName="NEBULOUS" duration="00:00:00.0361300" startTime="2026-04-11T08:51:59.6716017-05:00" endTime="2026-04-11T08:51:59.7077307-05:00" testType="13cdc9d9-ddb5-4fa4-a97d-d965ccfc6d4b" outcome="Passed" testListId="8c84fa94-04c1-424b-9868-57a2d4851a1d" relativeResultsDirectory="388c7e91-d9ad-4ee0-844d-90598250f42f" />
    <UnitTestResult executionId="e6c20c26-8847-4e88-b29c-a8aeb1d4af43" testId="6b181075-c424-c141-6a0e-cc76cef75ccb" testName="WithedMultikey" computerName="NEBULOUS" duration="00:00:00.1043420" startTime="2026-04-11T08:52:01.1758962-05:00" endTime="2026-04-11T08:52:01.2802369-05:00" testType="13cdc9d9-ddb5-4fa4-a97d-d965ccfc6d4b" outcome="Passed" testListId="8c84fa94-04c1-424b-9868-57a2d4851a1d" relativeResultsDirectory="e6c20c26-8847-4e88-b29c-a8aeb1d4af43" />
    <UnitTestResult executionId="269ef3cf-a4c5-4bf5-84e3-18c4f555a0cf" testId="6a476ad1-26a0-b540-85ff-1f5ce90d538e" testName="TestViewInvalid" computerName="NEBULOUS" duration="00:00:02.8169800" startTime="2026-04-11T08:51:02.5755109-05:00" endTime="2026-04-11T08:51:05.3924232-05:00" testType="13cdc9d9-ddb5-4fa4-a97d-d965ccfc6d4b" outcome="Passed" testListId="8c84fa94-04c1-424b-9868-57a2d4851a1d" relativeResultsDirectory="269ef3cf-a4c5-4bf5-84e3-18c4f555a0cf" />
    <UnitTestResult executionId="f9c08309-3ac3-4725-946e-719a0f2fa685" testId="996702d6-5343-ce8b-86f3-3506c4fe9292" testName="WithIterator" computerName="NEBULOUS" duration="00:00:00.1007369" startTime="2026-04-11T08:51:32.7077416-05:00" endTime="2026-04-11T08:51:32.8084768-05:00" testType="13cdc9d9-ddb5-4fa4-a97d-d965ccfc6d4b" outcome="Passed" testListId="8c84fa94-04c1-424b-9868-57a2d4851a1d" relativeResultsDirectory="f9c08309-3ac3-4725-946e-719a0f2fa685" />
    <UnitTestResult executionId="192cf6ff-db2e-4a47-bdce-c8ecfadf6c96" testId="cefd3fd0-7f9b-3c18-7fd8-7e0e12175b54" testName="WithInvalid" computerName="NEBULOUS" duration="00:00:00.0152390" startTime="2026-04-11T08:51:34.3904708-05:00" endTime="2026-04-11T08:51:34.4057097-05:00" testType="13cdc9d9-ddb5-4fa4-a97d-d965ccfc6d4b" outcome="Passed" testListId="8c84fa94-04c1-424b-9868-57a2d4851a1d" relativeResultsDirectory="192cf6ff-db2e-4a47-bdce-c8ecfadf6c96" />
    <UnitTestResult executionId="62d3ade1-30a4-4629-b2d1-ecf4a9a6c3ab" testId="42cf417e-5c66-d517-33d4-2c7923ba6476" testName="WithSizeAddProps" computerName="NEBULOUS" duration="00:00:00.1629490" startTime="2026-04-11T08:51:07.5739770-05:00" endTime="2026-04-11T08:51:07.7369228-05:00" testType="13cdc9d9-ddb5-4fa4-a97d-d965ccfc6d4b" outcome="Passed" testListId="8c84fa94-04c1-424b-9868-57a2d4851a1d" relativeResultsDirectory="62d3ade1-30a4-4629-b2d1-ecf4a9a6c3ab" />
    <UnitTestResult executionId="09c4fa2c-6f99-4907-8880-82a5010e5ec1" testId="612b334f-24b6-80a6-6203-bd7141dd2a2b" testName="WithPreviousAndPriorSceneOne" computerName="NEBULOUS" duration="00:00:00.1299800" startTime="2026-04-11T08:52:02.0460073-05:00" endTime="2026-04-11T08:52:02.1759848-05:00" testType="13cdc9d9-ddb5-4fa4-a97d-d965ccfc6d4b" outcome="Passed" testListId="8c84fa94-04c1-424b-9868-57a2d4851a1d" relativeResultsDirectory="09c4fa2c-6f99-4907-8880-82a5010e5ec1" />
    <UnitTestResult executionId="941e0c8c-2d2e-4d3c-8350-a515b87c71bb" testId="ba3cc20d-8e2e-6ad9-f045-39ba41e069d9" testName="WithPreviousAndPrior" computerName="NEBULOUS" duration="00:00:00.1369850" startTime="2026-04-11T08:52:04.7258619-05:00" endTime="2026-04-11T08:52:04.8628443-05:00" testType="13cdc9d9-ddb5-4fa4-a97d-d965ccfc6d4b" outcome="Passed" testListId="8c84fa94-04c1-424b-9868-57a2d4851a1d" relativeResultsDirectory="941e0c8c-2d2e-4d3c-8350-a515b87c71bb" />
    <UnitTestResult executionId="9676b6ac-c6fb-40bf-91d2-662347a1f2c7" testId="92cde4b6-2e38-c412-6b0b-c8418c74d8cd" testName="WithSceneOne" computerName="NEBULOUS" duration="00:00:00.0882450" startTime="2026-04-11T08:52:05.1556297-05:00" endTime="2026-04-11T08:52:05.2438733-05:00" testType="13cdc9d9-ddb5-4fa4-a97d-d965ccfc6d4b" outcome="Passed" testListId="8c84fa94-04c1-424b-9868-57a2d4851a1d" relativeResultsDirectory="9676b6ac-c6fb-40bf-91d2-662347a1f2c7" />
    <UnitTestResult executionId="e3852e92-ebfd-411a-8ecd-631da5d46cf4" testId="a9b41fa2-f733-9378-50aa-b66d729e9429" testName="WithDocSample" computerName="NEBULOUS" duration="00:00:01.0872139" startTime="2026-04-11T08:51:44.7247609-05:00" endTime="2026-04-11T08:51:45.8119586-05:00" testType="13cdc9d9-ddb5-4fa4-a97d-d965ccfc6d4b" outcome="Passed" testListId="8c84fa94-04c1-424b-9868-57a2d4851a1d" relativeResultsDirectory="e3852e92-ebfd-411a-8ecd-631da5d46cf4" />
    <UnitTestResult executionId="40b04908-d94c-474c-97de-04e9c957d676" testId="f393da6c-08e7-5a9f-960c-136f2b0afc5e" testName="WithLastUniqueTwoKeyAllArrayOfObject" computerName="NEBULOUS" duration="00:00:01.0550360" startTime="2026-04-11T08:51:42.4436265-05:00" endTime="2026-04-11T08:51:43.4986458-05:00" testType="13cdc9d9-ddb5-4fa4-a97d-d965ccfc6d4b" outcome="Passed" testListId="8c84fa94-04c1-424b-9868-57a2d4851a1d" relativeResultsDirectory="40b04908-d94c-474c-97de-04e9c957d676" />
    <UnitTestResult executionId="3b78756b-cd5d-4c2c-a3c6-6eea4f665cb0" testId="6096f8fb-3b14-151d-6519-f57794c74c19" testName="WithJustSelectStar" computerName="NEBULOUS" duration="00:00:00.1144730" startTime="2026-04-11T08:52:07.1228024-05:00" endTime="2026-04-11T08:52:07.2372730-05:00" testType="13cdc9d9-ddb5-4fa4-a97d-d965ccfc6d4b" outcome="Passed" testListId="8c84fa94-04c1-424b-9868-57a2d4851a1d" relativeResultsDirectory="3b78756b-cd5d-4c2c-a3c6-6eea4f665cb0" />
    <UnitTestResult executionId="1ed8a18c-2e1b-4a1e-ac04-03369c8b43a9" testId="87c03164-d0f9-e3b8-5089-4b54ff538fd0" testName="WithLastUniqueTwoKey" computerName="NEBULOUS" duration="00:00:00.1112090" startTime="2026-04-11T08:51:42.3324085-05:00" endTime="2026-04-11T08:51:42.4436151-05:00" testType="13cdc9d9-ddb5-4fa4-a97d-d965ccfc6d4b" outcome="Passed" testListId="8c84fa94-04c1-424b-9868-57a2d4851a1d" relativeResultsDirectory="1ed8a18c-2e1b-4a1e-ac04-03369c8b43a9" />
    <UnitTestResult executionId="f676581c-1617-4624-b796-f8d7d262638c" testId="ad8e724a-a880-c263-303e-0a36f39a28da" testName="WithUniqueExpressionParameter" computerName="NEBULOUS" duration="00:00:00.1349120" startTime="2026-04-11T08:52:14.2675726-05:00" endTime="2026-04-11T08:52:14.4024823-05:00" testType="13cdc9d9-ddb5-4fa4-a97d-d965ccfc6d4b" outcome="Passed" testListId="8c84fa94-04c1-424b-9868-57a2d4851a1d" relativeResultsDirectory="f676581c-1617-4624-b796-f8d7d262638c" />
    <UnitTestResult executionId="cec9bcbb-0805-4f42-bdd1-ce1e741520ca" testId="af895f4f-f4b3-a2c7-f122-42890f7351ba" testName="WithDerivedLengthWUniSceneTwo" computerName="NEBULOUS" duration="00:00:00.3376199" startTime="2026-04-11T08:51:06.8497753-05:00" endTime="2026-04-11T08:51:07.1873891-05:00" testType="13cdc9d9-ddb5-4fa4-a97d-d965ccfc6d4b" outcome="Passed" testListId="8c84fa94-04c1-424b-9868-57a2d4851a1d" relativeResultsDirectory="cec9bcbb-0805-4f42-bdd1-ce1e741520ca" />
    <UnitTestResult executionId="4cee293a-6eb4-4b2b-810c-4e65b5ae8a55" testId="f30e45ce-a86b-928d-8eda-908273706574" testName="WithNamedWindowDelete" computerName="NEBULOUS" duration="00:00:01.0495210" startTime="2026-04-11T08:51:11.3592422-05:00" endTime="2026-04-11T08:51:12.4087468-05:00" testType="13cdc9d9-ddb5-4fa4-a97d-d965ccfc6d4b" outcome="Passed" testListId="8c84fa94-04c1-424b-9868-57a2d4851a1d" relativeResultsDirectory="4cee293a-6eb4-4b2b-810c-4e65b5ae8a55" />
    <UnitTestResult executionId="ed9f1073-2e6a-42cd-b06e-923252c1cca4" testId="c4ef0ebc-9b30-91f2-3c02-78bf2e1d18b4" testName="WithTimeBatch" computerName="NEBULOUS" duration="00:00:00.1545620" startTime="2026-04-11T08:51:12.7815270-05:00" endTime="2026-04-11T08:51:12.9360863-05:00" testType="13cdc9d9-ddb5-4fa4-a97d-d965ccfc6d4b" outcome="Passed" testListId="8c84fa94-04c1-424b-9868-57a2d4851a1d" relativeResultsDirectory="ed9f1073-2e6a-42cd-b06e-923252c1cca4" />
    <UnitTestResult executionId="3b72f4c1-e101-4ed0-8767-638584df6533" testId="930bef55-3184-4dfa-2b4f-2c9a7e1afd83" testName="WithVariableBatch" computerName="NEBULOUS" duration="00:00:01.0494240" startTime="2026-04-11T08:51:13.0682616-05:00" endTime="2026-04-11T08:51:14.1176691-05:00" testType="13cdc9d9-ddb5-4fa4-a97d-d965ccfc6d4b" outcome="Passed" testListId="8c84fa94-04c1-424b-9868-57a2d4851a1d" relativeResultsDirectory="3b72f4c1-e101-4ed0-8767-638584df6533" />
    <UnitTestResult executionId="1556eb51-f180-4606-8fcb-98bba8fe81af" testId="e033e5f2-65f3-7995-2e7a-13fc3e6028ad" testName="WithMonthScoped" computerName="NEBULOUS" duration="00:00:00.1636810" startTime="2026-04-11T08:51:19.9795392-05:00" endTime="2026-04-11T08:51:20.1432172-05:00" testType="13cdc9d9-ddb5-4fa4-a97d-d965ccfc6d4b" outcome="Passed" testListId="8c84fa94-04c1-424b-9868-57a2d4851a1d" relativeResultsDirectory="1556eb51-f180-4606-8fcb-98bba8fe81af" />
    <UnitTestResult executionId="a50829a9-c805-4284-b217-1f389e956beb" testId="cd466fe9-1126-3a1d-cd9b-c9ab0d0aeadf" testName="WithWindowStats" computerName="NEBULOUS" duration="00:00:00.1223710" startTime="2026-04-11T08:51:32.9482809-05:00" endTime="2026-04-11T08:51:33.0706501-05:00" testType="13cdc9d9-ddb5-4fa4-a97d-d965ccfc6d4b" outcome="Passed" testListId="8c84fa94-04c1-424b-9868-57a2d4851a1d" relativeResultsDirectory="a50829a9-c805-4284-b217-1f389e956beb" />
    <UnitTestResult executionId="38a49480-1f86-448b-ac48-7786b24759bc" testId="9368fc99-95ef-6041-54cf-716c830a4947" testName="WithWindowSceneTwo" computerName="NEBULOUS" duration="00:00:00.1289060" startTime="2026-04-11T08:52:08.2064765-05:00" endTime="2026-04-11T08:52:08.3353808-05:00" testType="13cdc9d9-ddb5-4fa4-a97d-d965ccfc6d4b" outcome="Passed" testListId="8c84fa94-04c1-424b-9868-57a2d4851a1d" relativeResultsDirectory="38a49480-1f86-448b-ac48-7786b24759bc" />
    <UnitTestResult executionId="688a2df8-1d02-44a9-8e00-2e17779f5715" testId="dfe3f880-ff43-4426-67f1-428e6ff6047a" testName="WithRanked" computerName="NEBULOUS" duration="00:00:00.0981360" startTime="2026-04-11T08:52:00.0138184-05:00" endTime="2026-04-11T08:52:00.1119525-05:00" testType="13cdc9d9-ddb5-4fa4-a97d-d965ccfc6d4b" outcome="Passed" testListId="8c84fa94-04c1-424b-9868-57a2d4851a1d" relativeResultsDirectory="688a2df8-1d02-44a9-8e00-2e17779f5715" />
    <UnitTestResult executionId="aba96d07-e50d-42ad-ba96-c90a76fcc1ff" testId="36668e89-52d6-fd2c-2e81-7304b9be11db" testName="WithNamedWindowDelete" computerName="NEBULOUS" duration="00:00:01.0648370" startTime="2026-04-11T08:51:16.7607653-05:00" endTime="2026-04-11T08:51:17.8255861-05:00" testType="13cdc9d9-ddb5-4fa4-a97d-d965ccfc6d4b" outcome="Passed" testListId="8c84fa94-04c1-424b-9868-57a2d4851a1d" relativeResultsDirectory="aba96d07-e50d-42ad-ba96-c90a76fcc1ff" />
    <UnitTestResult executionId="123c7a14-abf8-4c38-9313-80779b88a56e" testId="503ed7f2-e7c2-97a1-5d99-5b3a503569db" testName="WithedNoReference" computerName="NEBULOUS" duration="00:00:00.1352520" startTime="2026-04-11T08:51:19.6712607-05:00" endTime="2026-04-11T08:51:19.8065096-05:00" testType="13cdc9d9-ddb5-4fa4-a97d-d965ccfc6d4b" outcome="Passed" testListId="8c84fa94-04c1-424b-9868-57a2d4851a1d" relativeResultsDirectory="123c7a14-abf8-4c38-9313-80779b88a56e" />
    <UnitTestResult executionId="4b74f23c-9c9b-4b83-b526-7021c56cf50f" testId="b5d9e1e7-70d0-f9b1-fe7c-4bca34c540b1" testName="TestViewTimeMicrosecondsWinFlipTime" computerName="NEBULOUS" duration="00:00:00.3738430" startTime="2026-04-11T08:52:21.9206264-05:00" endTime="2026-04-11T08:52:22.2944639-05:00" testType="13cdc9d9-ddb5-4fa4-a97d-d965ccfc6d4b" outcome="Passed" testListId="8c84fa94-04c1-424b-9868-57a2d4851a1d" relativeResultsDirectory="4b74f23c-9c9b-4b83-b526-7021c56cf50f" />
    <UnitTestResult executionId="3b98e506-e8cc-4a8e-8493-7cb59f7a6939" testId="ac28c35c-2fce-7fe1-de5f-942e8f60fe1b" testName="WithceneOne" computerName="NEBULOUS" duration="00:00:00.1594310" startTime="2026-04-11T08:51:21.5671785-05:00" endTime="2026-04-11T08:51:21.7266062-05:00" testType="13cdc9d9-ddb5-4fa4-a97d-d965ccfc6d4b" outcome="Passed" testListId="8c84fa94-04c1-424b-9868-57a2d4851a1d" relativeResultsDirectory="3b98e506-e8cc-4a8e-8493-7cb59f7a6939" />
    <UnitTestResult executionId="299c8a67-0b0c-432d-9de8-92f4ec31334a" testId="e5986426-f33c-3120-c211-ff311b2f595f" testName="WithLengthWinWeightAvg" computerName="NEBULOUS" duration="00:00:00.1760870" startTime="2026-04-11T08:51:24.8706504-05:00" endTime="2026-04-11T08:51:25.0467345-05:00" testType="13cdc9d9-ddb5-4fa4-a97d-d965ccfc6d4b" outcome="Passed" testListId="8c84fa94-04c1-424b-9868-57a2d4851a1d" relativeResultsDirectory="299c8a67-0b0c-432d-9de8-92f4ec31334a" />
    <UnitTestResult executionId="f9c81de8-4340-4870-965a-f8130d573a40" testId="5d351b9d-823d-0282-6544-b8f30a0e1fed" testName="WithTimedMonthScoped" computerName="NEBULOUS" duration="00:00:00.1509830" startTime="2026-04-11T08:51:20.5782837-05:00" endTime="2026-04-11T08:51:20.7292638-05:00" testType="13cdc9d9-ddb5-4fa4-a97d-d965ccfc6d4b" outcome="Passed" testListId="8c84fa94-04c1-424b-9868-57a2d4851a1d" relativeResultsDirectory="f9c81de8-4340-4870-965a-f8130d573a40" />
    <UnitTestResult executionId="c827d24e-f578-47e4-b8bf-005af9ab2180" testId="3bc2d78b-776f-6c2c-0af8-c4d4b21df117" testName="WithTimeWinSODA" computerName="NEBULOUS" duration="00:00:00.1524570" startTime="2026-04-11T08:51:32.2571052-05:00" endTime="2026-04-11T08:51:32.4095595-05:00" testType="13cdc9d9-ddb5-4fa4-a97d-d965ccfc6d4b" outcome="Passed" testListId="8c84fa94-04c1-424b-9868-57a2d4851a1d" relativeResultsDirectory="c827d24e-f578-47e4-b8bf-005af9ab2180" />
    <UnitTestResult executionId="3a756000-1f59-45ec-9ce0-297cb3dc169f" testId="0c079201-59fd-5e0a-62ed-5c3c0226e7be" testName="WithExpressionBatch" computerName="NEBULOUS" duration="00:00:01.0631260" startTime="2026-04-11T08:51:23.4379403-05:00" endTime="2026-04-11T08:51:24.5010498-05:00" testType="13cdc9d9-ddb5-4fa4-a97d-d965ccfc6d4b" outcome="Passed" testListId="8c84fa94-04c1-424b-9868-57a2d4851a1d" relativeResultsDirectory="3a756000-1f59-45ec-9ce0-297cb3dc169f" />
    <UnitTestResult executionId="7bc8d6b1-3bb6-4de1-9477-f25de29343d3" testId="3d1c7a9e-0b04-65e4-36cd-e1a8ea595374" testName="WithSceneOne" computerName="NEBULOUS" duration="00:00:00.1322100" startTime="2026-04-11T08:51:21.2330756-05:00" endTime="2026-04-11T08:51:21.3652827-05:00" testType="13cdc9d9-ddb5-4fa4-a97d-d965ccfc6d4b" outcome="Passed" testListId="8c84fa94-04c1-424b-9868-57a2d4851a1d" relativeResultsDirectory="7bc8d6b1-3bb6-4de1-9477-f25de29343d3" />
    <UnitTestResult executionId="db1d8c33-8ffc-45de-bfb8-b17543afff88" testId="5dbf1cca-2661-6fed-9bb4-f31ee83001f5" testName="WithTimeWinSODA" computerName="NEBULOUS" duration="00:00:00.1261330" startTime="2026-04-11T08:52:13.6245673-05:00" endTime="2026-04-11T08:52:13.7506986-05:00" testType="13cdc9d9-ddb5-4fa4-a97d-d965ccfc6d4b" outcome="Passed" testListId="8c84fa94-04c1-424b-9868-57a2d4851a1d" relativeResultsDirectory="db1d8c33-8ffc-45de-bfb8-b17543afff88" />
    <UnitTestResult executionId="17597a18-66b4-4aa7-9ad8-06613299400b" testId="75f8dea1-56ee-1b44-9b1b-468bcd123351" testName="WithPattern" computerName="NEBULOUS" duration="00:00:00.1943780" startTime="2026-04-11T08:51:29.1243933-05:00" endTime="2026-04-11T08:51:29.3187679-05:00" testType="13cdc9d9-ddb5-4fa4-a97d-d965ccfc6d4b" outcome="Passed" testListId="8c84fa94-04c1-424b-9868-57a2d4851a1d" relativeResultsDirectory="17597a18-66b4-4aa7-9ad8-06613299400b" />
    <UnitTestResult executionId="c9378987-692f-413a-827c-8b3d7513bf8b" testId="bcfbc527-880c-7431-1dab-5541b49b993e" testName="WithForceOutputSum" computerName="NEBULOUS" duration="00:00:00.1570110" startTime="2026-04-11T08:52:04.3078014-05:00" endTime="2026-04-11T08:52:04.4648093-05:00" testType="13cdc9d9-ddb5-4fa4-a97d-d965ccfc6d4b" outcome="Passed" testListId="8c84fa94-04c1-424b-9868-57a2d4851a1d" relativeResultsDirectory="c9378987-692f-413a-827c-8b3d7513bf8b" />
    <UnitTestResult executionId="698cc335-48b7-4740-89e5-3d3739648381" testId="9c04e1b8-51ca-517d-e315-cafe40823dcf" testName="WithTimeWinReversed" computerName="NEBULOUS" duration="00:00:00.1153610" startTime="2026-04-11T08:51:32.1417348-05:00" endTime="2026-04-11T08:51:32.2570935-05:00" testType="13cdc9d9-ddb5-4fa4-a97d-d965ccfc6d4b" outcome="Passed" testListId="8c84fa94-04c1-424b-9868-57a2d4851a1d" relativeResultsDirectory="698cc335-48b7-4740-89e5-3d3739648381" />
    <UnitTestResult executionId="e846d8cd-d530-4822-a3d1-74d26a80fcd8" testId="5442574d-6c5d-f15b-4526-a504677cc3d3" testName="WithTimeLengthBatch" computerName="NEBULOUS" duration="00:00:00.1196220" startTime="2026-04-11T08:51:26.4925865-05:00" endTime="2026-04-11T08:51:26.6122069-05:00" testType="13cdc9d9-ddb5-4fa4-a97d-d965ccfc6d4b" outcome="Passed" testListId="8c84fa94-04c1-424b-9868-57a2d4851a1d" relativeResultsDirectory="e846d8cd-d530-4822-a3d1-74d26a80fcd8" />
    <UnitTestResult executionId="121c39d6-efb1-4b96-8035-b3ee53f4b578" testId="f7b619de-dc12-cda9-669e-8b435b749a99" testName="WithStartEagerForceUpdateSceneTwo" computerName="NEBULOUS" duration="00:00:00.1154040" startTime="2026-04-11T08:52:03.7773919-05:00" endTime="2026-04-11T08:52:03.8927940-05:00" testType="13cdc9d9-ddb5-4fa4-a97d-d965ccfc6d4b" outcome="Passed" testListId="8c84fa94-04c1-424b-9868-57a2d4851a1d" relativeResultsDirectory="121c39d6-efb1-4b96-8035-b3ee53f4b578" />
    <UnitTestResult executionId="5780a7e6-79a2-4a66-adea-17a564b2a5af" testId="5bb16704-923e-1b9d-5235-91fb71d0a63c" testName="WithLastUniqueArrayKeyNamedWindow" computerName="NEBULOUS" duration="00:00:01.0670900" startTime="2026-04-11T08:51:38.4247222-05:00" endTime="2026-04-11T08:51:39.4917958-05:00" testType="13cdc9d9-ddb5-4fa4-a97d-d965ccfc6d4b" outcome="Passed" testListId="8c84fa94-04c1-424b-9868-57a2d4851a1d" relativeResultsDirectory="5780a7e6-79a2-4a66-adea-17a564b2a5af" />
    <UnitTestResult executionId="87fb539f-04bc-43dc-9a69-1c8476b0915a" testId="fd520bfc-b326-a6d9-5cea-8d0d7b996546" testName="WithdowIterator" computerName="NEBULOUS" duration="00:00:00.1672290" startTime="2026-04-11T08:51:36.2633518-05:00" endTime="2026-04-11T08:51:36.4305781-05:00" testType="13cdc9d9-ddb5-4fa4-a97d-d965ccfc6d4b" outcome="Passed" testListId="8c84fa94-04c1-424b-9868-57a2d4851a1d" relativeResultsDirectory="87fb539f-04bc-43dc-9a69-1c8476b0915a" />
    <UnitTestResult executionId="e7477988-c9b2-4f8e-a656-27bb170260cf" testId="49b65a59-e07f-0149-1aff-3901e18b2b22" testName="WithThreeUnique" computerName="NEBULOUS" duration="00:00:00.1477999" startTime="2026-04-11T08:51:29.5782403-05:00" endTime="2026-04-11T08:51:29.7260378-05:00" testType="13cdc9d9-ddb5-4fa4-a97d-d965ccfc6d4b" outcome="Passed" testListId="8c84fa94-04c1-424b-9868-57a2d4851a1d" relativeResultsDirectory="e7477988-c9b2-4f8e-a656-27bb170260cf" />
    <UnitTestResult executionId="373303c9-d5c6-4f48-9931-1d47041e691f" testId="b02cb975-949d-05f8-5c3d-cca79b2d9820" testName="WithAggregationUngrouped" computerName="NEBULOUS" duration="00:00:00.1847630" startTime="2026-04-11T08:51:14.1177637-05:00" endTime="2026-04-11T08:51:14.3025233-05:00" testType="13cdc9d9-ddb5-4fa4-a97d-d965ccfc6d4b" outcome="Passed" testListId="8c84fa94-04c1-424b-9868-57a2d4851a1d" relativeResultsDirectory="373303c9-d5c6-4f48-9931-1d47041e691f" />
    <UnitTestResult executionId="85307cad-4ba6-4853-8136-2712641fd0f3" testId="1c1bb4ec-7784-1b37-55a7-b3fc6ac73dc3" testName="WithSceneOne" computerName="NEBULOUS" duration="00:00:00.1615920" startTime="2026-04-11T08:51:20.2896517-05:00" endTime="2026-04-11T08:51:20.4512412-05:00" testType="13cdc9d9-ddb5-4fa4-a97d-d965ccfc6d4b" outcome="Passed" testListId="8c84fa94-04c1-424b-9868-57a2d4851a1d" relativeResultsDirectory="85307cad-4ba6-4853-8136-2712641fd0f3" />
    <UnitTestResult executionId="ef3593bf-46bc-4df1-b877-06311df95619" testId="303955cf-2302-5a0f-3b7a-77f22f642ebc" testName="WithDerivedLengthWWeightedAvgSceneTwo" computerName="NEBULOUS" duration="00:00:00.2074500" startTime="2026-04-11T08:51:07.3665083-05:00" endTime="2026-04-11T08:51:07.5739542-05:00" testType="13cdc9d9-ddb5-4fa4-a97d-d965ccfc6d4b" outcome="Passed" testListId="8c84fa94-04c1-424b-9868-57a2d4851a1d" relativeResultsDirectory="ef3593bf-46bc-4df1-b877-06311df95619" />
    <UnitTestResult executionId="934c187a-f1b4-4ab0-915b-29d11648b1bc" testId="74733a77-0960-038a-463a-83d86642ad09" testName="WithWPropertyDetail" computerName="NEBULOUS" duration="00:00:00.1637440" startTime="2026-04-11T08:51:36.7035687-05:00" endTime="2026-04-11T08:51:36.8673105-05:00" testType="13cdc9d9-ddb5-4fa4-a97d-d965ccfc6d4b" outcome="Passed" testListId="8c84fa94-04c1-424b-9868-57a2d4851a1d" relativeResultsDirectory="934c187a-f1b4-4ab0-915b-29d11648b1bc" />
    <UnitTestResult executionId="49ce26df-6692-47ab-8cb4-485f173881bb" testId="a4f2efe5-dad8-f01c-d7c6-3c7298680c6c" testName="Withimple" computerName="NEBULOUS" duration="00:00:00.1542490" startTime="2026-04-11T08:51:21.8183011-05:00" endTime="2026-04-11T08:51:21.9725469-05:00" testType="13cdc9d9-ddb5-4fa4-a97d-d965ccfc6d4b" outcome="Passed" testListId="8c84fa94-04c1-424b-9868-57a2d4851a1d" relativeResultsDirectory="49ce26df-6692-47ab-8cb4-485f173881bb" />
    <UnitTestResult executionId="014e080f-e055-4fbc-bb0c-f76444d92412" testId="91baa12c-310c-9808-bfa9-7855421d7bef" testName="WithInvalid" computerName="NEBULOUS" duration="00:00:00.0085019" startTime="2026-04-11T08:52:10.8809203-05:00" endTime="2026-04-11T08:52:10.8894223-05:00" testType="13cdc9d9-ddb5-4fa4-a97d-d965ccfc6d4b" outcome="Passed" testListId="8c84fa94-04c1-424b-9868-57a2d4851a1d" relativeResultsDirectory="014e080f-e055-4fbc-bb0c-f76444d92412" />
    <UnitTestResult executionId="aa0292a2-4d61-475c-bf67-09ba33b23a7a" testId="e0a085d1-0d96-0da1-b0e6-80dcc4a0be97" testName="WithSumGroupBy" computerName="NEBULOUS" duration="00:00:00.1429170" startTime="2026-04-11T08:52:07.3850977-05:00" endTime="2026-04-11T08:52:07.5280125-05:00" testType="13cdc9d9-ddb5-4fa4-a97d-d965ccfc6d4b" outcome="Passed" testListId="8c84fa94-04c1-424b-9868-57a2d4851a1d" relativeResultsDirectory="aa0292a2-4d61-475c-bf67-09ba33b23a7a" />
    <UnitTestResult executionId="f9a7144e-1a1e-4c26-9556-28df16972a54" testId="0dd33588-2825-2066-5844-09701840cf19" testName="WithLastUniqueArrayKeyIntersection" computerName="NEBULOUS" duration="00:00:01.0650160" startTime="2026-04-11T08:51:37.3597109-05:00" endTime="2026-04-11T08:51:38.4247107-05:00" testType="13cdc9d9-ddb5-4fa4-a97d-d965ccfc6d4b" outcome="Passed" testListId="8c84fa94-04c1-424b-9868-57a2d4851a1d" relativeResultsDirectory="f9a7144e-1a1e-4c26-9556-28df16972a54" />
    <UnitTestResult executionId="f0a1eb41-ddaa-4afb-ab62-2d3b020a74b3" testId="2ef31cf8-63c7-13b2-a3e0-b4a85e648853" testName="WithAggregationUngrouped" computerName="NEBULOUS" duration="00:00:00.2908480" startTime="2026-04-11T08:51:09.3198557-05:00" endTime="2026-04-11T08:51:09.6106991-05:00" testType="13cdc9d9-ddb5-4fa4-a97d-d965ccfc6d4b" outcome="Passed" testListId="8c84fa94-04c1-424b-9868-57a2d4851a1d" relativeResultsDirectory="f0a1eb41-ddaa-4afb-ab62-2d3b020a74b3" />
    <UnitTestResult executionId="b083fbba-5be4-43cf-b1a1-e6e632e00b27" testId="d6c8df98-fe51-fc8a-a74d-7a4ad7ba9312" testName="WithMarketData" computerName="NEBULOUS" duration="00:00:00.1433990" startTime="2026-04-11T08:51:33.0707164-05:00" endTime="2026-04-11T08:51:33.2141132-05:00" testType="13cdc9d9-ddb5-4fa4-a97d-d965ccfc6d4b" outcome="Passed" testListId="8c84fa94-04c1-424b-9868-57a2d4851a1d" relativeResultsDirectory="b083fbba-5be4-43cf-b1a1-e6e632e00b27" />
    <UnitTestResult executionId="5d419914-6ab6-4e5a-a53b-3ab18efff20a" testId="cace56e5-9408-8394-fc80-56bae1be139f" testName="WithDerivedLengthWCorrelation" computerName="NEBULOUS" duration="00:00:00.1756720" startTime="2026-04-11T08:51:05.9343890-05:00" endTime="2026-04-11T08:51:06.1100571-05:00" testType="13cdc9d9-ddb5-4fa4-a97d-d965ccfc6d4b" outcome="Passed" testListId="8c84fa94-04c1-424b-9868-57a2d4851a1d" relativeResultsDirectory="5d419914-6ab6-4e5a-a53b-3ab18efff20a" />
    <UnitTestResult executionId="33803f25-16ee-4eb1-b830-2c18f2204a3d" testId="25bcb5fc-cb22-26f6-c13d-16f65039f4ce" testName="WithGroupBy" computerName="NEBULOUS" duration="00:00:00.1541200" startTime="2026-04-11T08:51:28.6318528-05:00" endTime="2026-04-11T08:51:28.7859706-05:00" testType="13cdc9d9-ddb5-4fa4-a97d-d965ccfc6d4b" outcome="Passed" testListId="8c84fa94-04c1-424b-9868-57a2d4851a1d" relativeResultsDirectory="33803f25-16ee-4eb1-b830-2c18f2204a3d" />
    <UnitTestResult executionId="27241775-09e6-4566-9d01-c39e7183a5ad" testId="6c3605f1-148b-4a11-c6b3-93e5a91045cb" testName="WithSceneTwo" computerName="NEBULOUS" duration="00:00:00.1160530" startTime="2026-04-11T08:52:04.9449175-05:00" endTime="2026-04-11T08:52:05.0609689-05:00" testType="13cdc9d9-ddb5-4fa4-a97d-d965ccfc6d4b" outcome="Passed" testListId="8c84fa94-04c1-424b-9868-57a2d4851a1d" relativeResultsDirectory="27241775-09e6-4566-9d01-c39e7183a5ad" />
    <UnitTestResult executionId="401057d4-489f-4209-a86d-811a11a50274" testId="fb9b5b10-2e81-04d4-2219-e0ccef31b43c" testName="WithedSceneOne" computerName="NEBULOUS" duration="00:00:00.1064240" startTime="2026-04-11T08:51:59.5651666-05:00" endTime="2026-04-11T08:51:59.6715892-05:00" testType="13cdc9d9-ddb5-4fa4-a97d-d965ccfc6d4b" outcome="Passed" testListId="8c84fa94-04c1-424b-9868-57a2d4851a1d" relativeResultsDirectory="401057d4-489f-4209-a86d-811a11a50274" />
    <UnitTestResult executionId="47b7a8d0-f07d-4e73-b9ad-ffe920df9867" testId="0660cff8-5475-9519-01a2-9c2b7ad8819d" testName="WithGroupedWindow" computerName="NEBULOUS" duration="00:00:00.1205120" startTime="2026-04-11T08:52:01.8410625-05:00" endTime="2026-04-11T08:52:01.9615723-05:00" testType="13cdc9d9-ddb5-4fa4-a97d-d965ccfc6d4b" outcome="Passed" testListId="8c84fa94-04c1-424b-9868-57a2d4851a1d" relativeResultsDirectory="47b7a8d0-f07d-4e73-b9ad-ffe920df9867" />
    <UnitTestResult executionId="7ce00e4d-e62f-4928-890a-aaf809941338" testId="276013f1-7998-c5f2-56aa-923cce0ae155" testName="WithGroupTimeUnique" computerName="NEBULOUS" duration="00:00:00.1492960" startTime="2026-04-11T08:51:28.7859840-05:00" endTime="2026-04-11T08:51:28.9352776-05:00" testType="13cdc9d9-ddb5-4fa4-a97d-d965ccfc6d4b" outcome="Passed" testListId="8c84fa94-04c1-424b-9868-57a2d4851a1d" relativeResultsDirectory="7ce00e4d-e62f-4928-890a-aaf809941338" />
    <UnitTestResult executionId="cfbf60b5-8c80-4dfd-af93-ed73f0eca247" testId="36f986aa-dbc9-38e1-1387-2db366a80ab5" testName="WithBatchSceneTwo" computerName="NEBULOUS" duration="00:00:00.1269540" startTime="2026-04-11T08:51:20.4513144-05:00" endTime="2026-04-11T08:51:20.5782664-05:00" testType="13cdc9d9-ddb5-4fa4-a97d-d965ccfc6d4b" outcome="Passed" testListId="8c84fa94-04c1-424b-9868-57a2d4851a1d" relativeResultsDirectory="cfbf60b5-8c80-4dfd-af93-ed73f0eca247" />
    <UnitTestResult executionId="5d16f667-9cb4-4633-bf66-cf04e07bc1e4" testId="6e186d51-e5e4-8300-cd88-30262cfb184c" testName="WithSize3" computerName="NEBULOUS" duration="00:00:00.1009400" startTime="2026-04-11T08:51:36.1623235-05:00" endTime="2026-04-11T08:51:36.2632622-05:00" testType="13cdc9d9-ddb5-4fa4-a97d-d965ccfc6d4b" outcome="Passed" testListId="8c84fa94-04c1-424b-9868-57a2d4851a1d" relativeResultsDirectory="5d16f667-9cb4-4633-bf66-cf04e07bc1e4" />
    <UnitTestResult executionId="737f457a-3e4d-47fa-92fc-4bbf18364001" testId="73205558-a91d-d7b2-b92b-739168f57660" testName="WithSum" computerName="NEBULOUS" duration="00:00:00.1046430" startTime="2026-04-11T08:52:02.7215332-05:00" endTime="2026-04-11T08:52:02.8261743-05:00" testType="13cdc9d9-ddb5-4fa4-a97d-d965ccfc6d4b" outcome="Passed" testListId="8c84fa94-04c1-424b-9868-57a2d4851a1d" relativeResultsDirectory="737f457a-3e4d-47fa-92fc-4bbf18364001" />
    <UnitTestResult executionId="735d53e8-c8b1-4574-88dc-4874206786fb" testId="b22e06db-1320-72b9-3088-59c108ca2191" testName="WithMultiProperty" computerName="NEBULOUS" duration="00:00:00.1244280" startTime="2026-04-11T08:51:25.1669652-05:00" endTime="2026-04-11T08:51:25.2913909-05:00" testType="13cdc9d9-ddb5-4fa4-a97d-d965ccfc6d4b" outcome="Passed" testListId="8c84fa94-04c1-424b-9868-57a2d4851a1d" relativeResultsDirectory="735d53e8-c8b1-4574-88dc-4874206786fb" />
    <UnitTestResult executionId="7aea72d9-a663-4e8d-a685-fa8a9dcc1bdf" testId="d4590cad-3d8b-b44c-5ccb-17b8c44bc51f" testName="WithRefWithPrev" computerName="NEBULOUS" duration="00:00:00.1464000" startTime="2026-04-11T08:51:20.1432358-05:00" endTime="2026-04-11T08:51:20.2896333-05:00" testType="13cdc9d9-ddb5-4fa4-a97d-d965ccfc6d4b" outcome="Passed" testListId="8c84fa94-04c1-424b-9868-57a2d4851a1d" relativeResultsDirectory="7aea72d9-a663-4e8d-a685-fa8a9dcc1bdf" />
    <UnitTestResult executionId="3479c0f0-1cc4-4e4f-83d4-4dd8ed55e8ba" testId="01891e24-2f31-56bc-108c-c44621c9409c" testName="WithLengthBatch" computerName="NEBULOUS" duration="00:00:00.1985510" startTime="2026-04-11T08:51:11.1606694-05:00" endTime="2026-04-11T08:51:11.3592119-05:00" testType="13cdc9d9-ddb5-4fa4-a97d-d965ccfc6d4b" outcome="Passed" testListId="8c84fa94-04c1-424b-9868-57a2d4851a1d" relativeResultsDirectory="3479c0f0-1cc4-4e4f-83d4-4dd8ed55e8ba" />
    <UnitTestResult executionId="b97dd637-071c-4b87-9266-077fc82775b7" testId="29501f02-75a2-172f-1111-d9b6b839393a" testName="WithMarketData" computerName="NEBULOUS" duration="00:00:00.1175870" startTime="2026-04-11T08:51:21.1154697-05:00" endTime="2026-04-11T08:51:21.2330543-05:00" testType="13cdc9d9-ddb5-4fa4-a97d-d965ccfc6d4b" outcome="Passed" testListId="8c84fa94-04c1-424b-9868-57a2d4851a1d" relativeResultsDirectory="b97dd637-071c-4b87-9266-077fc82775b7" />
    <UnitTestResult executionId="27e04af3-0387-44e1-9c86-637c18787a1e" testId="6e087c90-f8e1-07fd-954e-0e3b05f95156" testName="WithceneOne" computerName="NEBULOUS" duration="00:00:00.1770270" startTime="2026-04-11T08:51:21.9726293-05:00" endTime="2026-04-11T08:51:22.1496531-05:00" testType="13cdc9d9-ddb5-4fa4-a97d-d965ccfc6d4b" outcome="Passed" testListId="8c84fa94-04c1-424b-9868-57a2d4851a1d" relativeResultsDirectory="27e04af3-0387-44e1-9c86-637c18787a1e" />
    <UnitTestResult executionId="d18c59f2-a30a-4a62-abf4-08b8da80b7dc" testId="b2587302-6391-6ba1-c0c3-ab3786c8ebff" testName="WithAggregationOnDelete" computerName="NEBULOUS" duration="00:00:01.0948420" startTime="2026-04-11T08:51:08.2250073-05:00" endTime="2026-04-11T08:51:09.3198328-05:00" testType="13cdc9d9-ddb5-4fa4-a97d-d965ccfc6d4b" outcome="Passed" testListId="8c84fa94-04c1-424b-9868-57a2d4851a1d" relativeResultsDirectory="d18c59f2-a30a-4a62-abf4-08b8da80b7dc" />
    <UnitTestResult executionId="88bf496e-b9ec-4a9d-b56b-06d68c8cccf9" testId="0129e3ab-7a74-6cff-96e3-768d3d8a3d9a" testName="WithTimeWinNamedWindow" computerName="NEBULOUS" duration="00:00:01.0588910" startTime="2026-04-11T08:51:30.0096892-05:00" endTime="2026-04-11T08:51:31.0685636-05:00" testType="13cdc9d9-ddb5-4fa4-a97d-d965ccfc6d4b" outcome="Passed" testListId="8c84fa94-04c1-424b-9868-57a2d4851a1d" relativeResultsDirectory="88bf496e-b9ec-4a9d-b56b-06d68c8cccf9" />
    <UnitTestResult executionId="f9fe421e-976d-4c77-83ab-4b28d8547a80" testId="b4a1e31f-4bb6-01f7-7986-f1ecb22897fa" testName="WithedPrev" computerName="NEBULOUS" duration="00:00:00.1179120" startTime="2026-04-11T08:51:59.4472439-05:00" endTime="2026-04-11T08:51:59.5651539-05:00" testType="13cdc9d9-ddb5-4fa4-a97d-d965ccfc6d4b" outcome="Passed" testListId="8c84fa94-04c1-424b-9868-57a2d4851a1d" relativeResultsDirectory="f9fe421e-976d-4c77-83ab-4b28d8547a80" />
    <UnitTestResult executionId="5cbde75f-b5ea-47d7-87f0-ad67269c3636" testId="d063ae00-7c3d-b09d-5ab8-ff441579cc0e" testName="WithAggregationWGroupwin" computerName="NEBULOUS" duration="00:00:00.1765990" startTime="2026-04-11T08:51:14.3025481-05:00" endTime="2026-04-11T08:51:14.4791445-05:00" testType="13cdc9d9-ddb5-4fa4-a97d-d965ccfc6d4b" outcome="Passed" testListId="8c84fa94-04c1-424b-9868-57a2d4851a1d" relativeResultsDirectory="5cbde75f-b5ea-47d7-87f0-ad67269c3636" />
    <UnitTestResult executionId="e0a106c8-d7ed-4593-b5d3-6b7f210bc27b" testId="7655bb4d-828f-4072-014e-feb750a92d33" testName="WithLastUniqueArrayKeyDataflow" computerName="NEBULOUS" duration="00:00:00.2235610" startTime="2026-04-11T08:51:37.1361409-05:00" endTime="2026-04-11T08:51:37.3596987-05:00" testType="13cdc9d9-ddb5-4fa4-a97d-d965ccfc6d4b" outcome="Passed" testListId="8c84fa94-04c1-424b-9868-57a2d4851a1d" relativeResultsDirectory="e0a106c8-d7ed-4593-b5d3-6b7f210bc27b" />
    <UnitTestResult executionId="f0040e30-6d52-410f-8113-88e236c22de6" testId="5ad26690-7bf2-affe-9c4a-0252c094af8f" testName="WithStats" computerName="NEBULOUS" duration="00:00:00.3569350" startTime="2026-04-11T08:51:25.9196728-05:00" endTime="2026-04-11T08:51:26.2766016-05:00" testType="13cdc9d9-ddb5-4fa4-a97d-d965ccfc6d4b" outcome="Passed" testListId="8c84fa94-04c1-424b-9868-57a2d4851a1d" relativeResultsDirectory="f0040e30-6d52-410f-8113-88e236c22de6" />
    <UnitTestResult executionId="2523042f-7994-4e8c-99ce-07fe8a00e3dd" testId="2231ca29-6861-8f75-6426-986e830ffc8b" testName="WithLastUniqueTwoKeyAllArrayOfPrimitive" computerName="NEBULOUS" duration="00:00:01.0562810" startTime="2026-04-11T08:51:43.4986572-05:00" endTime="2026-04-11T08:51:44.5549221-05:00" testType="13cdc9d9-ddb5-4fa4-a97d-d965ccfc6d4b" outcome="Passed" testListId="8c84fa94-04c1-424b-9868-57a2d4851a1d" relativeResultsDirectory="2523042f-7994-4e8c-99ce-07fe8a00e3dd" />
    <UnitTestResult executionId="10be0e06-afda-42e0-b46b-87e46778c627" testId="9f8a8188-f8be-c706-c944-20c59b0f908e" testName="WithDelete" computerName="NEBULOUS" duration="00:00:01.0882030" startTime="2026-04-11T08:51:33.3022728-05:00" endTime="2026-04-11T08:51:34.3904593-05:00" testType="13cdc9d9-ddb5-4fa4-a97d-d965ccfc6d4b" outcome="Passed" testListId="8c84fa94-04c1-424b-9868-57a2d4851a1d" relativeResultsDirectory="10be0e06-afda-42e0-b46b-87e46778c627" />
    <UnitTestResult executionId="97b74984-b1dd-4f5f-a46e-0786947cee2f" testId="ecd1dc9c-f78c-de70-0f02-4ca54e17e307" testName="WithdowSceneOne" computerName="NEBULOUS" duration="00:00:00.1516390" startTime="2026-04-11T08:51:36.4305930-05:00" endTime="2026-04-11T08:51:36.5822293-05:00" testType="13cdc9d9-ddb5-4fa4-a97d-d965ccfc6d4b" outcome="Passed" testListId="8c84fa94-04c1-424b-9868-57a2d4851a1d" relativeResultsDirectory="97b74984-b1dd-4f5f-a46e-0786947cee2f" />
[...]
    <TestEntry testId="ad8e724a-a880-c263-303e-0a36f39a28da" executionId="f676581c-1617-4624-b796-f8d7d262638c" testListId="8c84fa94-04c1-424b-9868-57a2d4851a1d" />
    <TestEntry testId="af895f4f-f4b3-a2c7-f122-42890f7351ba" executionId="cec9bcbb-0805-4f42-bdd1-ce1e741520ca" testListId="8c84fa94-04c1-424b-9868-57a2d4851a1d" />
    <TestEntry testId="f30e45ce-a86b-928d-8eda-908273706574" executionId="4cee293a-6eb4-4b2b-810c-4e65b5ae8a55" testListId="8c84fa94-04c1-424b-9868-57a2d4851a1d" />
    <TestEntry testId="c4ef0ebc-9b30-91f2-3c02-78bf2e1d18b4" executionId="ed9f1073-2e6a-42cd-b06e-923252c1cca4" testListId="8c84fa94-04c1-424b-9868-57a2d4851a1d" />
    <TestEntry testId="930bef55-3184-4dfa-2b4f-2c9a7e1afd83" executionId="3b72f4c1-e101-4ed0-8767-638584df6533" testListId="8c84fa94-04c1-424b-9868-57a2d4851a1d" />
    <TestEntry testId="e033e5f2-65f3-7995-2e7a-13fc3e6028ad" executionId="1556eb51-f180-4606-8fcb-98bba8fe81af" testListId="8c84fa94-04c1-424b-9868-57a2d4851a1d" />
    <TestEntry testId="cd466fe9-1126-3a1d-cd9b-c9ab0d0aeadf" executionId="a50829a9-c805-4284-b217-1f389e956beb" testListId="8c84fa94-04c1-424b-9868-57a2d4851a1d" />
    <TestEntry testId="9368fc99-95ef-6041-54cf-716c830a4947" executionId="38a49480-1f86-448b-ac48-7786b24759bc" testListId="8c84fa94-04c1-424b-9868-57a2d4851a1d" />
    <TestEntry testId="dfe3f880-ff43-4426-67f1-428e6ff6047a" executionId="688a2df8-1d02-44a9-8e00-2e17779f5715" testListId="8c84fa94-04c1-424b-9868-57a2d4851a1d" />
    <TestEntry testId="36668e89-52d6-fd2c-2e81-7304b9be11db" executionId="aba96d07-e50d-42ad-ba96-c90a76fcc1ff" testListId="8c84fa94-04c1-424b-9868-57a2d4851a1d" />
    <TestEntry testId="503ed7f2-e7c2-97a1-5d99-5b3a503569db" executionId="123c7a14-abf8-4c38-9313-80779b88a56e" testListId="8c84fa94-04c1-424b-9868-57a2d4851a1d" />
    <TestEntry testId="b5d9e1e7-70d0-f9b1-fe7c-4bca34c540b1" executionId="4b74f23c-9c9b-4b83-b526-7021c56cf50f" testListId="8c84fa94-04c1-424b-9868-57a2d4851a1d" />
    <TestEntry testId="ac28c35c-2fce-7fe1-de5f-942e8f60fe1b" executionId="3b98e506-e8cc-4a8e-8493-7cb59f7a6939" testListId="8c84fa94-04c1-424b-9868-57a2d4851a1d" />
    <TestEntry testId="e5986426-f33c-3120-c211-ff311b2f595f" executionId="299c8a67-0b0c-432d-9de8-92f4ec31334a" testListId="8c84fa94-04c1-424b-9868-57a2d4851a1d" />
    <TestEntry testId="5d351b9d-823d-0282-6544-b8f30a0e1fed" executionId="f9c81de8-4340-4870-965a-f8130d573a40" testListId="8c84fa94-04c1-424b-9868-57a2d4851a1d" />
    <TestEntry testId="3bc2d78b-776f-6c2c-0af8-c4d4b21df117" executionId="c827d24e-f578-47e4-b8bf-005af9ab2180" testListId="8c84fa94-04c1-424b-9868-57a2d4851a1d" />
    <TestEntry testId="0c079201-59fd-5e0a-62ed-5c3c0226e7be" executionId="3a756000-1f59-45ec-9ce0-297cb3dc169f" testListId="8c84fa94-04c1-424b-9868-57a2d4851a1d" />
    <TestEntry testId="3d1c7a9e-0b04-65e4-36cd-e1a8ea595374" executionId="7bc8d6b1-3bb6-4de1-9477-f25de29343d3" testListId="8c84fa94-04c1-424b-9868-57a2d4851a1d" />
    <TestEntry testId="5dbf1cca-2661-6fed-9bb4-f31ee83001f5" executionId="db1d8c33-8ffc-45de-bfb8-b17543afff88" testListId="8c84fa94-04c1-424b-9868-57a2d4851a1d" />
    <TestEntry testId="75f8dea1-56ee-1b44-9b1b-468bcd123351" executionId="17597a18-66b4-4aa7-9ad8-06613299400b" testListId="8c84fa94-04c1-424b-9868-57a2d4851a1d" />
    <TestEntry testId="bcfbc527-880c-7431-1dab-5541b49b993e" executionId="c9378987-692f-413a-827c-8b3d7513bf8b" testListId="8c84fa94-04c1-424b-9868-57a2d4851a1d" />
    <TestEntry testId="9c04e1b8-51ca-517d-e315-cafe40823dcf" executionId="698cc335-48b7-4740-89e5-3d3739648381" testListId="8c84fa94-04c1-424b-9868-57a2d4851a1d" />
    <TestEntry testId="5442574d-6c5d-f15b-4526-a504677cc3d3" executionId="e846d8cd-d530-4822-a3d1-74d26a80fcd8" testListId="8c84fa94-04c1-424b-9868-57a2d4851a1d" />
    <TestEntry testId="f7b619de-dc12-cda9-669e-8b435b749a99" executionId="121c39d6-efb1-4b96-8035-b3ee53f4b578" testListId="8c84fa94-04c1-424b-9868-57a2d4851a1d" />
    <TestEntry testId="5bb16704-923e-1b9d-5235-91fb71d0a63c" executionId="5780a7e6-79a2-4a66-adea-17a564b2a5af" testListId="8c84fa94-04c1-424b-9868-57a2d4851a1d" />
    <TestEntry testId="fd520bfc-b326-a6d9-5cea-8d0d7b996546" executionId="87fb539f-04bc-43dc-9a69-1c8476b0915a" testListId="8c84fa94-04c1-424b-9868-57a2d4851a1d" />
    <TestEntry testId="49b65a59-e07f-0149-1aff-3901e18b2b22" executionId="e7477988-c9b2-4f8e-a656-27bb170260cf" testListId="8c84fa94-04c1-424b-9868-57a2d4851a1d" />
    <TestEntry testId="b02cb975-949d-05f8-5c3d-cca79b2d9820" executionId="373303c9-d5c6-4f48-9931-1d47041e691f" testListId="8c84fa94-04c1-424b-9868-57a2d4851a1d" />
    <TestEntry testId="1c1bb4ec-7784-1b37-55a7-b3fc6ac73dc3" executionId="85307cad-4ba6-4853-8136-2712641fd0f3" testListId="8c84fa94-04c1-424b-9868-57a2d4851a1d" />
    <TestEntry testId="303955cf-2302-5a0f-3b7a-77f22f642ebc" executionId="ef3593bf-46bc-4df1-b877-06311df95619" testListId="8c84fa94-04c1-424b-9868-57a2d4851a1d" />
    <TestEntry testId="74733a77-0960-038a-463a-83d86642ad09" executionId="934c187a-f1b4-4ab0-915b-29d11648b1bc" testListId="8c84fa94-04c1-424b-9868-57a2d4851a1d" />
    <TestEntry testId="a4f2efe5-dad8-f01c-d7c6-3c7298680c6c" executionId="49ce26df-6692-47ab-8cb4-485f173881bb" testListId="8c84fa94-04c1-424b-9868-57a2d4851a1d" />
    <TestEntry testId="91baa12c-310c-9808-bfa9-7855421d7bef" executionId="014e080f-e055-4fbc-bb0c-f76444d92412" testListId="8c84fa94-04c1-424b-9868-57a2d4851a1d" />
    <TestEntry testId="e0a085d1-0d96-0da1-b0e6-80dcc4a0be97" executionId="aa0292a2-4d61-475c-bf67-09ba33b23a7a" testListId="8c84fa94-04c1-424b-9868-57a2d4851a1d" />
    <TestEntry testId="0dd33588-2825-2066-5844-09701840cf19" executionId="f9a7144e-1a1e-4c26-9556-28df16972a54" testListId="8c84fa94-04c1-424b-9868-57a2d4851a1d" />
    <TestEntry testId="2ef31cf8-63c7-13b2-a3e0-b4a85e648853" executionId="f0a1eb41-ddaa-4afb-ab62-2d3b020a74b3" testListId="8c84fa94-04c1-424b-9868-57a2d4851a1d" />
    <TestEntry testId="d6c8df98-fe51-fc8a-a74d-7a4ad7ba9312" executionId="b083fbba-5be4-43cf-b1a1-e6e632e00b27" testListId="8c84fa94-04c1-424b-9868-57a2d4851a1d" />
    <TestEntry testId="cace56e5-9408-8394-fc80-56bae1be139f" executionId="5d419914-6ab6-4e5a-a53b-3ab18efff20a" testListId="8c84fa94-04c1-424b-9868-57a2d4851a1d" />
    <TestEntry testId="25bcb5fc-cb22-26f6-c13d-16f65039f4ce" executionId="33803f25-16ee-4eb1-b830-2c18f2204a3d" testListId="8c84fa94-04c1-424b-9868-57a2d4851a1d" />
    <TestEntry testId="6c3605f1-148b-4a11-c6b3-93e5a91045cb" executionId="27241775-09e6-4566-9d01-c39e7183a5ad" testListId="8c84fa94-04c1-424b-9868-57a2d4851a1d" />
    <TestEntry testId="fb9b5b10-2e81-04d4-2219-e0ccef31b43c" executionId="401057d4-489f-4209-a86d-811a11a50274" testListId="8c84fa94-04c1-424b-9868-57a2d4851a1d" />
    <TestEntry testId="0660cff8-5475-9519-01a2-9c2b7ad8819d" executionId="47b7a8d0-f07d-4e73-b9ad-ffe920df9867" testListId="8c84fa94-04c1-424b-9868-57a2d4851a1d" />
    <TestEntry testId="276013f1-7998-c5f2-56aa-923cce0ae155" executionId="7ce00e4d-e62f-4928-890a-aaf809941338" testListId="8c84fa94-04c1-424b-9868-57a2d4851a1d" />
    <TestEntry testId="36f986aa-dbc9-38e1-1387-2db366a80ab5" executionId="cfbf60b5-8c80-4dfd-af93-ed73f0eca247" testListId="8c84fa94-04c1-424b-9868-57a2d4851a1d" />
    <TestEntry testId="6e186d51-e5e4-8300-cd88-30262cfb184c" executionId="5d16f667-9cb4-4633-bf66-cf04e07bc1e4" testListId="8c84fa94-04c1-424b-9868-57a2d4851a1d" />
    <TestEntry testId="73205558-a91d-d7b2-b92b-739168f57660" executionId="737f457a-3e4d-47fa-92fc-4bbf18364001" testListId="8c84fa94-04c1-424b-9868-57a2d4851a1d" />
    <TestEntry testId="b22e06db-1320-72b9-3088-59c108ca2191" executionId="735d53e8-c8b1-4574-88dc-4874206786fb" testListId="8c84fa94-04c1-424b-9868-57a2d4851a1d" />
    <TestEntry testId="d4590cad-3d8b-b44c-5ccb-17b8c44bc51f" executionId="7aea72d9-a663-4e8d-a685-fa8a9dcc1bdf" testListId="8c84fa94-04c1-424b-9868-57a2d4851a1d" />
    <TestEntry testId="01891e24-2f31-56bc-108c-c44621c9409c" executionId="3479c0f0-1cc4-4e4f-83d4-4dd8ed55e8ba" testListId="8c84fa94-04c1-424b-9868-57a2d4851a1d" />
    <TestEntry testId="29501f02-75a2-172f-1111-d9b6b839393a" executionId="b97dd637-071c-4b87-9266-077fc82775b7" testListId="8c84fa94-04c1-424b-9868-57a2d4851a1d" />
    <TestEntry testId="6e087c90-f8e1-07fd-954e-0e3b05f95156" executionId="27e04af3-0387-44e1-9c86-637c18787a1e" testListId="8c84fa94-04c1-424b-9868-57a2d4851a1d" />
    <TestEntry testId="b2587302-6391-6ba1-c0c3-ab3786c8ebff" executionId="d18c59f2-a30a-4a62-abf4-08b8da80b7dc" testListId="8c84fa94-04c1-424b-9868-57a2d4851a1d" />
    <TestEntry testId="0129e3ab-7a74-6cff-96e3-768d3d8a3d9a" executionId="88bf496e-b9ec-4a9d-b56b-06d68c8cccf9" testListId="8c84fa94-04c1-424b-9868-57a2d4851a1d" />
    <TestEntry testId="b4a1e31f-4bb6-01f7-7986-f1ecb22897fa" executionId="f9fe421e-976d-4c77-83ab-4b28d8547a80" testListId="8c84fa94-04c1-424b-9868-57a2d4851a1d" />
    <TestEntry testId="d063ae00-7c3d-b09d-5ab8-ff441579cc0e" executionId="5cbde75f-b5ea-47d7-87f0-ad67269c3636" testListId="8c84fa94-04c1-424b-9868-57a2d4851a1d" />
    <TestEntry testId="7655bb4d-828f-4072-014e-feb750a92d33" executionId="e0a106c8-d7ed-4593-b5d3-6b7f210bc27b" testListId="8c84fa94-04c1-424b-9868-57a2d4851a1d" />
    <TestEntry testId="5ad26690-7bf2-affe-9c4a-0252c094af8f" executionId="f0040e30-6d52-410f-8113-88e236c22de6" testListId="8c84fa94-04c1-424b-9868-57a2d4851a1d" />
    <TestEntry testId="2231ca29-6861-8f75-6426-986e830ffc8b" executionId="2523042f-7994-4e8c-99ce-07fe8a00e3dd" testListId="8c84fa94-04c1-424b-9868-57a2d4851a1d" />
    <TestEntry testId="9f8a8188-f8be-c706-c944-20c59b0f908e" executionId="10be0e06-afda-42e0-b46b-87e46778c627" testListId="8c84fa94-04c1-424b-9868-57a2d4851a1d" />
    <TestEntry testId="ecd1dc9c-f78c-de70-0f02-4ca54e17e307" executionId="97b74984-b1dd-4f5f-a46e-0786947cee2f" testListId="8c84fa94-04c1-424b-9868-57a2d4851a1d" />
    <TestEntry testId="8a44933f-a890-7345-afb5-8af4a8eea2bc" executionId="75c54c3e-6dfd-4944-b907-0088727e542b" testListId="8c84fa94-04c1-424b-9868-57a2d4851a1d" />
    <TestEntry testId="201eb8a1-021d-6206-6377-b75044284ab9" executionId="489425c4-83e4-4325-9c13-1293f4d39433" testListId="8c84fa94-04c1-424b-9868-57a2d4851a1d" />
    <TestEntry testId="8d6b86d2-654d-fbce-5ad0-f84d091acba9" executionId="9fffa7ae-6fc9-4490-9200-50e9d95eb069" testListId="8c84fa94-04c1-424b-9868-57a2d4851a1d" />
    <TestEntry testId="8035a4a7-9a84-43bb-5f57-719d8bf2b434" executionId="25a17517-1501-4df6-bd7a-bbb3e0aaa040" testListId="8c84fa94-04c1-424b-9868-57a2d4851a1d" />
    <TestEntry testId="7108dc63-bcf3-d773-0b59-6da8562ae081" executionId="8eeff7b1-0f28-4ba1-94cc-bbcdd6e7be88" testListId="8c84fa94-04c1-424b-9868-57a2d4851a1d" />
    <TestEntry testId="3fb10b3c-96fe-6192-e885-c0efcd0ec688" executionId="99e7acc1-4e5e-4e60-a692-767429112e9b" testListId="8c84fa94-04c1-424b-9868-57a2d4851a1d" />
    <TestEntry testId="d5e2aef7-1b7e-6f32-8edd-2d9a05355281" executionId="48cfdd79-e34e-4d4f-aa3f-1dcbdab23f66" testListId="8c84fa94-04c1-424b-9868-57a2d4851a1d" />
    <TestEntry testId="4642dc50-3fea-6cfa-b8fc-c0c7d0ffde46" executionId="775e93fe-3348-485e-94f2-91b0142e516d" testListId="8c84fa94-04c1-424b-9868-57a2d4851a1d" />
    <TestEntry testId="e90062ae-9d4b-2fe7-a670-2dd7034402d0" executionId="596edd0b-35ad-42c2-a115-a9a3afe2172b" testListId="8c84fa94-04c1-424b-9868-57a2d4851a1d" />
    <TestEntry testId="9760414b-8b05-bf45-4a99-307bc8b2d423" executionId="b0cee80a-c378-4c08-a4cd-a8ab3767b039" testListId="8c84fa94-04c1-424b-9868-57a2d4851a1d" />
    <TestEntry testId="ace398dc-9a5b-9ba0-95c4-65309ce788d0" executionId="4e2dc0e0-672e-4a60-9cc2-d161d87431ca" testListId="8c84fa94-04c1-424b-9868-57a2d4851a1d" />
    <TestEntry testId="d93762f1-f4a8-1e63-cf95-69deeec22d57" executionId="370e976d-294d-485c-a1ff-0dc3e7b3e9d7" testListId="8c84fa94-04c1-424b-9868-57a2d4851a1d" />
    <TestEntry testId="27ae104c-0fab-278e-8802-d728cb76cd17" executionId="c1f66e10-7b17-4edb-a5d3-68226ad0a9d5" testListId="8c84fa94-04c1-424b-9868-57a2d4851a1d" />
    <TestEntry testId="e9989b3a-c5c4-2356-6b2f-7ba9361a9b1e" executionId="7a3af295-f214-4cfc-ba8a-586ec20c67c9" testListId="8c84fa94-04c1-424b-9868-57a2d4851a1d" />
    <TestEntry testId="769968a7-1757-5549-0d5a-96910d4eef26" executionId="b2934558-463d-4b2c-b2b6-5d0b650a53e3" testListId="8c84fa94-04c1-424b-9868-57a2d4851a1d" />
    <TestEntry testId="b3949f8b-41c6-6e1f-a6fd-7ed880f4ce66" executionId="b095e12f-f978-4c87-b3d8-c4a5673936e0" testListId="8c84fa94-04c1-424b-9868-57a2d4851a1d" />
    <TestEntry testId="276c5e52-48a9-86d0-9fd9-6df2f06b3984" executionId="e6464782-446e-42d6-9a6f-717dfece5038" testListId="8c84fa94-04c1-424b-9868-57a2d4851a1d" />
    <TestEntry testId="5cd87e87-5857-5479-2893-409750c2e7ed" executionId="235b697f-be09-4b90-af49-829d67084379" testListId="8c84fa94-04c1-424b-9868-57a2d4851a1d" />
    <TestEntry testId="6fda74d1-6130-43e2-d48f-977fb48e52cb" executionId="e43fc274-32fb-40f9-a447-3593c4cf7735" testListId="8c84fa94-04c1-424b-9868-57a2d4851a1d" />
    <TestEntry testId="d19adbaa-576b-9442-459f-a67122bb697b" executionId="1112a572-377d-4739-8098-de586f849d07" testListId="8c84fa94-04c1-424b-9868-57a2d4851a1d" />
    <TestEntry testId="b9a13b3b-b85b-e4ad-bb64-d4d96bc43a68" executionId="abd9caf7-89d5-41c3-aec6-23862d165c9a" testListId="8c84fa94-04c1-424b-9868-57a2d4851a1d" />
    <TestEntry testId="9cbacead-3151-7568-361c-a58b9a9762cd" executionId="611841d8-b271-45a9-9010-39522ce60847" testListId="8c84fa94-04c1-424b-9868-57a2d4851a1d" />
    <TestEntry testId="564f04f5-024e-8ee9-24d4-76efc1a846e3" executionId="b50a6cf6-d7a8-4a8b-a6dc-2d39f331715a" testListId="8c84fa94-04c1-424b-9868-57a2d4851a1d" />
    <TestEntry testId="a605349b-688c-fa4d-0e0d-3da9162c2ebe" executionId="4379c1cc-125e-455f-9f9f-7e36c98a4734" testListId="8c84fa94-04c1-424b-9868-57a2d4851a1d" />
    <TestEntry testId="e1ace4ec-fb2d-8a16-9f4f-24383159e7c7" executionId="997fff9c-966a-4471-bc5d-97b85737595c" testListId="8c84fa94-04c1-424b-9868-57a2d4851a1d" />
    <TestEntry testId="db7862e8-ac20-b3e3-63f3-c9c790ac33b7" executionId="dc353bc3-021d-45bb-b086-f122d7deb0db" testListId="8c84fa94-04c1-424b-9868-57a2d4851a1d" />
    <TestEntry testId="6fb92c80-438e-a81a-17e2-feec938c0f3b" executionId="f00bddab-f659-4fc3-885c-5d6f8182a621" testListId="8c84fa94-04c1-424b-9868-57a2d4851a1d" />
    <TestEntry testId="1bf52348-5ee0-d825-8505-31917fec506a" executionId="77059607-42d6-46df-95b1-4e0aa4262644" testListId="8c84fa94-04c1-424b-9868-57a2d4851a1d" />
    <TestEntry testId="18e69ba5-9f39-c1b3-475e-ba3f5ca3173e" executionId="432c28f1-6a68-4c89-887a-008004f55b84" testListId="8c84fa94-04c1-424b-9868-57a2d4851a1d" />
    <TestEntry testId="8e841a2b-7680-b17e-af20-1afeb6582aeb" executionId="2646b459-9612-43d3-b49c-6aa7f326a252" testListId="8c84fa94-04c1-424b-9868-57a2d4851a1d" />
    <TestEntry testId="f12f06ae-9df9-66ac-bdbf-30f13a0f4b87" executionId="7430a8be-c300-4c2c-99d9-981ab82271f3" testListId="8c84fa94-04c1-424b-9868-57a2d4851a1d" />
    <TestEntry testId="02bbeb05-8166-d328-314a-b17e2907edd2" executionId="dfec10bb-926d-4103-a5d7-0604afc77780" testListId="8c84fa94-04c1-424b-9868-57a2d4851a1d" />
    <TestEntry testId="1893fd31-a6c4-56aa-5f14-82335a2a29ff" executionId="d4ef8bae-0fcb-4ce8-b20b-5a6ae9d8de7e" testListId="8c84fa94-04c1-424b-9868-57a2d4851a1d" />
    <TestEntry testId="52016cca-17bc-2f9b-a448-918df0d6506c" executionId="c7bb991a-016a-497a-9751-4dc2f81dc19b" testListId="8c84fa94-04c1-424b-9868-57a2d4851a1d" />
    <TestEntry testId="247ff0bd-4399-e7fe-facc-32d4f3a83e7d" executionId="39eed85e-ce54-48cf-acb7-5ef127b99b68" testListId="8c84fa94-04c1-424b-9868-57a2d4851a1d" />
    <TestEntry testId="b7f04497-a0da-d3f0-4c8f-5013dc2bff57" executionId="70f27003-f939-432b-9d6a-ee61e04f10cc" testListId="8c84fa94-04c1-424b-9868-57a2d4851a1d" />
    <TestEntry testId="80f8922b-bf73-17fb-616b-074a52cde0e0" executionId="7a903aec-422e-484e-acca-c4883235cd9f" testListId="8c84fa94-04c1-424b-9868-57a2d4851a1d" />
    <TestEntry testId="d05ef0d2-8bd0-c73b-fbf8-9f74ba8e48aa" executionId="9f53144a-af68-4707-8bbf-0e24a0145737" testListId="8c84fa94-04c1-424b-9868-57a2d4851a1d" />
    <TestEntry testId="9fac08e2-c3f3-e91e-7e44-fc4ddfad6c0c" executionId="dfbca91a-924d-4cea-b74d-cf150d15d26a" testListId="8c84fa94-04c1-424b-9868-57a2d4851a1d" />
    <TestEntry testId="3a893023-70fd-2d6d-c18c-218dcbce1385" executionId="ec47f85a-59ee-4b61-82f9-cadc88a45430" testListId="8c84fa94-04c1-424b-9868-57a2d4851a1d" />
    <TestEntry testId="be773938-dbd9-c7ae-31e3-d1af37b14350" executionId="1b3f0140-92e6-4067-bd48-7427216c1761" testListId="8c84fa94-04c1-424b-9868-57a2d4851a1d" />
    <TestEntry testId="c618b0ed-9661-3bf3-aeef-85c581d83b06" executionId="ac484587-62ba-4f71-8920-65a635fbbd1c" testListId="8c84fa94-04c1-424b-9868-57a2d4851a1d" />
    <TestEntry testId="91ff45da-f860-efc1-8609-91ff30de8221" executionId="73d977b2-23a8-4bb8-8345-9ed98a306552" testListId="8c84fa94-04c1-424b-9868-57a2d4851a1d" />
    <TestEntry testId="3b4cccf9-6356-d3f2-98bb-0e3a38776b50" executionId="35ba2806-b8b1-428c-81f9-8ea9e3c380bc" testListId="8c84fa94-04c1-424b-9868-57a2d4851a1d" />
    <TestEntry testId="8d5a8856-73ee-6ae4-b831-339166041bf6" executionId="ee9ce51d-8e6e-4bff-bca7-894874f23033" testListId="8c84fa94-04c1-424b-9868-57a2d4851a1d" />
    <TestEntry testId="8c082274-77cf-ca70-be04-1b7b36f46d4f" executionId="75ba9086-4f57-484e-9b0e-59278c298e62" testListId="8c84fa94-04c1-424b-9868-57a2d4851a1d" />
    <TestEntry testId="68764374-4ef7-0418-1da1-464a56eb0b54" executionId="6bdd30fb-4aff-429d-a6c5-1ff596c9eee2" testListId="8c84fa94-04c1-424b-9868-57a2d4851a1d" />
    <TestEntry testId="cda057b0-1be9-3e04-7a30-8e6dbd8f7f2f" executionId="b0cb28ee-3c86-4193-9d4a-2851361c59c8" testListId="8c84fa94-04c1-424b-9868-57a2d4851a1d" />
    <TestEntry testId="7d6ef89e-da15-a4c3-2214-7b2894be2949" executionId="620df90d-6795-48d7-ac28-22069f1af511" testListId="8c84fa94-04c1-424b-9868-57a2d4851a1d" />
    <TestEntry testId="100a5324-bdc7-7541-5a32-1c86ba1c88d6" executionId="97b1441d-4c23-468a-9d86-32ec51613fa9" testListId="8c84fa94-04c1-424b-9868-57a2d4851a1d" />
    <TestEntry testId="731096ac-af47-2aa5-5951-1be75ffdc44d" executionId="3afb1ad4-413e-4d65-a20c-e37cee691dbe" testListId="8c84fa94-04c1-424b-9868-57a2d4851a1d" />
    <TestEntry testId="b1a54919-37d9-7680-6b00-ebeb74fd1521" executionId="1162bde4-76c5-4b33-8012-d380e446bf34" testListId="8c84fa94-04c1-424b-9868-57a2d4851a1d" />
    <TestEntry testId="d10eb920-63b6-5b60-1d1e-d3e8bd1bceb4" executionId="4de4ab21-9fd7-456f-9c42-88a9545498d3" testListId="8c84fa94-04c1-424b-9868-57a2d4851a1d" />
    <TestEntry testId="b12a7d4c-4a40-3840-3f3b-28b321bf1257" executionId="53614672-12f3-40f2-855b-6100dc4b3652" testListId="8c84fa94-04c1-424b-9868-57a2d4851a1d" />
    <TestEntry testId="df1d594c-38a1-9d40-31eb-ab3e11a5f2ae" executionId="e4931f2a-ca8c-4f25-9874-13c842451281" testListId="8c84fa94-04c1-424b-9868-57a2d4851a1d" />
  </TestEntries>
  <TestLists>
    <TestList name="Results Not in a List" id="8c84fa94-04c1-424b-9868-57a2d4851a1d" />
    <TestList name="All Loaded Results" id="19431567-8539-422a-85d7-44ee4e166bda" />
  </TestLists>
  <ResultSummary outcome="Completed">
    <Counters total="223" executed="223" passed="223" failed="0" error="0" timeout="0" aborted="0" inconclusive="0" passedButRunAborted="0" notRunnable="0" notExecuted="0" disconnected="0" warning="0" completed="0" inProgress="0" pending="0" />
    <Output>
      <StdOut>NUnit Adapter 6.0.0.0: Test execution started&#xD;
Running selected tests in D:\src\Espertech\NEsper-8.9.x\tst\NEsper.Regression.Runner\bin\Debug\net9.0\NEsper.Regression.Runner.dll&#xD;
   NUnit3TestExecutor discovered 223 of 223 NUnit test cases using Current Discovery mode, Non-Explicit run&#xD;
NUnit Adapter 6.0.0.0: Test execution complete&#xD;
</StdOut>
    </Output>
  </ResultSummary>
</TestRun>